TpTrace Verbose: 0 : 5132, 1, 2024/03/08, 21:18:39.969, 3959693312430, vstest.console.dll, Version: 17.8.0-release-23523-03 Current process architecture: X64
TpTrace Verbose: 0 : 5132, 1, 2024/03/08, 21:18:39.975, 3959693365892, vstest.console.dll, Runtime location: C:\Program Files\dotnet\shared\Microsoft.NETCore.App\8.0.0
TpTrace Verbose: 0 : 5132, 1, 2024/03/08, 21:18:39.978, 3959693401278, vstest.console.dll, ArtifactProcessingPostProcessModeProcessorExecutor.Initialize: ArtifactProcessingMode.Collect
TpTrace Verbose: 0 : 5132, 1, 2024/03/08, 21:18:39.979, 3959693403420, vstest.console.dll, TestSessionCorrelationIdProcessorModeProcessorExecutor.Initialize: TestSessionCorrelationId '10956_0801227d-7112-40f5-b254-578f354b7fa6'
TpTrace Information: 0 : 5132, 1, 2024/03/08, 21:18:39.989, 3959693507962, vstest.console.dll, FilePatternParser: The given file C:\Users\simo7\OneDrive\Работен плот\QA Automation-Back-End Testing\03.Exercise-API-Testing\RestSharpExercise\TestGitHubApi\bin\Debug\net6.0\fine-code-coverage\build-output\TestGitHubApi.dll is a full path.
TpTrace Verbose: 0 : 5132, 1, 2024/03/08, 21:18:39.996, 3959693578755, vstest.console.dll, TestPluginCache.DiscoverTestExtensions: finding test extensions in assemblies ends with: RuntimeProvider.dll TPluginInfo: Microsoft.VisualStudio.TestPlatform.Common.ExtensionFramework.Utilities.TestRuntimePluginInformation TExtension: Microsoft.VisualStudio.TestPlatform.ObjectModel.Host.ITestRuntimeProvider
TpTrace Verbose: 0 : 5132, 1, 2024/03/08, 21:18:39.997, 3959693583293, vstest.console.dll, TestPluginCache.GetExtensionPaths: Filtered extension paths: 
TpTrace Verbose: 0 : 5132, 1, 2024/03/08, 21:18:39.997, 3959693584547, vstest.console.dll, TestPluginCache.GetExtensionPaths: Added default extension paths: C:\Program Files\dotnet\sdk\8.0.100\Extensions\Microsoft.Diagnostics.NETCore.Client.dll
C:\Program Files\dotnet\sdk\8.0.100\Extensions\Microsoft.TestPlatform.Extensions.BlameDataCollector.dll
C:\Program Files\dotnet\sdk\8.0.100\Extensions\Microsoft.TestPlatform.Extensions.EventLogCollector.dll
C:\Program Files\dotnet\sdk\8.0.100\Extensions\Microsoft.TestPlatform.TestHostRuntimeProvider.dll
C:\Program Files\dotnet\sdk\8.0.100\Extensions\Microsoft.VisualStudio.TestPlatform.Extensions.Html.TestLogger.dll
C:\Program Files\dotnet\sdk\8.0.100\Extensions\Microsoft.VisualStudio.TestPlatform.Extensions.Trx.TestLogger.dll
TpTrace Verbose: 0 : 5132, 1, 2024/03/08, 21:18:39.997, 3959693585233, vstest.console.dll, TestPluginCache.GetExtensionPaths: Added unfilterableExtensionPaths: 
TpTrace Information: 0 : 5132, 1, 2024/03/08, 21:18:39.997, 3959693592590, vstest.console.dll, AssemblyResolver.ctor: Creating AssemblyResolver with searchDirectories C:\Program Files\dotnet\sdk\8.0.100\Extensions,C:\Program Files\dotnet\sdk\8.0.100
TpTrace Verbose: 0 : 5132, 1, 2024/03/08, 21:18:39.999, 3959693609013, vstest.console.dll, TestPluginCache.DiscoverTestExtensions: Discovering the extensions using extension path.
TpTrace Verbose: 0 : 5132, 1, 2024/03/08, 21:18:39.999, 3959693611382, vstest.console.dll, TestPluginCache.GetExtensionPaths: Filtered extension paths: 
TpTrace Verbose: 0 : 5132, 1, 2024/03/08, 21:18:39.999, 3959693612091, vstest.console.dll, TestPluginCache.GetExtensionPaths: Added default extension paths: C:\Program Files\dotnet\sdk\8.0.100\Extensions\Microsoft.Diagnostics.NETCore.Client.dll
C:\Program Files\dotnet\sdk\8.0.100\Extensions\Microsoft.TestPlatform.Extensions.BlameDataCollector.dll
C:\Program Files\dotnet\sdk\8.0.100\Extensions\Microsoft.TestPlatform.Extensions.EventLogCollector.dll
C:\Program Files\dotnet\sdk\8.0.100\Extensions\Microsoft.TestPlatform.TestHostRuntimeProvider.dll
C:\Program Files\dotnet\sdk\8.0.100\Extensions\Microsoft.VisualStudio.TestPlatform.Extensions.Html.TestLogger.dll
C:\Program Files\dotnet\sdk\8.0.100\Extensions\Microsoft.VisualStudio.TestPlatform.Extensions.Trx.TestLogger.dll
TpTrace Verbose: 0 : 5132, 1, 2024/03/08, 21:18:39.999, 3959693612759, vstest.console.dll, TestPluginCache.GetExtensionPaths: Added unfilterableExtensionPaths: 
TpTrace Verbose: 0 : 5132, 1, 2024/03/08, 21:18:40.000, 3959693614612, vstest.console.dll, TestPluginCache.DiscoverTestExtensions: Discovering the extensions using allExtensionPaths: C:\Program Files\dotnet\sdk\8.0.100\Extensions\Microsoft.Diagnostics.NETCore.Client.dll
C:\Program Files\dotnet\sdk\8.0.100\Extensions\Microsoft.TestPlatform.Extensions.BlameDataCollector.dll
C:\Program Files\dotnet\sdk\8.0.100\Extensions\Microsoft.TestPlatform.Extensions.EventLogCollector.dll
C:\Program Files\dotnet\sdk\8.0.100\Extensions\Microsoft.TestPlatform.TestHostRuntimeProvider.dll
C:\Program Files\dotnet\sdk\8.0.100\Extensions\Microsoft.VisualStudio.TestPlatform.Extensions.Html.TestLogger.dll
C:\Program Files\dotnet\sdk\8.0.100\Extensions\Microsoft.VisualStudio.TestPlatform.Extensions.Trx.TestLogger.dll
TpTrace Information: 0 : 5132, 1, 2024/03/08, 21:18:40.000, 3959693616218, vstest.console.dll, AssemblyResolver.AddSearchDirectories: Adding more searchDirectories C:\Program Files\dotnet\sdk\8.0.100\Extensions,C:\Program Files\dotnet\sdk\8.0.100
TpTrace Information: 0 : 5132, 1, 2024/03/08, 21:18:40.000, 3959693617077, vstest.console.dll, AssemblyResolver.AddSearchDirectories: Adding more searchDirectories C:\Program Files\dotnet\sdk\8.0.100\Extensions,C:\Program Files\dotnet\sdk\8.0.100
TpTrace Information: 0 : 5132, 1, 2024/03/08, 21:18:40.000, 3959693617753, vstest.console.dll, AssemblyResolver.AddSearchDirectories: Adding more searchDirectories C:\Program Files\dotnet\sdk\8.0.100\Extensions,C:\Program Files\dotnet\sdk\8.0.100
TpTrace Information: 0 : 5132, 1, 2024/03/08, 21:18:40.000, 3959693618369, vstest.console.dll, AssemblyResolver.AddSearchDirectories: Adding more searchDirectories C:\Program Files\dotnet\sdk\8.0.100\Extensions,C:\Program Files\dotnet\sdk\8.0.100
TpTrace Information: 0 : 5132, 1, 2024/03/08, 21:18:40.000, 3959693618971, vstest.console.dll, AssemblyResolver.AddSearchDirectories: Adding more searchDirectories C:\Program Files\dotnet\sdk\8.0.100\Extensions,C:\Program Files\dotnet\sdk\8.0.100
TpTrace Information: 0 : 5132, 1, 2024/03/08, 21:18:40.000, 3959693619686, vstest.console.dll, AssemblyResolver.AddSearchDirectories: Adding more searchDirectories C:\Program Files\dotnet\sdk\8.0.100\Extensions,C:\Program Files\dotnet\sdk\8.0.100
TpTrace Information: 0 : 5132, 1, 2024/03/08, 21:18:40.002, 3959693642449, vstest.console.dll, AssemblyResolver.OnResolve: Microsoft.Diagnostics.NETCore.Client: Resolving assembly.
TpTrace Information: 0 : 5132, 1, 2024/03/08, 21:18:40.003, 3959693646210, vstest.console.dll, AssemblyResolver.OnResolve: Microsoft.Diagnostics.NETCore.Client: Searching in: 'C:\Program Files\dotnet\sdk\8.0.100\Extensions'.
TpTrace Information: 0 : 5132, 1, 2024/03/08, 21:18:40.013, 3959693745188, vstest.console.dll, AssemblyResolver.OnResolve: Microsoft.Diagnostics.NETCore.Client: Loading assembly 'C:\Program Files\dotnet\sdk\8.0.100\Extensions\Microsoft.Diagnostics.NETCore.Client.dll'.
TpTrace Information: 0 : 5132, 1, 2024/03/08, 21:18:40.014, 3959693756056, vstest.console.dll, AssemblyResolver.OnResolve: Resolved assembly: Microsoft.Diagnostics.NETCore.Client, from path: C:\Program Files\dotnet\sdk\8.0.100\Extensions\Microsoft.Diagnostics.NETCore.Client.dll
TpTrace Verbose: 0 : 5132, 1, 2024/03/08, 21:18:40.021, 3959693830182, vstest.console.dll, MetadataReaderExtensionsHelper: Discovering extensions inside assembly 'Microsoft.Diagnostics.NETCore.Client, Version=0.2.8.21101, Culture=neutral, PublicKeyToken=31bf3856ad364e35' file path 'C:\Program Files\dotnet\sdk\8.0.100\Extensions\Microsoft.Diagnostics.NETCore.Client.dll'
TpTrace Information: 0 : 5132, 1, 2024/03/08, 21:18:40.027, 3959693892453, vstest.console.dll, AssemblyResolver.OnResolve: Microsoft.Bcl.AsyncInterfaces: Resolving assembly.
TpTrace Information: 0 : 5132, 1, 2024/03/08, 21:18:40.028, 3959693893895, vstest.console.dll, AssemblyResolver.OnResolve: Microsoft.Bcl.AsyncInterfaces: Searching in: 'C:\Program Files\dotnet\sdk\8.0.100\Extensions'.
TpTrace Information: 0 : 5132, 1, 2024/03/08, 21:18:40.028, 3959693895373, vstest.console.dll, AssemblyResolver.OnResolve: Microsoft.Bcl.AsyncInterfaces: Assembly path does not exist: 'C:\Program Files\dotnet\sdk\8.0.100\Extensions\Microsoft.Bcl.AsyncInterfaces.dll', returning.
TpTrace Information: 0 : 5132, 1, 2024/03/08, 21:18:40.028, 3959693897279, vstest.console.dll, AssemblyResolver.OnResolve: Microsoft.Bcl.AsyncInterfaces: Assembly path does not exist: 'C:\Program Files\dotnet\sdk\8.0.100\Extensions\Microsoft.Bcl.AsyncInterfaces.exe', returning.
TpTrace Information: 0 : 5132, 1, 2024/03/08, 21:18:40.028, 3959693897905, vstest.console.dll, AssemblyResolver.OnResolve: Microsoft.Bcl.AsyncInterfaces: Searching in: 'C:\Program Files\dotnet\sdk\8.0.100'.
TpTrace Information: 0 : 5132, 1, 2024/03/08, 21:18:40.028, 3959693899069, vstest.console.dll, AssemblyResolver.OnResolve: Microsoft.Bcl.AsyncInterfaces: Assembly path does not exist: 'C:\Program Files\dotnet\sdk\8.0.100\Microsoft.Bcl.AsyncInterfaces.dll', returning.
TpTrace Information: 0 : 5132, 1, 2024/03/08, 21:18:40.028, 3959693900212, vstest.console.dll, AssemblyResolver.OnResolve: Microsoft.Bcl.AsyncInterfaces: Assembly path does not exist: 'C:\Program Files\dotnet\sdk\8.0.100\Microsoft.Bcl.AsyncInterfaces.exe', returning.
TpTrace Information: 0 : 5132, 1, 2024/03/08, 21:18:40.028, 3959693900957, vstest.console.dll, AssemblyResolver.OnResolve: Microsoft.Bcl.AsyncInterfaces: Failed to load assembly.
TpTrace Verbose: 0 : 5132, 1, 2024/03/08, 21:18:40.028, 3959693901632, vstest.console.dll, CurrentDomainAssemblyResolve: Resolving assembly 'Microsoft.Bcl.AsyncInterfaces'.
TpTrace Information: 0 : 5132, 1, 2024/03/08, 21:18:40.028, 3959693902566, vstest.console.dll, AssemblyResolver.OnResolve: Microsoft.Bcl.AsyncInterfaces: Resolving assembly.
TpTrace Information: 0 : 5132, 1, 2024/03/08, 21:18:40.029, 3959693903377, vstest.console.dll, AssemblyResolver.OnResolve: Microsoft.Bcl.AsyncInterfaces: Resolved from cache.
TpTrace Verbose: 0 : 5132, 1, 2024/03/08, 21:18:40.029, 3959693903918, vstest.console.dll, CurrentDomainAssemblyResolve: Resolving assembly 'Microsoft.Bcl.AsyncInterfaces'.
TpTrace Verbose: 0 : 5132, 1, 2024/03/08, 21:18:40.029, 3959693904633, vstest.console.dll, CurrentDomainAssemblyResolve: Failed to resolve assembly 'Microsoft.Bcl.AsyncInterfaces'.
TpTrace Verbose: 0 : 5132, 1, 2024/03/08, 21:18:40.030, 3959693919630, vstest.console.dll, CurrentDomainAssemblyResolve: Failed to resolve assembly 'Microsoft.Bcl.AsyncInterfaces'.
TpTrace Warning: 0 : 5132, 1, 2024/03/08, 21:18:40.047, 3959694084875, vstest.console.dll, TestPluginDiscoverer: Failed to get types from assembly 'Microsoft.Diagnostics.NETCore.Client, Version=0.2.8.21101, Culture=neutral, PublicKeyToken=31bf3856ad364e35'. Error: System.Reflection.ReflectionTypeLoadException: Unable to load one or more of the requested types.
Could not load file or assembly 'Microsoft.Bcl.AsyncInterfaces, Version=1.0.0.0, Culture=neutral, PublicKeyToken=cc7b13ffcd2ddd51'. The system cannot find the file specified.
   at System.Reflection.RuntimeModule.GetTypes(RuntimeModule module)
   at System.Reflection.RuntimeModule.GetTypes()
   at Microsoft.VisualStudio.TestPlatform.Common.ExtensionFramework.TestPluginDiscoverer.GetTestExtensionsFromAssembly[TPluginInfo,TExtension](Assembly assembly, Dictionary`2 pluginInfos, String filePath) in /_/src/Microsoft.TestPlatform.Common/ExtensionFramework/TestPluginDiscoverer.cs:line 158
System.IO.FileNotFoundException: Could not load file or assembly 'Microsoft.Bcl.AsyncInterfaces, Version=1.0.0.0, Culture=neutral, PublicKeyToken=cc7b13ffcd2ddd51'. The system cannot find the file specified.
File name: 'Microsoft.Bcl.AsyncInterfaces, Version=1.0.0.0, Culture=neutral, PublicKeyToken=cc7b13ffcd2ddd51'
 ---> System.IO.FileNotFoundException: Could not load file or assembly 'Microsoft.Bcl.AsyncInterfaces, Culture=neutral, PublicKeyToken=null'. The system cannot find the file specified.
File name: 'Microsoft.Bcl.AsyncInterfaces, Culture=neutral, PublicKeyToken=null'
   at System.Reflection.RuntimeAssembly.InternalLoad(AssemblyName assemblyName, StackCrawlMark& stackMark, AssemblyLoadContext assemblyLoadContext, RuntimeAssembly requestingAssembly, Boolean throwOnFileNotFound)
   at System.Reflection.Assembly.Load(AssemblyName assemblyRef)
   at Microsoft.VisualStudio.TestPlatform.Common.ExtensionFramework.TestPluginCache.CurrentDomainAssemblyResolve(Object sender, AssemblyResolveEventArgs args) in /_/src/Microsoft.TestPlatform.Common/ExtensionFramework/TestPluginCache.cs:line 513
   at System.Runtime.Loader.AssemblyLoadContext.GetFirstResolvedAssemblyFromResolvingEvent(AssemblyName assemblyName)
   at System.Runtime.Loader.AssemblyLoadContext.ResolveUsingEvent(AssemblyName assemblyName)
   at System.Runtime.Loader.AssemblyLoadContext.ResolveUsingResolvingEvent(IntPtr gchManagedAssemblyLoadContext, AssemblyName assemblyName)
TpTrace Warning: 0 : 5132, 1, 2024/03/08, 21:18:40.047, 3959694089665, vstest.console.dll, LoaderExceptions: System.IO.FileNotFoundException: Could not load file or assembly 'Microsoft.Bcl.AsyncInterfaces, Version=1.0.0.0, Culture=neutral, PublicKeyToken=cc7b13ffcd2ddd51'. The system cannot find the file specified.
File name: 'Microsoft.Bcl.AsyncInterfaces, Version=1.0.0.0, Culture=neutral, PublicKeyToken=cc7b13ffcd2ddd51'
 ---> System.IO.FileNotFoundException: Could not load file or assembly 'Microsoft.Bcl.AsyncInterfaces, Culture=neutral, PublicKeyToken=null'. The system cannot find the file specified.
File name: 'Microsoft.Bcl.AsyncInterfaces, Culture=neutral, PublicKeyToken=null'
   at System.Reflection.RuntimeAssembly.InternalLoad(AssemblyName assemblyName, StackCrawlMark& stackMark, AssemblyLoadContext assemblyLoadContext, RuntimeAssembly requestingAssembly, Boolean throwOnFileNotFound)
   at System.Reflection.Assembly.Load(AssemblyName assemblyRef)
   at Microsoft.VisualStudio.TestPlatform.Common.ExtensionFramework.TestPluginCache.CurrentDomainAssemblyResolve(Object sender, AssemblyResolveEventArgs args) in /_/src/Microsoft.TestPlatform.Common/ExtensionFramework/TestPluginCache.cs:line 513
   at System.Runtime.Loader.AssemblyLoadContext.GetFirstResolvedAssemblyFromResolvingEvent(AssemblyName assemblyName)
   at System.Runtime.Loader.AssemblyLoadContext.ResolveUsingEvent(AssemblyName assemblyName)
   at System.Runtime.Loader.AssemblyLoadContext.ResolveUsingResolvingEvent(IntPtr gchManagedAssemblyLoadContext, AssemblyName assemblyName)
TpTrace Information: 0 : 5132, 1, 2024/03/08, 21:18:40.047, 3959694091719, vstest.console.dll, AssemblyResolver.OnResolve: Microsoft.TestPlatform.Extensions.BlameDataCollector: Resolving assembly.
TpTrace Information: 0 : 5132, 1, 2024/03/08, 21:18:40.047, 3959694092434, vstest.console.dll, AssemblyResolver.OnResolve: Microsoft.TestPlatform.Extensions.BlameDataCollector: Searching in: 'C:\Program Files\dotnet\sdk\8.0.100\Extensions'.
TpTrace Information: 0 : 5132, 1, 2024/03/08, 21:18:40.048, 3959694101646, vstest.console.dll, AssemblyResolver.OnResolve: Microsoft.TestPlatform.Extensions.BlameDataCollector: Loading assembly 'C:\Program Files\dotnet\sdk\8.0.100\Extensions\Microsoft.TestPlatform.Extensions.BlameDataCollector.dll'.
TpTrace Information: 0 : 5132, 1, 2024/03/08, 21:18:40.049, 3959694109465, vstest.console.dll, AssemblyResolver.OnResolve: Resolved assembly: Microsoft.TestPlatform.Extensions.BlameDataCollector, from path: C:\Program Files\dotnet\sdk\8.0.100\Extensions\Microsoft.TestPlatform.Extensions.BlameDataCollector.dll
TpTrace Verbose: 0 : 5132, 1, 2024/03/08, 21:18:40.049, 3959694111124, vstest.console.dll, MetadataReaderExtensionsHelper: Discovering extensions inside assembly 'Microsoft.TestPlatform.Extensions.BlameDataCollector, Version=15.0.0.0, Culture=neutral, PublicKeyToken=b03f5f7f11d50a3a' file path 'C:\Program Files\dotnet\sdk\8.0.100\Extensions\Microsoft.TestPlatform.Extensions.BlameDataCollector.dll'
TpTrace Information: 0 : 5132, 1, 2024/03/08, 21:18:40.054, 3959694155144, vstest.console.dll, AssemblyResolver.OnResolve: Microsoft.TestPlatform.Extensions.EventLogCollector: Resolving assembly.
TpTrace Information: 0 : 5132, 1, 2024/03/08, 21:18:40.054, 3959694156597, vstest.console.dll, AssemblyResolver.OnResolve: Microsoft.TestPlatform.Extensions.EventLogCollector: Searching in: 'C:\Program Files\dotnet\sdk\8.0.100\Extensions'.
TpTrace Information: 0 : 5132, 1, 2024/03/08, 21:18:40.055, 3959694169171, vstest.console.dll, AssemblyResolver.OnResolve: Microsoft.TestPlatform.Extensions.EventLogCollector: Loading assembly 'C:\Program Files\dotnet\sdk\8.0.100\Extensions\Microsoft.TestPlatform.Extensions.EventLogCollector.dll'.
TpTrace Information: 0 : 5132, 1, 2024/03/08, 21:18:40.056, 3959694178950, vstest.console.dll, AssemblyResolver.OnResolve: Resolved assembly: Microsoft.TestPlatform.Extensions.EventLogCollector, from path: C:\Program Files\dotnet\sdk\8.0.100\Extensions\Microsoft.TestPlatform.Extensions.EventLogCollector.dll
TpTrace Verbose: 0 : 5132, 1, 2024/03/08, 21:18:40.056, 3959694180287, vstest.console.dll, MetadataReaderExtensionsHelper: Discovering extensions inside assembly 'Microsoft.TestPlatform.Extensions.EventLogCollector, Version=15.0.0.0, Culture=neutral, PublicKeyToken=b03f5f7f11d50a3a' file path 'C:\Program Files\dotnet\sdk\8.0.100\Extensions\Microsoft.TestPlatform.Extensions.EventLogCollector.dll'
TpTrace Information: 0 : 5132, 1, 2024/03/08, 21:18:40.060, 3959694222397, vstest.console.dll, AssemblyResolver.OnResolve: Microsoft.TestPlatform.TestHostRuntimeProvider: Resolving assembly.
TpTrace Information: 0 : 5132, 1, 2024/03/08, 21:18:40.061, 3959694223778, vstest.console.dll, AssemblyResolver.OnResolve: Microsoft.TestPlatform.TestHostRuntimeProvider: Searching in: 'C:\Program Files\dotnet\sdk\8.0.100\Extensions'.
TpTrace Information: 0 : 5132, 1, 2024/03/08, 21:18:40.061, 3959694231438, vstest.console.dll, AssemblyResolver.OnResolve: Microsoft.TestPlatform.TestHostRuntimeProvider: Loading assembly 'C:\Program Files\dotnet\sdk\8.0.100\Extensions\Microsoft.TestPlatform.TestHostRuntimeProvider.dll'.
TpTrace Information: 0 : 5132, 1, 2024/03/08, 21:18:40.062, 3959694238947, vstest.console.dll, AssemblyResolver.OnResolve: Resolved assembly: Microsoft.TestPlatform.TestHostRuntimeProvider, from path: C:\Program Files\dotnet\sdk\8.0.100\Extensions\Microsoft.TestPlatform.TestHostRuntimeProvider.dll
TpTrace Verbose: 0 : 5132, 1, 2024/03/08, 21:18:40.062, 3959694240252, vstest.console.dll, MetadataReaderExtensionsHelper: Discovering extensions inside assembly 'Microsoft.TestPlatform.TestHostRuntimeProvider, Version=15.0.0.0, Culture=neutral, PublicKeyToken=b03f5f7f11d50a3a' file path 'C:\Program Files\dotnet\sdk\8.0.100\Extensions\Microsoft.TestPlatform.TestHostRuntimeProvider.dll'
TpTrace Information: 0 : 5132, 1, 2024/03/08, 21:18:40.065, 3959694264266, vstest.console.dll, GetTestExtensionFromType: Register extension with identifier data 'HostProvider://DefaultTestHost' and type 'Microsoft.VisualStudio.TestPlatform.CrossPlatEngine.Hosting.DefaultTestHostManager, Microsoft.TestPlatform.TestHostRuntimeProvider, Version=15.0.0.0, Culture=neutral, PublicKeyToken=b03f5f7f11d50a3a' inside file 'C:\Program Files\dotnet\sdk\8.0.100\Extensions\Microsoft.TestPlatform.TestHostRuntimeProvider.dll'
TpTrace Information: 0 : 5132, 1, 2024/03/08, 21:18:40.065, 3959694268106, vstest.console.dll, GetTestExtensionFromType: Register extension with identifier data 'HostProvider://DotnetTestHost' and type 'Microsoft.VisualStudio.TestPlatform.CrossPlatEngine.Hosting.DotnetTestHostManager, Microsoft.TestPlatform.TestHostRuntimeProvider, Version=15.0.0.0, Culture=neutral, PublicKeyToken=b03f5f7f11d50a3a' inside file 'C:\Program Files\dotnet\sdk\8.0.100\Extensions\Microsoft.TestPlatform.TestHostRuntimeProvider.dll'
TpTrace Information: 0 : 5132, 1, 2024/03/08, 21:18:40.065, 3959694269443, vstest.console.dll, AssemblyResolver.OnResolve: Microsoft.VisualStudio.TestPlatform.Extensions.Html.TestLogger: Resolving assembly.
TpTrace Information: 0 : 5132, 1, 2024/03/08, 21:18:40.065, 3959694270170, vstest.console.dll, AssemblyResolver.OnResolve: Microsoft.VisualStudio.TestPlatform.Extensions.Html.TestLogger: Searching in: 'C:\Program Files\dotnet\sdk\8.0.100\Extensions'.
TpTrace Information: 0 : 5132, 1, 2024/03/08, 21:18:40.066, 3959694278562, vstest.console.dll, AssemblyResolver.OnResolve: Microsoft.VisualStudio.TestPlatform.Extensions.Html.TestLogger: Loading assembly 'C:\Program Files\dotnet\sdk\8.0.100\Extensions\Microsoft.VisualStudio.TestPlatform.Extensions.Html.TestLogger.dll'.
TpTrace Information: 0 : 5132, 1, 2024/03/08, 21:18:40.067, 3959694286841, vstest.console.dll, AssemblyResolver.OnResolve: Resolved assembly: Microsoft.VisualStudio.TestPlatform.Extensions.Html.TestLogger, from path: C:\Program Files\dotnet\sdk\8.0.100\Extensions\Microsoft.VisualStudio.TestPlatform.Extensions.Html.TestLogger.dll
TpTrace Verbose: 0 : 5132, 1, 2024/03/08, 21:18:40.067, 3959694288267, vstest.console.dll, MetadataReaderExtensionsHelper: Discovering extensions inside assembly 'Microsoft.VisualStudio.TestPlatform.Extensions.Html.TestLogger, Version=15.0.0.0, Culture=neutral, PublicKeyToken=b03f5f7f11d50a3a' file path 'C:\Program Files\dotnet\sdk\8.0.100\Extensions\Microsoft.VisualStudio.TestPlatform.Extensions.Html.TestLogger.dll'
TpTrace Information: 0 : 5132, 1, 2024/03/08, 21:18:40.072, 3959694334786, vstest.console.dll, AssemblyResolver.OnResolve: Microsoft.VisualStudio.TestPlatform.Extensions.Trx.TestLogger: Resolving assembly.
TpTrace Information: 0 : 5132, 1, 2024/03/08, 21:18:40.072, 3959694336190, vstest.console.dll, AssemblyResolver.OnResolve: Microsoft.VisualStudio.TestPlatform.Extensions.Trx.TestLogger: Searching in: 'C:\Program Files\dotnet\sdk\8.0.100\Extensions'.
TpTrace Information: 0 : 5132, 1, 2024/03/08, 21:18:40.073, 3959694344713, vstest.console.dll, AssemblyResolver.OnResolve: Microsoft.VisualStudio.TestPlatform.Extensions.Trx.TestLogger: Loading assembly 'C:\Program Files\dotnet\sdk\8.0.100\Extensions\Microsoft.VisualStudio.TestPlatform.Extensions.Trx.TestLogger.dll'.
TpTrace Information: 0 : 5132, 1, 2024/03/08, 21:18:40.074, 3959694354067, vstest.console.dll, AssemblyResolver.OnResolve: Resolved assembly: Microsoft.VisualStudio.TestPlatform.Extensions.Trx.TestLogger, from path: C:\Program Files\dotnet\sdk\8.0.100\Extensions\Microsoft.VisualStudio.TestPlatform.Extensions.Trx.TestLogger.dll
TpTrace Verbose: 0 : 5132, 1, 2024/03/08, 21:18:40.074, 3959694355484, vstest.console.dll, MetadataReaderExtensionsHelper: Discovering extensions inside assembly 'Microsoft.VisualStudio.TestPlatform.Extensions.Trx.TestLogger, Version=15.0.0.0, Culture=neutral, PublicKeyToken=b03f5f7f11d50a3a' file path 'C:\Program Files\dotnet\sdk\8.0.100\Extensions\Microsoft.VisualStudio.TestPlatform.Extensions.Trx.TestLogger.dll'
TpTrace Verbose: 0 : 5132, 1, 2024/03/08, 21:18:40.075, 3959694372881, vstest.console.dll, TestPluginCache: Discovered the extensions using extension path ''.
TpTrace Verbose: 0 : 5132, 1, 2024/03/08, 21:18:40.076, 3959694374187, vstest.console.dll, TestPluginCache: Discoverers are ''.
TpTrace Verbose: 0 : 5132, 1, 2024/03/08, 21:18:40.076, 3959694374734, vstest.console.dll, TestPluginCache: Executors are ''.
TpTrace Verbose: 0 : 5132, 1, 2024/03/08, 21:18:40.076, 3959694375330, vstest.console.dll, TestPluginCache: Executors2 are ''.
TpTrace Verbose: 0 : 5132, 1, 2024/03/08, 21:18:40.076, 3959694375838, vstest.console.dll, TestPluginCache: Setting providers are ''.
TpTrace Verbose: 0 : 5132, 1, 2024/03/08, 21:18:40.076, 3959694376338, vstest.console.dll, TestPluginCache: Loggers are ''.
TpTrace Verbose: 0 : 5132, 1, 2024/03/08, 21:18:40.076, 3959694378678, vstest.console.dll, TestPluginCache: TestHosts are 'HostProvider://DefaultTestHost,HostProvider://DotnetTestHost'.
TpTrace Verbose: 0 : 5132, 1, 2024/03/08, 21:18:40.076, 3959694379304, vstest.console.dll, TestPluginCache: DataCollectors are ''.
TpTrace Information: 0 : 5132, 1, 2024/03/08, 21:18:40.095, 3959694572246, vstest.console.dll, RunTestsArgumentProcessor:Execute: Test run is starting.
TpTrace Verbose: 0 : 5132, 1, 2024/03/08, 21:18:40.096, 3959694573621, vstest.console.dll, RunTestsArgumentProcessor:Execute: Queuing Test run.
TpTrace Information: 0 : 5132, 1, 2024/03/08, 21:18:40.096, 3959694576425, vstest.console.dll, TestRequestManager.RunTests: run tests started.
TpTrace Information: 0 : 5132, 1, 2024/03/08, 21:18:40.097, 3959694592309, vstest.console.dll, AssemblyMetadataProvider.GetFrameworkName: Determined framework:'.NETCoreApp,Version=v6.0' for source: 'C:\Users\simo7\OneDrive\Работен плот\QA Automation-Back-End Testing\03.Exercise-API-Testing\RestSharpExercise\TestGitHubApi\bin\Debug\net6.0\fine-code-coverage\build-output\TestGitHubApi.dll'
TpTrace Information: 0 : 5132, 1, 2024/03/08, 21:18:40.098, 3959694594918, vstest.console.dll, Determined framework for all sources: .NETCoreApp,Version=v6.0
TpTrace Verbose: 0 : 5132, 1, 2024/03/08, 21:18:40.098, 3959694598986, vstest.console.dll, TestRequestManager.UpdateRunSettingsIfRequired: Default architecture: X64 IsDefaultTargetArchitecture: True, Current process architecture: X64 OperatingSystem: Windows.
TpTrace Information: 0 : 5132, 1, 2024/03/08, 21:18:40.100, 3959694618985, vstest.console.dll, AssemblyMetadataProvider.GetArchitecture: Determined architecture:AnyCPU info for assembly: C:\Users\simo7\OneDrive\Работен плот\QA Automation-Back-End Testing\03.Exercise-API-Testing\RestSharpExercise\TestGitHubApi\bin\Debug\net6.0\fine-code-coverage\build-output\TestGitHubApi.dll
TpTrace Information: 0 : 5132, 1, 2024/03/08, 21:18:40.100, 3959694620175, vstest.console.dll, Determined platform for source 'C:\Users\simo7\OneDrive\Работен плот\QA Automation-Back-End Testing\03.Exercise-API-Testing\RestSharpExercise\TestGitHubApi\bin\Debug\net6.0\fine-code-coverage\build-output\TestGitHubApi.dll' was AnyCPU and it will use the default plaform X64.
TpTrace Information: 0 : 5132, 1, 2024/03/08, 21:18:40.100, 3959694620958, vstest.console.dll, None of the sources provided any runnable platform, using the default platform: X64
TpTrace Information: 0 : 5132, 1, 2024/03/08, 21:18:40.101, 3959694623884, vstest.console.dll, Platform was updated to 'X64'.
TpTrace Information: 0 : 5132, 1, 2024/03/08, 21:18:40.106, 3959694680491, vstest.console.dll, InferRunSettingsHelper.IsTestSettingsEnabled: Unable to navigate to RunSettings/MSTest. Current node: RunSettings
TpTrace Information: 0 : 5132, 1, 2024/03/08, 21:18:40.107, 3959694688747, vstest.console.dll, AssemblyResolver.OnResolve: Microsoft.VisualStudio.TestPlatform.Fakes: Resolving assembly.
TpTrace Information: 0 : 5132, 1, 2024/03/08, 21:18:40.107, 3959694689637, vstest.console.dll, AssemblyResolver.OnResolve: Microsoft.VisualStudio.TestPlatform.Fakes: Searching in: 'C:\Program Files\dotnet\sdk\8.0.100\Extensions'.
TpTrace Information: 0 : 5132, 1, 2024/03/08, 21:18:40.107, 3959694691533, vstest.console.dll, AssemblyResolver.OnResolve: Microsoft.VisualStudio.TestPlatform.Fakes: Assembly path does not exist: 'C:\Program Files\dotnet\sdk\8.0.100\Extensions\Microsoft.VisualStudio.TestPlatform.Fakes.dll', returning.
TpTrace Information: 0 : 5132, 1, 2024/03/08, 21:18:40.107, 3959694692802, vstest.console.dll, AssemblyResolver.OnResolve: Microsoft.VisualStudio.TestPlatform.Fakes: Assembly path does not exist: 'C:\Program Files\dotnet\sdk\8.0.100\Extensions\Microsoft.VisualStudio.TestPlatform.Fakes.exe', returning.
TpTrace Information: 0 : 5132, 1, 2024/03/08, 21:18:40.108, 3959694693419, vstest.console.dll, AssemblyResolver.OnResolve: Microsoft.VisualStudio.TestPlatform.Fakes: Searching in: 'C:\Program Files\dotnet\sdk\8.0.100'.
TpTrace Information: 0 : 5132, 1, 2024/03/08, 21:18:40.108, 3959694694788, vstest.console.dll, AssemblyResolver.OnResolve: Microsoft.VisualStudio.TestPlatform.Fakes: Assembly path does not exist: 'C:\Program Files\dotnet\sdk\8.0.100\Microsoft.VisualStudio.TestPlatform.Fakes.dll', returning.
TpTrace Information: 0 : 5132, 1, 2024/03/08, 21:18:40.108, 3959694696040, vstest.console.dll, AssemblyResolver.OnResolve: Microsoft.VisualStudio.TestPlatform.Fakes: Assembly path does not exist: 'C:\Program Files\dotnet\sdk\8.0.100\Microsoft.VisualStudio.TestPlatform.Fakes.exe', returning.
TpTrace Information: 0 : 5132, 1, 2024/03/08, 21:18:40.108, 3959694696648, vstest.console.dll, AssemblyResolver.OnResolve: Microsoft.VisualStudio.TestPlatform.Fakes: Failed to load assembly.
TpTrace Information: 0 : 5132, 1, 2024/03/08, 21:18:40.108, 3959694700098, vstest.console.dll, Failed to load assembly Microsoft.VisualStudio.TestPlatform.Fakes, Version=17.0.0.0, Culture=neutral. Reason:System.IO.FileNotFoundException: Could not load file or assembly 'Microsoft.VisualStudio.TestPlatform.Fakes, Version=17.0.0.0, Culture=neutral, PublicKeyToken=null'. The system cannot find the file specified.
File name: 'Microsoft.VisualStudio.TestPlatform.Fakes, Version=17.0.0.0, Culture=neutral, PublicKeyToken=null'
   at System.Reflection.RuntimeAssembly.InternalLoad(AssemblyName assemblyName, StackCrawlMark& stackMark, AssemblyLoadContext assemblyLoadContext, RuntimeAssembly requestingAssembly, Boolean throwOnFileNotFound)
   at System.Reflection.Assembly.Load(AssemblyName assemblyRef)
   at Microsoft.VisualStudio.TestPlatform.Common.Utilities.FakesUtilities.LoadTestPlatformAssembly() in /_/src/Microsoft.TestPlatform.Common/Utilities/FakesUtilities.cs:line 272
TpTrace Verbose: 0 : 5132, 1, 2024/03/08, 21:18:40.113, 3959694750511, vstest.console.dll, TestPluginCache.DiscoverTestExtensions: finding test extensions in assemblies ends with: TestLogger.dll TPluginInfo: Microsoft.VisualStudio.TestPlatform.Common.ExtensionFramework.Utilities.TestLoggerPluginInformation TExtension: Microsoft.VisualStudio.TestPlatform.ObjectModel.Client.ITestLogger
TpTrace Verbose: 0 : 5132, 1, 2024/03/08, 21:18:40.113, 3959694752918, vstest.console.dll, TestPluginCache.GetExtensionPaths: Filtered extension paths: 
TpTrace Verbose: 0 : 5132, 1, 2024/03/08, 21:18:40.114, 3959694753645, vstest.console.dll, TestPluginCache.GetExtensionPaths: Added default extension paths: C:\Program Files\dotnet\sdk\8.0.100\Extensions\Microsoft.Diagnostics.NETCore.Client.dll
C:\Program Files\dotnet\sdk\8.0.100\Extensions\Microsoft.TestPlatform.Extensions.BlameDataCollector.dll
C:\Program Files\dotnet\sdk\8.0.100\Extensions\Microsoft.TestPlatform.Extensions.EventLogCollector.dll
C:\Program Files\dotnet\sdk\8.0.100\Extensions\Microsoft.TestPlatform.TestHostRuntimeProvider.dll
C:\Program Files\dotnet\sdk\8.0.100\Extensions\Microsoft.VisualStudio.TestPlatform.Extensions.Html.TestLogger.dll
C:\Program Files\dotnet\sdk\8.0.100\Extensions\Microsoft.VisualStudio.TestPlatform.Extensions.Trx.TestLogger.dll
TpTrace Verbose: 0 : 5132, 1, 2024/03/08, 21:18:40.114, 3959694754238, vstest.console.dll, TestPluginCache.GetExtensionPaths: Added unfilterableExtensionPaths: 
TpTrace Information: 0 : 5132, 1, 2024/03/08, 21:18:40.114, 3959694756392, vstest.console.dll, AssemblyResolver.AddSearchDirectories: Adding more searchDirectories C:\Program Files\dotnet\sdk\8.0.100\Extensions,C:\Program Files\dotnet\sdk\8.0.100
TpTrace Verbose: 0 : 5132, 1, 2024/03/08, 21:18:40.114, 3959694757117, vstest.console.dll, TestPluginCache.DiscoverTestExtensions: Discovering the extensions using extension path.
TpTrace Verbose: 0 : 5132, 1, 2024/03/08, 21:18:40.114, 3959694757746, vstest.console.dll, TestPluginCache.GetExtensionPaths: Filtered extension paths: 
TpTrace Verbose: 0 : 5132, 1, 2024/03/08, 21:18:40.114, 3959694758297, vstest.console.dll, TestPluginCache.GetExtensionPaths: Added default extension paths: C:\Program Files\dotnet\sdk\8.0.100\Extensions\Microsoft.Diagnostics.NETCore.Client.dll
C:\Program Files\dotnet\sdk\8.0.100\Extensions\Microsoft.TestPlatform.Extensions.BlameDataCollector.dll
C:\Program Files\dotnet\sdk\8.0.100\Extensions\Microsoft.TestPlatform.Extensions.EventLogCollector.dll
C:\Program Files\dotnet\sdk\8.0.100\Extensions\Microsoft.TestPlatform.TestHostRuntimeProvider.dll
C:\Program Files\dotnet\sdk\8.0.100\Extensions\Microsoft.VisualStudio.TestPlatform.Extensions.Html.TestLogger.dll
C:\Program Files\dotnet\sdk\8.0.100\Extensions\Microsoft.VisualStudio.TestPlatform.Extensions.Trx.TestLogger.dll
TpTrace Verbose: 0 : 5132, 1, 2024/03/08, 21:18:40.114, 3959694758863, vstest.console.dll, TestPluginCache.GetExtensionPaths: Added unfilterableExtensionPaths: 
TpTrace Verbose: 0 : 5132, 1, 2024/03/08, 21:18:40.114, 3959694760094, vstest.console.dll, TestPluginCache.DiscoverTestExtensions: Discovering the extensions using allExtensionPaths: C:\Program Files\dotnet\sdk\8.0.100\Extensions\Microsoft.Diagnostics.NETCore.Client.dll
C:\Program Files\dotnet\sdk\8.0.100\Extensions\Microsoft.TestPlatform.Extensions.BlameDataCollector.dll
C:\Program Files\dotnet\sdk\8.0.100\Extensions\Microsoft.TestPlatform.Extensions.EventLogCollector.dll
C:\Program Files\dotnet\sdk\8.0.100\Extensions\Microsoft.TestPlatform.TestHostRuntimeProvider.dll
C:\Program Files\dotnet\sdk\8.0.100\Extensions\Microsoft.VisualStudio.TestPlatform.Extensions.Html.TestLogger.dll
C:\Program Files\dotnet\sdk\8.0.100\Extensions\Microsoft.VisualStudio.TestPlatform.Extensions.Trx.TestLogger.dll
TpTrace Information: 0 : 5132, 1, 2024/03/08, 21:18:40.114, 3959694761044, vstest.console.dll, AssemblyResolver.AddSearchDirectories: Adding more searchDirectories C:\Program Files\dotnet\sdk\8.0.100\Extensions,C:\Program Files\dotnet\sdk\8.0.100
TpTrace Information: 0 : 5132, 1, 2024/03/08, 21:18:40.114, 3959694761689, vstest.console.dll, AssemblyResolver.AddSearchDirectories: Adding more searchDirectories C:\Program Files\dotnet\sdk\8.0.100\Extensions,C:\Program Files\dotnet\sdk\8.0.100
TpTrace Information: 0 : 5132, 1, 2024/03/08, 21:18:40.114, 3959694762312, vstest.console.dll, AssemblyResolver.AddSearchDirectories: Adding more searchDirectories C:\Program Files\dotnet\sdk\8.0.100\Extensions,C:\Program Files\dotnet\sdk\8.0.100
TpTrace Information: 0 : 5132, 1, 2024/03/08, 21:18:40.114, 3959694762915, vstest.console.dll, AssemblyResolver.AddSearchDirectories: Adding more searchDirectories C:\Program Files\dotnet\sdk\8.0.100\Extensions,C:\Program Files\dotnet\sdk\8.0.100
TpTrace Information: 0 : 5132, 1, 2024/03/08, 21:18:40.115, 3959694763516, vstest.console.dll, AssemblyResolver.AddSearchDirectories: Adding more searchDirectories C:\Program Files\dotnet\sdk\8.0.100\Extensions,C:\Program Files\dotnet\sdk\8.0.100
TpTrace Information: 0 : 5132, 1, 2024/03/08, 21:18:40.115, 3959694764131, vstest.console.dll, AssemblyResolver.AddSearchDirectories: Adding more searchDirectories C:\Program Files\dotnet\sdk\8.0.100\Extensions,C:\Program Files\dotnet\sdk\8.0.100
TpTrace Verbose: 0 : 5132, 1, 2024/03/08, 21:18:40.115, 3959694765626, vstest.console.dll, MetadataReaderExtensionsHelper: Discovering extensions inside assembly 'Microsoft.Diagnostics.NETCore.Client, Version=0.2.8.21101, Culture=neutral, PublicKeyToken=31bf3856ad364e35' file path 'C:\Program Files\dotnet\sdk\8.0.100\Extensions\Microsoft.Diagnostics.NETCore.Client.dll'
TpTrace Information: 0 : 5132, 1, 2024/03/08, 21:18:40.116, 3959694775846, vstest.console.dll, AssemblyResolver.OnResolve: Microsoft.Bcl.AsyncInterfaces: Resolving assembly.
TpTrace Information: 0 : 5132, 1, 2024/03/08, 21:18:40.116, 3959694776816, vstest.console.dll, AssemblyResolver.OnResolve: Microsoft.Bcl.AsyncInterfaces: Resolved from cache.
TpTrace Verbose: 0 : 5132, 1, 2024/03/08, 21:18:40.116, 3959694777368, vstest.console.dll, CurrentDomainAssemblyResolve: Resolving assembly 'Microsoft.Bcl.AsyncInterfaces'.
TpTrace Information: 0 : 5132, 1, 2024/03/08, 21:18:40.116, 3959694778142, vstest.console.dll, AssemblyResolver.OnResolve: Microsoft.Bcl.AsyncInterfaces: Resolving assembly.
TpTrace Information: 0 : 5132, 1, 2024/03/08, 21:18:40.116, 3959694778707, vstest.console.dll, AssemblyResolver.OnResolve: Microsoft.Bcl.AsyncInterfaces: Resolved from cache.
TpTrace Verbose: 0 : 5132, 1, 2024/03/08, 21:18:40.116, 3959694779234, vstest.console.dll, CurrentDomainAssemblyResolve: Resolving assembly 'Microsoft.Bcl.AsyncInterfaces'.
TpTrace Verbose: 0 : 5132, 1, 2024/03/08, 21:18:40.116, 3959694779750, vstest.console.dll, CurrentDomainAssemblyResolve: Failed to resolve assembly 'Microsoft.Bcl.AsyncInterfaces'.
TpTrace Verbose: 0 : 5132, 1, 2024/03/08, 21:18:40.116, 3959694781742, vstest.console.dll, CurrentDomainAssemblyResolve: Failed to resolve assembly 'Microsoft.Bcl.AsyncInterfaces'.
TpTrace Warning: 0 : 5132, 1, 2024/03/08, 21:18:40.117, 3959694786524, vstest.console.dll, TestPluginDiscoverer: Failed to get types from assembly 'Microsoft.Diagnostics.NETCore.Client, Version=0.2.8.21101, Culture=neutral, PublicKeyToken=31bf3856ad364e35'. Error: System.Reflection.ReflectionTypeLoadException: Unable to load one or more of the requested types.
Could not load file or assembly 'Microsoft.Bcl.AsyncInterfaces, Version=1.0.0.0, Culture=neutral, PublicKeyToken=cc7b13ffcd2ddd51'. The system cannot find the file specified.
   at System.Reflection.RuntimeModule.GetTypes(RuntimeModule module)
   at System.Reflection.RuntimeModule.GetTypes()
   at Microsoft.VisualStudio.TestPlatform.Common.ExtensionFramework.TestPluginDiscoverer.GetTestExtensionsFromAssembly[TPluginInfo,TExtension](Assembly assembly, Dictionary`2 pluginInfos, String filePath) in /_/src/Microsoft.TestPlatform.Common/ExtensionFramework/TestPluginDiscoverer.cs:line 158
System.IO.FileNotFoundException: Could not load file or assembly 'Microsoft.Bcl.AsyncInterfaces, Version=1.0.0.0, Culture=neutral, PublicKeyToken=cc7b13ffcd2ddd51'. The system cannot find the file specified.
File name: 'Microsoft.Bcl.AsyncInterfaces, Version=1.0.0.0, Culture=neutral, PublicKeyToken=cc7b13ffcd2ddd51'
 ---> System.IO.FileNotFoundException: Could not load file or assembly 'Microsoft.Bcl.AsyncInterfaces, Culture=neutral, PublicKeyToken=null'. The system cannot find the file specified.
File name: 'Microsoft.Bcl.AsyncInterfaces, Culture=neutral, PublicKeyToken=null'
   at System.Reflection.RuntimeAssembly.InternalLoad(AssemblyName assemblyName, StackCrawlMark& stackMark, AssemblyLoadContext assemblyLoadContext, RuntimeAssembly requestingAssembly, Boolean throwOnFileNotFound)
   at System.Reflection.Assembly.Load(AssemblyName assemblyRef)
   at Microsoft.VisualStudio.TestPlatform.Common.ExtensionFramework.TestPluginCache.CurrentDomainAssemblyResolve(Object sender, AssemblyResolveEventArgs args) in /_/src/Microsoft.TestPlatform.Common/ExtensionFramework/TestPluginCache.cs:line 513
   at System.Runtime.Loader.AssemblyLoadContext.GetFirstResolvedAssemblyFromResolvingEvent(AssemblyName assemblyName)
   at System.Runtime.Loader.AssemblyLoadContext.ResolveUsingEvent(AssemblyName assemblyName)
   at System.Runtime.Loader.AssemblyLoadContext.ResolveUsingResolvingEvent(IntPtr gchManagedAssemblyLoadContext, AssemblyName assemblyName)
TpTrace Warning: 0 : 5132, 1, 2024/03/08, 21:18:40.117, 3959694789282, vstest.console.dll, LoaderExceptions: System.IO.FileNotFoundException: Could not load file or assembly 'Microsoft.Bcl.AsyncInterfaces, Version=1.0.0.0, Culture=neutral, PublicKeyToken=cc7b13ffcd2ddd51'. The system cannot find the file specified.
File name: 'Microsoft.Bcl.AsyncInterfaces, Version=1.0.0.0, Culture=neutral, PublicKeyToken=cc7b13ffcd2ddd51'
 ---> System.IO.FileNotFoundException: Could not load file or assembly 'Microsoft.Bcl.AsyncInterfaces, Culture=neutral, PublicKeyToken=null'. The system cannot find the file specified.
File name: 'Microsoft.Bcl.AsyncInterfaces, Culture=neutral, PublicKeyToken=null'
   at System.Reflection.RuntimeAssembly.InternalLoad(AssemblyName assemblyName, StackCrawlMark& stackMark, AssemblyLoadContext assemblyLoadContext, RuntimeAssembly requestingAssembly, Boolean throwOnFileNotFound)
   at System.Reflection.Assembly.Load(AssemblyName assemblyRef)
   at Microsoft.VisualStudio.TestPlatform.Common.ExtensionFramework.TestPluginCache.CurrentDomainAssemblyResolve(Object sender, AssemblyResolveEventArgs args) in /_/src/Microsoft.TestPlatform.Common/ExtensionFramework/TestPluginCache.cs:line 513
   at System.Runtime.Loader.AssemblyLoadContext.GetFirstResolvedAssemblyFromResolvingEvent(AssemblyName assemblyName)
   at System.Runtime.Loader.AssemblyLoadContext.ResolveUsingEvent(AssemblyName assemblyName)
   at System.Runtime.Loader.AssemblyLoadContext.ResolveUsingResolvingEvent(IntPtr gchManagedAssemblyLoadContext, AssemblyName assemblyName)
TpTrace Verbose: 0 : 5132, 1, 2024/03/08, 21:18:40.118, 3959694794475, vstest.console.dll, MetadataReaderExtensionsHelper: Discovering extensions inside assembly 'Microsoft.TestPlatform.Extensions.BlameDataCollector, Version=15.0.0.0, Culture=neutral, PublicKeyToken=b03f5f7f11d50a3a' file path 'C:\Program Files\dotnet\sdk\8.0.100\Extensions\Microsoft.TestPlatform.Extensions.BlameDataCollector.dll'
TpTrace Information: 0 : 5132, 1, 2024/03/08, 21:18:40.120, 3959694820088, vstest.console.dll, GetTestExtensionFromType: Register extension with identifier data 'logger://Microsoft/TestPlatform/Extensions/Blame/v1' and type 'Microsoft.TestPlatform.Extensions.BlameDataCollector.BlameLogger, Microsoft.TestPlatform.Extensions.BlameDataCollector, Version=15.0.0.0, Culture=neutral, PublicKeyToken=b03f5f7f11d50a3a' inside file 'C:\Program Files\dotnet\sdk\8.0.100\Extensions\Microsoft.TestPlatform.Extensions.BlameDataCollector.dll'
TpTrace Verbose: 0 : 5132, 1, 2024/03/08, 21:18:40.120, 3959694822524, vstest.console.dll, MetadataReaderExtensionsHelper: Discovering extensions inside assembly 'Microsoft.TestPlatform.Extensions.EventLogCollector, Version=15.0.0.0, Culture=neutral, PublicKeyToken=b03f5f7f11d50a3a' file path 'C:\Program Files\dotnet\sdk\8.0.100\Extensions\Microsoft.TestPlatform.Extensions.EventLogCollector.dll'
TpTrace Verbose: 0 : 5132, 1, 2024/03/08, 21:18:40.121, 3959694832833, vstest.console.dll, MetadataReaderExtensionsHelper: Discovering extensions inside assembly 'Microsoft.TestPlatform.TestHostRuntimeProvider, Version=15.0.0.0, Culture=neutral, PublicKeyToken=b03f5f7f11d50a3a' file path 'C:\Program Files\dotnet\sdk\8.0.100\Extensions\Microsoft.TestPlatform.TestHostRuntimeProvider.dll'
TpTrace Verbose: 0 : 5132, 1, 2024/03/08, 21:18:40.122, 3959694840154, vstest.console.dll, MetadataReaderExtensionsHelper: Discovering extensions inside assembly 'Microsoft.VisualStudio.TestPlatform.Extensions.Html.TestLogger, Version=15.0.0.0, Culture=neutral, PublicKeyToken=b03f5f7f11d50a3a' file path 'C:\Program Files\dotnet\sdk\8.0.100\Extensions\Microsoft.VisualStudio.TestPlatform.Extensions.Html.TestLogger.dll'
TpTrace Information: 0 : 5132, 1, 2024/03/08, 21:18:40.123, 3959694850514, vstest.console.dll, GetTestExtensionFromType: Register extension with identifier data 'logger://Microsoft/TestPlatform/HtmlLogger/v1' and type 'Microsoft.VisualStudio.TestPlatform.Extensions.HtmlLogger.HtmlLogger, Microsoft.VisualStudio.TestPlatform.Extensions.Html.TestLogger, Version=15.0.0.0, Culture=neutral, PublicKeyToken=b03f5f7f11d50a3a' inside file 'C:\Program Files\dotnet\sdk\8.0.100\Extensions\Microsoft.VisualStudio.TestPlatform.Extensions.Html.TestLogger.dll'
TpTrace Verbose: 0 : 5132, 1, 2024/03/08, 21:18:40.123, 3959694851977, vstest.console.dll, MetadataReaderExtensionsHelper: Discovering extensions inside assembly 'Microsoft.VisualStudio.TestPlatform.Extensions.Trx.TestLogger, Version=15.0.0.0, Culture=neutral, PublicKeyToken=b03f5f7f11d50a3a' file path 'C:\Program Files\dotnet\sdk\8.0.100\Extensions\Microsoft.VisualStudio.TestPlatform.Extensions.Trx.TestLogger.dll'
TpTrace Information: 0 : 5132, 1, 2024/03/08, 21:18:40.124, 3959694862637, vstest.console.dll, GetTestExtensionFromType: Register extension with identifier data 'logger://Microsoft/TestPlatform/TrxLogger/v1' and type 'Microsoft.VisualStudio.TestPlatform.Extensions.TrxLogger.TrxLogger, Microsoft.VisualStudio.TestPlatform.Extensions.Trx.TestLogger, Version=15.0.0.0, Culture=neutral, PublicKeyToken=b03f5f7f11d50a3a' inside file 'C:\Program Files\dotnet\sdk\8.0.100\Extensions\Microsoft.VisualStudio.TestPlatform.Extensions.Trx.TestLogger.dll'
TpTrace Verbose: 0 : 5132, 1, 2024/03/08, 21:18:40.125, 3959694863939, vstest.console.dll, TestPluginCache: Discovered the extensions using extension path ''.
TpTrace Verbose: 0 : 5132, 1, 2024/03/08, 21:18:40.125, 3959694864516, vstest.console.dll, TestPluginCache: Discoverers are ''.
TpTrace Verbose: 0 : 5132, 1, 2024/03/08, 21:18:40.125, 3959694865034, vstest.console.dll, TestPluginCache: Executors are ''.
TpTrace Verbose: 0 : 5132, 1, 2024/03/08, 21:18:40.125, 3959694865534, vstest.console.dll, TestPluginCache: Executors2 are ''.
TpTrace Verbose: 0 : 5132, 1, 2024/03/08, 21:18:40.125, 3959694866097, vstest.console.dll, TestPluginCache: Setting providers are ''.
TpTrace Verbose: 0 : 5132, 1, 2024/03/08, 21:18:40.125, 3959694867238, vstest.console.dll, TestPluginCache: Loggers are 'logger://Microsoft/TestPlatform/Extensions/Blame/v1,logger://Microsoft/TestPlatform/HtmlLogger/v1,logger://Microsoft/TestPlatform/TrxLogger/v1'.
TpTrace Verbose: 0 : 5132, 1, 2024/03/08, 21:18:40.125, 3959694868018, vstest.console.dll, TestPluginCache: TestHosts are 'HostProvider://DefaultTestHost,HostProvider://DotnetTestHost'.
TpTrace Verbose: 0 : 5132, 1, 2024/03/08, 21:18:40.125, 3959694868552, vstest.console.dll, TestPluginCache: DataCollectors are ''.
TpTrace Information: 0 : 5132, 1, 2024/03/08, 21:18:40.126, 3959694879803, vstest.console.dll, TestPluginManager.CreateTestExtension: Attempting to load test extension: Microsoft.TestPlatform.Extensions.BlameDataCollector.BlameLogger
TpTrace Verbose: 0 : 5132, 1, 2024/03/08, 21:18:40.138, 3959695000027, vstest.console.dll, TestEngine: Initializing Parallel Execution as MaxCpuCount is set to: 1
TpTrace Information: 0 : 5132, 1, 2024/03/08, 21:18:40.140, 3959695017341, vstest.console.dll, TestPluginManager.CreateTestExtension: Attempting to load test extension: Microsoft.VisualStudio.TestPlatform.CrossPlatEngine.Hosting.DefaultTestHostManager
TpTrace Information: 0 : 5132, 1, 2024/03/08, 21:18:40.142, 3959695033308, vstest.console.dll, TestPluginManager.CreateTestExtension: Attempting to load test extension: Microsoft.VisualStudio.TestPlatform.CrossPlatEngine.Hosting.DotnetTestHostManager
TpTrace Information: 0 : 5132, 1, 2024/03/08, 21:18:40.142, 3959695041169, vstest.console.dll, InferRunSettingsHelper.IsTestSettingsEnabled: Unable to navigate to RunSettings/MSTest. Current node: RunSettings
TpTrace Verbose: 0 : 5132, 1, 2024/03/08, 21:18:40.143, 3959695048379, vstest.console.dll, ParallelOperationManager.ClearSlots: Clearing all slots. Slots should accept more work: True
TpTrace Verbose: 0 : 5132, 1, 2024/03/08, 21:18:40.144, 3959695056879, vstest.console.dll, ParallelOperationManager.SetOccupiedSlotCount: Setting slot counts AvailableSlotCount = 1, OccupiedSlotCount = 0.
TpTrace Verbose: 0 : 5132, 1, 2024/03/08, 21:18:40.144, 3959695061111, vstest.console.dll, Occupied slots:

TpTrace Verbose: 0 : 5132, 1, 2024/03/08, 21:18:40.148, 3959695102038, vstest.console.dll, TestEngine.GetExecutionManager: Chosen execution manager 'Microsoft.VisualStudio.TestPlatform.CrossPlatEngine.Client.Parallel.ParallelProxyExecutionManager, Microsoft.TestPlatform.CrossPlatEngine, Version=15.0.0.0, Culture=neutral, PublicKeyToken=b03f5f7f11d50a3a' ParallelLevel '1'.
TpTrace Verbose: 0 : 5132, 1, 2024/03/08, 21:18:40.149, 3959695104125, vstest.console.dll, TestRunRequest.ExecuteAsync: Creating test run request.
TpTrace Verbose: 0 : 5132, 1, 2024/03/08, 21:18:40.149, 3959695106942, vstest.console.dll, TestRunRequest.ExecuteAsync: Starting.
TpTrace Information: 0 : 5132, 1, 2024/03/08, 21:18:40.154, 3959695162070, vstest.console.dll, TestRunRequest.ExecuteAsync: Starting run with settings:TestRunCriteria:
   KeepAlive=False,FrequencyOfRunStatsChangeEvent=10,RunStatsChangeEventTimeout=00:00:01.5000000,TestCaseFilter=,TestExecutorLauncher=
   Settingsxml=<RunSettings>
  <RunConfiguration>
    <ResultsDirectory>C:\Users\simo7\OneDrive\Работен плот\QA Automation-Back-End Testing\03.Exercise-API-Testing\RestSharpExercise\TestGitHubApi\bin\Debug\net6.0\fine-code-coverage\coverage-tool-output</ResultsDirectory>
    <TargetPlatform>X64</TargetPlatform>
    <TargetFrameworkVersion>.NETCoreApp,Version=v6.0</TargetFrameworkVersion>
    <DesignMode>False</DesignMode>
    <CollectSourceInformation>False</CollectSourceInformation>
  </RunConfiguration>
  <LoggerRunSettings>
    <Loggers>
      <Logger friendlyName="blame" enabled="True" />
      <Logger friendlyName="Console" uri="logger://microsoft/TestPlatform/ConsoleLogger/v1" assemblyQualifiedName="Microsoft.VisualStudio.TestPlatform.CommandLine.Internal.ConsoleLogger, vstest.console, Version=15.0.0.0, Culture=neutral, PublicKeyToken=b03f5f7f11d50a3a" codeBase="C:\Program Files\dotnet\sdk\8.0.100\vstest.console.dll" enabled="True" />
    </Loggers>
  </LoggerRunSettings>
  <DataCollectionRunSettings>
    <DataCollectors>
      <DataCollector friendlyName="blame" enabled="True">
        <Configuration>
          <ResultsDirectory>C:\Users\simo7\OneDrive\Работен плот\QA Automation-Back-End Testing\03.Exercise-API-Testing\RestSharpExercise\TestGitHubApi\bin\Debug\net6.0\fine-code-coverage\coverage-tool-output</ResultsDirectory>
        </Configuration>
      </DataCollector>
    </DataCollectors>
  </DataCollectionRunSettings>
</RunSettings>

TpTrace Verbose: 0 : 5132, 1, 2024/03/08, 21:18:40.155, 3959695163708, vstest.console.dll, TestRunRequest.ExecuteAsync: Wait for the first run request is over.
TpTrace Verbose: 0 : 5132, 1, 2024/03/08, 21:18:40.155, 3959695168191, vstest.console.dll, MulticastDelegateUtilities.SafeInvoke: TestRun.TestRunStart: Invoking callbacks was skipped because there are no subscribers.
TpTrace Verbose: 0 : 5132, 4, 2024/03/08, 21:18:40.155, 3959695170744, vstest.console.dll, MulticastDelegateUtilities.SafeInvoke: InternalTestLoggerEvents.SendTestRunStart: Invoking callback 1/1 for Microsoft.VisualStudio.TestPlatform.CommandLine.Internal.ConsoleLogger., took 0 ms.
TpTrace Verbose: 0 : 5132, 1, 2024/03/08, 21:18:40.156, 3959695182527, vstest.console.dll, ParallelProxyExecutionManager: Start execution. Total sources: 1
TpTrace Verbose: 0 : 5132, 1, 2024/03/08, 21:18:40.157, 3959695187862, vstest.console.dll, ParallelOperationManager.StartWork: Starting adding 1 workloads.
TpTrace Verbose: 0 : 5132, 1, 2024/03/08, 21:18:40.157, 3959695188850, vstest.console.dll, ParallelOperationManager.ClearSlots: Clearing all slots. Slots should accept more work: True
TpTrace Verbose: 0 : 5132, 1, 2024/03/08, 21:18:40.157, 3959695190536, vstest.console.dll, ParallelOperationManager.SetOccupiedSlotCount: Setting slot counts AvailableSlotCount = 1, OccupiedSlotCount = 0.
TpTrace Verbose: 0 : 5132, 1, 2024/03/08, 21:18:40.157, 3959695191314, vstest.console.dll, Occupied slots:

TpTrace Verbose: 0 : 5132, 1, 2024/03/08, 21:18:40.159, 3959695209646, vstest.console.dll, TestRequestSender is acting as server.
TpTrace Verbose: 0 : 5132, 1, 2024/03/08, 21:18:40.161, 3959695223475, vstest.console.dll, ParallelOperationManager.RunWorkInParallel: Adding 1 workload to slot, remaining workloads 0.
TpTrace Verbose: 0 : 5132, 1, 2024/03/08, 21:18:40.161, 3959695224601, vstest.console.dll, ParallelOperationManager.SetOccupiedSlotCount: Setting slot counts AvailableSlotCount = 0, OccupiedSlotCount = 1.
TpTrace Verbose: 0 : 5132, 1, 2024/03/08, 21:18:40.161, 3959695226924, vstest.console.dll, Occupied slots:
0: C:\Users\simo7\OneDrive\Работен плот\QA Automation-Back-End Testing\03.Exercise-API-Testing\RestSharpExercise\TestGitHubApi\bin\Debug\net6.0\fine-code-coverage\build-output\TestGitHubApi.dll
TpTrace Verbose: 0 : 5132, 1, 2024/03/08, 21:18:40.162, 3959695240095, vstest.console.dll, ParallelOperationManager.RunWorkInParallel: Started host in slot number 0 for work (source): C:\Users\simo7\OneDrive\Работен плот\QA Automation-Back-End Testing\03.Exercise-API-Testing\RestSharpExercise\TestGitHubApi\bin\Debug\net6.0\fine-code-coverage\build-output\TestGitHubApi.dll.
TpTrace Verbose: 0 : 5132, 1, 2024/03/08, 21:18:40.163, 3959695250054, vstest.console.dll, ParallelOperationManager.RunWorkInParallel: We started 1 work items, which is the max parallel level. Won't start more work.
TpTrace Verbose: 0 : 5132, 1, 2024/03/08, 21:18:40.163, 3959695251742, vstest.console.dll, ParallelOperationManager.RunWorkInParallel: We started 1 work items in here, returning True.
TpTrace Verbose: 0 : 5132, 5, 2024/03/08, 21:18:40.163, 3959695252039, vstest.console.dll, ParallelProxyExecutionManager.StartTestRunOnConcurrentManager: Initializing uninitialized client. Started clients: 0
TpTrace Information: 0 : 5132, 1, 2024/03/08, 21:18:40.163, 3959695253087, vstest.console.dll, TestRunRequest.ExecuteAsync: Started.
TpTrace Verbose: 0 : 5132, 5, 2024/03/08, 21:18:40.164, 3959695254828, vstest.console.dll, DataCollectionRequestSender.InitializeCommunication : Initialize communication. 
TpTrace Verbose: 0 : 5132, 1, 2024/03/08, 21:18:40.165, 3959695264206, vstest.console.dll, TestRunRequest.WaitForCompletion: Waiting with timeout -1.
TpTrace Information: 0 : 5132, 5, 2024/03/08, 21:18:40.183, 3959695452692, vstest.console.dll, Listening on Endpoint : 127.0.0.1:63226
TpTrace Verbose: 0 : 5132, 5, 2024/03/08, 21:18:40.195, 3959695568248, vstest.console.dll, DotnetDataCollectionLauncher: Adding  --runtimeconfig "C:\Program Files\dotnet\sdk\8.0.100\datacollector.runtimeconfig.json" in args
TpTrace Verbose: 0 : 5132, 5, 2024/03/08, 21:18:40.195, 3959695570038, vstest.console.dll, DotnetDataCollectionLauncher: Adding  --depsfile "C:\Program Files\dotnet\sdk\8.0.100\datacollector.deps.json" in args
TpTrace Verbose: 0 : 5132, 5, 2024/03/08, 21:18:40.196, 3959695573362, vstest.console.dll, DotnetDataCollectionLauncher: Full path of dotnet.exe is C:\Program Files\dotnet\dotnet.exe
TpTrace Information: 0 : 5132, 5, 2024/03/08, 21:18:40.210, 3959695713695, vstest.console.dll, ProxyDataCollectionManager.Initialize: Launched datacollector processId: 6728 port: 63226
TpTrace Information: 0 : 5132, 5, 2024/03/08, 21:18:40.210, 3959695716387, vstest.console.dll, ProxyDataCollectionManager.Initialize: waiting for connection with timeout: 90 seconds
TpTrace Verbose: 0 : 5132, 5, 2024/03/08, 21:18:40.210, 3959695717552, vstest.console.dll, DataCollectionRequestSender.WaitForRequestHandlerConnection : Waiting for connection with timeout: 90000
TpTrace Verbose: 0 : 5132, 5, 2024/03/08, 21:18:40.459, 3959698208245, vstest.console.dll, SocketCommunicationManager.WaitForClientConnection took: 248 ms, with 90000 ms timeout, and finished with True.
TpTrace Information: 0 : 5132, 10, 2024/03/08, 21:18:40.459, 3959698208162, vstest.console.dll, Using the buffer size of 16384 bytes
TpTrace Information: 0 : 5132, 10, 2024/03/08, 21:18:40.459, 3959698211563, vstest.console.dll, Accepted Client request and set the flag
TpTrace Verbose: 0 : 5132, 5, 2024/03/08, 21:18:40.459, 3959698211563, vstest.console.dll, ProxyDataCollectionManager.InvokeDataCollectionServiceAction: Starting.
TpTrace Information: 0 : 5132, 5, 2024/03/08, 21:18:40.460, 3959698214413, vstest.console.dll, ProxyDataCollectionManager.BeforeTestRunStart: Get environment variable and port for datacollector processId: 6728 port: 63226
TpTrace Verbose: 0 : 5132, 5, 2024/03/08, 21:18:40.460, 3959698216876, vstest.console.dll, DataCollectionRequestSender.SendBeforeTestRunStartAndGetResult: Send BeforeTestRunStart message with settingsXml <RunSettings><RunConfiguration><ResultsDirectory>C:\Users\simo7\OneDrive\Работен плот\QA Automation-Back-End Testing\03.Exercise-API-Testing\RestSharpExercise\TestGitHubApi\bin\Debug\net6.0\fine-code-coverage\coverage-tool-output</ResultsDirectory><TargetPlatform>X64</TargetPlatform><TargetFrameworkVersion>.NETCoreApp,Version=v6.0</TargetFrameworkVersion><DesignMode>False</DesignMode><CollectSourceInformation>False</CollectSourceInformation><TestAdaptersPaths>C:\Program Files\dotnet\sdk\8.0.100\Extensions</TestAdaptersPaths></RunConfiguration><LoggerRunSettings><Loggers><Logger friendlyName="blame" enabled="True" /><Logger friendlyName="Console" uri="logger://microsoft/TestPlatform/ConsoleLogger/v1" assemblyQualifiedName="Microsoft.VisualStudio.TestPlatform.CommandLine.Internal.ConsoleLogger, vstest.console, Version=15.0.0.0, Culture=neutral, PublicKeyToken=b03f5f7f11d50a3a" codeBase="C:\Program Files\dotnet\sdk\8.0.100\vstest.console.dll" enabled="True" /></Loggers></LoggerRunSettings><DataCollectionRunSettings><DataCollectors><DataCollector friendlyName="blame" enabled="True"><Configuration><ResultsDirectory>C:\Users\simo7\OneDrive\Работен плот\QA Automation-Back-End Testing\03.Exercise-API-Testing\RestSharpExercise\TestGitHubApi\bin\Debug\net6.0\fine-code-coverage\coverage-tool-output</ResultsDirectory></Configuration></DataCollector></DataCollectors></DataCollectionRunSettings></RunSettings> and sources System.Collections.Generic.List`1[System.String]: 
TpTrace Verbose: 0 : 5132, 5, 2024/03/08, 21:18:40.570, 3959699322649, vstest.console.dll, DataCollectionRequestSender.SendBeforeTestRunStartAndGetResult: Received message: (DataCollection.SendMessage) -> {"MessageType":"DataCollection.SendMessage","Payload":{"FriendlyName":null,"Uri":null,"TestCaseId":"00000000-0000-0000-0000-000000000000","Message":"Logging DataCollector Diagnostics in file: C:\\Users\\simo7\\OneDrive\\Работен плот\\QA Automation-Back-End Testing\\03.Exercise-API-Testing\\RestSharpExercise\\TestGitHubApi\\bin\\Debug\\net6.0\\fine-code-coverage\\coverage-tool-output\\diagnostics.datacollector.24-03-08_21-18-40_19520_5.log","Level":0}}
TpTrace Verbose: 0 : 5132, 5, 2024/03/08, 21:18:40.708, 3959700702388, vstest.console.dll, DataCollectionRequestSender.SendBeforeTestRunStartAndGetResult: Received message: (DataCollection.BeforeTestRunStartResult) -> {"MessageType":"DataCollection.BeforeTestRunStartResult","Payload":{"EnvironmentVariables":{},"DataCollectionEventsPort":63228}}
TpTrace Information: 0 : 5132, 5, 2024/03/08, 21:18:40.714, 3959700756960, vstest.console.dll, ProxyDataCollectionManager.BeforeTestRunStart: SendBeforeTestRunStartAndGetResult successful, env variable from datacollector:   and testhost port: 63228
TpTrace Information: 0 : 5132, 5, 2024/03/08, 21:18:40.714, 3959700758597, vstest.console.dll, ProxyDataCollectionManager.InvokeDataCollectionServiceAction: Completed.
TpTrace Verbose: 0 : 5132, 5, 2024/03/08, 21:18:40.714, 3959700759313, vstest.console.dll, ParallelProxyExecutionManager.StartTestRunOnConcurrentManager: Initializing test run. Started clients: 0
TpTrace Verbose: 0 : 5132, 5, 2024/03/08, 21:18:40.714, 3959700760737, vstest.console.dll, ProxyExecutionManager: Test host is always Lazy initialize.
TpTrace Verbose: 0 : 5132, 5, 2024/03/08, 21:18:40.715, 3959700765324, vstest.console.dll, TestRequestSender.InitializeCommunication: initialize communication. 
TpTrace Information: 0 : 5132, 5, 2024/03/08, 21:18:40.716, 3959700774530, vstest.console.dll, SocketServer.Start: Listening on endpoint : 127.0.0.1:63229
TpTrace Verbose: 0 : 5132, 5, 2024/03/08, 21:18:40.717, 3959700784044, vstest.console.dll, DotnetTestHostmanager.GetTestHostProcessStartInfo: Platform environment 'X64' target architecture 'X64' framework '.NETCoreApp,Version=v6.0' OS 'Windows'
TpTrace Verbose: 0 : 5132, 5, 2024/03/08, 21:18:40.717, 3959700787254, vstest.console.dll, DotnetTestHostmanager: Adding  --runtimeconfig "C:\Users\simo7\OneDrive\Работен плот\QA Automation-Back-End Testing\03.Exercise-API-Testing\RestSharpExercise\TestGitHubApi\bin\Debug\net6.0\fine-code-coverage\build-output\TestGitHubApi.runtimeconfig.json" in args
TpTrace Verbose: 0 : 5132, 5, 2024/03/08, 21:18:40.717, 3959700789966, vstest.console.dll, DotnetTestHostmanager: Adding  --depsfile "C:\Users\simo7\OneDrive\Работен плот\QA Automation-Back-End Testing\03.Exercise-API-Testing\RestSharpExercise\TestGitHubApi\bin\Debug\net6.0\fine-code-coverage\build-output\TestGitHubApi.deps.json" in args
TpTrace Verbose: 0 : 5132, 5, 2024/03/08, 21:18:40.718, 3959700798607, vstest.console.dll, DotnetTestHostmanager.IsWinOnArm: Current PROCESSOR_ARCHITECTURE from environment variable 'AMD64'
TpTrace Verbose: 0 : 5132, 5, 2024/03/08, 21:18:40.718, 3959700801563, vstest.console.dll, DotnetTestHostmanager.IsWinOnArm: Is Windows on ARM 'False'
TpTrace Verbose: 0 : 5132, 5, 2024/03/08, 21:18:40.719, 3959700806526, vstest.console.dll, DotnetTestHostManager: testhost.exe found at path: C:\Users\simo7\OneDrive\Работен плот\QA Automation-Back-End Testing\03.Exercise-API-Testing\RestSharpExercise\TestGitHubApi\bin\Debug\net6.0\fine-code-coverage\build-output\testhost.exe
TpTrace Verbose: 0 : 5132, 5, 2024/03/08, 21:18:40.719, 3959700809310, vstest.console.dll, DotnetTestHostmanager: Full path of host exe is C:\Users\simo7\OneDrive\Работен плот\QA Automation-Back-End Testing\03.Exercise-API-Testing\RestSharpExercise\TestGitHubApi\bin\Debug\net6.0\fine-code-coverage\build-output\testhost.exe
TpTrace Verbose: 0 : 5132, 5, 2024/03/08, 21:18:40.720, 3959700814191, vstest.console.dll, DotnetTestHostmanager.LaunchTestHostAsync: Found 'VSTEST_WINAPPHOST_DOTNET_ROOT' in env variables, value 'C:\Program Files\dotnet', forwarding to 'DOTNET_ROOT'
TpTrace Verbose: 0 : 5132, 5, 2024/03/08, 21:18:40.720, 3959700818577, vstest.console.dll, DotnetTestHostManager: Starting process 'C:\Users\simo7\OneDrive\Работен плот\QA Automation-Back-End Testing\03.Exercise-API-Testing\RestSharpExercise\TestGitHubApi\bin\Debug\net6.0\fine-code-coverage\build-output\testhost.exe' with command line ' --runtimeconfig "C:\Users\simo7\OneDrive\Работен плот\QA Automation-Back-End Testing\03.Exercise-API-Testing\RestSharpExercise\TestGitHubApi\bin\Debug\net6.0\fine-code-coverage\build-output\TestGitHubApi.runtimeconfig.json" --depsfile "C:\Users\simo7\OneDrive\Работен плот\QA Automation-Back-End Testing\03.Exercise-API-Testing\RestSharpExercise\TestGitHubApi\bin\Debug\net6.0\fine-code-coverage\build-output\TestGitHubApi.deps.json" --port 63229 --endpoint 127.0.0.1:063229 --role client --parentprocessid 5132 --diag "C:\Users\simo7\OneDrive\Работен плот\QA Automation-Back-End Testing\03.Exercise-API-Testing\RestSharpExercise\TestGitHubApi\bin\Debug\net6.0\fine-code-coverage\coverage-tool-output\diagnostics.host.24-03-08_21-18-40_71662_5.log" --tracelevel 4 --datacollectionport 63228 --telemetryoptedin false'
TpTrace Verbose: 0 : 5132, 5, 2024/03/08, 21:18:40.729, 3959700908148, vstest.console.dll, MulticastDelegateUtilities.SafeInvoke: HostProviderEvents.OnHostLaunched: Invoking callback 1/2 for Microsoft.VisualStudio.TestPlatform.CrossPlatEngine.Client.ProxyExecutionManagerWithDataCollection., took 1 ms.
TpTrace Verbose: 0 : 5132, 5, 2024/03/08, 21:18:40.730, 3959700913973, vstest.console.dll, Test Runtime launched
TpTrace Verbose: 0 : 5132, 5, 2024/03/08, 21:18:40.730, 3959700916014, vstest.console.dll, MulticastDelegateUtilities.SafeInvoke: HostProviderEvents.OnHostLaunched: Invoking callback 2/2 for Microsoft.VisualStudio.TestPlatform.CrossPlatEngine.Client.ProxyOperationManager., took 0 ms.
TpTrace Verbose: 0 : 5132, 5, 2024/03/08, 21:18:40.730, 3959700918619, vstest.console.dll, TestRequestSender.WaitForRequestHandlerConnection: waiting for connection with timeout: 90000.
TpTrace Verbose: 0 : 5132, 5, 2024/03/08, 21:18:41.076, 3959704374570, vstest.console.dll, TestRequestSender.WaitForRequestHandlerConnection: waiting took 345 ms, with timeout 90000 ms, and result 0, which is success.
TpTrace Verbose: 0 : 5132, 11, 2024/03/08, 21:18:41.076, 3959704378122, vstest.console.dll, MulticastDelegateUtilities.SafeInvoke: SocketServer: ClientConnected: Invoking callback 1/1 for Microsoft.VisualStudio.TestPlatform.CommunicationUtilities.TestRequestSender., took 0 ms.
TpTrace Verbose: 0 : 5132, 11, 2024/03/08, 21:18:41.076, 3959704379826, vstest.console.dll, SocketServer.OnClientConnected: Client connected for endPoint: 127.0.0.1:63229, starting MessageLoopAsync:
TpTrace Verbose: 0 : 5132, 11, 2024/03/08, 21:18:41.077, 3959704389359, vstest.console.dll, TcpClientExtensions.MessageLoopAsync: Polling on remoteEndPoint: 127.0.0.1:63230 localEndPoint: 127.0.0.1:63229
TpTrace Verbose: 0 : 5132, 5, 2024/03/08, 21:18:41.078, 3959704400952, vstest.console.dll, TestRequestSender.CheckVersionWithTestHost: Sending check version message: {"MessageType":"ProtocolVersion","Payload":7}
TpTrace Verbose: 0 : 5132, 11, 2024/03/08, 21:18:41.344, 3959707058488, vstest.console.dll, TcpClientExtensions.MessageLoopAsync: NotifyDataAvailable remoteEndPoint: 127.0.0.1:63230 localEndPoint: 127.0.0.1:63229
TpTrace Verbose: 0 : 5132, 11, 2024/03/08, 21:18:41.344, 3959707062344, vstest.console.dll, TestRequestSender.CheckVersionWithTestHost: onMessageReceived received message: (ProtocolVersion) -> {"MessageType":"ProtocolVersion","Payload":7}
TpTrace Verbose: 0 : 5132, 11, 2024/03/08, 21:18:41.346, 3959707075127, vstest.console.dll, MulticastDelegateUtilities.SafeInvoke: LengthPrefixCommunicationChannel: MessageReceived: Invoking callback 1/1 for Microsoft.VisualStudio.TestPlatform.CommunicationUtilities.TestRequestSender+<>c__DisplayClass29_0., took 1 ms.
TpTrace Verbose: 0 : 5132, 5, 2024/03/08, 21:18:41.346, 3959707075880, vstest.console.dll, TestPluginCache.GetExtensionPaths: Filtered extension paths: 
TpTrace Verbose: 0 : 5132, 11, 2024/03/08, 21:18:41.346, 3959707077545, vstest.console.dll, TcpClientExtensions.MessageLoopAsync: Polling on remoteEndPoint: 127.0.0.1:63230 localEndPoint: 127.0.0.1:63229
TpTrace Verbose: 0 : 5132, 5, 2024/03/08, 21:18:41.346, 3959707077996, vstest.console.dll, TestPluginCache.GetExtensionPaths: Added default extension paths: C:\Program Files\dotnet\sdk\8.0.100\Extensions\Microsoft.Diagnostics.NETCore.Client.dll
C:\Program Files\dotnet\sdk\8.0.100\Extensions\Microsoft.TestPlatform.Extensions.BlameDataCollector.dll
C:\Program Files\dotnet\sdk\8.0.100\Extensions\Microsoft.TestPlatform.Extensions.EventLogCollector.dll
C:\Program Files\dotnet\sdk\8.0.100\Extensions\Microsoft.TestPlatform.TestHostRuntimeProvider.dll
C:\Program Files\dotnet\sdk\8.0.100\Extensions\Microsoft.VisualStudio.TestPlatform.Extensions.Html.TestLogger.dll
C:\Program Files\dotnet\sdk\8.0.100\Extensions\Microsoft.VisualStudio.TestPlatform.Extensions.Trx.TestLogger.dll
TpTrace Verbose: 0 : 5132, 5, 2024/03/08, 21:18:41.346, 3959707079624, vstest.console.dll, TestPluginCache.GetExtensionPaths: Added unfilterableExtensionPaths: 
TpTrace Verbose: 0 : 5132, 5, 2024/03/08, 21:18:41.354, 3959707162619, vstest.console.dll, TestRequestSender.InitializeExecution: Sending initialize execution with message: {"Version":7,"MessageType":"TestExecution.Initialize","Payload":["C:\\Users\\simo7\\OneDrive\\Работен плот\\QA Automation-Back-End Testing\\03.Exercise-API-Testing\\RestSharpExercise\\TestGitHubApi\\bin\\Debug\\net6.0\\fine-code-coverage\\build-output\\NUnit3.TestAdapter.dll"]}
TpTrace Verbose: 0 : 5132, 5, 2024/03/08, 21:18:41.355, 3959707166789, vstest.console.dll, ParallelProxyExecutionManager.StartTestRunOnConcurrentManager: Execution starting. Started clients: 1
TpTrace Verbose: 0 : 5132, 5, 2024/03/08, 21:18:41.355, 3959707171135, vstest.console.dll, TestRunRequest:SendTestRunMessage: Starting.
TpTrace Verbose: 0 : 5132, 5, 2024/03/08, 21:18:41.356, 3959707173845, vstest.console.dll, MulticastDelegateUtilities.SafeInvoke: TestRun.LogMessages: Invoking callback 1/1 for Microsoft.VisualStudio.TestPlatform.CommandLine.TestRunResultAggregator., took 0 ms.
TpTrace Information: 0 : 5132, 5, 2024/03/08, 21:18:41.356, 3959707174920, vstest.console.dll, TestRunRequest:SendTestRunMessage: Completed.
TpTrace Verbose: 0 : 5132, 4, 2024/03/08, 21:18:41.356, 3959707177446, vstest.console.dll, MulticastDelegateUtilities.SafeInvoke: InternalTestLoggerEvents.SendTestRunMessage: Invoking callback 1/1 for Microsoft.VisualStudio.TestPlatform.CommandLine.Internal.ConsoleLogger., took 0 ms.
TpTrace Warning: 0 : 5132, 5, 2024/03/08, 21:18:41.356, 3959707182301, vstest.console.dll, InferRunSettingsHelper.MakeRunsettingsCompatible: Removing the following settings: TargetPlatform from RunSettings file. To use those settings please move to latest version of Microsoft.NET.Test.Sdk
TpTrace Verbose: 0 : 5132, 11, 2024/03/08, 21:18:41.358, 3959707201427, vstest.console.dll, TcpClientExtensions.MessageLoopAsync: NotifyDataAvailable remoteEndPoint: 127.0.0.1:63230 localEndPoint: 127.0.0.1:63229
TpTrace Verbose: 0 : 5132, 11, 2024/03/08, 21:18:41.359, 3959707209439, vstest.console.dll, TestRequestSender.OnExecutionMessageReceived: Received message: {"Version":7,"MessageType":"TestSession.Message","Payload":{"MessageLevel":0,"Message":"Logging TestHost Diagnostics in file: C:\\Users\\simo7\\OneDrive\\Работен плот\\QA Automation-Back-End Testing\\03.Exercise-API-Testing\\RestSharpExercise\\TestGitHubApi\\bin\\Debug\\net6.0\\fine-code-coverage\\coverage-tool-output\\diagnostics.host.24-03-08_21-18-40_71662_5.log"}}
TpTrace Verbose: 0 : 5132, 11, 2024/03/08, 21:18:41.365, 3959707264591, vstest.console.dll, TestRunRequest:SendTestRunMessage: Starting.
TpTrace Verbose: 0 : 5132, 11, 2024/03/08, 21:18:41.365, 3959707266925, vstest.console.dll, MulticastDelegateUtilities.SafeInvoke: TestRun.LogMessages: Invoking callback 1/1 for Microsoft.VisualStudio.TestPlatform.CommandLine.TestRunResultAggregator., took 0 ms.
TpTrace Information: 0 : 5132, 11, 2024/03/08, 21:18:41.365, 3959707268150, vstest.console.dll, TestRunRequest:SendTestRunMessage: Completed.
TpTrace Verbose: 0 : 5132, 4, 2024/03/08, 21:18:41.365, 3959707267836, vstest.console.dll, MulticastDelegateUtilities.SafeInvoke: InternalTestLoggerEvents.SendTestRunMessage: Invoking callback 1/1 for Microsoft.VisualStudio.TestPlatform.CommandLine.Internal.ConsoleLogger., took 0 ms.
TpTrace Verbose: 0 : 5132, 11, 2024/03/08, 21:18:41.365, 3959707269652, vstest.console.dll, MulticastDelegateUtilities.SafeInvoke: LengthPrefixCommunicationChannel: MessageReceived: Invoking callback 1/1 for Microsoft.VisualStudio.TestPlatform.CommunicationUtilities.TestRequestSender+<>c__DisplayClass34_0., took 6 ms.
TpTrace Verbose: 0 : 5132, 11, 2024/03/08, 21:18:41.365, 3959707271865, vstest.console.dll, TcpClientExtensions.MessageLoopAsync: Polling on remoteEndPoint: 127.0.0.1:63230 localEndPoint: 127.0.0.1:63229
TpTrace Verbose: 0 : 5132, 5, 2024/03/08, 21:18:41.373, 3959707347678, vstest.console.dll, TestRequestSender.StartTestRun: Sending test run with message: {"Version":7,"MessageType":"TestExecution.StartWithSources","Payload":{"AdapterSourceMap":{"_none_":["C:\\Users\\simo7\\OneDrive\\Работен плот\\QA Automation-Back-End Testing\\03.Exercise-API-Testing\\RestSharpExercise\\TestGitHubApi\\bin\\Debug\\net6.0\\fine-code-coverage\\build-output\\TestGitHubApi.dll"]},"RunSettings":"<RunSettings>\r\n  <RunConfiguration>\r\n    <ResultsDirectory>C:\\Users\\simo7\\OneDrive\\Работен плот\\QA Automation-Back-End Testing\\03.Exercise-API-Testing\\RestSharpExercise\\TestGitHubApi\\bin\\Debug\\net6.0\\fine-code-coverage\\coverage-tool-output</ResultsDirectory>\r\n    <TargetFrameworkVersion>.NETCoreApp,Version=v6.0</TargetFrameworkVersion>\r\n    <DesignMode>False</DesignMode>\r\n    <CollectSourceInformation>False</CollectSourceInformation>\r\n  </RunConfiguration>\r\n  <LoggerRunSettings>\r\n    <Loggers>\r\n      <Logger friendlyName=\"blame\" enabled=\"True\" />\r\n      <Logger friendlyName=\"Console\" uri=\"logger://microsoft/TestPlatform/ConsoleLogger/v1\" assemblyQualifiedName=\"Microsoft.VisualStudio.TestPlatform.CommandLine.Internal.ConsoleLogger, vstest.console, Version=15.0.0.0, Culture=neutral, PublicKeyToken=b03f5f7f11d50a3a\" codeBase=\"C:\\Program Files\\dotnet\\sdk\\8.0.100\\vstest.console.dll\" enabled=\"True\" />\r\n    </Loggers>\r\n  </LoggerRunSettings>\r\n  <DataCollectionRunSettings>\r\n    <DataCollectors>\r\n      <DataCollector friendlyName=\"blame\" enabled=\"True\">\r\n        <Configuration>\r\n          <ResultsDirectory>C:\\Users\\simo7\\OneDrive\\Работен плот\\QA Automation-Back-End Testing\\03.Exercise-API-Testing\\RestSharpExercise\\TestGitHubApi\\bin\\Debug\\net6.0\\fine-code-coverage\\coverage-tool-output</ResultsDirectory>\r\n        </Configuration>\r\n      </DataCollector>\r\n    </DataCollectors>\r\n  </DataCollectionRunSettings>\r\n</RunSettings>","TestExecutionContext":{"FrequencyOfRunStatsChangeEvent":10,"RunStatsChangeEventTimeout":"00:00:01.5000000","InIsolation":false,"KeepAlive":false,"AreTestCaseLevelEventsRequired":false,"IsDebug":false,"TestCaseFilter":null,"FilterOptions":null},"Package":null}}
TpTrace Verbose: 0 : 5132, 5, 2024/03/08, 21:18:41.373, 3959707350973, vstest.console.dll, ParallelProxyExecutionManager.StartTestRunOnConcurrentManager: Execution started. Started clients: 1
TpTrace Verbose: 0 : 5132, 11, 2024/03/08, 21:18:41.741, 3959711029525, vstest.console.dll, TcpClientExtensions.MessageLoopAsync: NotifyDataAvailable remoteEndPoint: 127.0.0.1:63230 localEndPoint: 127.0.0.1:63229
TpTrace Verbose: 0 : 5132, 11, 2024/03/08, 21:18:41.741, 3959711033161, vstest.console.dll, TestRequestSender.OnExecutionMessageReceived: Received message: {"Version":7,"MessageType":"TestSession.Message","Payload":{"MessageLevel":0,"Message":"NUnit Adapter 4.4.0.0: Test execution started"}}
TpTrace Verbose: 0 : 5132, 11, 2024/03/08, 21:18:41.742, 3959711038675, vstest.console.dll, TestRunRequest:SendTestRunMessage: Starting.
TpTrace Verbose: 0 : 5132, 11, 2024/03/08, 21:18:41.742, 3959711040968, vstest.console.dll, MulticastDelegateUtilities.SafeInvoke: TestRun.LogMessages: Invoking callback 1/1 for Microsoft.VisualStudio.TestPlatform.CommandLine.TestRunResultAggregator., took 0 ms.
TpTrace Verbose: 0 : 5132, 4, 2024/03/08, 21:18:41.742, 3959711041216, vstest.console.dll, MulticastDelegateUtilities.SafeInvoke: InternalTestLoggerEvents.SendTestRunMessage: Invoking callback 1/1 for Microsoft.VisualStudio.TestPlatform.CommandLine.Internal.ConsoleLogger., took 0 ms.
TpTrace Information: 0 : 5132, 11, 2024/03/08, 21:18:41.742, 3959711042393, vstest.console.dll, TestRunRequest:SendTestRunMessage: Completed.
TpTrace Verbose: 0 : 5132, 11, 2024/03/08, 21:18:41.743, 3959711044363, vstest.console.dll, MulticastDelegateUtilities.SafeInvoke: LengthPrefixCommunicationChannel: MessageReceived: Invoking callback 1/1 for Microsoft.VisualStudio.TestPlatform.CommunicationUtilities.TestRequestSender+<>c__DisplayClass34_0., took 1 ms.
TpTrace Verbose: 0 : 5132, 11, 2024/03/08, 21:18:41.743, 3959711045265, vstest.console.dll, TcpClientExtensions.MessageLoopAsync: Polling on remoteEndPoint: 127.0.0.1:63230 localEndPoint: 127.0.0.1:63229
TpTrace Verbose: 0 : 5132, 11, 2024/03/08, 21:18:41.799, 3959711607252, vstest.console.dll, TcpClientExtensions.MessageLoopAsync: NotifyDataAvailable remoteEndPoint: 127.0.0.1:63230 localEndPoint: 127.0.0.1:63229
TpTrace Verbose: 0 : 5132, 11, 2024/03/08, 21:18:41.799, 3959711609710, vstest.console.dll, TestRequestSender.OnExecutionMessageReceived: Received message: {"Version":7,"MessageType":"TestSession.Message","Payload":{"MessageLevel":0,"Message":"Running all tests in C:\\Users\\simo7\\OneDrive\\Работен плот\\QA Automation-Back-End Testing\\03.Exercise-API-Testing\\RestSharpExercise\\TestGitHubApi\\bin\\Debug\\net6.0\\fine-code-coverage\\build-output\\TestGitHubApi.dll"}}
TpTrace Verbose: 0 : 5132, 11, 2024/03/08, 21:18:41.799, 3959711612087, vstest.console.dll, TestRunRequest:SendTestRunMessage: Starting.
TpTrace Verbose: 0 : 5132, 11, 2024/03/08, 21:18:41.800, 3959711613558, vstest.console.dll, MulticastDelegateUtilities.SafeInvoke: TestRun.LogMessages: Invoking callback 1/1 for Microsoft.VisualStudio.TestPlatform.CommandLine.TestRunResultAggregator., took 0 ms.
TpTrace Verbose: 0 : 5132, 4, 2024/03/08, 21:18:41.800, 3959711613980, vstest.console.dll, MulticastDelegateUtilities.SafeInvoke: InternalTestLoggerEvents.SendTestRunMessage: Invoking callback 1/1 for Microsoft.VisualStudio.TestPlatform.CommandLine.Internal.ConsoleLogger., took 0 ms.
TpTrace Information: 0 : 5132, 11, 2024/03/08, 21:18:41.800, 3959711614979, vstest.console.dll, TestRunRequest:SendTestRunMessage: Completed.
TpTrace Verbose: 0 : 5132, 11, 2024/03/08, 21:18:41.800, 3959711616775, vstest.console.dll, MulticastDelegateUtilities.SafeInvoke: LengthPrefixCommunicationChannel: MessageReceived: Invoking callback 1/1 for Microsoft.VisualStudio.TestPlatform.CommunicationUtilities.TestRequestSender+<>c__DisplayClass34_0., took 0 ms.
TpTrace Verbose: 0 : 5132, 11, 2024/03/08, 21:18:41.800, 3959711617531, vstest.console.dll, TcpClientExtensions.MessageLoopAsync: Polling on remoteEndPoint: 127.0.0.1:63230 localEndPoint: 127.0.0.1:63229
TpTrace Verbose: 0 : 5132, 11, 2024/03/08, 21:18:42.032, 3959713938591, vstest.console.dll, TcpClientExtensions.MessageLoopAsync: NotifyDataAvailable remoteEndPoint: 127.0.0.1:63230 localEndPoint: 127.0.0.1:63229
TpTrace Verbose: 0 : 5132, 11, 2024/03/08, 21:18:42.032, 3959713941719, vstest.console.dll, TestRequestSender.OnExecutionMessageReceived: Received message: {"Version":7,"MessageType":"TestSession.Message","Payload":{"MessageLevel":0,"Message":"   NUnit3TestExecutor discovered 9 of 9 NUnit test cases using Current Discovery mode, Non-Explicit run"}}
TpTrace Verbose: 0 : 5132, 11, 2024/03/08, 21:18:42.033, 3959713944490, vstest.console.dll, TestRunRequest:SendTestRunMessage: Starting.
TpTrace Verbose: 0 : 5132, 11, 2024/03/08, 21:18:42.033, 3959713946321, vstest.console.dll, MulticastDelegateUtilities.SafeInvoke: TestRun.LogMessages: Invoking callback 1/1 for Microsoft.VisualStudio.TestPlatform.CommandLine.TestRunResultAggregator., took 0 ms.
TpTrace Verbose: 0 : 5132, 4, 2024/03/08, 21:18:42.033, 3959713946597, vstest.console.dll, MulticastDelegateUtilities.SafeInvoke: InternalTestLoggerEvents.SendTestRunMessage: Invoking callback 1/1 for Microsoft.VisualStudio.TestPlatform.CommandLine.Internal.ConsoleLogger., took 0 ms.
TpTrace Information: 0 : 5132, 11, 2024/03/08, 21:18:42.033, 3959713947613, vstest.console.dll, TestRunRequest:SendTestRunMessage: Completed.
TpTrace Verbose: 0 : 5132, 11, 2024/03/08, 21:18:42.033, 3959713949620, vstest.console.dll, MulticastDelegateUtilities.SafeInvoke: LengthPrefixCommunicationChannel: MessageReceived: Invoking callback 1/1 for Microsoft.VisualStudio.TestPlatform.CommunicationUtilities.TestRequestSender+<>c__DisplayClass34_0., took 0 ms.
TpTrace Verbose: 0 : 5132, 11, 2024/03/08, 21:18:42.033, 3959713950258, vstest.console.dll, TcpClientExtensions.MessageLoopAsync: Polling on remoteEndPoint: 127.0.0.1:63230 localEndPoint: 127.0.0.1:63229
TpTrace Verbose: 0 : 5132, 11, 2024/03/08, 21:18:43.040, 3959724021506, vstest.console.dll, TcpClientExtensions.MessageLoopAsync: Polling on remoteEndPoint: 127.0.0.1:63230 localEndPoint: 127.0.0.1:63229
TpTrace Verbose: 0 : 5132, 11, 2024/03/08, 21:18:43.090, 3959724521718, vstest.console.dll, TcpClientExtensions.MessageLoopAsync: NotifyDataAvailable remoteEndPoint: 127.0.0.1:63230 localEndPoint: 127.0.0.1:63229
TpTrace Verbose: 0 : 5132, 11, 2024/03/08, 21:18:43.091, 3959724525392, vstest.console.dll, TestRequestSender.OnExecutionMessageReceived: Received message: {"Version":7,"MessageType":"TestExecution.StatsChange","Payload":{"NewTestResults":[],"TestRunStatistics":{"ExecutedTests":0,"Stats":{}},"ActiveTests":[{"Id":"ad0ee1ca-f1d8-3e4c-9a49-7e5b44071485","FullyQualifiedName":"TestGitHubApi.TestGitHubApi.Test_GetAllIssuesFromARepo","DisplayName":"Test_GetAllIssuesFromARepo","ExecutorUri":"executor://NUnit3TestExecutor","Source":"C:\\Users\\simo7\\OneDrive\\Работен плот\\QA Automation-Back-End Testing\\03.Exercise-API-Testing\\RestSharpExercise\\TestGitHubApi\\bin\\Debug\\net6.0\\fine-code-coverage\\build-output\\TestGitHubApi.dll","CodeFilePath":null,"LineNumber":0,"Properties":[{"Key":{"Id":"NUnit.Seed","Label":"Seed","Category":"","Description":"","Attributes":0,"ValueType":"System.String"},"Value":"1369198861"}]}]}}
TpTrace Verbose: 0 : 5132, 11, 2024/03/08, 21:18:43.130, 3959724917636, vstest.console.dll, TestRunRequest:SendTestRunStatsChange: Starting.
TpTrace Verbose: 0 : 5132, 11, 2024/03/08, 21:18:43.130, 3959724920925, vstest.console.dll, InProgress is Test_GetAllIssuesFromARepo
TpTrace Verbose: 0 : 5132, 11, 2024/03/08, 21:18:43.130, 3959724923257, vstest.console.dll, MulticastDelegateUtilities.SafeInvoke: TestRun.RunStatsChanged: Invoking callbacks was skipped because there are no subscribers.
TpTrace Information: 0 : 5132, 11, 2024/03/08, 21:18:43.131, 3959724924181, vstest.console.dll, TestRunRequest:SendTestRunStatsChange: Completed.
TpTrace Verbose: 0 : 5132, 11, 2024/03/08, 21:18:43.131, 3959724925077, vstest.console.dll, MulticastDelegateUtilities.SafeInvoke: LengthPrefixCommunicationChannel: MessageReceived: Invoking callback 1/1 for Microsoft.VisualStudio.TestPlatform.CommunicationUtilities.TestRequestSender+<>c__DisplayClass34_0., took 40 ms.
TpTrace Verbose: 0 : 5132, 11, 2024/03/08, 21:18:43.131, 3959724925819, vstest.console.dll, TcpClientExtensions.MessageLoopAsync: Polling on remoteEndPoint: 127.0.0.1:63230 localEndPoint: 127.0.0.1:63229
TpTrace Verbose: 0 : 5132, 11, 2024/03/08, 21:18:43.985, 3959733470134, vstest.console.dll, TcpClientExtensions.MessageLoopAsync: NotifyDataAvailable remoteEndPoint: 127.0.0.1:63230 localEndPoint: 127.0.0.1:63229
TpTrace Verbose: 0 : 5132, 11, 2024/03/08, 21:18:43.986, 3959733477673, vstest.console.dll, TestRequestSender.OnExecutionMessageReceived: Received message: {"Version":7,"MessageType":"TestSession.Message","Payload":{"MessageLevel":1,"Message":"Label: 479839735 - Name: bug\r\nLabel: 479839737 - Name: enhancement\r\nLabel: 479891966 - Name: sofia\r\n"}}
TpTrace Verbose: 0 : 5132, 11, 2024/03/08, 21:18:43.986, 3959733480468, vstest.console.dll, TestRunRequest:SendTestRunMessage: Starting.
TpTrace Verbose: 0 : 5132, 11, 2024/03/08, 21:18:43.987, 3959733486979, vstest.console.dll, MulticastDelegateUtilities.SafeInvoke: TestRun.LogMessages: Invoking callback 1/1 for Microsoft.VisualStudio.TestPlatform.CommandLine.TestRunResultAggregator., took 0 ms.
TpTrace Information: 0 : 5132, 11, 2024/03/08, 21:18:43.987, 3959733488812, vstest.console.dll, TestRunRequest:SendTestRunMessage: Completed.
TpTrace Verbose: 0 : 5132, 11, 2024/03/08, 21:18:43.987, 3959733489487, vstest.console.dll, MulticastDelegateUtilities.SafeInvoke: LengthPrefixCommunicationChannel: MessageReceived: Invoking callback 1/1 for Microsoft.VisualStudio.TestPlatform.CommunicationUtilities.TestRequestSender+<>c__DisplayClass34_0., took 1 ms.
TpTrace Verbose: 0 : 5132, 11, 2024/03/08, 21:18:43.987, 3959733490140, vstest.console.dll, TcpClientExtensions.MessageLoopAsync: Polling on remoteEndPoint: 127.0.0.1:63230 localEndPoint: 127.0.0.1:63229
TpTrace Verbose: 0 : 5132, 4, 2024/03/08, 21:18:43.988, 3959733496723, vstest.console.dll, MulticastDelegateUtilities.SafeInvoke: InternalTestLoggerEvents.SendTestRunMessage: Invoking callback 1/1 for Microsoft.VisualStudio.TestPlatform.CommandLine.Internal.ConsoleLogger., took 0 ms.
TpTrace Verbose: 0 : 5132, 11, 2024/03/08, 21:18:44.389, 3959737509300, vstest.console.dll, TcpClientExtensions.MessageLoopAsync: NotifyDataAvailable remoteEndPoint: 127.0.0.1:63230 localEndPoint: 127.0.0.1:63229
TpTrace Verbose: 0 : 5132, 11, 2024/03/08, 21:18:44.389, 3959737512040, vstest.console.dll, TestRequestSender.OnExecutionMessageReceived: Received message: {"Version":7,"MessageType":"TestSession.Message","Payload":{"MessageLevel":1,"Message":"Comment: 762538948 - Body: Comment\r\nComment: 762539678 - Body: Another comment\r\nComment: 762541033 - Body: Comment\r\nComment: 762542633 - Body: Comment\r\nComment: 762542659 - Body: Comment\r\nComment: 762771502 - Body: This is a comment\r\nComment: 762826438 - Body: This is a comment\r\nComment: 762831046 - Body: This is a comment\r\nComment: 762834509 - Body: This is a comment\r\nComment: 762834572 - Body: This is a comment\r\nComment: 762834681 - Body: This is a comment\r\nComment: 762851947 - Body: This is a comment\r\nComment: 762855076 - Body: This is a comment\r\nComment: 762855212 - Body: This is a comment\r\nComment: 762858230 - Body: This is a comment\r\nComment: 762969661 - Body: This is a comment\r\nComment: 763826853 - Body: This is a comment\r\nComment: 764454129 - Body: This is comment added with request in Postman.\r\nComment: 764465117 - Body: body of the comment\r\nComment: 764469205 - Body: body of the comment\r\nComment: 764608921 - Body: This is a comment\r\nComment: 764618965 - Body: This is ca new comment\r\nComment: 765247583 - Body: New comment\r\nComment: 765248397 - Body: comment body\r\nComment: 765249123 - Body: comment body\r\nComment: 765249891 - Body: comment body\r\nComment: 765439146 - Body: This is a new comment\r\nComment: 765441528 - Body: This is a new comment\r\nComment: 765442110 - Body: This is a new comment\r\nComment: 765442896 - Body: This is a new comment\r\n"}}
TpTrace Verbose: 0 : 5132, 11, 2024/03/08, 21:18:44.390, 3959737514357, vstest.console.dll, TestRunRequest:SendTestRunMessage: Starting.
TpTrace Verbose: 0 : 5132, 11, 2024/03/08, 21:18:44.390, 3959737515685, vstest.console.dll, MulticastDelegateUtilities.SafeInvoke: TestRun.LogMessages: Invoking callback 1/1 for Microsoft.VisualStudio.TestPlatform.CommandLine.TestRunResultAggregator., took 0 ms.
TpTrace Information: 0 : 5132, 11, 2024/03/08, 21:18:44.390, 3959737516549, vstest.console.dll, TestRunRequest:SendTestRunMessage: Completed.
TpTrace Verbose: 0 : 5132, 11, 2024/03/08, 21:18:44.390, 3959737517567, vstest.console.dll, MulticastDelegateUtilities.SafeInvoke: LengthPrefixCommunicationChannel: MessageReceived: Invoking callback 1/1 for Microsoft.VisualStudio.TestPlatform.CommunicationUtilities.TestRequestSender+<>c__DisplayClass34_0., took 0 ms.
TpTrace Verbose: 0 : 5132, 11, 2024/03/08, 21:18:44.390, 3959737518313, vstest.console.dll, TcpClientExtensions.MessageLoopAsync: Polling on remoteEndPoint: 127.0.0.1:63230 localEndPoint: 127.0.0.1:63229
TpTrace Verbose: 0 : 5132, 4, 2024/03/08, 21:18:44.390, 3959737520813, vstest.console.dll, MulticastDelegateUtilities.SafeInvoke: InternalTestLoggerEvents.SendTestRunMessage: Invoking callback 1/1 for Microsoft.VisualStudio.TestPlatform.CommandLine.Internal.ConsoleLogger., took 0 ms.
TpTrace Verbose: 0 : 5132, 11, 2024/03/08, 21:18:44.623, 3959739847832, vstest.console.dll, TcpClientExtensions.MessageLoopAsync: NotifyDataAvailable remoteEndPoint: 127.0.0.1:63230 localEndPoint: 127.0.0.1:63229
TpTrace Verbose: 0 : 5132, 11, 2024/03/08, 21:18:44.623, 3959739850805, vstest.console.dll, TestRequestSender.OnExecutionMessageReceived: Received message: {"Version":7,"MessageType":"TestExecution.StatsChange","Payload":{"NewTestResults":[{"TestCase":{"Id":"ad0ee1ca-f1d8-3e4c-9a49-7e5b44071485","FullyQualifiedName":"TestGitHubApi.TestGitHubApi.Test_GetAllIssuesFromARepo","DisplayName":"Test_GetAllIssuesFromARepo","ExecutorUri":"executor://NUnit3TestExecutor","Source":"C:\\Users\\simo7\\OneDrive\\Работен плот\\QA Automation-Back-End Testing\\03.Exercise-API-Testing\\RestSharpExercise\\TestGitHubApi\\bin\\Debug\\net6.0\\fine-code-coverage\\build-output\\TestGitHubApi.dll","CodeFilePath":null,"LineNumber":0,"Properties":[{"Key":{"Id":"NUnit.Seed","Label":"Seed","Category":"","Description":"","Attributes":0,"ValueType":"System.String"},"Value":"1369198861"}]},"Attachments":[],"Outcome":1,"ErrorMessage":null,"ErrorStackTrace":null,"DisplayName":"Test_GetAllIssuesFromARepo","Messages":[],"ComputerName":"SIMEON-PC","Duration":"00:00:01.1084120","StartTime":"2024-03-08T19:18:42.0818856+00:00","EndTime":"2024-03-08T19:18:43.1901106+00:00","Properties":[{"Key":{"Id":"NUnit.Seed","Label":"Seed","Category":"","Description":"","Attributes":0,"ValueType":"System.String"},"Value":"1369198861"}]},{"TestCase":{"Id":"52f4ea97-c28b-3ae4-5d25-e2f64d5064f4","FullyQualifiedName":"TestGitHubApi.TestGitHubApi.Test_GetIssueByValidNumber","DisplayName":"Test_GetIssueByValidNumber","ExecutorUri":"executor://NUnit3TestExecutor","Source":"C:\\Users\\simo7\\OneDrive\\Работен плот\\QA Automation-Back-End Testing\\03.Exercise-API-Testing\\RestSharpExercise\\TestGitHubApi\\bin\\Debug\\net6.0\\fine-code-coverage\\build-output\\TestGitHubApi.dll","CodeFilePath":null,"LineNumber":0,"Properties":[{"Key":{"Id":"NUnit.Seed","Label":"Seed","Category":"","Description":"","Attributes":0,"ValueType":"System.String"},"Value":"1404899572"}]},"Attachments":[],"Outcome":1,"ErrorMessage":null,"ErrorStackTrace":null,"DisplayName":"Test_GetIssueByValidNumber","Messages":[],"ComputerName":"SIMEON-PC","Duration":"00:00:00.3701080","StartTime":"2024-03-08T19:18:43.1938722+00:00","EndTime":"2024-03-08T19:18:43.5639779+00:00","Properties":[{"Key":{"Id":"NUnit.Seed","Label":"Seed","Category":"","Description":"","Attributes":0,"ValueType":"System.String"},"Value":"1404899572"}]},{"TestCase":{"Id":"8d3912ce-81a1-e4ee-19e5-78e1f97f9559","FullyQualifiedName":"TestGitHubApi.TestGitHubApi.Test_GetAllLabelsForIssue","DisplayName":"Test_GetAllLabelsForIssue","ExecutorUri":"executor://NUnit3TestExecutor","Source":"C:\\Users\\simo7\\OneDrive\\Работен плот\\QA Automation-Back-End Testing\\03.Exercise-API-Testing\\RestSharpExercise\\TestGitHubApi\\bin\\Debug\\net6.0\\fine-code-coverage\\build-output\\TestGitHubApi.dll","CodeFilePath":null,"LineNumber":0,"Properties":[{"Key":{"Id":"NUnit.Seed","Label":"Seed","Category":"","Description":"","Attributes":0,"ValueType":"System.String"},"Value":"1881295484"}]},"Attachments":[],"Outcome":1,"ErrorMessage":null,"ErrorStackTrace":null,"DisplayName":"Test_GetAllLabelsForIssue","Messages":[{"Category":"StdOutMsgs","Text":"Label: 479839735 - Name: bug\r\nLabel: 479839737 - Name: enhancement\r\nLabel: 479891966 - Name: sofia\r\n"}],"ComputerName":"SIMEON-PC","Duration":"00:00:00.3859890","StartTime":"2024-03-08T19:18:43.5736262+00:00","EndTime":"2024-03-08T19:18:43.9596131+00:00","Properties":[{"Key":{"Id":"NUnit.Seed","Label":"Seed","Category":"","Description":"","Attributes":0,"ValueType":"System.String"},"Value":"1881295484"}]},{"TestCase":{"Id":"514e4e9f-ae63-d219-cf76-ede45df8627b","FullyQualifiedName":"TestGitHubApi.TestGitHubApi.Test_GetAllCommentsForIssue","DisplayName":"Test_GetAllCommentsForIssue","ExecutorUri":"executor://NUnit3TestExecutor","Source":"C:\\Users\\simo7\\OneDrive\\Работен плот\\QA Automation-Back-End Testing\\03.Exercise-API-Testing\\RestSharpExercise\\TestGitHubApi\\bin\\Debug\\net6.0\\fine-code-coverage\\build-output\\TestGitHubApi.dll","CodeFilePath":null,"LineNumber":0,"Properties":[{"Key":{"Id":"NUnit.Seed","Label":"Seed","Category":"","Description":"","Attributes":0,"ValueType":"System.String"},"Value":"435988546"}]},"Attachments":[],"Outcome":1,"ErrorMessage":null,"ErrorStackTrace":null,"DisplayName":"Test_GetAllCommentsForIssue","Messages":[{"Category":"StdOutMsgs","Text":"Comment: 762538948 - Body: Comment\r\nComment: 762539678 - Body: Another comment\r\nComment: 762541033 - Body: Comment\r\nComment: 762542633 - Body: Comment\r\nComment: 762542659 - Body: Comment\r\nComment: 762771502 - Body: This is a comment\r\nComment: 762826438 - Body: This is a comment\r\nComment: 762831046 - Body: This is a comment\r\nComment: 762834509 - Body: This is a comment\r\nComment: 762834572 - Body: This is a comment\r\nComment: 762834681 - Body: This is a comment\r\nComment: 762851947 - Body: This is a comment\r\nComment: 762855076 - Body: This is a comment\r\nComment: 762855212 - Body: This is a comment\r\nComment: 762858230 - Body: This is a comment\r\nComment: 762969661 - Body: This is a comment\r\nComment: 763826853 - Body: This is a comment\r\nComment: 764454129 - Body: This is comment added with request in Postman.\r\nComment: 764465117 - Body: body of the comment\r\nComment: 764469205 - Body: body of the comment\r\nComment: 764608921 - Body: This is a comment\r\nComment: 764618965 - Body: This is ca new comment\r\nComment: 765247583 - Body: New comment\r\nComment: 765248397 - Body: comment body\r\nComment: 765249123 - Body: comment body\r\nComment: 765249891 - Body: comment body\r\nComment: 765439146 - Body: This is a new comment\r\nComment: 765441528 - Body: This is a new comment\r\nComment: 765442110 - Body: This is a new comment\r\nComment: 765442896 - Body: This is a new comment\r\n"}],"ComputerName":"SIMEON-PC","Duration":"00:00:00.4252820","StartTime":"2024-03-08T19:18:43.9629732+00:00","EndTime":"2024-03-08T19:18:44.3882542+00:00","Properties":[{"Key":{"Id":"NUnit.Seed","Label":"Seed","Category":"","Description":"","Attributes":0,"ValueType":"System.String"},"Value":"435988546"}]}],"TestRunStatistics":{"ExecutedTests":4,"Stats":{"Passed":4}},"ActiveTests":[{"Id":"1e28e6d2-0768-a909-90d7-d89d27a53ba4","FullyQualifiedName":"TestGitHubApi.TestGitHubApi.Test_CreateGitHubIssue","DisplayName":"Test_CreateGitHubIssue","ExecutorUri":"executor://NUnit3TestExecutor","Source":"C:\\Users\\simo7\\OneDrive\\Работен плот\\QA Automation-Back-End Testing\\03.Exercise-API-Testing\\RestSharpExercise\\TestGitHubApi\\bin\\Debug\\net6.0\\fine-code-coverage\\build-output\\TestGitHubApi.dll","CodeFilePath":null,"LineNumber":0,"Properties":[{"Key":{"Id":"NUnit.Seed","Label":"Seed","Category":"","Description":"","Attributes":0,"ValueType":"System.String"},"Value":"753907349"}]}]}}
TpTrace Verbose: 0 : 5132, 11, 2024/03/08, 21:18:44.633, 3959739945919, vstest.console.dll, TestRunRequest:SendTestRunStatsChange: Starting.
TpTrace Verbose: 0 : 5132, 11, 2024/03/08, 21:18:44.633, 3959739947102, vstest.console.dll, InProgress is Test_CreateGitHubIssue
TpTrace Verbose: 0 : 5132, 11, 2024/03/08, 21:18:44.633, 3959739949409, vstest.console.dll, MulticastDelegateUtilities.SafeInvoke: TestRun.RunStatsChanged: Invoking callbacks was skipped because there are no subscribers.
TpTrace Information: 0 : 5132, 11, 2024/03/08, 21:18:44.633, 3959739949868, vstest.console.dll, TestRunRequest:SendTestRunStatsChange: Completed.
TpTrace Verbose: 0 : 5132, 11, 2024/03/08, 21:18:44.633, 3959739950279, vstest.console.dll, MulticastDelegateUtilities.SafeInvoke: LengthPrefixCommunicationChannel: MessageReceived: Invoking callback 1/1 for Microsoft.VisualStudio.TestPlatform.CommunicationUtilities.TestRequestSender+<>c__DisplayClass34_0., took 9 ms.
TpTrace Verbose: 0 : 5132, 11, 2024/03/08, 21:18:44.633, 3959739950701, vstest.console.dll, TcpClientExtensions.MessageLoopAsync: Polling on remoteEndPoint: 127.0.0.1:63230 localEndPoint: 127.0.0.1:63229
TpTrace Verbose: 0 : 5132, 4, 2024/03/08, 21:18:44.638, 3959740002847, vstest.console.dll, MulticastDelegateUtilities.SafeInvoke: InternalTestLoggerEvents.SendTestResult: Invoking callback 1/1 for Microsoft.VisualStudio.TestPlatform.CommandLine.Internal.ConsoleLogger., took 5 ms.
TpTrace Verbose: 0 : 5132, 4, 2024/03/08, 21:18:44.639, 3959740009018, vstest.console.dll, MulticastDelegateUtilities.SafeInvoke: InternalTestLoggerEvents.SendTestResult: Invoking callback 1/1 for Microsoft.VisualStudio.TestPlatform.CommandLine.Internal.ConsoleLogger., took 0 ms.
TpTrace Verbose: 0 : 5132, 4, 2024/03/08, 21:18:44.639, 3959740010584, vstest.console.dll, MulticastDelegateUtilities.SafeInvoke: InternalTestLoggerEvents.SendTestResult: Invoking callback 1/1 for Microsoft.VisualStudio.TestPlatform.CommandLine.Internal.ConsoleLogger., took 0 ms.
TpTrace Verbose: 0 : 5132, 4, 2024/03/08, 21:18:44.639, 3959740011927, vstest.console.dll, MulticastDelegateUtilities.SafeInvoke: InternalTestLoggerEvents.SendTestResult: Invoking callback 1/1 for Microsoft.VisualStudio.TestPlatform.CommandLine.Internal.ConsoleLogger., took 0 ms.
TpTrace Verbose: 0 : 5132, 11, 2024/03/08, 21:18:45.069, 3959744310731, vstest.console.dll, TcpClientExtensions.MessageLoopAsync: NotifyDataAvailable remoteEndPoint: 127.0.0.1:63230 localEndPoint: 127.0.0.1:63229
TpTrace Verbose: 0 : 5132, 11, 2024/03/08, 21:18:45.069, 3959744312873, vstest.console.dll, TestRequestSender.OnExecutionMessageReceived: Received message: {"Version":7,"MessageType":"TestSession.Message","Payload":{"MessageLevel":1,"Message":"5151\r\n"}}
TpTrace Verbose: 0 : 5132, 11, 2024/03/08, 21:18:45.070, 3959744317538, vstest.console.dll, TestRunRequest:SendTestRunMessage: Starting.
TpTrace Verbose: 0 : 5132, 11, 2024/03/08, 21:18:45.070, 3959744318939, vstest.console.dll, MulticastDelegateUtilities.SafeInvoke: TestRun.LogMessages: Invoking callback 1/1 for Microsoft.VisualStudio.TestPlatform.CommandLine.TestRunResultAggregator., took 0 ms.
TpTrace Information: 0 : 5132, 11, 2024/03/08, 21:18:45.072, 3959744338417, vstest.console.dll, TestRunRequest:SendTestRunMessage: Completed.
TpTrace Verbose: 0 : 5132, 11, 2024/03/08, 21:18:45.072, 3959744340595, vstest.console.dll, MulticastDelegateUtilities.SafeInvoke: LengthPrefixCommunicationChannel: MessageReceived: Invoking callback 1/1 for Microsoft.VisualStudio.TestPlatform.CommunicationUtilities.TestRequestSender+<>c__DisplayClass34_0., took 2 ms.
TpTrace Verbose: 0 : 5132, 11, 2024/03/08, 21:18:45.072, 3959744341978, vstest.console.dll, TcpClientExtensions.MessageLoopAsync: Polling on remoteEndPoint: 127.0.0.1:63230 localEndPoint: 127.0.0.1:63229
TpTrace Verbose: 0 : 5132, 4, 2024/03/08, 21:18:45.076, 3959744375111, vstest.console.dll, MulticastDelegateUtilities.SafeInvoke: InternalTestLoggerEvents.SendTestRunMessage: Invoking callback 1/1 for Microsoft.VisualStudio.TestPlatform.CommandLine.Internal.ConsoleLogger., took 0 ms.
TpTrace Verbose: 0 : 5132, 11, 2024/03/08, 21:18:45.710, 3959750719906, vstest.console.dll, TcpClientExtensions.MessageLoopAsync: NotifyDataAvailable remoteEndPoint: 127.0.0.1:63230 localEndPoint: 127.0.0.1:63229
TpTrace Verbose: 0 : 5132, 11, 2024/03/08, 21:18:45.710, 3959750721537, vstest.console.dll, TestRequestSender.OnExecutionMessageReceived: Received message: {"Version":7,"MessageType":"TestSession.Message","Payload":{"MessageLevel":1,"Message":"1986266039\r\n"}}
TpTrace Verbose: 0 : 5132, 11, 2024/03/08, 21:18:45.710, 3959750723202, vstest.console.dll, TestRunRequest:SendTestRunMessage: Starting.
TpTrace Verbose: 0 : 5132, 11, 2024/03/08, 21:18:45.711, 3959750728443, vstest.console.dll, MulticastDelegateUtilities.SafeInvoke: TestRun.LogMessages: Invoking callback 1/1 for Microsoft.VisualStudio.TestPlatform.CommandLine.TestRunResultAggregator., took 0 ms.
TpTrace Verbose: 0 : 5132, 4, 2024/03/08, 21:18:45.711, 3959750728444, vstest.console.dll, MulticastDelegateUtilities.SafeInvoke: InternalTestLoggerEvents.SendTestRunMessage: Invoking callback 1/1 for Microsoft.VisualStudio.TestPlatform.CommandLine.Internal.ConsoleLogger., took 0 ms.
TpTrace Information: 0 : 5132, 11, 2024/03/08, 21:18:45.711, 3959750729548, vstest.console.dll, TestRunRequest:SendTestRunMessage: Completed.
TpTrace Verbose: 0 : 5132, 11, 2024/03/08, 21:18:45.711, 3959750731103, vstest.console.dll, MulticastDelegateUtilities.SafeInvoke: LengthPrefixCommunicationChannel: MessageReceived: Invoking callback 1/1 for Microsoft.VisualStudio.TestPlatform.CommunicationUtilities.TestRequestSender+<>c__DisplayClass34_0., took 0 ms.
TpTrace Verbose: 0 : 5132, 11, 2024/03/08, 21:18:45.711, 3959750732094, vstest.console.dll, TcpClientExtensions.MessageLoopAsync: Polling on remoteEndPoint: 127.0.0.1:63230 localEndPoint: 127.0.0.1:63229
TpTrace Verbose: 0 : 5132, 11, 2024/03/08, 21:18:46.125, 3959754869062, vstest.console.dll, TcpClientExtensions.MessageLoopAsync: NotifyDataAvailable remoteEndPoint: 127.0.0.1:63230 localEndPoint: 127.0.0.1:63229
TpTrace Verbose: 0 : 5132, 11, 2024/03/08, 21:18:46.125, 3959754872570, vstest.console.dll, TestRequestSender.OnExecutionMessageReceived: Received message: {"Version":7,"MessageType":"TestExecution.StatsChange","Payload":{"NewTestResults":[{"TestCase":{"Id":"1e28e6d2-0768-a909-90d7-d89d27a53ba4","FullyQualifiedName":"TestGitHubApi.TestGitHubApi.Test_CreateGitHubIssue","DisplayName":"Test_CreateGitHubIssue","ExecutorUri":"executor://NUnit3TestExecutor","Source":"C:\\Users\\simo7\\OneDrive\\Работен плот\\QA Automation-Back-End Testing\\03.Exercise-API-Testing\\RestSharpExercise\\TestGitHubApi\\bin\\Debug\\net6.0\\fine-code-coverage\\build-output\\TestGitHubApi.dll","CodeFilePath":null,"LineNumber":0,"Properties":[{"Key":{"Id":"NUnit.Seed","Label":"Seed","Category":"","Description":"","Attributes":0,"ValueType":"System.String"},"Value":"753907349"}]},"Attachments":[],"Outcome":1,"ErrorMessage":null,"ErrorStackTrace":null,"DisplayName":"Test_CreateGitHubIssue","Messages":[{"Category":"StdOutMsgs","Text":"5151\r\n"}],"ComputerName":"SIMEON-PC","Duration":"00:00:00.6617430","StartTime":"2024-03-08T19:18:44.3883052+00:00","EndTime":"2024-03-08T19:18:45.0500435+00:00","Properties":[{"Key":{"Id":"NUnit.Seed","Label":"Seed","Category":"","Description":"","Attributes":0,"ValueType":"System.String"},"Value":"753907349"}]},{"TestCase":{"Id":"9b973e98-df50-10a9-9952-35a3e72323af","FullyQualifiedName":"TestGitHubApi.TestGitHubApi.Test_CreateCommentOnGitHubIssue","DisplayName":"Test_CreateCommentOnGitHubIssue","ExecutorUri":"executor://NUnit3TestExecutor","Source":"C:\\Users\\simo7\\OneDrive\\Работен плот\\QA Automation-Back-End Testing\\03.Exercise-API-Testing\\RestSharpExercise\\TestGitHubApi\\bin\\Debug\\net6.0\\fine-code-coverage\\build-output\\TestGitHubApi.dll","CodeFilePath":null,"LineNumber":0,"Properties":[{"Key":{"Id":"NUnit.Seed","Label":"Seed","Category":"","Description":"","Attributes":0,"ValueType":"System.String"},"Value":"967212208"}]},"Attachments":[],"Outcome":1,"ErrorMessage":null,"ErrorStackTrace":null,"DisplayName":"Test_CreateCommentOnGitHubIssue","Messages":[{"Category":"StdOutMsgs","Text":"1986266039\r\n"}],"ComputerName":"SIMEON-PC","Duration":"00:00:00.6597960","StartTime":"2024-03-08T19:18:45.0501117+00:00","EndTime":"2024-03-08T19:18:45.7099025+00:00","Properties":[{"Key":{"Id":"NUnit.Seed","Label":"Seed","Category":"","Description":"","Attributes":0,"ValueType":"System.String"},"Value":"967212208"}]},{"TestCase":{"Id":"ba8422e4-816b-be3d-39c2-90f78f8a2e73","FullyQualifiedName":"TestGitHubApi.TestGitHubApi.Test_GetCommentById","DisplayName":"Test_GetCommentById","ExecutorUri":"executor://NUnit3TestExecutor","Source":"C:\\Users\\simo7\\OneDrive\\Работен плот\\QA Automation-Back-End Testing\\03.Exercise-API-Testing\\RestSharpExercise\\TestGitHubApi\\bin\\Debug\\net6.0\\fine-code-coverage\\build-output\\TestGitHubApi.dll","CodeFilePath":null,"LineNumber":0,"Properties":[{"Key":{"Id":"NUnit.Seed","Label":"Seed","Category":"","Description":"","Attributes":0,"ValueType":"System.String"},"Value":"1353318108"}]},"Attachments":[],"Outcome":1,"ErrorMessage":null,"ErrorStackTrace":null,"DisplayName":"Test_GetCommentById","Messages":[],"ComputerName":"SIMEON-PC","Duration":"00:00:00.3796850","StartTime":"2024-03-08T19:18:45.7099452+00:00","EndTime":"2024-03-08T19:18:46.0896269+00:00","Properties":[{"Key":{"Id":"NUnit.Seed","Label":"Seed","Category":"","Description":"","Attributes":0,"ValueType":"System.String"},"Value":"1353318108"}]}],"TestRunStatistics":{"ExecutedTests":7,"Stats":{"Passed":7}},"ActiveTests":[{"Id":"d6a3635e-d2fe-bc45-05a7-09c31e8c048b","FullyQualifiedName":"TestGitHubApi.TestGitHubApi.Test_EditCommentOnGitHubIssue","DisplayName":"Test_EditCommentOnGitHubIssue","ExecutorUri":"executor://NUnit3TestExecutor","Source":"C:\\Users\\simo7\\OneDrive\\Работен плот\\QA Automation-Back-End Testing\\03.Exercise-API-Testing\\RestSharpExercise\\TestGitHubApi\\bin\\Debug\\net6.0\\fine-code-coverage\\build-output\\TestGitHubApi.dll","CodeFilePath":null,"LineNumber":0,"Properties":[{"Key":{"Id":"NUnit.Seed","Label":"Seed","Category":"","Description":"","Attributes":0,"ValueType":"System.String"},"Value":"259955418"}]}]}}
TpTrace Verbose: 0 : 5132, 11, 2024/03/08, 21:18:46.127, 3959754887824, vstest.console.dll, TestRunRequest:SendTestRunStatsChange: Starting.
TpTrace Verbose: 0 : 5132, 11, 2024/03/08, 21:18:46.127, 3959754888555, vstest.console.dll, InProgress is Test_EditCommentOnGitHubIssue
TpTrace Verbose: 0 : 5132, 11, 2024/03/08, 21:18:46.127, 3959754889281, vstest.console.dll, MulticastDelegateUtilities.SafeInvoke: TestRun.RunStatsChanged: Invoking callbacks was skipped because there are no subscribers.
TpTrace Information: 0 : 5132, 11, 2024/03/08, 21:18:46.127, 3959754889678, vstest.console.dll, TestRunRequest:SendTestRunStatsChange: Completed.
TpTrace Verbose: 0 : 5132, 11, 2024/03/08, 21:18:46.127, 3959754890065, vstest.console.dll, MulticastDelegateUtilities.SafeInvoke: LengthPrefixCommunicationChannel: MessageReceived: Invoking callback 1/1 for Microsoft.VisualStudio.TestPlatform.CommunicationUtilities.TestRequestSender+<>c__DisplayClass34_0., took 1 ms.
TpTrace Verbose: 0 : 5132, 4, 2024/03/08, 21:18:46.127, 3959754890218, vstest.console.dll, MulticastDelegateUtilities.SafeInvoke: InternalTestLoggerEvents.SendTestResult: Invoking callback 1/1 for Microsoft.VisualStudio.TestPlatform.CommandLine.Internal.ConsoleLogger., took 0 ms.
TpTrace Verbose: 0 : 5132, 11, 2024/03/08, 21:18:46.127, 3959754891026, vstest.console.dll, TcpClientExtensions.MessageLoopAsync: Polling on remoteEndPoint: 127.0.0.1:63230 localEndPoint: 127.0.0.1:63229
TpTrace Verbose: 0 : 5132, 4, 2024/03/08, 21:18:46.127, 3959754891128, vstest.console.dll, MulticastDelegateUtilities.SafeInvoke: InternalTestLoggerEvents.SendTestResult: Invoking callback 1/1 for Microsoft.VisualStudio.TestPlatform.CommandLine.Internal.ConsoleLogger., took 0 ms.
TpTrace Verbose: 0 : 5132, 4, 2024/03/08, 21:18:46.127, 3959754892246, vstest.console.dll, MulticastDelegateUtilities.SafeInvoke: InternalTestLoggerEvents.SendTestResult: Invoking callback 1/1 for Microsoft.VisualStudio.TestPlatform.CommandLine.Internal.ConsoleLogger., took 0 ms.
TpTrace Verbose: 0 : 5132, 11, 2024/03/08, 21:18:47.136, 3959764978810, vstest.console.dll, TcpClientExtensions.MessageLoopAsync: Polling on remoteEndPoint: 127.0.0.1:63230 localEndPoint: 127.0.0.1:63229
TpTrace Verbose: 0 : 5132, 11, 2024/03/08, 21:18:47.544, 3959769056923, vstest.console.dll, TcpClientExtensions.MessageLoopAsync: NotifyDataAvailable remoteEndPoint: 127.0.0.1:63230 localEndPoint: 127.0.0.1:63229
TpTrace Verbose: 0 : 5132, 11, 2024/03/08, 21:18:47.544, 3959769058668, vstest.console.dll, TestRequestSender.OnExecutionMessageReceived: Received message: {"Version":7,"MessageType":"TestSession.Message","Payload":{"MessageLevel":0,"Message":"NUnit Adapter 4.4.0.0: Test execution complete"}}
TpTrace Verbose: 0 : 5132, 11, 2024/03/08, 21:18:47.544, 3959769060653, vstest.console.dll, TestRunRequest:SendTestRunMessage: Starting.
TpTrace Verbose: 0 : 5132, 11, 2024/03/08, 21:18:47.544, 3959769061800, vstest.console.dll, MulticastDelegateUtilities.SafeInvoke: TestRun.LogMessages: Invoking callback 1/1 for Microsoft.VisualStudio.TestPlatform.CommandLine.TestRunResultAggregator., took 0 ms.
TpTrace Information: 0 : 5132, 11, 2024/03/08, 21:18:47.544, 3959769062498, vstest.console.dll, TestRunRequest:SendTestRunMessage: Completed.
TpTrace Verbose: 0 : 5132, 11, 2024/03/08, 21:18:47.544, 3959769063230, vstest.console.dll, MulticastDelegateUtilities.SafeInvoke: LengthPrefixCommunicationChannel: MessageReceived: Invoking callback 1/1 for Microsoft.VisualStudio.TestPlatform.CommunicationUtilities.TestRequestSender+<>c__DisplayClass34_0., took 0 ms.
TpTrace Verbose: 0 : 5132, 11, 2024/03/08, 21:18:47.545, 3959769063933, vstest.console.dll, TcpClientExtensions.MessageLoopAsync: Polling on remoteEndPoint: 127.0.0.1:63230 localEndPoint: 127.0.0.1:63229
TpTrace Verbose: 0 : 5132, 4, 2024/03/08, 21:18:47.545, 3959769065483, vstest.console.dll, MulticastDelegateUtilities.SafeInvoke: InternalTestLoggerEvents.SendTestRunMessage: Invoking callback 1/1 for Microsoft.VisualStudio.TestPlatform.CommandLine.Internal.ConsoleLogger., took 0 ms.
TpTrace Verbose: 0 : 5132, 11, 2024/03/08, 21:18:47.594, 3959769557324, vstest.console.dll, TcpClientExtensions.MessageLoopAsync: NotifyDataAvailable remoteEndPoint: 127.0.0.1:63230 localEndPoint: 127.0.0.1:63229
TpTrace Verbose: 0 : 5132, 11, 2024/03/08, 21:18:47.594, 3959769560040, vstest.console.dll, TestRequestSender.OnExecutionMessageReceived: Received message: {"Version":7,"MessageType":"TestExecution.Completed","Payload":{"TestRunCompleteArgs":{"TestRunStatistics":{"ExecutedTests":9,"Stats":{"Passed":9}},"IsCanceled":false,"IsAborted":false,"Error":null,"AttachmentSets":[],"InvokedDataCollectors":[],"ElapsedTimeInRunningTests":"00:00:05.8858937","Metrics":{},"DiscoveredExtensions":{"TestDiscoverers":["NUnit.VisualStudio.TestAdapter.NUnit3TestDiscoverer, NUnit3.TestAdapter, Version=4.4.0.0, Culture=neutral, PublicKeyToken=4cb40d35494691ac"],"TestExecutors":["executor://NUnit3TestExecutor"],"TestExecutors2":[],"TestSettingsProviders":[]}},"LastRunTests":{"NewTestResults":[{"TestCase":{"Id":"d6a3635e-d2fe-bc45-05a7-09c31e8c048b","FullyQualifiedName":"TestGitHubApi.TestGitHubApi.Test_EditCommentOnGitHubIssue","DisplayName":"Test_EditCommentOnGitHubIssue","ExecutorUri":"executor://NUnit3TestExecutor","Source":"C:\\Users\\simo7\\OneDrive\\Работен плот\\QA Automation-Back-End Testing\\03.Exercise-API-Testing\\RestSharpExercise\\TestGitHubApi\\bin\\Debug\\net6.0\\fine-code-coverage\\build-output\\TestGitHubApi.dll","CodeFilePath":null,"LineNumber":0,"Properties":[{"Key":{"Id":"NUnit.Seed","Label":"Seed","Category":"","Description":"","Attributes":0,"ValueType":"System.String"},"Value":"259955418"}]},"Attachments":[],"Outcome":1,"ErrorMessage":null,"ErrorStackTrace":null,"DisplayName":"Test_EditCommentOnGitHubIssue","Messages":[],"ComputerName":"SIMEON-PC","Duration":"00:00:00.7093940","StartTime":"2024-03-08T19:18:46.0896611+00:00","EndTime":"2024-03-08T19:18:46.7990499+00:00","Properties":[{"Key":{"Id":"NUnit.Seed","Label":"Seed","Category":"","Description":"","Attributes":0,"ValueType":"System.String"},"Value":"259955418"}]},{"TestCase":{"Id":"07976bf7-9d79-a829-1c3c-ea26405746e5","FullyQualifiedName":"TestGitHubApi.TestGitHubApi.Test_DeleteCommentOnGitHubIssue","DisplayName":"Test_DeleteCommentOnGitHubIssue","ExecutorUri":"executor://NUnit3TestExecutor","Source":"C:\\Users\\simo7\\OneDrive\\Работен плот\\QA Automation-Back-End Testing\\03.Exercise-API-Testing\\RestSharpExercise\\TestGitHubApi\\bin\\Debug\\net6.0\\fine-code-coverage\\build-output\\TestGitHubApi.dll","CodeFilePath":null,"LineNumber":0,"Properties":[{"Key":{"Id":"NUnit.Seed","Label":"Seed","Category":"","Description":"","Attributes":0,"ValueType":"System.String"},"Value":"65288760"}]},"Attachments":[],"Outcome":1,"ErrorMessage":null,"ErrorStackTrace":null,"DisplayName":"Test_DeleteCommentOnGitHubIssue","Messages":[],"ComputerName":"SIMEON-PC","Duration":"00:00:00.7154580","StartTime":"2024-03-08T19:18:46.7996983+00:00","EndTime":"2024-03-08T19:18:47.5151505+00:00","Properties":[{"Key":{"Id":"NUnit.Seed","Label":"Seed","Category":"","Description":"","Attributes":0,"ValueType":"System.String"},"Value":"65288760"}]}],"TestRunStatistics":{"ExecutedTests":9,"Stats":{"Passed":9}},"ActiveTests":[]},"RunAttachments":[],"ExecutorUris":["executor://nunit3testexecutor/"]}}
TpTrace Verbose: 0 : 5132, 11, 2024/03/08, 21:18:47.594, 3959769561920, vstest.console.dll, TestRequestSender.EndSession: Sending end session.
TpTrace Verbose: 0 : 5132, 11, 2024/03/08, 21:18:47.595, 3959769564512, vstest.console.dll, ProxyOperationManager.Close: waiting for test host to exit for 100 ms
TpTrace Verbose: 0 : 5132, 10, 2024/03/08, 21:18:47.641, 3959770033638, vstest.console.dll, TestHostManagerCallbacks.ctor: Experimental forwarding output is disabled.
TpTrace Warning: 0 : 5132, 10, 2024/03/08, 21:18:47.642, 3959770035402, vstest.console.dll, TestHostManagerCallbacks.ErrorReceivedCallback Test host standard error line: 
TpTrace Verbose: 0 : 5132, 10, 2024/03/08, 21:18:47.659, 3959770212876, vstest.console.dll, TestHostProvider.ExitCallBack: Host exited starting callback.
TpTrace Information: 0 : 5132, 10, 2024/03/08, 21:18:47.660, 3959770215500, vstest.console.dll, TestHostManagerCallbacks.ExitCallBack: Testhost processId: 8316 exited with exitcode: 0 error: ''
TpTrace Verbose: 0 : 5132, 10, 2024/03/08, 21:18:47.660, 3959770216110, vstest.console.dll, DotnetTestHostManager.OnHostExited: invoking OnHostExited callback
TpTrace Verbose: 0 : 5132, 10, 2024/03/08, 21:18:47.660, 3959770216715, vstest.console.dll, CrossPlatEngine.TestHostManagerHostExited: calling on client process exit callback.
TpTrace Information: 0 : 5132, 10, 2024/03/08, 21:18:47.660, 3959770217783, vstest.console.dll, TestRequestSender.OnClientProcessExit: Test host process exited. Standard error: 
TpTrace Information: 0 : 5132, 11, 2024/03/08, 21:18:47.660, 3959770218448, vstest.console.dll, SocketServer.Stop: Stop server endPoint: 127.0.0.1:63229
TpTrace Information: 0 : 5132, 10, 2024/03/08, 21:18:47.660, 3959770218666, vstest.console.dll, SocketServer.Stop: Stop server endPoint: 127.0.0.1:63229
TpTrace Information: 0 : 5132, 11, 2024/03/08, 21:18:47.660, 3959770219286, vstest.console.dll, SocketServer.Stop: Cancellation requested. Stopping message loop.
TpTrace Information: 0 : 5132, 10, 2024/03/08, 21:18:47.660, 3959770219789, vstest.console.dll, SocketServer.Stop: Cancellation requested. Stopping message loop.
TpTrace Verbose: 0 : 5132, 10, 2024/03/08, 21:18:47.660, 3959770220967, vstest.console.dll, MulticastDelegateUtilities.SafeInvoke: HostProviderEvents.OnHostExited: Invoking callback 1/1 for Microsoft.VisualStudio.TestPlatform.CrossPlatEngine.Client.ProxyOperationManager., took 0 ms.
TpTrace Information: 0 : 5132, 11, 2024/03/08, 21:18:47.660, 3959770221699, vstest.console.dll, Closing the connection
TpTrace Verbose: 0 : 5132, 11, 2024/03/08, 21:18:47.661, 3959770224963, vstest.console.dll, ProxyDataCollectionManager.InvokeDataCollectionServiceAction: Starting.
TpTrace Information: 0 : 5132, 11, 2024/03/08, 21:18:47.661, 3959770225745, vstest.console.dll, ProxyDataCollectionManager.AfterTestRunEnd: Get attachment set and invoked data collectors processId: 6728 port: 63226
TpTrace Verbose: 0 : 5132, 11, 2024/03/08, 21:18:47.661, 3959770226712, vstest.console.dll, DataCollectionRequestSender.SendAfterTestRunStartAndGetResult: Send AfterTestRunEnd message with isCancelled: False
TpTrace Verbose: 0 : 5132, 11, 2024/03/08, 21:18:47.672, 3959770339678, vstest.console.dll, DataCollectionRequestSender.SendAfterTestRunStartAndGetResult: Received message: (DataCollection.AfterTestRunEndResult) -> {"MessageType":"DataCollection.AfterTestRunEndResult","Payload":{"AttachmentSets":[],"InvokedDataCollectors":[{"Uri":"datacollector://Microsoft/TestPlatform/Extensions/Blame/v1","FriendlyName":"Blame","AssemblyQualifiedName":"Microsoft.TestPlatform.Extensions.BlameDataCollector.BlameCollector, Microsoft.TestPlatform.Extensions.BlameDataCollector, Version=15.0.0.0, Culture=neutral, PublicKeyToken=b03f5f7f11d50a3a","FilePath":"C:\\Program Files\\dotnet\\sdk\\8.0.100\\Extensions\\Microsoft.TestPlatform.Extensions.BlameDataCollector.dll","HasAttachmentProcessor":false}],"Metrics":{}}}
TpTrace Warning: 0 : 5132, 7, 2024/03/08, 21:18:47.681, 3959770425293, vstest.console.dll, DataCollectionLauncher.ErrorReceivedCallback datacollector standard error line: 
TpTrace Information: 0 : 5132, 11, 2024/03/08, 21:18:47.681, 3959770431922, vstest.console.dll, ProxyDataCollectionManager.InvokeDataCollectionServiceAction: Completed.
TpTrace Information: 0 : 5132, 7, 2024/03/08, 21:18:47.707, 3959770684686, vstest.console.dll, DataCollectionLauncher.ExitCallBack: Data collector exited with exitcode: 0 error: ''
TpTrace Verbose: 0 : 5132, 11, 2024/03/08, 21:18:47.734, 3959770961658, vstest.console.dll, TestRunRequest:SendTestRunStatsChange: Starting.
TpTrace Verbose: 0 : 5132, 11, 2024/03/08, 21:18:47.734, 3959770963378, vstest.console.dll, MulticastDelegateUtilities.SafeInvoke: TestRun.RunStatsChanged: Invoking callbacks was skipped because there are no subscribers.
TpTrace Information: 0 : 5132, 11, 2024/03/08, 21:18:47.735, 3959770964154, vstest.console.dll, TestRunRequest:SendTestRunStatsChange: Completed.
TpTrace Verbose: 0 : 5132, 4, 2024/03/08, 21:18:47.736, 3959770978327, vstest.console.dll, MulticastDelegateUtilities.SafeInvoke: InternalTestLoggerEvents.SendTestResult: Invoking callback 1/1 for Microsoft.VisualStudio.TestPlatform.CommandLine.Internal.ConsoleLogger., took 0 ms.
TpTrace Verbose: 0 : 5132, 4, 2024/03/08, 21:18:47.736, 3959770980087, vstest.console.dll, MulticastDelegateUtilities.SafeInvoke: InternalTestLoggerEvents.SendTestResult: Invoking callback 1/1 for Microsoft.VisualStudio.TestPlatform.CommandLine.Internal.ConsoleLogger., took 0 ms.
TpTrace Verbose: 0 : 5132, 11, 2024/03/08, 21:18:47.736, 3959770981795, vstest.console.dll, ParallelProxyExecutionManager: HandlePartialRunComplete: Total workloads = 1, Total started clients = 1 Total completed clients = 1, Run complete = True, Run canceled: False.
TpTrace Verbose: 0 : 5132, 11, 2024/03/08, 21:18:47.736, 3959770982543, vstest.console.dll, ParallelProxyExecutionManager: HandlePartialRunComplete: All runs completed stopping all managers.
TpTrace Verbose: 0 : 5132, 11, 2024/03/08, 21:18:47.736, 3959770983251, vstest.console.dll, ParallelOperationManager.StopAllManagers: Stopping all managers.
TpTrace Verbose: 0 : 5132, 11, 2024/03/08, 21:18:47.737, 3959770984646, vstest.console.dll, ParallelOperationManager.ClearSlots: Clearing all slots. Slots should accept more work: False
TpTrace Verbose: 0 : 5132, 11, 2024/03/08, 21:18:47.737, 3959770985609, vstest.console.dll, ParallelOperationManager.SetOccupiedSlotCount: Setting slot counts AvailableSlotCount = 1, OccupiedSlotCount = 0.
TpTrace Verbose: 0 : 5132, 11, 2024/03/08, 21:18:47.737, 3959770986748, vstest.console.dll, Occupied slots:

TpTrace Verbose: 0 : 5132, 4, 2024/03/08, 21:18:47.748, 3959771096536, vstest.console.dll, MulticastDelegateUtilities.SafeInvoke: InternalTestLoggerEvents.SendTestRunComplete: Invoking callback 1/2 for Microsoft.TestPlatform.Extensions.BlameDataCollector.BlameLogger., took 0 ms.
TpTrace Verbose: 0 : 5132, 4, 2024/03/08, 21:18:47.758, 3959771202556, vstest.console.dll, MulticastDelegateUtilities.SafeInvoke: InternalTestLoggerEvents.SendTestRunComplete: Invoking callback 2/2 for Microsoft.VisualStudio.TestPlatform.CommandLine.Internal.ConsoleLogger., took 10 ms.
TpTrace Verbose: 0 : 5132, 11, 2024/03/08, 21:18:47.759, 3959771207546, vstest.console.dll, TestRunRequest:TestRunComplete: Starting. IsAborted:False IsCanceled:False.
TpTrace Verbose: 0 : 5132, 11, 2024/03/08, 21:18:47.759, 3959771210848, vstest.console.dll, ParallelOperationManager.DoActionOnAllManagers: Calling an action on all managers.
TpTrace Verbose: 0 : 5132, 11, 2024/03/08, 21:18:47.761, 3959771225116, vstest.console.dll, TestLoggerManager.HandleTestRunComplete: Ignoring as the object is disposed.
TpTrace Verbose: 0 : 5132, 11, 2024/03/08, 21:18:47.761, 3959771228248, vstest.console.dll, MulticastDelegateUtilities.SafeInvoke: TestRun.TestRunComplete: Invoking callback 1/2 for Microsoft.VisualStudio.TestPlatform.CommandLine.TestRunResultAggregator., took 0 ms.
TpTrace Verbose: 0 : 5132, 11, 2024/03/08, 21:18:47.761, 3959771229860, vstest.console.dll, MulticastDelegateUtilities.SafeInvoke: TestRun.TestRunComplete: Invoking callback 2/2 for Microsoft.VisualStudio.TestPlatform.CommandLine.Processors.RunTestsArgumentExecutor+TestRunRequestEventsRegistrar., took 0 ms.
TpTrace Information: 0 : 5132, 11, 2024/03/08, 21:18:47.761, 3959771231505, vstest.console.dll, TestRunRequest:TestRunComplete: Completed.
TpTrace Verbose: 0 : 5132, 1, 2024/03/08, 21:18:47.761, 3959771231655, vstest.console.dll, TestRunRequest.Dispose: Starting.
TpTrace Verbose: 0 : 5132, 11, 2024/03/08, 21:18:47.761, 3959771232364, vstest.console.dll, TestRequestSender.SetOperationComplete: Setting operation complete.
TpTrace Information: 0 : 5132, 1, 2024/03/08, 21:18:47.761, 3959771233162, vstest.console.dll, TestRunRequest.Dispose: Completed.
TpTrace Information: 0 : 5132, 11, 2024/03/08, 21:18:47.761, 3959771233582, vstest.console.dll, SocketServer.Stop: Stop server endPoint: 127.0.0.1:63229
TpTrace Information: 0 : 5132, 1, 2024/03/08, 21:18:47.762, 3959771234575, vstest.console.dll, TestRequestManager.RunTests: run tests completed.
TpTrace Information: 0 : 5132, 11, 2024/03/08, 21:18:47.762, 3959771234967, vstest.console.dll, SocketServer.Stop: Cancellation requested. Stopping message loop.
TpTrace Verbose: 0 : 5132, 11, 2024/03/08, 21:18:47.762, 3959771236590, vstest.console.dll, MulticastDelegateUtilities.SafeInvoke: LengthPrefixCommunicationChannel: MessageReceived: Invoking callback 1/1 for Microsoft.VisualStudio.TestPlatform.CommunicationUtilities.TestRequestSender+<>c__DisplayClass34_0., took 167 ms.
TpTrace Information: 0 : 5132, 1, 2024/03/08, 21:18:47.762, 3959771236710, vstest.console.dll, RunTestsArgumentProcessor:Execute: Test run is completed.
TpTrace Information: 0 : 5132, 11, 2024/03/08, 21:18:47.762, 3959771237521, vstest.console.dll, SocketServer.PrivateStop: Stopping server endPoint: 127.0.0.1:63229 error: 
TpTrace Verbose: 0 : 5132, 1, 2024/03/08, 21:18:47.762, 3959771241287, vstest.console.dll, Executor.Execute: Exiting with exit code of 0
TpTrace Verbose: 0 : 5132, 11, 2024/03/08, 21:18:47.763, 3959771247828, vstest.console.dll, LengthPrefixCommunicationChannel.Dispose: Dispose reader and writer.
TpTrace Information: 0 : 5132, 11, 2024/03/08, 21:18:47.763, 3959771249458, vstest.console.dll, SocketServer.Stop: Raise disconnected event endPoint: 127.0.0.1:63229 error: 
