TpTrace Verbose: 0 : 13068, 1, 2024/03/08, 12:08:43.250, 3629721591434, vstest.console.dll, Version: 17.8.0-release-23523-03 Current process architecture: X64
TpTrace Verbose: 0 : 13068, 1, 2024/03/08, 12:08:43.255, 3629721646799, vstest.console.dll, Runtime location: C:\Program Files\dotnet\shared\Microsoft.NETCore.App\8.0.0
TpTrace Verbose: 0 : 13068, 1, 2024/03/08, 12:08:43.259, 3629721684467, vstest.console.dll, ArtifactProcessingPostProcessModeProcessorExecutor.Initialize: ArtifactProcessingMode.Collect
TpTrace Verbose: 0 : 13068, 1, 2024/03/08, 12:08:43.259, 3629721687789, vstest.console.dll, TestSessionCorrelationIdProcessorModeProcessorExecutor.Initialize: TestSessionCorrelationId '14992_c6a6c442-9aee-4110-b024-8bad7ae091d0'
TpTrace Information: 0 : 13068, 1, 2024/03/08, 12:08:43.270, 3629721797452, vstest.console.dll, FilePatternParser: The given file C:\Users\simo7\OneDrive\Работен плот\QA Automation-Back-End Testing\02.API-Testing-C#\ApiTestingLab\RestSharpTestProject\bin\Debug\net8.0\fine-code-coverage\build-output\RestSharpTestProject.dll is a full path.
TpTrace Verbose: 0 : 13068, 1, 2024/03/08, 12:08:43.279, 3629721880299, vstest.console.dll, TestPluginCache.DiscoverTestExtensions: finding test extensions in assemblies ends with: RuntimeProvider.dll TPluginInfo: Microsoft.VisualStudio.TestPlatform.Common.ExtensionFramework.Utilities.TestRuntimePluginInformation TExtension: Microsoft.VisualStudio.TestPlatform.ObjectModel.Host.ITestRuntimeProvider
TpTrace Verbose: 0 : 13068, 1, 2024/03/08, 12:08:43.279, 3629721885078, vstest.console.dll, TestPluginCache.GetExtensionPaths: Filtered extension paths: 
TpTrace Verbose: 0 : 13068, 1, 2024/03/08, 12:08:43.279, 3629721886524, vstest.console.dll, TestPluginCache.GetExtensionPaths: Added default extension paths: C:\Program Files\dotnet\sdk\8.0.100\Extensions\Microsoft.Diagnostics.NETCore.Client.dll
C:\Program Files\dotnet\sdk\8.0.100\Extensions\Microsoft.TestPlatform.Extensions.BlameDataCollector.dll
C:\Program Files\dotnet\sdk\8.0.100\Extensions\Microsoft.TestPlatform.Extensions.EventLogCollector.dll
C:\Program Files\dotnet\sdk\8.0.100\Extensions\Microsoft.TestPlatform.TestHostRuntimeProvider.dll
C:\Program Files\dotnet\sdk\8.0.100\Extensions\Microsoft.VisualStudio.TestPlatform.Extensions.Html.TestLogger.dll
C:\Program Files\dotnet\sdk\8.0.100\Extensions\Microsoft.VisualStudio.TestPlatform.Extensions.Trx.TestLogger.dll
TpTrace Verbose: 0 : 13068, 1, 2024/03/08, 12:08:43.279, 3629721887301, vstest.console.dll, TestPluginCache.GetExtensionPaths: Added unfilterableExtensionPaths: 
TpTrace Information: 0 : 13068, 1, 2024/03/08, 12:08:43.280, 3629721895151, vstest.console.dll, AssemblyResolver.ctor: Creating AssemblyResolver with searchDirectories C:\Program Files\dotnet\sdk\8.0.100\Extensions,C:\Program Files\dotnet\sdk\8.0.100
TpTrace Verbose: 0 : 13068, 1, 2024/03/08, 12:08:43.282, 3629721911627, vstest.console.dll, TestPluginCache.DiscoverTestExtensions: Discovering the extensions using extension path.
TpTrace Verbose: 0 : 13068, 1, 2024/03/08, 12:08:43.282, 3629721913723, vstest.console.dll, TestPluginCache.GetExtensionPaths: Filtered extension paths: 
TpTrace Verbose: 0 : 13068, 1, 2024/03/08, 12:08:43.282, 3629721914490, vstest.console.dll, TestPluginCache.GetExtensionPaths: Added default extension paths: C:\Program Files\dotnet\sdk\8.0.100\Extensions\Microsoft.Diagnostics.NETCore.Client.dll
C:\Program Files\dotnet\sdk\8.0.100\Extensions\Microsoft.TestPlatform.Extensions.BlameDataCollector.dll
C:\Program Files\dotnet\sdk\8.0.100\Extensions\Microsoft.TestPlatform.Extensions.EventLogCollector.dll
C:\Program Files\dotnet\sdk\8.0.100\Extensions\Microsoft.TestPlatform.TestHostRuntimeProvider.dll
C:\Program Files\dotnet\sdk\8.0.100\Extensions\Microsoft.VisualStudio.TestPlatform.Extensions.Html.TestLogger.dll
C:\Program Files\dotnet\sdk\8.0.100\Extensions\Microsoft.VisualStudio.TestPlatform.Extensions.Trx.TestLogger.dll
TpTrace Verbose: 0 : 13068, 1, 2024/03/08, 12:08:43.282, 3629721915186, vstest.console.dll, TestPluginCache.GetExtensionPaths: Added unfilterableExtensionPaths: 
TpTrace Verbose: 0 : 13068, 1, 2024/03/08, 12:08:43.282, 3629721916925, vstest.console.dll, TestPluginCache.DiscoverTestExtensions: Discovering the extensions using allExtensionPaths: C:\Program Files\dotnet\sdk\8.0.100\Extensions\Microsoft.Diagnostics.NETCore.Client.dll
C:\Program Files\dotnet\sdk\8.0.100\Extensions\Microsoft.TestPlatform.Extensions.BlameDataCollector.dll
C:\Program Files\dotnet\sdk\8.0.100\Extensions\Microsoft.TestPlatform.Extensions.EventLogCollector.dll
C:\Program Files\dotnet\sdk\8.0.100\Extensions\Microsoft.TestPlatform.TestHostRuntimeProvider.dll
C:\Program Files\dotnet\sdk\8.0.100\Extensions\Microsoft.VisualStudio.TestPlatform.Extensions.Html.TestLogger.dll
C:\Program Files\dotnet\sdk\8.0.100\Extensions\Microsoft.VisualStudio.TestPlatform.Extensions.Trx.TestLogger.dll
TpTrace Information: 0 : 13068, 1, 2024/03/08, 12:08:43.282, 3629721918769, vstest.console.dll, AssemblyResolver.AddSearchDirectories: Adding more searchDirectories C:\Program Files\dotnet\sdk\8.0.100\Extensions,C:\Program Files\dotnet\sdk\8.0.100
TpTrace Information: 0 : 13068, 1, 2024/03/08, 12:08:43.282, 3629721919729, vstest.console.dll, AssemblyResolver.AddSearchDirectories: Adding more searchDirectories C:\Program Files\dotnet\sdk\8.0.100\Extensions,C:\Program Files\dotnet\sdk\8.0.100
TpTrace Information: 0 : 13068, 1, 2024/03/08, 12:08:43.283, 3629721920387, vstest.console.dll, AssemblyResolver.AddSearchDirectories: Adding more searchDirectories C:\Program Files\dotnet\sdk\8.0.100\Extensions,C:\Program Files\dotnet\sdk\8.0.100
TpTrace Information: 0 : 13068, 1, 2024/03/08, 12:08:43.283, 3629721921069, vstest.console.dll, AssemblyResolver.AddSearchDirectories: Adding more searchDirectories C:\Program Files\dotnet\sdk\8.0.100\Extensions,C:\Program Files\dotnet\sdk\8.0.100
TpTrace Information: 0 : 13068, 1, 2024/03/08, 12:08:43.283, 3629721921686, vstest.console.dll, AssemblyResolver.AddSearchDirectories: Adding more searchDirectories C:\Program Files\dotnet\sdk\8.0.100\Extensions,C:\Program Files\dotnet\sdk\8.0.100
TpTrace Information: 0 : 13068, 1, 2024/03/08, 12:08:43.283, 3629721922415, vstest.console.dll, AssemblyResolver.AddSearchDirectories: Adding more searchDirectories C:\Program Files\dotnet\sdk\8.0.100\Extensions,C:\Program Files\dotnet\sdk\8.0.100
TpTrace Information: 0 : 13068, 1, 2024/03/08, 12:08:43.283, 3629721929409, vstest.console.dll, AssemblyResolver.OnResolve: Microsoft.Diagnostics.NETCore.Client: Resolving assembly.
TpTrace Information: 0 : 13068, 1, 2024/03/08, 12:08:43.284, 3629721930492, vstest.console.dll, AssemblyResolver.OnResolve: Microsoft.Diagnostics.NETCore.Client: Searching in: 'C:\Program Files\dotnet\sdk\8.0.100\Extensions'.
TpTrace Information: 0 : 13068, 1, 2024/03/08, 12:08:43.293, 3629722023269, vstest.console.dll, AssemblyResolver.OnResolve: Microsoft.Diagnostics.NETCore.Client: Loading assembly 'C:\Program Files\dotnet\sdk\8.0.100\Extensions\Microsoft.Diagnostics.NETCore.Client.dll'.
TpTrace Information: 0 : 13068, 1, 2024/03/08, 12:08:43.295, 3629722040550, vstest.console.dll, AssemblyResolver.OnResolve: Resolved assembly: Microsoft.Diagnostics.NETCore.Client, from path: C:\Program Files\dotnet\sdk\8.0.100\Extensions\Microsoft.Diagnostics.NETCore.Client.dll
TpTrace Verbose: 0 : 13068, 1, 2024/03/08, 12:08:43.300, 3629722099880, vstest.console.dll, MetadataReaderExtensionsHelper: Discovering extensions inside assembly 'Microsoft.Diagnostics.NETCore.Client, Version=0.2.8.21101, Culture=neutral, PublicKeyToken=31bf3856ad364e35' file path 'C:\Program Files\dotnet\sdk\8.0.100\Extensions\Microsoft.Diagnostics.NETCore.Client.dll'
TpTrace Information: 0 : 13068, 1, 2024/03/08, 12:08:43.306, 3629722153980, vstest.console.dll, AssemblyResolver.OnResolve: Microsoft.Bcl.AsyncInterfaces: Resolving assembly.
TpTrace Information: 0 : 13068, 1, 2024/03/08, 12:08:43.306, 3629722155348, vstest.console.dll, AssemblyResolver.OnResolve: Microsoft.Bcl.AsyncInterfaces: Searching in: 'C:\Program Files\dotnet\sdk\8.0.100\Extensions'.
TpTrace Information: 0 : 13068, 1, 2024/03/08, 12:08:43.306, 3629722156919, vstest.console.dll, AssemblyResolver.OnResolve: Microsoft.Bcl.AsyncInterfaces: Assembly path does not exist: 'C:\Program Files\dotnet\sdk\8.0.100\Extensions\Microsoft.Bcl.AsyncInterfaces.dll', returning.
TpTrace Information: 0 : 13068, 1, 2024/03/08, 12:08:43.306, 3629722159110, vstest.console.dll, AssemblyResolver.OnResolve: Microsoft.Bcl.AsyncInterfaces: Assembly path does not exist: 'C:\Program Files\dotnet\sdk\8.0.100\Extensions\Microsoft.Bcl.AsyncInterfaces.exe', returning.
TpTrace Information: 0 : 13068, 1, 2024/03/08, 12:08:43.306, 3629722159911, vstest.console.dll, AssemblyResolver.OnResolve: Microsoft.Bcl.AsyncInterfaces: Searching in: 'C:\Program Files\dotnet\sdk\8.0.100'.
TpTrace Information: 0 : 13068, 1, 2024/03/08, 12:08:43.307, 3629722161146, vstest.console.dll, AssemblyResolver.OnResolve: Microsoft.Bcl.AsyncInterfaces: Assembly path does not exist: 'C:\Program Files\dotnet\sdk\8.0.100\Microsoft.Bcl.AsyncInterfaces.dll', returning.
TpTrace Information: 0 : 13068, 1, 2024/03/08, 12:08:43.307, 3629722162320, vstest.console.dll, AssemblyResolver.OnResolve: Microsoft.Bcl.AsyncInterfaces: Assembly path does not exist: 'C:\Program Files\dotnet\sdk\8.0.100\Microsoft.Bcl.AsyncInterfaces.exe', returning.
TpTrace Information: 0 : 13068, 1, 2024/03/08, 12:08:43.307, 3629722162983, vstest.console.dll, AssemblyResolver.OnResolve: Microsoft.Bcl.AsyncInterfaces: Failed to load assembly.
TpTrace Verbose: 0 : 13068, 1, 2024/03/08, 12:08:43.307, 3629722163662, vstest.console.dll, CurrentDomainAssemblyResolve: Resolving assembly 'Microsoft.Bcl.AsyncInterfaces'.
TpTrace Information: 0 : 13068, 1, 2024/03/08, 12:08:43.307, 3629722164647, vstest.console.dll, AssemblyResolver.OnResolve: Microsoft.Bcl.AsyncInterfaces: Resolving assembly.
TpTrace Information: 0 : 13068, 1, 2024/03/08, 12:08:43.307, 3629722165353, vstest.console.dll, AssemblyResolver.OnResolve: Microsoft.Bcl.AsyncInterfaces: Resolved from cache.
TpTrace Verbose: 0 : 13068, 1, 2024/03/08, 12:08:43.307, 3629722165897, vstest.console.dll, CurrentDomainAssemblyResolve: Resolving assembly 'Microsoft.Bcl.AsyncInterfaces'.
TpTrace Verbose: 0 : 13068, 1, 2024/03/08, 12:08:43.307, 3629722166645, vstest.console.dll, CurrentDomainAssemblyResolve: Failed to resolve assembly 'Microsoft.Bcl.AsyncInterfaces'.
TpTrace Verbose: 0 : 13068, 1, 2024/03/08, 12:08:43.309, 3629722182368, vstest.console.dll, CurrentDomainAssemblyResolve: Failed to resolve assembly 'Microsoft.Bcl.AsyncInterfaces'.
TpTrace Warning: 0 : 13068, 1, 2024/03/08, 12:08:43.323, 3629722329771, vstest.console.dll, TestPluginDiscoverer: Failed to get types from assembly 'Microsoft.Diagnostics.NETCore.Client, Version=0.2.8.21101, Culture=neutral, PublicKeyToken=31bf3856ad364e35'. Error: System.Reflection.ReflectionTypeLoadException: Unable to load one or more of the requested types.
Could not load file or assembly 'Microsoft.Bcl.AsyncInterfaces, Version=1.0.0.0, Culture=neutral, PublicKeyToken=cc7b13ffcd2ddd51'. The system cannot find the file specified.
   at System.Reflection.RuntimeModule.GetTypes(RuntimeModule module)
   at System.Reflection.RuntimeModule.GetTypes()
   at Microsoft.VisualStudio.TestPlatform.Common.ExtensionFramework.TestPluginDiscoverer.GetTestExtensionsFromAssembly[TPluginInfo,TExtension](Assembly assembly, Dictionary`2 pluginInfos, String filePath) in /_/src/Microsoft.TestPlatform.Common/ExtensionFramework/TestPluginDiscoverer.cs:line 158
System.IO.FileNotFoundException: Could not load file or assembly 'Microsoft.Bcl.AsyncInterfaces, Version=1.0.0.0, Culture=neutral, PublicKeyToken=cc7b13ffcd2ddd51'. The system cannot find the file specified.
File name: 'Microsoft.Bcl.AsyncInterfaces, Version=1.0.0.0, Culture=neutral, PublicKeyToken=cc7b13ffcd2ddd51'
 ---> System.IO.FileNotFoundException: Could not load file or assembly 'Microsoft.Bcl.AsyncInterfaces, Culture=neutral, PublicKeyToken=null'. The system cannot find the file specified.
File name: 'Microsoft.Bcl.AsyncInterfaces, Culture=neutral, PublicKeyToken=null'
   at System.Reflection.RuntimeAssembly.InternalLoad(AssemblyName assemblyName, StackCrawlMark& stackMark, AssemblyLoadContext assemblyLoadContext, RuntimeAssembly requestingAssembly, Boolean throwOnFileNotFound)
   at System.Reflection.Assembly.Load(AssemblyName assemblyRef)
   at Microsoft.VisualStudio.TestPlatform.Common.ExtensionFramework.TestPluginCache.CurrentDomainAssemblyResolve(Object sender, AssemblyResolveEventArgs args) in /_/src/Microsoft.TestPlatform.Common/ExtensionFramework/TestPluginCache.cs:line 513
   at System.Runtime.Loader.AssemblyLoadContext.GetFirstResolvedAssemblyFromResolvingEvent(AssemblyName assemblyName)
   at System.Runtime.Loader.AssemblyLoadContext.ResolveUsingEvent(AssemblyName assemblyName)
   at System.Runtime.Loader.AssemblyLoadContext.ResolveUsingResolvingEvent(IntPtr gchManagedAssemblyLoadContext, AssemblyName assemblyName)
TpTrace Warning: 0 : 13068, 1, 2024/03/08, 12:08:43.324, 3629722335675, vstest.console.dll, LoaderExceptions: System.IO.FileNotFoundException: Could not load file or assembly 'Microsoft.Bcl.AsyncInterfaces, Version=1.0.0.0, Culture=neutral, PublicKeyToken=cc7b13ffcd2ddd51'. The system cannot find the file specified.
File name: 'Microsoft.Bcl.AsyncInterfaces, Version=1.0.0.0, Culture=neutral, PublicKeyToken=cc7b13ffcd2ddd51'
 ---> System.IO.FileNotFoundException: Could not load file or assembly 'Microsoft.Bcl.AsyncInterfaces, Culture=neutral, PublicKeyToken=null'. The system cannot find the file specified.
File name: 'Microsoft.Bcl.AsyncInterfaces, Culture=neutral, PublicKeyToken=null'
   at System.Reflection.RuntimeAssembly.InternalLoad(AssemblyName assemblyName, StackCrawlMark& stackMark, AssemblyLoadContext assemblyLoadContext, RuntimeAssembly requestingAssembly, Boolean throwOnFileNotFound)
   at System.Reflection.Assembly.Load(AssemblyName assemblyRef)
   at Microsoft.VisualStudio.TestPlatform.Common.ExtensionFramework.TestPluginCache.CurrentDomainAssemblyResolve(Object sender, AssemblyResolveEventArgs args) in /_/src/Microsoft.TestPlatform.Common/ExtensionFramework/TestPluginCache.cs:line 513
   at System.Runtime.Loader.AssemblyLoadContext.GetFirstResolvedAssemblyFromResolvingEvent(AssemblyName assemblyName)
   at System.Runtime.Loader.AssemblyLoadContext.ResolveUsingEvent(AssemblyName assemblyName)
   at System.Runtime.Loader.AssemblyLoadContext.ResolveUsingResolvingEvent(IntPtr gchManagedAssemblyLoadContext, AssemblyName assemblyName)
TpTrace Information: 0 : 13068, 1, 2024/03/08, 12:08:43.324, 3629722337855, vstest.console.dll, AssemblyResolver.OnResolve: Microsoft.TestPlatform.Extensions.BlameDataCollector: Resolving assembly.
TpTrace Information: 0 : 13068, 1, 2024/03/08, 12:08:43.324, 3629722338762, vstest.console.dll, AssemblyResolver.OnResolve: Microsoft.TestPlatform.Extensions.BlameDataCollector: Searching in: 'C:\Program Files\dotnet\sdk\8.0.100\Extensions'.
TpTrace Information: 0 : 13068, 1, 2024/03/08, 12:08:43.325, 3629722347948, vstest.console.dll, AssemblyResolver.OnResolve: Microsoft.TestPlatform.Extensions.BlameDataCollector: Loading assembly 'C:\Program Files\dotnet\sdk\8.0.100\Extensions\Microsoft.TestPlatform.Extensions.BlameDataCollector.dll'.
TpTrace Information: 0 : 13068, 1, 2024/03/08, 12:08:43.326, 3629722357379, vstest.console.dll, AssemblyResolver.OnResolve: Resolved assembly: Microsoft.TestPlatform.Extensions.BlameDataCollector, from path: C:\Program Files\dotnet\sdk\8.0.100\Extensions\Microsoft.TestPlatform.Extensions.BlameDataCollector.dll
TpTrace Verbose: 0 : 13068, 1, 2024/03/08, 12:08:43.326, 3629722358955, vstest.console.dll, MetadataReaderExtensionsHelper: Discovering extensions inside assembly 'Microsoft.TestPlatform.Extensions.BlameDataCollector, Version=15.0.0.0, Culture=neutral, PublicKeyToken=b03f5f7f11d50a3a' file path 'C:\Program Files\dotnet\sdk\8.0.100\Extensions\Microsoft.TestPlatform.Extensions.BlameDataCollector.dll'
TpTrace Information: 0 : 13068, 1, 2024/03/08, 12:08:43.329, 3629722381220, vstest.console.dll, AssemblyResolver.OnResolve: Microsoft.TestPlatform.Extensions.EventLogCollector: Resolving assembly.
TpTrace Information: 0 : 13068, 1, 2024/03/08, 12:08:43.329, 3629722382620, vstest.console.dll, AssemblyResolver.OnResolve: Microsoft.TestPlatform.Extensions.EventLogCollector: Searching in: 'C:\Program Files\dotnet\sdk\8.0.100\Extensions'.
TpTrace Information: 0 : 13068, 1, 2024/03/08, 12:08:43.330, 3629722391510, vstest.console.dll, AssemblyResolver.OnResolve: Microsoft.TestPlatform.Extensions.EventLogCollector: Loading assembly 'C:\Program Files\dotnet\sdk\8.0.100\Extensions\Microsoft.TestPlatform.Extensions.EventLogCollector.dll'.
TpTrace Information: 0 : 13068, 1, 2024/03/08, 12:08:43.331, 3629722401060, vstest.console.dll, AssemblyResolver.OnResolve: Resolved assembly: Microsoft.TestPlatform.Extensions.EventLogCollector, from path: C:\Program Files\dotnet\sdk\8.0.100\Extensions\Microsoft.TestPlatform.Extensions.EventLogCollector.dll
TpTrace Verbose: 0 : 13068, 1, 2024/03/08, 12:08:43.331, 3629722402961, vstest.console.dll, MetadataReaderExtensionsHelper: Discovering extensions inside assembly 'Microsoft.TestPlatform.Extensions.EventLogCollector, Version=15.0.0.0, Culture=neutral, PublicKeyToken=b03f5f7f11d50a3a' file path 'C:\Program Files\dotnet\sdk\8.0.100\Extensions\Microsoft.TestPlatform.Extensions.EventLogCollector.dll'
TpTrace Information: 0 : 13068, 1, 2024/03/08, 12:08:43.335, 3629722446429, vstest.console.dll, AssemblyResolver.OnResolve: Microsoft.TestPlatform.TestHostRuntimeProvider: Resolving assembly.
TpTrace Information: 0 : 13068, 1, 2024/03/08, 12:08:43.335, 3629722447802, vstest.console.dll, AssemblyResolver.OnResolve: Microsoft.TestPlatform.TestHostRuntimeProvider: Searching in: 'C:\Program Files\dotnet\sdk\8.0.100\Extensions'.
TpTrace Information: 0 : 13068, 1, 2024/03/08, 12:08:43.336, 3629722455588, vstest.console.dll, AssemblyResolver.OnResolve: Microsoft.TestPlatform.TestHostRuntimeProvider: Loading assembly 'C:\Program Files\dotnet\sdk\8.0.100\Extensions\Microsoft.TestPlatform.TestHostRuntimeProvider.dll'.
TpTrace Information: 0 : 13068, 1, 2024/03/08, 12:08:43.337, 3629722463553, vstest.console.dll, AssemblyResolver.OnResolve: Resolved assembly: Microsoft.TestPlatform.TestHostRuntimeProvider, from path: C:\Program Files\dotnet\sdk\8.0.100\Extensions\Microsoft.TestPlatform.TestHostRuntimeProvider.dll
TpTrace Verbose: 0 : 13068, 1, 2024/03/08, 12:08:43.337, 3629722464891, vstest.console.dll, MetadataReaderExtensionsHelper: Discovering extensions inside assembly 'Microsoft.TestPlatform.TestHostRuntimeProvider, Version=15.0.0.0, Culture=neutral, PublicKeyToken=b03f5f7f11d50a3a' file path 'C:\Program Files\dotnet\sdk\8.0.100\Extensions\Microsoft.TestPlatform.TestHostRuntimeProvider.dll'
TpTrace Information: 0 : 13068, 1, 2024/03/08, 12:08:43.339, 3629722489034, vstest.console.dll, GetTestExtensionFromType: Register extension with identifier data 'HostProvider://DefaultTestHost' and type 'Microsoft.VisualStudio.TestPlatform.CrossPlatEngine.Hosting.DefaultTestHostManager, Microsoft.TestPlatform.TestHostRuntimeProvider, Version=15.0.0.0, Culture=neutral, PublicKeyToken=b03f5f7f11d50a3a' inside file 'C:\Program Files\dotnet\sdk\8.0.100\Extensions\Microsoft.TestPlatform.TestHostRuntimeProvider.dll'
TpTrace Information: 0 : 13068, 1, 2024/03/08, 12:08:43.340, 3629722492889, vstest.console.dll, GetTestExtensionFromType: Register extension with identifier data 'HostProvider://DotnetTestHost' and type 'Microsoft.VisualStudio.TestPlatform.CrossPlatEngine.Hosting.DotnetTestHostManager, Microsoft.TestPlatform.TestHostRuntimeProvider, Version=15.0.0.0, Culture=neutral, PublicKeyToken=b03f5f7f11d50a3a' inside file 'C:\Program Files\dotnet\sdk\8.0.100\Extensions\Microsoft.TestPlatform.TestHostRuntimeProvider.dll'
TpTrace Information: 0 : 13068, 1, 2024/03/08, 12:08:43.340, 3629722494287, vstest.console.dll, AssemblyResolver.OnResolve: Microsoft.VisualStudio.TestPlatform.Extensions.Html.TestLogger: Resolving assembly.
TpTrace Information: 0 : 13068, 1, 2024/03/08, 12:08:43.340, 3629722495036, vstest.console.dll, AssemblyResolver.OnResolve: Microsoft.VisualStudio.TestPlatform.Extensions.Html.TestLogger: Searching in: 'C:\Program Files\dotnet\sdk\8.0.100\Extensions'.
TpTrace Information: 0 : 13068, 1, 2024/03/08, 12:08:43.341, 3629722503591, vstest.console.dll, AssemblyResolver.OnResolve: Microsoft.VisualStudio.TestPlatform.Extensions.Html.TestLogger: Loading assembly 'C:\Program Files\dotnet\sdk\8.0.100\Extensions\Microsoft.VisualStudio.TestPlatform.Extensions.Html.TestLogger.dll'.
TpTrace Information: 0 : 13068, 1, 2024/03/08, 12:08:43.342, 3629722512473, vstest.console.dll, AssemblyResolver.OnResolve: Resolved assembly: Microsoft.VisualStudio.TestPlatform.Extensions.Html.TestLogger, from path: C:\Program Files\dotnet\sdk\8.0.100\Extensions\Microsoft.VisualStudio.TestPlatform.Extensions.Html.TestLogger.dll
TpTrace Verbose: 0 : 13068, 1, 2024/03/08, 12:08:43.342, 3629722513741, vstest.console.dll, MetadataReaderExtensionsHelper: Discovering extensions inside assembly 'Microsoft.VisualStudio.TestPlatform.Extensions.Html.TestLogger, Version=15.0.0.0, Culture=neutral, PublicKeyToken=b03f5f7f11d50a3a' file path 'C:\Program Files\dotnet\sdk\8.0.100\Extensions\Microsoft.VisualStudio.TestPlatform.Extensions.Html.TestLogger.dll'
TpTrace Information: 0 : 13068, 1, 2024/03/08, 12:08:43.343, 3629722529415, vstest.console.dll, AssemblyResolver.OnResolve: Microsoft.VisualStudio.TestPlatform.Extensions.Trx.TestLogger: Resolving assembly.
TpTrace Information: 0 : 13068, 1, 2024/03/08, 12:08:43.344, 3629722530613, vstest.console.dll, AssemblyResolver.OnResolve: Microsoft.VisualStudio.TestPlatform.Extensions.Trx.TestLogger: Searching in: 'C:\Program Files\dotnet\sdk\8.0.100\Extensions'.
TpTrace Information: 0 : 13068, 1, 2024/03/08, 12:08:43.344, 3629722538440, vstest.console.dll, AssemblyResolver.OnResolve: Microsoft.VisualStudio.TestPlatform.Extensions.Trx.TestLogger: Loading assembly 'C:\Program Files\dotnet\sdk\8.0.100\Extensions\Microsoft.VisualStudio.TestPlatform.Extensions.Trx.TestLogger.dll'.
TpTrace Information: 0 : 13068, 1, 2024/03/08, 12:08:43.345, 3629722547259, vstest.console.dll, AssemblyResolver.OnResolve: Resolved assembly: Microsoft.VisualStudio.TestPlatform.Extensions.Trx.TestLogger, from path: C:\Program Files\dotnet\sdk\8.0.100\Extensions\Microsoft.VisualStudio.TestPlatform.Extensions.Trx.TestLogger.dll
TpTrace Verbose: 0 : 13068, 1, 2024/03/08, 12:08:43.345, 3629722548658, vstest.console.dll, MetadataReaderExtensionsHelper: Discovering extensions inside assembly 'Microsoft.VisualStudio.TestPlatform.Extensions.Trx.TestLogger, Version=15.0.0.0, Culture=neutral, PublicKeyToken=b03f5f7f11d50a3a' file path 'C:\Program Files\dotnet\sdk\8.0.100\Extensions\Microsoft.VisualStudio.TestPlatform.Extensions.Trx.TestLogger.dll'
TpTrace Verbose: 0 : 13068, 1, 2024/03/08, 12:08:43.347, 3629722568760, vstest.console.dll, TestPluginCache: Discovered the extensions using extension path ''.
TpTrace Verbose: 0 : 13068, 1, 2024/03/08, 12:08:43.348, 3629722570191, vstest.console.dll, TestPluginCache: Discoverers are ''.
TpTrace Verbose: 0 : 13068, 1, 2024/03/08, 12:08:43.348, 3629722570842, vstest.console.dll, TestPluginCache: Executors are ''.
TpTrace Verbose: 0 : 13068, 1, 2024/03/08, 12:08:43.348, 3629722571504, vstest.console.dll, TestPluginCache: Executors2 are ''.
TpTrace Verbose: 0 : 13068, 1, 2024/03/08, 12:08:43.348, 3629722572029, vstest.console.dll, TestPluginCache: Setting providers are ''.
TpTrace Verbose: 0 : 13068, 1, 2024/03/08, 12:08:43.348, 3629722572548, vstest.console.dll, TestPluginCache: Loggers are ''.
TpTrace Verbose: 0 : 13068, 1, 2024/03/08, 12:08:43.348, 3629722575106, vstest.console.dll, TestPluginCache: TestHosts are 'HostProvider://DefaultTestHost,HostProvider://DotnetTestHost'.
TpTrace Verbose: 0 : 13068, 1, 2024/03/08, 12:08:43.348, 3629722575741, vstest.console.dll, TestPluginCache: DataCollectors are ''.
TpTrace Information: 0 : 13068, 1, 2024/03/08, 12:08:43.365, 3629722745632, vstest.console.dll, RunTestsArgumentProcessor:Execute: Test run is starting.
TpTrace Verbose: 0 : 13068, 1, 2024/03/08, 12:08:43.365, 3629722747523, vstest.console.dll, RunTestsArgumentProcessor:Execute: Queuing Test run.
TpTrace Information: 0 : 13068, 1, 2024/03/08, 12:08:43.366, 3629722752347, vstest.console.dll, TestRequestManager.RunTests: run tests started.
TpTrace Information: 0 : 13068, 1, 2024/03/08, 12:08:43.368, 3629722770746, vstest.console.dll, AssemblyMetadataProvider.GetFrameworkName: Determined framework:'.NETCoreApp,Version=v8.0' for source: 'C:\Users\simo7\OneDrive\Работен плот\QA Automation-Back-End Testing\02.API-Testing-C#\ApiTestingLab\RestSharpTestProject\bin\Debug\net8.0\fine-code-coverage\build-output\RestSharpTestProject.dll'
TpTrace Information: 0 : 13068, 1, 2024/03/08, 12:08:43.368, 3629722773328, vstest.console.dll, Determined framework for all sources: .NETCoreApp,Version=v8.0
TpTrace Verbose: 0 : 13068, 1, 2024/03/08, 12:08:43.368, 3629722777532, vstest.console.dll, TestRequestManager.UpdateRunSettingsIfRequired: Default architecture: X64 IsDefaultTargetArchitecture: True, Current process architecture: X64 OperatingSystem: Windows.
TpTrace Information: 0 : 13068, 1, 2024/03/08, 12:08:43.370, 3629722798439, vstest.console.dll, AssemblyMetadataProvider.GetArchitecture: Determined architecture:AnyCPU info for assembly: C:\Users\simo7\OneDrive\Работен плот\QA Automation-Back-End Testing\02.API-Testing-C#\ApiTestingLab\RestSharpTestProject\bin\Debug\net8.0\fine-code-coverage\build-output\RestSharpTestProject.dll
TpTrace Information: 0 : 13068, 1, 2024/03/08, 12:08:43.370, 3629722799581, vstest.console.dll, Determined platform for source 'C:\Users\simo7\OneDrive\Работен плот\QA Automation-Back-End Testing\02.API-Testing-C#\ApiTestingLab\RestSharpTestProject\bin\Debug\net8.0\fine-code-coverage\build-output\RestSharpTestProject.dll' was AnyCPU and it will use the default plaform X64.
TpTrace Information: 0 : 13068, 1, 2024/03/08, 12:08:43.371, 3629722800233, vstest.console.dll, None of the sources provided any runnable platform, using the default platform: X64
TpTrace Information: 0 : 13068, 1, 2024/03/08, 12:08:43.371, 3629722801715, vstest.console.dll, Platform was updated to 'X64'.
TpTrace Information: 0 : 13068, 1, 2024/03/08, 12:08:43.374, 3629722836988, vstest.console.dll, InferRunSettingsHelper.IsTestSettingsEnabled: Unable to navigate to RunSettings/MSTest. Current node: RunSettings
TpTrace Information: 0 : 13068, 1, 2024/03/08, 12:08:43.375, 3629722845284, vstest.console.dll, AssemblyResolver.OnResolve: Microsoft.VisualStudio.TestPlatform.Fakes: Resolving assembly.
TpTrace Information: 0 : 13068, 1, 2024/03/08, 12:08:43.375, 3629722846248, vstest.console.dll, AssemblyResolver.OnResolve: Microsoft.VisualStudio.TestPlatform.Fakes: Searching in: 'C:\Program Files\dotnet\sdk\8.0.100\Extensions'.
TpTrace Information: 0 : 13068, 1, 2024/03/08, 12:08:43.375, 3629722848135, vstest.console.dll, AssemblyResolver.OnResolve: Microsoft.VisualStudio.TestPlatform.Fakes: Assembly path does not exist: 'C:\Program Files\dotnet\sdk\8.0.100\Extensions\Microsoft.VisualStudio.TestPlatform.Fakes.dll', returning.
TpTrace Information: 0 : 13068, 1, 2024/03/08, 12:08:43.375, 3629722849645, vstest.console.dll, AssemblyResolver.OnResolve: Microsoft.VisualStudio.TestPlatform.Fakes: Assembly path does not exist: 'C:\Program Files\dotnet\sdk\8.0.100\Extensions\Microsoft.VisualStudio.TestPlatform.Fakes.exe', returning.
TpTrace Information: 0 : 13068, 1, 2024/03/08, 12:08:43.376, 3629722850263, vstest.console.dll, AssemblyResolver.OnResolve: Microsoft.VisualStudio.TestPlatform.Fakes: Searching in: 'C:\Program Files\dotnet\sdk\8.0.100'.
TpTrace Information: 0 : 13068, 1, 2024/03/08, 12:08:43.376, 3629722851716, vstest.console.dll, AssemblyResolver.OnResolve: Microsoft.VisualStudio.TestPlatform.Fakes: Assembly path does not exist: 'C:\Program Files\dotnet\sdk\8.0.100\Microsoft.VisualStudio.TestPlatform.Fakes.dll', returning.
TpTrace Information: 0 : 13068, 1, 2024/03/08, 12:08:43.376, 3629722853031, vstest.console.dll, AssemblyResolver.OnResolve: Microsoft.VisualStudio.TestPlatform.Fakes: Assembly path does not exist: 'C:\Program Files\dotnet\sdk\8.0.100\Microsoft.VisualStudio.TestPlatform.Fakes.exe', returning.
TpTrace Information: 0 : 13068, 1, 2024/03/08, 12:08:43.376, 3629722853670, vstest.console.dll, AssemblyResolver.OnResolve: Microsoft.VisualStudio.TestPlatform.Fakes: Failed to load assembly.
TpTrace Information: 0 : 13068, 1, 2024/03/08, 12:08:43.376, 3629722858551, vstest.console.dll, Failed to load assembly Microsoft.VisualStudio.TestPlatform.Fakes, Version=17.0.0.0, Culture=neutral. Reason:System.IO.FileNotFoundException: Could not load file or assembly 'Microsoft.VisualStudio.TestPlatform.Fakes, Version=17.0.0.0, Culture=neutral, PublicKeyToken=null'. The system cannot find the file specified.
File name: 'Microsoft.VisualStudio.TestPlatform.Fakes, Version=17.0.0.0, Culture=neutral, PublicKeyToken=null'
   at System.Reflection.RuntimeAssembly.InternalLoad(AssemblyName assemblyName, StackCrawlMark& stackMark, AssemblyLoadContext assemblyLoadContext, RuntimeAssembly requestingAssembly, Boolean throwOnFileNotFound)
   at System.Reflection.Assembly.Load(AssemblyName assemblyRef)
   at Microsoft.VisualStudio.TestPlatform.Common.Utilities.FakesUtilities.LoadTestPlatformAssembly() in /_/src/Microsoft.TestPlatform.Common/Utilities/FakesUtilities.cs:line 272
TpTrace Verbose: 0 : 13068, 1, 2024/03/08, 12:08:43.384, 3629722932512, vstest.console.dll, TestPluginCache.DiscoverTestExtensions: finding test extensions in assemblies ends with: TestLogger.dll TPluginInfo: Microsoft.VisualStudio.TestPlatform.Common.ExtensionFramework.Utilities.TestLoggerPluginInformation TExtension: Microsoft.VisualStudio.TestPlatform.ObjectModel.Client.ITestLogger
TpTrace Verbose: 0 : 13068, 1, 2024/03/08, 12:08:43.384, 3629722934754, vstest.console.dll, TestPluginCache.GetExtensionPaths: Filtered extension paths: 
TpTrace Verbose: 0 : 13068, 1, 2024/03/08, 12:08:43.384, 3629722935472, vstest.console.dll, TestPluginCache.GetExtensionPaths: Added default extension paths: C:\Program Files\dotnet\sdk\8.0.100\Extensions\Microsoft.Diagnostics.NETCore.Client.dll
C:\Program Files\dotnet\sdk\8.0.100\Extensions\Microsoft.TestPlatform.Extensions.BlameDataCollector.dll
C:\Program Files\dotnet\sdk\8.0.100\Extensions\Microsoft.TestPlatform.Extensions.EventLogCollector.dll
C:\Program Files\dotnet\sdk\8.0.100\Extensions\Microsoft.TestPlatform.TestHostRuntimeProvider.dll
C:\Program Files\dotnet\sdk\8.0.100\Extensions\Microsoft.VisualStudio.TestPlatform.Extensions.Html.TestLogger.dll
C:\Program Files\dotnet\sdk\8.0.100\Extensions\Microsoft.VisualStudio.TestPlatform.Extensions.Trx.TestLogger.dll
TpTrace Verbose: 0 : 13068, 1, 2024/03/08, 12:08:43.384, 3629722936034, vstest.console.dll, TestPluginCache.GetExtensionPaths: Added unfilterableExtensionPaths: 
TpTrace Information: 0 : 13068, 1, 2024/03/08, 12:08:43.384, 3629722938186, vstest.console.dll, AssemblyResolver.AddSearchDirectories: Adding more searchDirectories C:\Program Files\dotnet\sdk\8.0.100\Extensions,C:\Program Files\dotnet\sdk\8.0.100
TpTrace Verbose: 0 : 13068, 1, 2024/03/08, 12:08:43.384, 3629722938973, vstest.console.dll, TestPluginCache.DiscoverTestExtensions: Discovering the extensions using extension path.
TpTrace Verbose: 0 : 13068, 1, 2024/03/08, 12:08:43.384, 3629722939596, vstest.console.dll, TestPluginCache.GetExtensionPaths: Filtered extension paths: 
TpTrace Verbose: 0 : 13068, 1, 2024/03/08, 12:08:43.385, 3629722940162, vstest.console.dll, TestPluginCache.GetExtensionPaths: Added default extension paths: C:\Program Files\dotnet\sdk\8.0.100\Extensions\Microsoft.Diagnostics.NETCore.Client.dll
C:\Program Files\dotnet\sdk\8.0.100\Extensions\Microsoft.TestPlatform.Extensions.BlameDataCollector.dll
C:\Program Files\dotnet\sdk\8.0.100\Extensions\Microsoft.TestPlatform.Extensions.EventLogCollector.dll
C:\Program Files\dotnet\sdk\8.0.100\Extensions\Microsoft.TestPlatform.TestHostRuntimeProvider.dll
C:\Program Files\dotnet\sdk\8.0.100\Extensions\Microsoft.VisualStudio.TestPlatform.Extensions.Html.TestLogger.dll
C:\Program Files\dotnet\sdk\8.0.100\Extensions\Microsoft.VisualStudio.TestPlatform.Extensions.Trx.TestLogger.dll
TpTrace Verbose: 0 : 13068, 1, 2024/03/08, 12:08:43.385, 3629722940696, vstest.console.dll, TestPluginCache.GetExtensionPaths: Added unfilterableExtensionPaths: 
TpTrace Verbose: 0 : 13068, 1, 2024/03/08, 12:08:43.385, 3629722941970, vstest.console.dll, TestPluginCache.DiscoverTestExtensions: Discovering the extensions using allExtensionPaths: C:\Program Files\dotnet\sdk\8.0.100\Extensions\Microsoft.Diagnostics.NETCore.Client.dll
C:\Program Files\dotnet\sdk\8.0.100\Extensions\Microsoft.TestPlatform.Extensions.BlameDataCollector.dll
C:\Program Files\dotnet\sdk\8.0.100\Extensions\Microsoft.TestPlatform.Extensions.EventLogCollector.dll
C:\Program Files\dotnet\sdk\8.0.100\Extensions\Microsoft.TestPlatform.TestHostRuntimeProvider.dll
C:\Program Files\dotnet\sdk\8.0.100\Extensions\Microsoft.VisualStudio.TestPlatform.Extensions.Html.TestLogger.dll
C:\Program Files\dotnet\sdk\8.0.100\Extensions\Microsoft.VisualStudio.TestPlatform.Extensions.Trx.TestLogger.dll
TpTrace Information: 0 : 13068, 1, 2024/03/08, 12:08:43.385, 3629722942796, vstest.console.dll, AssemblyResolver.AddSearchDirectories: Adding more searchDirectories C:\Program Files\dotnet\sdk\8.0.100\Extensions,C:\Program Files\dotnet\sdk\8.0.100
TpTrace Information: 0 : 13068, 1, 2024/03/08, 12:08:43.385, 3629722943425, vstest.console.dll, AssemblyResolver.AddSearchDirectories: Adding more searchDirectories C:\Program Files\dotnet\sdk\8.0.100\Extensions,C:\Program Files\dotnet\sdk\8.0.100
TpTrace Information: 0 : 13068, 1, 2024/03/08, 12:08:43.385, 3629722944018, vstest.console.dll, AssemblyResolver.AddSearchDirectories: Adding more searchDirectories C:\Program Files\dotnet\sdk\8.0.100\Extensions,C:\Program Files\dotnet\sdk\8.0.100
TpTrace Information: 0 : 13068, 1, 2024/03/08, 12:08:43.385, 3629722944604, vstest.console.dll, AssemblyResolver.AddSearchDirectories: Adding more searchDirectories C:\Program Files\dotnet\sdk\8.0.100\Extensions,C:\Program Files\dotnet\sdk\8.0.100
TpTrace Information: 0 : 13068, 1, 2024/03/08, 12:08:43.385, 3629722945203, vstest.console.dll, AssemblyResolver.AddSearchDirectories: Adding more searchDirectories C:\Program Files\dotnet\sdk\8.0.100\Extensions,C:\Program Files\dotnet\sdk\8.0.100
TpTrace Information: 0 : 13068, 1, 2024/03/08, 12:08:43.385, 3629722945786, vstest.console.dll, AssemblyResolver.AddSearchDirectories: Adding more searchDirectories C:\Program Files\dotnet\sdk\8.0.100\Extensions,C:\Program Files\dotnet\sdk\8.0.100
TpTrace Verbose: 0 : 13068, 1, 2024/03/08, 12:08:43.385, 3629722947274, vstest.console.dll, MetadataReaderExtensionsHelper: Discovering extensions inside assembly 'Microsoft.Diagnostics.NETCore.Client, Version=0.2.8.21101, Culture=neutral, PublicKeyToken=31bf3856ad364e35' file path 'C:\Program Files\dotnet\sdk\8.0.100\Extensions\Microsoft.Diagnostics.NETCore.Client.dll'
TpTrace Information: 0 : 13068, 1, 2024/03/08, 12:08:43.387, 3629722960176, vstest.console.dll, AssemblyResolver.OnResolve: Microsoft.Bcl.AsyncInterfaces: Resolving assembly.
TpTrace Information: 0 : 13068, 1, 2024/03/08, 12:08:43.387, 3629722961784, vstest.console.dll, AssemblyResolver.OnResolve: Microsoft.Bcl.AsyncInterfaces: Resolved from cache.
TpTrace Verbose: 0 : 13068, 1, 2024/03/08, 12:08:43.387, 3629722962409, vstest.console.dll, CurrentDomainAssemblyResolve: Resolving assembly 'Microsoft.Bcl.AsyncInterfaces'.
TpTrace Information: 0 : 13068, 1, 2024/03/08, 12:08:43.387, 3629722963250, vstest.console.dll, AssemblyResolver.OnResolve: Microsoft.Bcl.AsyncInterfaces: Resolving assembly.
TpTrace Information: 0 : 13068, 1, 2024/03/08, 12:08:43.387, 3629722963802, vstest.console.dll, AssemblyResolver.OnResolve: Microsoft.Bcl.AsyncInterfaces: Resolved from cache.
TpTrace Verbose: 0 : 13068, 1, 2024/03/08, 12:08:43.387, 3629722964351, vstest.console.dll, CurrentDomainAssemblyResolve: Resolving assembly 'Microsoft.Bcl.AsyncInterfaces'.
TpTrace Verbose: 0 : 13068, 1, 2024/03/08, 12:08:43.387, 3629722964866, vstest.console.dll, CurrentDomainAssemblyResolve: Failed to resolve assembly 'Microsoft.Bcl.AsyncInterfaces'.
TpTrace Verbose: 0 : 13068, 1, 2024/03/08, 12:08:43.387, 3629722966973, vstest.console.dll, CurrentDomainAssemblyResolve: Failed to resolve assembly 'Microsoft.Bcl.AsyncInterfaces'.
TpTrace Warning: 0 : 13068, 1, 2024/03/08, 12:08:43.388, 3629722973273, vstest.console.dll, TestPluginDiscoverer: Failed to get types from assembly 'Microsoft.Diagnostics.NETCore.Client, Version=0.2.8.21101, Culture=neutral, PublicKeyToken=31bf3856ad364e35'. Error: System.Reflection.ReflectionTypeLoadException: Unable to load one or more of the requested types.
Could not load file or assembly 'Microsoft.Bcl.AsyncInterfaces, Version=1.0.0.0, Culture=neutral, PublicKeyToken=cc7b13ffcd2ddd51'. The system cannot find the file specified.
   at System.Reflection.RuntimeModule.GetTypes(RuntimeModule module)
   at System.Reflection.RuntimeModule.GetTypes()
   at Microsoft.VisualStudio.TestPlatform.Common.ExtensionFramework.TestPluginDiscoverer.GetTestExtensionsFromAssembly[TPluginInfo,TExtension](Assembly assembly, Dictionary`2 pluginInfos, String filePath) in /_/src/Microsoft.TestPlatform.Common/ExtensionFramework/TestPluginDiscoverer.cs:line 158
System.IO.FileNotFoundException: Could not load file or assembly 'Microsoft.Bcl.AsyncInterfaces, Version=1.0.0.0, Culture=neutral, PublicKeyToken=cc7b13ffcd2ddd51'. The system cannot find the file specified.
File name: 'Microsoft.Bcl.AsyncInterfaces, Version=1.0.0.0, Culture=neutral, PublicKeyToken=cc7b13ffcd2ddd51'
 ---> System.IO.FileNotFoundException: Could not load file or assembly 'Microsoft.Bcl.AsyncInterfaces, Culture=neutral, PublicKeyToken=null'. The system cannot find the file specified.
File name: 'Microsoft.Bcl.AsyncInterfaces, Culture=neutral, PublicKeyToken=null'
   at System.Reflection.RuntimeAssembly.InternalLoad(AssemblyName assemblyName, StackCrawlMark& stackMark, AssemblyLoadContext assemblyLoadContext, RuntimeAssembly requestingAssembly, Boolean throwOnFileNotFound)
   at System.Reflection.Assembly.Load(AssemblyName assemblyRef)
   at Microsoft.VisualStudio.TestPlatform.Common.ExtensionFramework.TestPluginCache.CurrentDomainAssemblyResolve(Object sender, AssemblyResolveEventArgs args) in /_/src/Microsoft.TestPlatform.Common/ExtensionFramework/TestPluginCache.cs:line 513
   at System.Runtime.Loader.AssemblyLoadContext.GetFirstResolvedAssemblyFromResolvingEvent(AssemblyName assemblyName)
   at System.Runtime.Loader.AssemblyLoadContext.ResolveUsingEvent(AssemblyName assemblyName)
   at System.Runtime.Loader.AssemblyLoadContext.ResolveUsingResolvingEvent(IntPtr gchManagedAssemblyLoadContext, AssemblyName assemblyName)
TpTrace Warning: 0 : 13068, 1, 2024/03/08, 12:08:43.388, 3629722975667, vstest.console.dll, LoaderExceptions: System.IO.FileNotFoundException: Could not load file or assembly 'Microsoft.Bcl.AsyncInterfaces, Version=1.0.0.0, Culture=neutral, PublicKeyToken=cc7b13ffcd2ddd51'. The system cannot find the file specified.
File name: 'Microsoft.Bcl.AsyncInterfaces, Version=1.0.0.0, Culture=neutral, PublicKeyToken=cc7b13ffcd2ddd51'
 ---> System.IO.FileNotFoundException: Could not load file or assembly 'Microsoft.Bcl.AsyncInterfaces, Culture=neutral, PublicKeyToken=null'. The system cannot find the file specified.
File name: 'Microsoft.Bcl.AsyncInterfaces, Culture=neutral, PublicKeyToken=null'
   at System.Reflection.RuntimeAssembly.InternalLoad(AssemblyName assemblyName, StackCrawlMark& stackMark, AssemblyLoadContext assemblyLoadContext, RuntimeAssembly requestingAssembly, Boolean throwOnFileNotFound)
   at System.Reflection.Assembly.Load(AssemblyName assemblyRef)
   at Microsoft.VisualStudio.TestPlatform.Common.ExtensionFramework.TestPluginCache.CurrentDomainAssemblyResolve(Object sender, AssemblyResolveEventArgs args) in /_/src/Microsoft.TestPlatform.Common/ExtensionFramework/TestPluginCache.cs:line 513
   at System.Runtime.Loader.AssemblyLoadContext.GetFirstResolvedAssemblyFromResolvingEvent(AssemblyName assemblyName)
   at System.Runtime.Loader.AssemblyLoadContext.ResolveUsingEvent(AssemblyName assemblyName)
   at System.Runtime.Loader.AssemblyLoadContext.ResolveUsingResolvingEvent(IntPtr gchManagedAssemblyLoadContext, AssemblyName assemblyName)
TpTrace Verbose: 0 : 13068, 1, 2024/03/08, 12:08:43.388, 3629722978064, vstest.console.dll, MetadataReaderExtensionsHelper: Discovering extensions inside assembly 'Microsoft.TestPlatform.Extensions.BlameDataCollector, Version=15.0.0.0, Culture=neutral, PublicKeyToken=b03f5f7f11d50a3a' file path 'C:\Program Files\dotnet\sdk\8.0.100\Extensions\Microsoft.TestPlatform.Extensions.BlameDataCollector.dll'
TpTrace Information: 0 : 13068, 1, 2024/03/08, 12:08:43.389, 3629722989502, vstest.console.dll, GetTestExtensionFromType: Register extension with identifier data 'logger://Microsoft/TestPlatform/Extensions/Blame/v1' and type 'Microsoft.TestPlatform.Extensions.BlameDataCollector.BlameLogger, Microsoft.TestPlatform.Extensions.BlameDataCollector, Version=15.0.0.0, Culture=neutral, PublicKeyToken=b03f5f7f11d50a3a' inside file 'C:\Program Files\dotnet\sdk\8.0.100\Extensions\Microsoft.TestPlatform.Extensions.BlameDataCollector.dll'
TpTrace Verbose: 0 : 13068, 1, 2024/03/08, 12:08:43.390, 3629722990726, vstest.console.dll, MetadataReaderExtensionsHelper: Discovering extensions inside assembly 'Microsoft.TestPlatform.Extensions.EventLogCollector, Version=15.0.0.0, Culture=neutral, PublicKeyToken=b03f5f7f11d50a3a' file path 'C:\Program Files\dotnet\sdk\8.0.100\Extensions\Microsoft.TestPlatform.Extensions.EventLogCollector.dll'
TpTrace Verbose: 0 : 13068, 1, 2024/03/08, 12:08:43.390, 3629722999184, vstest.console.dll, MetadataReaderExtensionsHelper: Discovering extensions inside assembly 'Microsoft.TestPlatform.TestHostRuntimeProvider, Version=15.0.0.0, Culture=neutral, PublicKeyToken=b03f5f7f11d50a3a' file path 'C:\Program Files\dotnet\sdk\8.0.100\Extensions\Microsoft.TestPlatform.TestHostRuntimeProvider.dll'
TpTrace Verbose: 0 : 13068, 1, 2024/03/08, 12:08:43.391, 3629723007374, vstest.console.dll, MetadataReaderExtensionsHelper: Discovering extensions inside assembly 'Microsoft.VisualStudio.TestPlatform.Extensions.Html.TestLogger, Version=15.0.0.0, Culture=neutral, PublicKeyToken=b03f5f7f11d50a3a' file path 'C:\Program Files\dotnet\sdk\8.0.100\Extensions\Microsoft.VisualStudio.TestPlatform.Extensions.Html.TestLogger.dll'
TpTrace Information: 0 : 13068, 1, 2024/03/08, 12:08:43.392, 3629723019958, vstest.console.dll, GetTestExtensionFromType: Register extension with identifier data 'logger://Microsoft/TestPlatform/HtmlLogger/v1' and type 'Microsoft.VisualStudio.TestPlatform.Extensions.HtmlLogger.HtmlLogger, Microsoft.VisualStudio.TestPlatform.Extensions.Html.TestLogger, Version=15.0.0.0, Culture=neutral, PublicKeyToken=b03f5f7f11d50a3a' inside file 'C:\Program Files\dotnet\sdk\8.0.100\Extensions\Microsoft.VisualStudio.TestPlatform.Extensions.Html.TestLogger.dll'
TpTrace Verbose: 0 : 13068, 1, 2024/03/08, 12:08:43.393, 3629723021342, vstest.console.dll, MetadataReaderExtensionsHelper: Discovering extensions inside assembly 'Microsoft.VisualStudio.TestPlatform.Extensions.Trx.TestLogger, Version=15.0.0.0, Culture=neutral, PublicKeyToken=b03f5f7f11d50a3a' file path 'C:\Program Files\dotnet\sdk\8.0.100\Extensions\Microsoft.VisualStudio.TestPlatform.Extensions.Trx.TestLogger.dll'
TpTrace Information: 0 : 13068, 1, 2024/03/08, 12:08:43.394, 3629723035783, vstest.console.dll, GetTestExtensionFromType: Register extension with identifier data 'logger://Microsoft/TestPlatform/TrxLogger/v1' and type 'Microsoft.VisualStudio.TestPlatform.Extensions.TrxLogger.TrxLogger, Microsoft.VisualStudio.TestPlatform.Extensions.Trx.TestLogger, Version=15.0.0.0, Culture=neutral, PublicKeyToken=b03f5f7f11d50a3a' inside file 'C:\Program Files\dotnet\sdk\8.0.100\Extensions\Microsoft.VisualStudio.TestPlatform.Extensions.Trx.TestLogger.dll'
TpTrace Verbose: 0 : 13068, 1, 2024/03/08, 12:08:43.394, 3629723039039, vstest.console.dll, TestPluginCache: Discovered the extensions using extension path ''.
TpTrace Verbose: 0 : 13068, 1, 2024/03/08, 12:08:43.395, 3629723042920, vstest.console.dll, TestPluginCache: Discoverers are ''.
TpTrace Verbose: 0 : 13068, 1, 2024/03/08, 12:08:43.395, 3629723044325, vstest.console.dll, TestPluginCache: Executors are ''.
TpTrace Verbose: 0 : 13068, 1, 2024/03/08, 12:08:43.395, 3629723045601, vstest.console.dll, TestPluginCache: Executors2 are ''.
TpTrace Verbose: 0 : 13068, 1, 2024/03/08, 12:08:43.395, 3629723046777, vstest.console.dll, TestPluginCache: Setting providers are ''.
TpTrace Verbose: 0 : 13068, 1, 2024/03/08, 12:08:43.395, 3629723049432, vstest.console.dll, TestPluginCache: Loggers are 'logger://Microsoft/TestPlatform/Extensions/Blame/v1,logger://Microsoft/TestPlatform/HtmlLogger/v1,logger://Microsoft/TestPlatform/TrxLogger/v1'.
TpTrace Verbose: 0 : 13068, 1, 2024/03/08, 12:08:43.396, 3629723050953, vstest.console.dll, TestPluginCache: TestHosts are 'HostProvider://DefaultTestHost,HostProvider://DotnetTestHost'.
TpTrace Verbose: 0 : 13068, 1, 2024/03/08, 12:08:43.396, 3629723051872, vstest.console.dll, TestPluginCache: DataCollectors are ''.
TpTrace Information: 0 : 13068, 1, 2024/03/08, 12:08:43.397, 3629723068011, vstest.console.dll, TestPluginManager.CreateTestExtension: Attempting to load test extension: Microsoft.TestPlatform.Extensions.BlameDataCollector.BlameLogger
TpTrace Verbose: 0 : 13068, 1, 2024/03/08, 12:08:43.408, 3629723176016, vstest.console.dll, TestEngine: Initializing Parallel Execution as MaxCpuCount is set to: 1
TpTrace Information: 0 : 13068, 1, 2024/03/08, 12:08:43.410, 3629723199071, vstest.console.dll, TestPluginManager.CreateTestExtension: Attempting to load test extension: Microsoft.VisualStudio.TestPlatform.CrossPlatEngine.Hosting.DefaultTestHostManager
TpTrace Information: 0 : 13068, 1, 2024/03/08, 12:08:43.413, 3629723220527, vstest.console.dll, TestPluginManager.CreateTestExtension: Attempting to load test extension: Microsoft.VisualStudio.TestPlatform.CrossPlatEngine.Hosting.DotnetTestHostManager
TpTrace Information: 0 : 13068, 1, 2024/03/08, 12:08:43.413, 3629723229159, vstest.console.dll, InferRunSettingsHelper.IsTestSettingsEnabled: Unable to navigate to RunSettings/MSTest. Current node: RunSettings
TpTrace Verbose: 0 : 13068, 1, 2024/03/08, 12:08:43.414, 3629723236530, vstest.console.dll, ParallelOperationManager.ClearSlots: Clearing all slots. Slots should accept more work: True
TpTrace Verbose: 0 : 13068, 1, 2024/03/08, 12:08:43.415, 3629723244343, vstest.console.dll, ParallelOperationManager.SetOccupiedSlotCount: Setting slot counts AvailableSlotCount = 1, OccupiedSlotCount = 0.
TpTrace Verbose: 0 : 13068, 1, 2024/03/08, 12:08:43.415, 3629723248592, vstest.console.dll, Occupied slots:

TpTrace Verbose: 0 : 13068, 1, 2024/03/08, 12:08:43.420, 3629723292352, vstest.console.dll, TestEngine.GetExecutionManager: Chosen execution manager 'Microsoft.VisualStudio.TestPlatform.CrossPlatEngine.Client.Parallel.ParallelProxyExecutionManager, Microsoft.TestPlatform.CrossPlatEngine, Version=15.0.0.0, Culture=neutral, PublicKeyToken=b03f5f7f11d50a3a' ParallelLevel '1'.
TpTrace Verbose: 0 : 13068, 1, 2024/03/08, 12:08:43.420, 3629723294915, vstest.console.dll, TestRunRequest.ExecuteAsync: Creating test run request.
TpTrace Verbose: 0 : 13068, 1, 2024/03/08, 12:08:43.420, 3629723298762, vstest.console.dll, TestRunRequest.ExecuteAsync: Starting.
TpTrace Information: 0 : 13068, 1, 2024/03/08, 12:08:43.423, 3629723326842, vstest.console.dll, TestRunRequest.ExecuteAsync: Starting run with settings:TestRunCriteria:
   KeepAlive=False,FrequencyOfRunStatsChangeEvent=10,RunStatsChangeEventTimeout=00:00:01.5000000,TestCaseFilter=,TestExecutorLauncher=
   Settingsxml=<RunSettings>
  <RunConfiguration>
    <ResultsDirectory>C:\Users\simo7\OneDrive\Работен плот\QA Automation-Back-End Testing\02.API-Testing-C#\ApiTestingLab\RestSharpTestProject\bin\Debug\net8.0\fine-code-coverage\coverage-tool-output</ResultsDirectory>
    <TargetPlatform>X64</TargetPlatform>
    <TargetFrameworkVersion>.NETCoreApp,Version=v8.0</TargetFrameworkVersion>
    <DesignMode>False</DesignMode>
    <CollectSourceInformation>False</CollectSourceInformation>
  </RunConfiguration>
  <LoggerRunSettings>
    <Loggers>
      <Logger friendlyName="blame" enabled="True" />
      <Logger friendlyName="Console" uri="logger://microsoft/TestPlatform/ConsoleLogger/v1" assemblyQualifiedName="Microsoft.VisualStudio.TestPlatform.CommandLine.Internal.ConsoleLogger, vstest.console, Version=15.0.0.0, Culture=neutral, PublicKeyToken=b03f5f7f11d50a3a" codeBase="C:\Program Files\dotnet\sdk\8.0.100\vstest.console.dll" enabled="True" />
    </Loggers>
  </LoggerRunSettings>
  <DataCollectionRunSettings>
    <DataCollectors>
      <DataCollector friendlyName="blame" enabled="True">
        <Configuration>
          <ResultsDirectory>C:\Users\simo7\OneDrive\Работен плот\QA Automation-Back-End Testing\02.API-Testing-C#\ApiTestingLab\RestSharpTestProject\bin\Debug\net8.0\fine-code-coverage\coverage-tool-output</ResultsDirectory>
        </Configuration>
      </DataCollector>
    </DataCollectors>
  </DataCollectionRunSettings>
</RunSettings>

TpTrace Verbose: 0 : 13068, 1, 2024/03/08, 12:08:43.423, 3629723328148, vstest.console.dll, TestRunRequest.ExecuteAsync: Wait for the first run request is over.
TpTrace Verbose: 0 : 13068, 1, 2024/03/08, 12:08:43.424, 3629723332586, vstest.console.dll, MulticastDelegateUtilities.SafeInvoke: TestRun.TestRunStart: Invoking callbacks was skipped because there are no subscribers.
TpTrace Verbose: 0 : 13068, 4, 2024/03/08, 12:08:43.424, 3629723335738, vstest.console.dll, MulticastDelegateUtilities.SafeInvoke: InternalTestLoggerEvents.SendTestRunStart: Invoking callback 1/1 for Microsoft.VisualStudio.TestPlatform.CommandLine.Internal.ConsoleLogger., took 0 ms.
TpTrace Verbose: 0 : 13068, 1, 2024/03/08, 12:08:43.425, 3629723347178, vstest.console.dll, ParallelProxyExecutionManager: Start execution. Total sources: 1
TpTrace Verbose: 0 : 13068, 1, 2024/03/08, 12:08:43.426, 3629723351502, vstest.console.dll, ParallelOperationManager.StartWork: Starting adding 1 workloads.
TpTrace Verbose: 0 : 13068, 1, 2024/03/08, 12:08:43.426, 3629723352520, vstest.console.dll, ParallelOperationManager.ClearSlots: Clearing all slots. Slots should accept more work: True
TpTrace Verbose: 0 : 13068, 1, 2024/03/08, 12:08:43.426, 3629723353604, vstest.console.dll, ParallelOperationManager.SetOccupiedSlotCount: Setting slot counts AvailableSlotCount = 1, OccupiedSlotCount = 0.
TpTrace Verbose: 0 : 13068, 1, 2024/03/08, 12:08:43.426, 3629723354311, vstest.console.dll, Occupied slots:

TpTrace Verbose: 0 : 13068, 1, 2024/03/08, 12:08:43.429, 3629723381585, vstest.console.dll, TestRequestSender is acting as server.
TpTrace Verbose: 0 : 13068, 1, 2024/03/08, 12:08:43.430, 3629723395976, vstest.console.dll, ParallelOperationManager.RunWorkInParallel: Adding 1 workload to slot, remaining workloads 0.
TpTrace Verbose: 0 : 13068, 1, 2024/03/08, 12:08:43.430, 3629723397085, vstest.console.dll, ParallelOperationManager.SetOccupiedSlotCount: Setting slot counts AvailableSlotCount = 0, OccupiedSlotCount = 1.
TpTrace Verbose: 0 : 13068, 1, 2024/03/08, 12:08:43.430, 3629723399658, vstest.console.dll, Occupied slots:
0: C:\Users\simo7\OneDrive\Работен плот\QA Automation-Back-End Testing\02.API-Testing-C#\ApiTestingLab\RestSharpTestProject\bin\Debug\net8.0\fine-code-coverage\build-output\RestSharpTestProject.dll
TpTrace Verbose: 0 : 13068, 1, 2024/03/08, 12:08:43.432, 3629723413394, vstest.console.dll, ParallelOperationManager.RunWorkInParallel: Started host in slot number 0 for work (source): C:\Users\simo7\OneDrive\Работен плот\QA Automation-Back-End Testing\02.API-Testing-C#\ApiTestingLab\RestSharpTestProject\bin\Debug\net8.0\fine-code-coverage\build-output\RestSharpTestProject.dll.
TpTrace Verbose: 0 : 13068, 1, 2024/03/08, 12:08:43.433, 3629723423589, vstest.console.dll, ParallelOperationManager.RunWorkInParallel: We started 1 work items, which is the max parallel level. Won't start more work.
TpTrace Verbose: 0 : 13068, 1, 2024/03/08, 12:08:43.433, 3629723425210, vstest.console.dll, ParallelOperationManager.RunWorkInParallel: We started 1 work items in here, returning True.
TpTrace Verbose: 0 : 13068, 5, 2024/03/08, 12:08:43.433, 3629723425484, vstest.console.dll, ParallelProxyExecutionManager.StartTestRunOnConcurrentManager: Initializing uninitialized client. Started clients: 0
TpTrace Information: 0 : 13068, 1, 2024/03/08, 12:08:43.433, 3629723426468, vstest.console.dll, TestRunRequest.ExecuteAsync: Started.
TpTrace Verbose: 0 : 13068, 5, 2024/03/08, 12:08:43.433, 3629723428459, vstest.console.dll, DataCollectionRequestSender.InitializeCommunication : Initialize communication. 
TpTrace Verbose: 0 : 13068, 1, 2024/03/08, 12:08:43.434, 3629723439692, vstest.console.dll, TestRunRequest.WaitForCompletion: Waiting with timeout -1.
TpTrace Information: 0 : 13068, 5, 2024/03/08, 12:08:43.451, 3629723607100, vstest.console.dll, Listening on Endpoint : 127.0.0.1:57517
TpTrace Verbose: 0 : 13068, 5, 2024/03/08, 12:08:43.458, 3629723675408, vstest.console.dll, DotnetDataCollectionLauncher: Adding  --runtimeconfig "C:\Program Files\dotnet\sdk\8.0.100\datacollector.runtimeconfig.json" in args
TpTrace Verbose: 0 : 13068, 5, 2024/03/08, 12:08:43.458, 3629723677502, vstest.console.dll, DotnetDataCollectionLauncher: Adding  --depsfile "C:\Program Files\dotnet\sdk\8.0.100\datacollector.deps.json" in args
TpTrace Verbose: 0 : 13068, 5, 2024/03/08, 12:08:43.459, 3629723681857, vstest.console.dll, DotnetDataCollectionLauncher: Full path of dotnet.exe is C:\Program Files\dotnet\dotnet.exe
TpTrace Information: 0 : 13068, 5, 2024/03/08, 12:08:43.470, 3629723796317, vstest.console.dll, ProxyDataCollectionManager.Initialize: Launched datacollector processId: 12040 port: 57517
TpTrace Information: 0 : 13068, 5, 2024/03/08, 12:08:43.470, 3629723799140, vstest.console.dll, ProxyDataCollectionManager.Initialize: waiting for connection with timeout: 90 seconds
TpTrace Verbose: 0 : 13068, 5, 2024/03/08, 12:08:43.471, 3629723800532, vstest.console.dll, DataCollectionRequestSender.WaitForRequestHandlerConnection : Waiting for connection with timeout: 90000
TpTrace Verbose: 0 : 13068, 5, 2024/03/08, 12:08:43.700, 3629726096600, vstest.console.dll, SocketCommunicationManager.WaitForClientConnection took: 229 ms, with 90000 ms timeout, and finished with True.
TpTrace Verbose: 0 : 13068, 5, 2024/03/08, 12:08:43.701, 3629726101646, vstest.console.dll, ProxyDataCollectionManager.InvokeDataCollectionServiceAction: Starting.
TpTrace Information: 0 : 13068, 5, 2024/03/08, 12:08:43.701, 3629726104196, vstest.console.dll, ProxyDataCollectionManager.BeforeTestRunStart: Get environment variable and port for datacollector processId: 12040 port: 57517
TpTrace Verbose: 0 : 13068, 5, 2024/03/08, 12:08:43.701, 3629726108152, vstest.console.dll, DataCollectionRequestSender.SendBeforeTestRunStartAndGetResult: Send BeforeTestRunStart message with settingsXml <RunSettings><RunConfiguration><ResultsDirectory>C:\Users\simo7\OneDrive\Работен плот\QA Automation-Back-End Testing\02.API-Testing-C#\ApiTestingLab\RestSharpTestProject\bin\Debug\net8.0\fine-code-coverage\coverage-tool-output</ResultsDirectory><TargetPlatform>X64</TargetPlatform><TargetFrameworkVersion>.NETCoreApp,Version=v8.0</TargetFrameworkVersion><DesignMode>False</DesignMode><CollectSourceInformation>False</CollectSourceInformation><TestAdaptersPaths>C:\Program Files\dotnet\sdk\8.0.100\Extensions</TestAdaptersPaths></RunConfiguration><LoggerRunSettings><Loggers><Logger friendlyName="blame" enabled="True" /><Logger friendlyName="Console" uri="logger://microsoft/TestPlatform/ConsoleLogger/v1" assemblyQualifiedName="Microsoft.VisualStudio.TestPlatform.CommandLine.Internal.ConsoleLogger, vstest.console, Version=15.0.0.0, Culture=neutral, PublicKeyToken=b03f5f7f11d50a3a" codeBase="C:\Program Files\dotnet\sdk\8.0.100\vstest.console.dll" enabled="True" /></Loggers></LoggerRunSettings><DataCollectionRunSettings><DataCollectors><DataCollector friendlyName="blame" enabled="True"><Configuration><ResultsDirectory>C:\Users\simo7\OneDrive\Работен плот\QA Automation-Back-End Testing\02.API-Testing-C#\ApiTestingLab\RestSharpTestProject\bin\Debug\net8.0\fine-code-coverage\coverage-tool-output</ResultsDirectory></Configuration></DataCollector></DataCollectors></DataCollectionRunSettings></RunSettings> and sources System.Collections.Generic.List`1[System.String]: 
TpTrace Information: 0 : 13068, 7, 2024/03/08, 12:08:43.729, 3629726380296, vstest.console.dll, Using the buffer size of 16384 bytes
TpTrace Information: 0 : 13068, 7, 2024/03/08, 12:08:43.729, 3629726382596, vstest.console.dll, Accepted Client request and set the flag
TpTrace Verbose: 0 : 13068, 5, 2024/03/08, 12:08:43.932, 3629728410307, vstest.console.dll, DataCollectionRequestSender.SendBeforeTestRunStartAndGetResult: Received message: (DataCollection.SendMessage) -> {"MessageType":"DataCollection.SendMessage","Payload":{"FriendlyName":null,"Uri":null,"TestCaseId":"00000000-0000-0000-0000-000000000000","Message":"Logging DataCollector Diagnostics in file: C:\\Users\\simo7\\OneDrive\\Работен плот\\QA Automation-Back-End Testing\\02.API-Testing-C#\\ApiTestingLab\\RestSharpTestProject\\bin\\Debug\\net8.0\\fine-code-coverage\\coverage-tool-output\\diagnostics.datacollector.24-03-08_12-08-43_45817_5.log","Level":0}}
TpTrace Verbose: 0 : 13068, 5, 2024/03/08, 12:08:44.147, 3629730567704, vstest.console.dll, DataCollectionRequestSender.SendBeforeTestRunStartAndGetResult: Received message: (DataCollection.BeforeTestRunStartResult) -> {"MessageType":"DataCollection.BeforeTestRunStartResult","Payload":{"EnvironmentVariables":{},"DataCollectionEventsPort":57522}}
TpTrace Information: 0 : 13068, 5, 2024/03/08, 12:08:44.155, 3629730640485, vstest.console.dll, ProxyDataCollectionManager.BeforeTestRunStart: SendBeforeTestRunStartAndGetResult successful, env variable from datacollector:   and testhost port: 57522
TpTrace Information: 0 : 13068, 5, 2024/03/08, 12:08:44.155, 3629730642540, vstest.console.dll, ProxyDataCollectionManager.InvokeDataCollectionServiceAction: Completed.
TpTrace Verbose: 0 : 13068, 5, 2024/03/08, 12:08:44.155, 3629730643497, vstest.console.dll, ParallelProxyExecutionManager.StartTestRunOnConcurrentManager: Initializing test run. Started clients: 0
TpTrace Verbose: 0 : 13068, 5, 2024/03/08, 12:08:44.155, 3629730644880, vstest.console.dll, ProxyExecutionManager: Test host is always Lazy initialize.
TpTrace Verbose: 0 : 13068, 5, 2024/03/08, 12:08:44.155, 3629730647867, vstest.console.dll, TestRequestSender.InitializeCommunication: initialize communication. 
TpTrace Information: 0 : 13068, 5, 2024/03/08, 12:08:44.156, 3629730656234, vstest.console.dll, SocketServer.Start: Listening on endpoint : 127.0.0.1:57523
TpTrace Verbose: 0 : 13068, 5, 2024/03/08, 12:08:44.157, 3629730666046, vstest.console.dll, DotnetTestHostmanager.GetTestHostProcessStartInfo: Platform environment 'X64' target architecture 'X64' framework '.NETCoreApp,Version=v8.0' OS 'Windows'
TpTrace Verbose: 0 : 13068, 5, 2024/03/08, 12:08:44.157, 3629730669296, vstest.console.dll, DotnetTestHostmanager: Adding  --runtimeconfig "C:\Users\simo7\OneDrive\Работен плот\QA Automation-Back-End Testing\02.API-Testing-C#\ApiTestingLab\RestSharpTestProject\bin\Debug\net8.0\fine-code-coverage\build-output\RestSharpTestProject.runtimeconfig.json" in args
TpTrace Verbose: 0 : 13068, 5, 2024/03/08, 12:08:44.158, 3629730670877, vstest.console.dll, DotnetTestHostmanager: Adding  --depsfile "C:\Users\simo7\OneDrive\Работен плот\QA Automation-Back-End Testing\02.API-Testing-C#\ApiTestingLab\RestSharpTestProject\bin\Debug\net8.0\fine-code-coverage\build-output\RestSharpTestProject.deps.json" in args
TpTrace Verbose: 0 : 13068, 5, 2024/03/08, 12:08:44.158, 3629730673959, vstest.console.dll, DotnetTestHostmanager.IsWinOnArm: Current PROCESSOR_ARCHITECTURE from environment variable 'AMD64'
TpTrace Verbose: 0 : 13068, 5, 2024/03/08, 12:08:44.158, 3629730674931, vstest.console.dll, DotnetTestHostmanager.IsWinOnArm: Is Windows on ARM 'False'
TpTrace Verbose: 0 : 13068, 5, 2024/03/08, 12:08:44.158, 3629730676355, vstest.console.dll, DotnetTestHostManager: testhost.exe found at path: C:\Users\simo7\OneDrive\Работен плот\QA Automation-Back-End Testing\02.API-Testing-C#\ApiTestingLab\RestSharpTestProject\bin\Debug\net8.0\fine-code-coverage\build-output\testhost.exe
TpTrace Verbose: 0 : 13068, 5, 2024/03/08, 12:08:44.158, 3629730677190, vstest.console.dll, DotnetTestHostmanager: Full path of host exe is C:\Users\simo7\OneDrive\Работен плот\QA Automation-Back-End Testing\02.API-Testing-C#\ApiTestingLab\RestSharpTestProject\bin\Debug\net8.0\fine-code-coverage\build-output\testhost.exe
TpTrace Verbose: 0 : 13068, 5, 2024/03/08, 12:08:44.158, 3629730679372, vstest.console.dll, DotnetTestHostmanager.LaunchTestHostAsync: Found 'VSTEST_WINAPPHOST_DOTNET_ROOT' in env variables, value 'C:\Program Files\dotnet', forwarding to 'DOTNET_ROOT'
TpTrace Verbose: 0 : 13068, 5, 2024/03/08, 12:08:44.159, 3629730681397, vstest.console.dll, DotnetTestHostManager: Starting process 'C:\Users\simo7\OneDrive\Работен плот\QA Automation-Back-End Testing\02.API-Testing-C#\ApiTestingLab\RestSharpTestProject\bin\Debug\net8.0\fine-code-coverage\build-output\testhost.exe' with command line ' --runtimeconfig "C:\Users\simo7\OneDrive\Работен плот\QA Automation-Back-End Testing\02.API-Testing-C#\ApiTestingLab\RestSharpTestProject\bin\Debug\net8.0\fine-code-coverage\build-output\RestSharpTestProject.runtimeconfig.json" --depsfile "C:\Users\simo7\OneDrive\Работен плот\QA Automation-Back-End Testing\02.API-Testing-C#\ApiTestingLab\RestSharpTestProject\bin\Debug\net8.0\fine-code-coverage\build-output\RestSharpTestProject.deps.json" --port 57523 --endpoint 127.0.0.1:057523 --role client --parentprocessid 13068 --diag "C:\Users\simo7\OneDrive\Работен плот\QA Automation-Back-End Testing\02.API-Testing-C#\ApiTestingLab\RestSharpTestProject\bin\Debug\net8.0\fine-code-coverage\coverage-tool-output\diagnostics.host.24-03-08_12-08-44_15713_5.log" --tracelevel 4 --datacollectionport 57522 --telemetryoptedin false'
TpTrace Verbose: 0 : 13068, 5, 2024/03/08, 12:08:44.173, 3629730824992, vstest.console.dll, MulticastDelegateUtilities.SafeInvoke: HostProviderEvents.OnHostLaunched: Invoking callback 1/2 for Microsoft.VisualStudio.TestPlatform.CrossPlatEngine.Client.ProxyExecutionManagerWithDataCollection., took 1 ms.
TpTrace Verbose: 0 : 13068, 5, 2024/03/08, 12:08:44.174, 3629730833781, vstest.console.dll, Test Runtime launched
TpTrace Verbose: 0 : 13068, 5, 2024/03/08, 12:08:44.174, 3629730836606, vstest.console.dll, MulticastDelegateUtilities.SafeInvoke: HostProviderEvents.OnHostLaunched: Invoking callback 2/2 for Microsoft.VisualStudio.TestPlatform.CrossPlatEngine.Client.ProxyOperationManager., took 0 ms.
TpTrace Verbose: 0 : 13068, 5, 2024/03/08, 12:08:44.175, 3629730841193, vstest.console.dll, TestRequestSender.WaitForRequestHandlerConnection: waiting for connection with timeout: 90000.
TpTrace Verbose: 0 : 13068, 5, 2024/03/08, 12:08:44.441, 3629733506825, vstest.console.dll, TestRequestSender.WaitForRequestHandlerConnection: waiting took 266 ms, with timeout 90000 ms, and result 0, which is success.
TpTrace Verbose: 0 : 13068, 11, 2024/03/08, 12:08:44.441, 3629733506797, vstest.console.dll, MulticastDelegateUtilities.SafeInvoke: SocketServer: ClientConnected: Invoking callback 1/1 for Microsoft.VisualStudio.TestPlatform.CommunicationUtilities.TestRequestSender., took 0 ms.
TpTrace Verbose: 0 : 13068, 11, 2024/03/08, 12:08:44.442, 3629733510169, vstest.console.dll, SocketServer.OnClientConnected: Client connected for endPoint: 127.0.0.1:57523, starting MessageLoopAsync:
TpTrace Verbose: 0 : 13068, 11, 2024/03/08, 12:08:44.443, 3629733520427, vstest.console.dll, TcpClientExtensions.MessageLoopAsync: Polling on remoteEndPoint: 127.0.0.1:57524 localEndPoint: 127.0.0.1:57523
TpTrace Verbose: 0 : 13068, 5, 2024/03/08, 12:08:44.444, 3629733532782, vstest.console.dll, TestRequestSender.CheckVersionWithTestHost: Sending check version message: {"MessageType":"ProtocolVersion","Payload":7}
TpTrace Verbose: 0 : 13068, 11, 2024/03/08, 12:08:44.590, 3629734994755, vstest.console.dll, TcpClientExtensions.MessageLoopAsync: NotifyDataAvailable remoteEndPoint: 127.0.0.1:57524 localEndPoint: 127.0.0.1:57523
TpTrace Verbose: 0 : 13068, 11, 2024/03/08, 12:08:44.590, 3629734998617, vstest.console.dll, TestRequestSender.CheckVersionWithTestHost: onMessageReceived received message: (ProtocolVersion) -> {"MessageType":"ProtocolVersion","Payload":7}
TpTrace Verbose: 0 : 13068, 11, 2024/03/08, 12:08:44.591, 3629735006493, vstest.console.dll, MulticastDelegateUtilities.SafeInvoke: LengthPrefixCommunicationChannel: MessageReceived: Invoking callback 1/1 for Microsoft.VisualStudio.TestPlatform.CommunicationUtilities.TestRequestSender+<>c__DisplayClass29_0., took 0 ms.
TpTrace Verbose: 0 : 13068, 5, 2024/03/08, 12:08:44.591, 3629735007541, vstest.console.dll, TestPluginCache.GetExtensionPaths: Filtered extension paths: 
TpTrace Verbose: 0 : 13068, 11, 2024/03/08, 12:08:44.591, 3629735008779, vstest.console.dll, TcpClientExtensions.MessageLoopAsync: Polling on remoteEndPoint: 127.0.0.1:57524 localEndPoint: 127.0.0.1:57523
TpTrace Verbose: 0 : 13068, 5, 2024/03/08, 12:08:44.591, 3629735009399, vstest.console.dll, TestPluginCache.GetExtensionPaths: Added default extension paths: C:\Program Files\dotnet\sdk\8.0.100\Extensions\Microsoft.Diagnostics.NETCore.Client.dll
C:\Program Files\dotnet\sdk\8.0.100\Extensions\Microsoft.TestPlatform.Extensions.BlameDataCollector.dll
C:\Program Files\dotnet\sdk\8.0.100\Extensions\Microsoft.TestPlatform.Extensions.EventLogCollector.dll
C:\Program Files\dotnet\sdk\8.0.100\Extensions\Microsoft.TestPlatform.TestHostRuntimeProvider.dll
C:\Program Files\dotnet\sdk\8.0.100\Extensions\Microsoft.VisualStudio.TestPlatform.Extensions.Html.TestLogger.dll
C:\Program Files\dotnet\sdk\8.0.100\Extensions\Microsoft.VisualStudio.TestPlatform.Extensions.Trx.TestLogger.dll
TpTrace Verbose: 0 : 13068, 5, 2024/03/08, 12:08:44.592, 3629735011054, vstest.console.dll, TestPluginCache.GetExtensionPaths: Added unfilterableExtensionPaths: 
TpTrace Verbose: 0 : 13068, 5, 2024/03/08, 12:08:44.597, 3629735068965, vstest.console.dll, TestRequestSender.InitializeExecution: Sending initialize execution with message: {"Version":7,"MessageType":"TestExecution.Initialize","Payload":["C:\\Users\\simo7\\OneDrive\\Работен плот\\QA Automation-Back-End Testing\\02.API-Testing-C#\\ApiTestingLab\\RestSharpTestProject\\bin\\Debug\\net8.0\\fine-code-coverage\\build-output\\NUnit3.TestAdapter.dll"]}
TpTrace Verbose: 0 : 13068, 5, 2024/03/08, 12:08:44.598, 3629735073191, vstest.console.dll, ParallelProxyExecutionManager.StartTestRunOnConcurrentManager: Execution starting. Started clients: 1
TpTrace Verbose: 0 : 13068, 5, 2024/03/08, 12:08:44.598, 3629735079085, vstest.console.dll, TestRunRequest:SendTestRunMessage: Starting.
TpTrace Verbose: 0 : 13068, 5, 2024/03/08, 12:08:44.599, 3629735083181, vstest.console.dll, MulticastDelegateUtilities.SafeInvoke: TestRun.LogMessages: Invoking callback 1/1 for Microsoft.VisualStudio.TestPlatform.CommandLine.TestRunResultAggregator., took 0 ms.
TpTrace Information: 0 : 13068, 5, 2024/03/08, 12:08:44.599, 3629735084637, vstest.console.dll, TestRunRequest:SendTestRunMessage: Completed.
TpTrace Verbose: 0 : 13068, 4, 2024/03/08, 12:08:44.599, 3629735086293, vstest.console.dll, MulticastDelegateUtilities.SafeInvoke: InternalTestLoggerEvents.SendTestRunMessage: Invoking callback 1/1 for Microsoft.VisualStudio.TestPlatform.CommandLine.Internal.ConsoleLogger., took 0 ms.
TpTrace Warning: 0 : 13068, 5, 2024/03/08, 12:08:44.600, 3629735093151, vstest.console.dll, InferRunSettingsHelper.MakeRunsettingsCompatible: Removing the following settings: TargetPlatform from RunSettings file. To use those settings please move to latest version of Microsoft.NET.Test.Sdk
TpTrace Verbose: 0 : 13068, 11, 2024/03/08, 12:08:44.605, 3629735143073, vstest.console.dll, TcpClientExtensions.MessageLoopAsync: NotifyDataAvailable remoteEndPoint: 127.0.0.1:57524 localEndPoint: 127.0.0.1:57523
TpTrace Verbose: 0 : 13068, 11, 2024/03/08, 12:08:44.606, 3629735150741, vstest.console.dll, TestRequestSender.OnExecutionMessageReceived: Received message: {"Version":7,"MessageType":"TestSession.Message","Payload":{"MessageLevel":0,"Message":"Logging TestHost Diagnostics in file: C:\\Users\\simo7\\OneDrive\\Работен плот\\QA Automation-Back-End Testing\\02.API-Testing-C#\\ApiTestingLab\\RestSharpTestProject\\bin\\Debug\\net8.0\\fine-code-coverage\\coverage-tool-output\\diagnostics.host.24-03-08_12-08-44_15713_5.log"}}
TpTrace Verbose: 0 : 13068, 11, 2024/03/08, 12:08:44.611, 3629735206266, vstest.console.dll, TestRunRequest:SendTestRunMessage: Starting.
TpTrace Verbose: 0 : 13068, 11, 2024/03/08, 12:08:44.611, 3629735209578, vstest.console.dll, MulticastDelegateUtilities.SafeInvoke: TestRun.LogMessages: Invoking callback 1/1 for Microsoft.VisualStudio.TestPlatform.CommandLine.TestRunResultAggregator., took 0 ms.
TpTrace Verbose: 0 : 13068, 4, 2024/03/08, 12:08:44.611, 3629735209672, vstest.console.dll, MulticastDelegateUtilities.SafeInvoke: InternalTestLoggerEvents.SendTestRunMessage: Invoking callback 1/1 for Microsoft.VisualStudio.TestPlatform.CommandLine.Internal.ConsoleLogger., took 0 ms.
TpTrace Information: 0 : 13068, 11, 2024/03/08, 12:08:44.612, 3629735211045, vstest.console.dll, TestRunRequest:SendTestRunMessage: Completed.
TpTrace Verbose: 0 : 13068, 11, 2024/03/08, 12:08:44.612, 3629735213319, vstest.console.dll, MulticastDelegateUtilities.SafeInvoke: LengthPrefixCommunicationChannel: MessageReceived: Invoking callback 1/1 for Microsoft.VisualStudio.TestPlatform.CommunicationUtilities.TestRequestSender+<>c__DisplayClass34_0., took 6 ms.
TpTrace Verbose: 0 : 13068, 11, 2024/03/08, 12:08:44.612, 3629735214774, vstest.console.dll, TcpClientExtensions.MessageLoopAsync: Polling on remoteEndPoint: 127.0.0.1:57524 localEndPoint: 127.0.0.1:57523
TpTrace Verbose: 0 : 13068, 5, 2024/03/08, 12:08:44.615, 3629735244952, vstest.console.dll, TestRequestSender.StartTestRun: Sending test run with message: {"Version":7,"MessageType":"TestExecution.StartWithSources","Payload":{"AdapterSourceMap":{"_none_":["C:\\Users\\simo7\\OneDrive\\Работен плот\\QA Automation-Back-End Testing\\02.API-Testing-C#\\ApiTestingLab\\RestSharpTestProject\\bin\\Debug\\net8.0\\fine-code-coverage\\build-output\\RestSharpTestProject.dll"]},"RunSettings":"<RunSettings>\r\n  <RunConfiguration>\r\n    <ResultsDirectory>C:\\Users\\simo7\\OneDrive\\Работен плот\\QA Automation-Back-End Testing\\02.API-Testing-C#\\ApiTestingLab\\RestSharpTestProject\\bin\\Debug\\net8.0\\fine-code-coverage\\coverage-tool-output</ResultsDirectory>\r\n    <TargetFrameworkVersion>.NETCoreApp,Version=v8.0</TargetFrameworkVersion>\r\n    <DesignMode>False</DesignMode>\r\n    <CollectSourceInformation>False</CollectSourceInformation>\r\n  </RunConfiguration>\r\n  <LoggerRunSettings>\r\n    <Loggers>\r\n      <Logger friendlyName=\"blame\" enabled=\"True\" />\r\n      <Logger friendlyName=\"Console\" uri=\"logger://microsoft/TestPlatform/ConsoleLogger/v1\" assemblyQualifiedName=\"Microsoft.VisualStudio.TestPlatform.CommandLine.Internal.ConsoleLogger, vstest.console, Version=15.0.0.0, Culture=neutral, PublicKeyToken=b03f5f7f11d50a3a\" codeBase=\"C:\\Program Files\\dotnet\\sdk\\8.0.100\\vstest.console.dll\" enabled=\"True\" />\r\n    </Loggers>\r\n  </LoggerRunSettings>\r\n  <DataCollectionRunSettings>\r\n    <DataCollectors>\r\n      <DataCollector friendlyName=\"blame\" enabled=\"True\">\r\n        <Configuration>\r\n          <ResultsDirectory>C:\\Users\\simo7\\OneDrive\\Работен плот\\QA Automation-Back-End Testing\\02.API-Testing-C#\\ApiTestingLab\\RestSharpTestProject\\bin\\Debug\\net8.0\\fine-code-coverage\\coverage-tool-output</ResultsDirectory>\r\n        </Configuration>\r\n      </DataCollector>\r\n    </DataCollectors>\r\n  </DataCollectionRunSettings>\r\n</RunSettings>","TestExecutionContext":{"FrequencyOfRunStatsChangeEvent":10,"RunStatsChangeEventTimeout":"00:00:01.5000000","InIsolation":false,"KeepAlive":false,"AreTestCaseLevelEventsRequired":false,"IsDebug":false,"TestCaseFilter":null,"FilterOptions":null},"Package":null}}
TpTrace Verbose: 0 : 13068, 5, 2024/03/08, 12:08:44.615, 3629735247654, vstest.console.dll, ParallelProxyExecutionManager.StartTestRunOnConcurrentManager: Execution started. Started clients: 1
TpTrace Verbose: 0 : 13068, 11, 2024/03/08, 12:08:44.827, 3629737363966, vstest.console.dll, TcpClientExtensions.MessageLoopAsync: NotifyDataAvailable remoteEndPoint: 127.0.0.1:57524 localEndPoint: 127.0.0.1:57523
TpTrace Verbose: 0 : 13068, 11, 2024/03/08, 12:08:44.827, 3629737367003, vstest.console.dll, TestRequestSender.OnExecutionMessageReceived: Received message: {"Version":7,"MessageType":"TestSession.Message","Payload":{"MessageLevel":0,"Message":"NUnit Adapter 4.2.0.0: Test execution started"}}
TpTrace Verbose: 0 : 13068, 11, 2024/03/08, 12:08:44.828, 3629737372264, vstest.console.dll, TestRunRequest:SendTestRunMessage: Starting.
TpTrace Verbose: 0 : 13068, 11, 2024/03/08, 12:08:44.828, 3629737374024, vstest.console.dll, MulticastDelegateUtilities.SafeInvoke: TestRun.LogMessages: Invoking callback 1/1 for Microsoft.VisualStudio.TestPlatform.CommandLine.TestRunResultAggregator., took 0 ms.
TpTrace Verbose: 0 : 13068, 4, 2024/03/08, 12:08:44.828, 3629737374372, vstest.console.dll, MulticastDelegateUtilities.SafeInvoke: InternalTestLoggerEvents.SendTestRunMessage: Invoking callback 1/1 for Microsoft.VisualStudio.TestPlatform.CommandLine.Internal.ConsoleLogger., took 0 ms.
TpTrace Information: 0 : 13068, 11, 2024/03/08, 12:08:44.828, 3629737375058, vstest.console.dll, TestRunRequest:SendTestRunMessage: Completed.
TpTrace Verbose: 0 : 13068, 11, 2024/03/08, 12:08:44.828, 3629737376771, vstest.console.dll, MulticastDelegateUtilities.SafeInvoke: LengthPrefixCommunicationChannel: MessageReceived: Invoking callback 1/1 for Microsoft.VisualStudio.TestPlatform.CommunicationUtilities.TestRequestSender+<>c__DisplayClass34_0., took 1 ms.
TpTrace Verbose: 0 : 13068, 11, 2024/03/08, 12:08:44.828, 3629737377406, vstest.console.dll, TcpClientExtensions.MessageLoopAsync: Polling on remoteEndPoint: 127.0.0.1:57524 localEndPoint: 127.0.0.1:57523
TpTrace Verbose: 0 : 13068, 11, 2024/03/08, 12:08:44.861, 3629737701714, vstest.console.dll, TcpClientExtensions.MessageLoopAsync: NotifyDataAvailable remoteEndPoint: 127.0.0.1:57524 localEndPoint: 127.0.0.1:57523
TpTrace Verbose: 0 : 13068, 11, 2024/03/08, 12:08:44.861, 3629737704261, vstest.console.dll, TestRequestSender.OnExecutionMessageReceived: Received message: {"Version":7,"MessageType":"TestSession.Message","Payload":{"MessageLevel":0,"Message":"Running all tests in C:\\Users\\simo7\\OneDrive\\Работен плот\\QA Automation-Back-End Testing\\02.API-Testing-C#\\ApiTestingLab\\RestSharpTestProject\\bin\\Debug\\net8.0\\fine-code-coverage\\build-output\\RestSharpTestProject.dll"}}
TpTrace Verbose: 0 : 13068, 11, 2024/03/08, 12:08:44.861, 3629737706619, vstest.console.dll, TestRunRequest:SendTestRunMessage: Starting.
TpTrace Verbose: 0 : 13068, 11, 2024/03/08, 12:08:44.861, 3629737708353, vstest.console.dll, MulticastDelegateUtilities.SafeInvoke: TestRun.LogMessages: Invoking callback 1/1 for Microsoft.VisualStudio.TestPlatform.CommandLine.TestRunResultAggregator., took 0 ms.
TpTrace Verbose: 0 : 13068, 4, 2024/03/08, 12:08:44.861, 3629737708849, vstest.console.dll, MulticastDelegateUtilities.SafeInvoke: InternalTestLoggerEvents.SendTestRunMessage: Invoking callback 1/1 for Microsoft.VisualStudio.TestPlatform.CommandLine.Internal.ConsoleLogger., took 0 ms.
TpTrace Information: 0 : 13068, 11, 2024/03/08, 12:08:44.862, 3629737710262, vstest.console.dll, TestRunRequest:SendTestRunMessage: Completed.
TpTrace Verbose: 0 : 13068, 11, 2024/03/08, 12:08:44.862, 3629737711617, vstest.console.dll, MulticastDelegateUtilities.SafeInvoke: LengthPrefixCommunicationChannel: MessageReceived: Invoking callback 1/1 for Microsoft.VisualStudio.TestPlatform.CommunicationUtilities.TestRequestSender+<>c__DisplayClass34_0., took 0 ms.
TpTrace Verbose: 0 : 13068, 11, 2024/03/08, 12:08:44.862, 3629737712530, vstest.console.dll, TcpClientExtensions.MessageLoopAsync: Polling on remoteEndPoint: 127.0.0.1:57524 localEndPoint: 127.0.0.1:57523
TpTrace Verbose: 0 : 13068, 11, 2024/03/08, 12:08:45.008, 3629739179030, vstest.console.dll, TcpClientExtensions.MessageLoopAsync: NotifyDataAvailable remoteEndPoint: 127.0.0.1:57524 localEndPoint: 127.0.0.1:57523
TpTrace Verbose: 0 : 13068, 11, 2024/03/08, 12:08:45.009, 3629739181885, vstest.console.dll, TestRequestSender.OnExecutionMessageReceived: Received message: {"Version":7,"MessageType":"TestSession.Message","Payload":{"MessageLevel":0,"Message":"   NUnit3TestExecutor discovered 4 of 4 NUnit test cases using Current Discovery mode, Non-Explicit run"}}
TpTrace Verbose: 0 : 13068, 11, 2024/03/08, 12:08:45.009, 3629739184503, vstest.console.dll, TestRunRequest:SendTestRunMessage: Starting.
TpTrace Verbose: 0 : 13068, 11, 2024/03/08, 12:08:45.009, 3629739186339, vstest.console.dll, MulticastDelegateUtilities.SafeInvoke: TestRun.LogMessages: Invoking callback 1/1 for Microsoft.VisualStudio.TestPlatform.CommandLine.TestRunResultAggregator., took 0 ms.
TpTrace Verbose: 0 : 13068, 4, 2024/03/08, 12:08:45.009, 3629739186571, vstest.console.dll, MulticastDelegateUtilities.SafeInvoke: InternalTestLoggerEvents.SendTestRunMessage: Invoking callback 1/1 for Microsoft.VisualStudio.TestPlatform.CommandLine.Internal.ConsoleLogger., took 0 ms.
TpTrace Information: 0 : 13068, 11, 2024/03/08, 12:08:45.009, 3629739187504, vstest.console.dll, TestRunRequest:SendTestRunMessage: Completed.
TpTrace Verbose: 0 : 13068, 11, 2024/03/08, 12:08:45.009, 3629739189982, vstest.console.dll, MulticastDelegateUtilities.SafeInvoke: LengthPrefixCommunicationChannel: MessageReceived: Invoking callback 1/1 for Microsoft.VisualStudio.TestPlatform.CommunicationUtilities.TestRequestSender+<>c__DisplayClass34_0., took 0 ms.
TpTrace Verbose: 0 : 13068, 11, 2024/03/08, 12:08:45.010, 3629739191045, vstest.console.dll, TcpClientExtensions.MessageLoopAsync: Polling on remoteEndPoint: 127.0.0.1:57524 localEndPoint: 127.0.0.1:57523
TpTrace Verbose: 0 : 13068, 11, 2024/03/08, 12:08:46.013, 3629749221555, vstest.console.dll, TcpClientExtensions.MessageLoopAsync: Polling on remoteEndPoint: 127.0.0.1:57524 localEndPoint: 127.0.0.1:57523
TpTrace Verbose: 0 : 13068, 11, 2024/03/08, 12:08:46.296, 3629752057692, vstest.console.dll, TcpClientExtensions.MessageLoopAsync: NotifyDataAvailable remoteEndPoint: 127.0.0.1:57524 localEndPoint: 127.0.0.1:57523
TpTrace Verbose: 0 : 13068, 11, 2024/03/08, 12:08:46.297, 3629752064607, vstest.console.dll, TestRequestSender.OnExecutionMessageReceived: Received message: {"Version":7,"MessageType":"TestExecution.StatsChange","Payload":{"NewTestResults":[{"TestCase":{"Id":"3d4f3515-fe7c-e6f5-34db-b86ed2c56c68","FullyQualifiedName":"RestSharpTestProject.GitHubAPITests.Test_GitHubAPI_CreateGitHubIssue","DisplayName":"Test_GitHubAPI_CreateGitHubIssue","ExecutorUri":"executor://NUnit3TestExecutor","Source":"C:\\Users\\simo7\\OneDrive\\Работен плот\\QA Automation-Back-End Testing\\02.API-Testing-C#\\ApiTestingLab\\RestSharpTestProject\\bin\\Debug\\net8.0\\fine-code-coverage\\build-output\\RestSharpTestProject.dll","CodeFilePath":null,"LineNumber":0,"Properties":[{"Key":{"Id":"NUnit.Seed","Label":"Seed","Category":"","Description":"","Attributes":0,"ValueType":"System.String"},"Value":"528820863"}]},"Attachments":[],"Outcome":1,"ErrorMessage":null,"ErrorStackTrace":null,"DisplayName":"Test_GitHubAPI_CreateGitHubIssue","Messages":[],"ComputerName":"SIMEON-PC","Duration":"00:00:00.8308290","StartTime":"2024-03-08T10:08:45.0504204+00:00","EndTime":"2024-03-08T10:08:45.8811443+00:00","Properties":[{"Key":{"Id":"NUnit.Seed","Label":"Seed","Category":"","Description":"","Attributes":0,"ValueType":"System.String"},"Value":"528820863"}]}],"TestRunStatistics":{"ExecutedTests":1,"Stats":{"Passed":1}},"ActiveTests":[{"Id":"d8a9e3a7-10ec-c112-e2a4-e51f5be25c93","FullyQualifiedName":"RestSharpTestProject.GitHubAPITests.Test_GitHubAPI_EditGitHubExistingIssue","DisplayName":"Test_GitHubAPI_EditGitHubExistingIssue","ExecutorUri":"executor://NUnit3TestExecutor","Source":"C:\\Users\\simo7\\OneDrive\\Работен плот\\QA Automation-Back-End Testing\\02.API-Testing-C#\\ApiTestingLab\\RestSharpTestProject\\bin\\Debug\\net8.0\\fine-code-coverage\\build-output\\RestSharpTestProject.dll","CodeFilePath":null,"LineNumber":0,"Properties":[{"Key":{"Id":"NUnit.Seed","Label":"Seed","Category":"","Description":"","Attributes":0,"ValueType":"System.String"},"Value":"209055859"}]}]}}
TpTrace Verbose: 0 : 13068, 11, 2024/03/08, 12:08:46.335, 3629752445887, vstest.console.dll, TestRunRequest:SendTestRunStatsChange: Starting.
TpTrace Verbose: 0 : 13068, 11, 2024/03/08, 12:08:46.335, 3629752448131, vstest.console.dll, InProgress is Test_GitHubAPI_EditGitHubExistingIssue
TpTrace Verbose: 0 : 13068, 11, 2024/03/08, 12:08:46.336, 3629752450673, vstest.console.dll, MulticastDelegateUtilities.SafeInvoke: TestRun.RunStatsChanged: Invoking callbacks was skipped because there are no subscribers.
TpTrace Information: 0 : 13068, 11, 2024/03/08, 12:08:46.336, 3629752451498, vstest.console.dll, TestRunRequest:SendTestRunStatsChange: Completed.
TpTrace Verbose: 0 : 13068, 11, 2024/03/08, 12:08:46.336, 3629752452382, vstest.console.dll, MulticastDelegateUtilities.SafeInvoke: LengthPrefixCommunicationChannel: MessageReceived: Invoking callback 1/1 for Microsoft.VisualStudio.TestPlatform.CommunicationUtilities.TestRequestSender+<>c__DisplayClass34_0., took 38 ms.
TpTrace Verbose: 0 : 13068, 11, 2024/03/08, 12:08:46.336, 3629752453168, vstest.console.dll, TcpClientExtensions.MessageLoopAsync: Polling on remoteEndPoint: 127.0.0.1:57524 localEndPoint: 127.0.0.1:57523
TpTrace Verbose: 0 : 13068, 4, 2024/03/08, 12:08:46.338, 3629752474027, vstest.console.dll, MulticastDelegateUtilities.SafeInvoke: InternalTestLoggerEvents.SendTestResult: Invoking callback 1/1 for Microsoft.VisualStudio.TestPlatform.CommandLine.Internal.ConsoleLogger., took 2 ms.
TpTrace Verbose: 0 : 13068, 11, 2024/03/08, 12:08:47.275, 3629761844748, vstest.console.dll, TcpClientExtensions.MessageLoopAsync: NotifyDataAvailable remoteEndPoint: 127.0.0.1:57524 localEndPoint: 127.0.0.1:57523
TpTrace Verbose: 0 : 13068, 11, 2024/03/08, 12:08:47.275, 3629761847570, vstest.console.dll, TestRequestSender.OnExecutionMessageReceived: Received message: {"Version":7,"MessageType":"TestSession.Message","Payload":{"MessageLevel":0,"Message":"NUnit Adapter 4.2.0.0: Test execution complete"}}
TpTrace Verbose: 0 : 13068, 11, 2024/03/08, 12:08:47.275, 3629761850029, vstest.console.dll, TestRunRequest:SendTestRunMessage: Starting.
TpTrace Verbose: 0 : 13068, 11, 2024/03/08, 12:08:47.276, 3629761851740, vstest.console.dll, MulticastDelegateUtilities.SafeInvoke: TestRun.LogMessages: Invoking callback 1/1 for Microsoft.VisualStudio.TestPlatform.CommandLine.TestRunResultAggregator., took 0 ms.
TpTrace Information: 0 : 13068, 11, 2024/03/08, 12:08:47.276, 3629761853121, vstest.console.dll, TestRunRequest:SendTestRunMessage: Completed.
TpTrace Verbose: 0 : 13068, 11, 2024/03/08, 12:08:47.276, 3629761855572, vstest.console.dll, MulticastDelegateUtilities.SafeInvoke: LengthPrefixCommunicationChannel: MessageReceived: Invoking callback 1/1 for Microsoft.VisualStudio.TestPlatform.CommunicationUtilities.TestRequestSender+<>c__DisplayClass34_0., took 0 ms.
TpTrace Verbose: 0 : 13068, 11, 2024/03/08, 12:08:47.278, 3629761872532, vstest.console.dll, TcpClientExtensions.MessageLoopAsync: Polling on remoteEndPoint: 127.0.0.1:57524 localEndPoint: 127.0.0.1:57523
TpTrace Verbose: 0 : 13068, 4, 2024/03/08, 12:08:47.278, 3629761876322, vstest.console.dll, MulticastDelegateUtilities.SafeInvoke: InternalTestLoggerEvents.SendTestRunMessage: Invoking callback 1/1 for Microsoft.VisualStudio.TestPlatform.CommandLine.Internal.ConsoleLogger., took 0 ms.
TpTrace Verbose: 0 : 13068, 11, 2024/03/08, 12:08:47.330, 3629762393168, vstest.console.dll, TcpClientExtensions.MessageLoopAsync: NotifyDataAvailable remoteEndPoint: 127.0.0.1:57524 localEndPoint: 127.0.0.1:57523
TpTrace Verbose: 0 : 13068, 11, 2024/03/08, 12:08:47.330, 3629762396573, vstest.console.dll, TestRequestSender.OnExecutionMessageReceived: Received message: {"Version":7,"MessageType":"TestExecution.Completed","Payload":{"TestRunCompleteArgs":{"TestRunStatistics":{"ExecutedTests":4,"Stats":{"Passed":4}},"IsCanceled":false,"IsAborted":false,"Error":null,"AttachmentSets":[],"InvokedDataCollectors":[],"ElapsedTimeInRunningTests":"00:00:02.4891580","Metrics":{},"DiscoveredExtensions":{"TestDiscoverers":["NUnit.VisualStudio.TestAdapter.NUnit3TestDiscoverer, NUnit3.TestAdapter, Version=4.2.0.0, Culture=neutral, PublicKeyToken=4cb40d35494691ac"],"TestExecutors":["executor://NUnit3TestExecutor"],"TestExecutors2":[],"TestSettingsProviders":[]}},"LastRunTests":{"NewTestResults":[{"TestCase":{"Id":"d8a9e3a7-10ec-c112-e2a4-e51f5be25c93","FullyQualifiedName":"RestSharpTestProject.GitHubAPITests.Test_GitHubAPI_EditGitHubExistingIssue","DisplayName":"Test_GitHubAPI_EditGitHubExistingIssue","ExecutorUri":"executor://NUnit3TestExecutor","Source":"C:\\Users\\simo7\\OneDrive\\Работен плот\\QA Automation-Back-End Testing\\02.API-Testing-C#\\ApiTestingLab\\RestSharpTestProject\\bin\\Debug\\net8.0\\fine-code-coverage\\build-output\\RestSharpTestProject.dll","CodeFilePath":null,"LineNumber":0,"Properties":[{"Key":{"Id":"NUnit.Seed","Label":"Seed","Category":"","Description":"","Attributes":0,"ValueType":"System.String"},"Value":"209055859"}]},"Attachments":[],"Outcome":1,"ErrorMessage":null,"ErrorStackTrace":null,"DisplayName":"Test_GitHubAPI_EditGitHubExistingIssue","Messages":[],"ComputerName":"SIMEON-PC","Duration":"00:00:00.5992900","StartTime":"2024-03-08T10:08:45.884376+00:00","EndTime":"2024-03-08T10:08:46.4836663+00:00","Properties":[{"Key":{"Id":"NUnit.Seed","Label":"Seed","Category":"","Description":"","Attributes":0,"ValueType":"System.String"},"Value":"209055859"}]},{"TestCase":{"Id":"06eb0de9-c1b0-777d-0dc8-351af9b5001c","FullyQualifiedName":"RestSharpTestProject.GitHubAPITests.Test_GitHubAPI_GetAllIssues","DisplayName":"Test_GitHubAPI_GetAllIssues","ExecutorUri":"executor://NUnit3TestExecutor","Source":"C:\\Users\\simo7\\OneDrive\\Работен плот\\QA Automation-Back-End Testing\\02.API-Testing-C#\\ApiTestingLab\\RestSharpTestProject\\bin\\Debug\\net8.0\\fine-code-coverage\\build-output\\RestSharpTestProject.dll","CodeFilePath":null,"LineNumber":0,"Properties":[{"Key":{"Id":"NUnit.Seed","Label":"Seed","Category":"","Description":"","Attributes":0,"ValueType":"System.String"},"Value":"5286916"}]},"Attachments":[],"Outcome":1,"ErrorMessage":null,"ErrorStackTrace":null,"DisplayName":"Test_GitHubAPI_GetAllIssues","Messages":[],"ComputerName":"SIMEON-PC","Duration":"00:00:00.3775360","StartTime":"2024-03-08T10:08:46.4837268+00:00","EndTime":"2024-03-08T10:08:46.8612621+00:00","Properties":[{"Key":{"Id":"NUnit.Seed","Label":"Seed","Category":"","Description":"","Attributes":0,"ValueType":"System.String"},"Value":"5286916"}]},{"TestCase":{"Id":"4755b1eb-16d0-b944-208b-c7ffbd922872","FullyQualifiedName":"RestSharpTestProject.GitHubAPITests.Test_GitHubAPI_GetAllIssues_Deserialize","DisplayName":"Test_GitHubAPI_GetAllIssues_Deserialize","ExecutorUri":"executor://NUnit3TestExecutor","Source":"C:\\Users\\simo7\\OneDrive\\Работен плот\\QA Automation-Back-End Testing\\02.API-Testing-C#\\ApiTestingLab\\RestSharpTestProject\\bin\\Debug\\net8.0\\fine-code-coverage\\build-output\\RestSharpTestProject.dll","CodeFilePath":null,"LineNumber":0,"Properties":[{"Key":{"Id":"NUnit.Seed","Label":"Seed","Category":"","Description":"","Attributes":0,"ValueType":"System.String"},"Value":"1005097179"}]},"Attachments":[],"Outcome":1,"ErrorMessage":null,"ErrorStackTrace":null,"DisplayName":"Test_GitHubAPI_GetAllIssues_Deserialize","Messages":[],"ComputerName":"SIMEON-PC","Duration":"00:00:00.3908630","StartTime":"2024-03-08T10:08:46.8623393+00:00","EndTime":"2024-03-08T10:08:47.2532022+00:00","Properties":[{"Key":{"Id":"NUnit.Seed","Label":"Seed","Category":"","Description":"","Attributes":0,"ValueType":"System.String"},"Value":"1005097179"}]}],"TestRunStatistics":{"ExecutedTests":4,"Stats":{"Passed":4}},"ActiveTests":[]},"RunAttachments":[],"ExecutorUris":["executor://nunit3testexecutor/"]}}
TpTrace Verbose: 0 : 13068, 11, 2024/03/08, 12:08:47.330, 3629762399287, vstest.console.dll, TestRequestSender.EndSession: Sending end session.
TpTrace Verbose: 0 : 13068, 11, 2024/03/08, 12:08:47.331, 3629762402539, vstest.console.dll, ProxyOperationManager.Close: waiting for test host to exit for 100 ms
TpTrace Verbose: 0 : 13068, 7, 2024/03/08, 12:08:47.380, 3629762894954, vstest.console.dll, TestHostManagerCallbacks.ctor: Experimental forwarding output is disabled.
TpTrace Warning: 0 : 13068, 7, 2024/03/08, 12:08:47.380, 3629762896838, vstest.console.dll, TestHostManagerCallbacks.ErrorReceivedCallback Test host standard error line: 
TpTrace Verbose: 0 : 13068, 7, 2024/03/08, 12:08:47.411, 3629763200939, vstest.console.dll, TestHostProvider.ExitCallBack: Host exited starting callback.
TpTrace Information: 0 : 13068, 7, 2024/03/08, 12:08:47.411, 3629763205381, vstest.console.dll, TestHostManagerCallbacks.ExitCallBack: Testhost processId: 5300 exited with exitcode: 0 error: ''
TpTrace Verbose: 0 : 13068, 7, 2024/03/08, 12:08:47.411, 3629763207728, vstest.console.dll, DotnetTestHostManager.OnHostExited: invoking OnHostExited callback
TpTrace Verbose: 0 : 13068, 7, 2024/03/08, 12:08:47.411, 3629763208994, vstest.console.dll, CrossPlatEngine.TestHostManagerHostExited: calling on client process exit callback.
TpTrace Information: 0 : 13068, 7, 2024/03/08, 12:08:47.412, 3629763210288, vstest.console.dll, TestRequestSender.OnClientProcessExit: Test host process exited. Standard error: 
TpTrace Information: 0 : 13068, 11, 2024/03/08, 12:08:47.412, 3629763210782, vstest.console.dll, SocketServer.Stop: Stop server endPoint: 127.0.0.1:57523
TpTrace Information: 0 : 13068, 11, 2024/03/08, 12:08:47.412, 3629763211892, vstest.console.dll, SocketServer.Stop: Cancellation requested. Stopping message loop.
TpTrace Information: 0 : 13068, 7, 2024/03/08, 12:08:47.412, 3629763211387, vstest.console.dll, SocketServer.Stop: Stop server endPoint: 127.0.0.1:57523
TpTrace Information: 0 : 13068, 7, 2024/03/08, 12:08:47.412, 3629763213079, vstest.console.dll, SocketServer.Stop: Cancellation requested. Stopping message loop.
TpTrace Information: 0 : 13068, 11, 2024/03/08, 12:08:47.412, 3629763213686, vstest.console.dll, Closing the connection
TpTrace Verbose: 0 : 13068, 7, 2024/03/08, 12:08:47.412, 3629763214036, vstest.console.dll, MulticastDelegateUtilities.SafeInvoke: HostProviderEvents.OnHostExited: Invoking callback 1/1 for Microsoft.VisualStudio.TestPlatform.CrossPlatEngine.Client.ProxyOperationManager., took 0 ms.
TpTrace Verbose: 0 : 13068, 11, 2024/03/08, 12:08:47.412, 3629763216872, vstest.console.dll, ProxyDataCollectionManager.InvokeDataCollectionServiceAction: Starting.
TpTrace Information: 0 : 13068, 11, 2024/03/08, 12:08:47.412, 3629763217511, vstest.console.dll, ProxyDataCollectionManager.AfterTestRunEnd: Get attachment set and invoked data collectors processId: 12040 port: 57517
TpTrace Verbose: 0 : 13068, 11, 2024/03/08, 12:08:47.412, 3629763218265, vstest.console.dll, DataCollectionRequestSender.SendAfterTestRunStartAndGetResult: Send AfterTestRunEnd message with isCancelled: False
TpTrace Verbose: 0 : 13068, 11, 2024/03/08, 12:08:47.426, 3629763357080, vstest.console.dll, DataCollectionRequestSender.SendAfterTestRunStartAndGetResult: Received message: (DataCollection.AfterTestRunEndResult) -> {"MessageType":"DataCollection.AfterTestRunEndResult","Payload":{"AttachmentSets":[],"InvokedDataCollectors":[{"Uri":"datacollector://Microsoft/TestPlatform/Extensions/Blame/v1","FriendlyName":"Blame","AssemblyQualifiedName":"Microsoft.TestPlatform.Extensions.BlameDataCollector.BlameCollector, Microsoft.TestPlatform.Extensions.BlameDataCollector, Version=15.0.0.0, Culture=neutral, PublicKeyToken=b03f5f7f11d50a3a","FilePath":"C:\\Program Files\\dotnet\\sdk\\8.0.100\\Extensions\\Microsoft.TestPlatform.Extensions.BlameDataCollector.dll","HasAttachmentProcessor":false}],"Metrics":{}}}
TpTrace Information: 0 : 13068, 11, 2024/03/08, 12:08:47.435, 3629763441511, vstest.console.dll, ProxyDataCollectionManager.InvokeDataCollectionServiceAction: Completed.
TpTrace Warning: 0 : 13068, 10, 2024/03/08, 12:08:47.435, 3629763448753, vstest.console.dll, DataCollectionLauncher.ErrorReceivedCallback datacollector standard error line: 
TpTrace Information: 0 : 13068, 10, 2024/03/08, 12:08:47.470, 3629763797339, vstest.console.dll, DataCollectionLauncher.ExitCallBack: Data collector exited with exitcode: 0 error: ''
TpTrace Verbose: 0 : 13068, 11, 2024/03/08, 12:08:47.503, 3629764123581, vstest.console.dll, TestRunRequest:SendTestRunStatsChange: Starting.
TpTrace Verbose: 0 : 13068, 11, 2024/03/08, 12:08:47.503, 3629764125285, vstest.console.dll, MulticastDelegateUtilities.SafeInvoke: TestRun.RunStatsChanged: Invoking callbacks was skipped because there are no subscribers.
TpTrace Information: 0 : 13068, 11, 2024/03/08, 12:08:47.503, 3629764125914, vstest.console.dll, TestRunRequest:SendTestRunStatsChange: Completed.
TpTrace Verbose: 0 : 13068, 4, 2024/03/08, 12:08:47.503, 3629764126384, vstest.console.dll, MulticastDelegateUtilities.SafeInvoke: InternalTestLoggerEvents.SendTestResult: Invoking callback 1/1 for Microsoft.VisualStudio.TestPlatform.CommandLine.Internal.ConsoleLogger., took 0 ms.
TpTrace Verbose: 0 : 13068, 4, 2024/03/08, 12:08:47.503, 3629764129509, vstest.console.dll, MulticastDelegateUtilities.SafeInvoke: InternalTestLoggerEvents.SendTestResult: Invoking callback 1/1 for Microsoft.VisualStudio.TestPlatform.CommandLine.Internal.ConsoleLogger., took 0 ms.
TpTrace Verbose: 0 : 13068, 11, 2024/03/08, 12:08:47.503, 3629764129740, vstest.console.dll, ParallelProxyExecutionManager: HandlePartialRunComplete: Total workloads = 1, Total started clients = 1 Total completed clients = 1, Run complete = True, Run canceled: False.
TpTrace Verbose: 0 : 13068, 4, 2024/03/08, 12:08:47.504, 3629764130798, vstest.console.dll, MulticastDelegateUtilities.SafeInvoke: InternalTestLoggerEvents.SendTestResult: Invoking callback 1/1 for Microsoft.VisualStudio.TestPlatform.CommandLine.Internal.ConsoleLogger., took 0 ms.
TpTrace Verbose: 0 : 13068, 11, 2024/03/08, 12:08:47.504, 3629764131009, vstest.console.dll, ParallelProxyExecutionManager: HandlePartialRunComplete: All runs completed stopping all managers.
TpTrace Verbose: 0 : 13068, 11, 2024/03/08, 12:08:47.504, 3629764132162, vstest.console.dll, ParallelOperationManager.StopAllManagers: Stopping all managers.
TpTrace Verbose: 0 : 13068, 11, 2024/03/08, 12:08:47.504, 3629764132656, vstest.console.dll, ParallelOperationManager.ClearSlots: Clearing all slots. Slots should accept more work: False
TpTrace Verbose: 0 : 13068, 11, 2024/03/08, 12:08:47.504, 3629764133314, vstest.console.dll, ParallelOperationManager.SetOccupiedSlotCount: Setting slot counts AvailableSlotCount = 1, OccupiedSlotCount = 0.
TpTrace Verbose: 0 : 13068, 11, 2024/03/08, 12:08:47.504, 3629764134087, vstest.console.dll, Occupied slots:

TpTrace Verbose: 0 : 13068, 4, 2024/03/08, 12:08:47.517, 3629764266825, vstest.console.dll, MulticastDelegateUtilities.SafeInvoke: InternalTestLoggerEvents.SendTestRunComplete: Invoking callback 1/2 for Microsoft.TestPlatform.Extensions.BlameDataCollector.BlameLogger., took 0 ms.
TpTrace Verbose: 0 : 13068, 4, 2024/03/08, 12:08:47.524, 3629764330365, vstest.console.dll, MulticastDelegateUtilities.SafeInvoke: InternalTestLoggerEvents.SendTestRunComplete: Invoking callback 2/2 for Microsoft.VisualStudio.TestPlatform.CommandLine.Internal.ConsoleLogger., took 6 ms.
TpTrace Verbose: 0 : 13068, 11, 2024/03/08, 12:08:47.524, 3629764334208, vstest.console.dll, TestRunRequest:TestRunComplete: Starting. IsAborted:False IsCanceled:False.
TpTrace Verbose: 0 : 13068, 11, 2024/03/08, 12:08:47.524, 3629764336165, vstest.console.dll, ParallelOperationManager.DoActionOnAllManagers: Calling an action on all managers.
TpTrace Verbose: 0 : 13068, 11, 2024/03/08, 12:08:47.525, 3629764345924, vstest.console.dll, TestLoggerManager.HandleTestRunComplete: Ignoring as the object is disposed.
TpTrace Verbose: 0 : 13068, 11, 2024/03/08, 12:08:47.525, 3629764348431, vstest.console.dll, MulticastDelegateUtilities.SafeInvoke: TestRun.TestRunComplete: Invoking callback 1/2 for Microsoft.VisualStudio.TestPlatform.CommandLine.TestRunResultAggregator., took 0 ms.
TpTrace Verbose: 0 : 13068, 11, 2024/03/08, 12:08:47.525, 3629764349819, vstest.console.dll, MulticastDelegateUtilities.SafeInvoke: TestRun.TestRunComplete: Invoking callback 2/2 for Microsoft.VisualStudio.TestPlatform.CommandLine.Processors.RunTestsArgumentExecutor+TestRunRequestEventsRegistrar., took 0 ms.
TpTrace Information: 0 : 13068, 11, 2024/03/08, 12:08:47.526, 3629764351039, vstest.console.dll, TestRunRequest:TestRunComplete: Completed.
TpTrace Verbose: 0 : 13068, 1, 2024/03/08, 12:08:47.526, 3629764351285, vstest.console.dll, TestRunRequest.Dispose: Starting.
TpTrace Verbose: 0 : 13068, 11, 2024/03/08, 12:08:47.526, 3629764351631, vstest.console.dll, TestRequestSender.SetOperationComplete: Setting operation complete.
TpTrace Information: 0 : 13068, 1, 2024/03/08, 12:08:47.526, 3629764352411, vstest.console.dll, TestRunRequest.Dispose: Completed.
TpTrace Information: 0 : 13068, 11, 2024/03/08, 12:08:47.526, 3629764352846, vstest.console.dll, SocketServer.Stop: Stop server endPoint: 127.0.0.1:57523
TpTrace Information: 0 : 13068, 1, 2024/03/08, 12:08:47.526, 3629764353476, vstest.console.dll, TestRequestManager.RunTests: run tests completed.
TpTrace Information: 0 : 13068, 11, 2024/03/08, 12:08:47.526, 3629764353810, vstest.console.dll, SocketServer.Stop: Cancellation requested. Stopping message loop.
TpTrace Verbose: 0 : 13068, 11, 2024/03/08, 12:08:47.526, 3629764354949, vstest.console.dll, MulticastDelegateUtilities.SafeInvoke: LengthPrefixCommunicationChannel: MessageReceived: Invoking callback 1/1 for Microsoft.VisualStudio.TestPlatform.CommunicationUtilities.TestRequestSender+<>c__DisplayClass34_0., took 195 ms.
TpTrace Information: 0 : 13068, 1, 2024/03/08, 12:08:47.526, 3629764355174, vstest.console.dll, RunTestsArgumentProcessor:Execute: Test run is completed.
TpTrace Information: 0 : 13068, 11, 2024/03/08, 12:08:47.526, 3629764355661, vstest.console.dll, SocketServer.PrivateStop: Stopping server endPoint: 127.0.0.1:57523 error: 
TpTrace Verbose: 0 : 13068, 1, 2024/03/08, 12:08:47.527, 3629764360927, vstest.console.dll, Executor.Execute: Exiting with exit code of 0
TpTrace Verbose: 0 : 13068, 11, 2024/03/08, 12:08:47.527, 3629764368975, vstest.console.dll, LengthPrefixCommunicationChannel.Dispose: Dispose reader and writer.
