<?xml version="1.0" encoding="utf-8"?>
<coverage line-rate="0.983" branch-rate="1" version="1.9" timestamp="1709892527" lines-covered="58" lines-valid="59" branches-covered="2" branches-valid="2">
  <sources>
    <source>C:\Users\simo7\</source>
  </sources>
  <packages>
    <package name="RestSharpTestProject" line-rate="0.983" branch-rate="1" complexity="12">
      <classes>
        <class name="AutoGeneratedProgram" filename=".nuget\packages\microsoft.net.test.sdk\17.6.0\build\netcoreapp3.1\Microsoft.NET.Test.Sdk.Program.cs" line-rate="0" branch-rate="1" complexity="1">
          <methods>
            <method name="Main" signature="(System.String[])" line-rate="0" branch-rate="1" complexity="1">
              <lines>
                <line number="4" hits="0" branch="False" />
              </lines>
            </method>
          </methods>
          <lines>
            <line number="4" hits="0" branch="False" />
          </lines>
        </class>
        <class name="RestSharpTestProject.Issue" filename="OneDrive\Работен плот\QA Automation-Back-End Testing\02.API-Testing-C#\ApiTestingLab\RestSharpTestProject\Issue.cs" line-rate="1" branch-rate="1" complexity="4">
          <methods>
            <method name="get_id" signature="()" line-rate="1" branch-rate="1" complexity="1">
              <lines>
                <line number="11" hits="64" branch="False" />
              </lines>
            </method>
            <method name="get_number" signature="()" line-rate="1" branch-rate="1" complexity="1">
              <lines>
                <line number="12" hits="64" branch="False" />
              </lines>
            </method>
            <method name="get_title" signature="()" line-rate="1" branch-rate="1" complexity="1">
              <lines>
                <line number="13" hits="64" branch="False" />
              </lines>
            </method>
            <method name="get_body" signature="()" line-rate="1" branch-rate="1" complexity="1">
              <lines>
                <line number="14" hits="33" branch="False" />
              </lines>
            </method>
          </methods>
          <lines>
            <line number="11" hits="64" branch="False" />
            <line number="12" hits="64" branch="False" />
            <line number="13" hits="64" branch="False" />
            <line number="14" hits="33" branch="False" />
          </lines>
        </class>
        <class name="RestSharpTestProject.GitHubAPITests" filename="OneDrive\Работен плот\QA Automation-Back-End Testing\02.API-Testing-C#\ApiTestingLab\RestSharpTestProject\RestSharpTests.cs" line-rate="1" branch-rate="1" complexity="7">
          <methods>
            <method name="Setup" signature="()" line-rate="1" branch-rate="1" complexity="1">
              <lines>
                <line number="14" hits="4" branch="False" />
                <line number="15" hits="4" branch="False" />
                <line number="16" hits="4" branch="False" />
                <line number="17" hits="4" branch="False" />
                <line number="18" hits="4" branch="False" />
                <line number="20" hits="4" branch="False" />
                <line number="21" hits="4" branch="False" />
              </lines>
            </method>
            <method name="Test_GitHubAPI_GetAllIssues" signature="()" line-rate="1" branch-rate="1" complexity="1">
              <lines>
                <line number="25" hits="1" branch="False" />
                <line number="27" hits="1" branch="False" />
                <line number="30" hits="1" branch="False" />
                <line number="33" hits="1" branch="False" />
                <line number="34" hits="1" branch="False" />
              </lines>
            </method>
            <method name="Test_GitHubAPI_GetAllIssues_Deserialize" signature="()" line-rate="1" branch-rate="1" complexity="2">
              <lines>
                <line number="38" hits="1" branch="False" />
                <line number="40" hits="1" branch="False" />
                <line number="43" hits="1" branch="False" />
                <line number="44" hits="1" branch="False" />
                <line number="47" hits="1" branch="False" />
                <line number="49" hits="63" branch="True" condition-coverage="100% (2/2)">
                  <conditions>
                    <condition number="162" type="jump" coverage="100%" />
                  </conditions>
                </line>
                <line number="50" hits="30" branch="False" />
                <line number="51" hits="30" branch="False" />
                <line number="52" hits="30" branch="False" />
                <line number="53" hits="30" branch="False" />
                <line number="54" hits="30" branch="False" />
                <line number="55" hits="1" branch="False" />
              </lines>
            </method>
            <method name="CreateIssue" signature="(System.String,System.String)" line-rate="1" branch-rate="1" complexity="1">
              <lines>
                <line number="59" hits="1" branch="False" />
                <line number="60" hits="1" branch="False" />
                <line number="61" hits="1" branch="False" />
                <line number="62" hits="1" branch="False" />
                <line number="63" hits="1" branch="False" />
                <line number="65" hits="1" branch="False" />
                <line number="66" hits="1" branch="False" />
              </lines>
            </method>
            <method name="Test_GitHubAPI_CreateGitHubIssue" signature="()" line-rate="1" branch-rate="1" complexity="1">
              <lines>
                <line number="70" hits="1" branch="False" />
                <line number="72" hits="1" branch="False" />
                <line number="73" hits="1" branch="False" />
                <line number="76" hits="1" branch="False" />
                <line number="79" hits="1" branch="False" />
                <line number="80" hits="1" branch="False" />
                <line number="81" hits="1" branch="False" />
                <line number="82" hits="1" branch="False" />
                <line number="83" hits="1" branch="False" />
              </lines>
            </method>
            <method name="Test_GitHubAPI_EditGitHubExistingIssue" signature="()" line-rate="1" branch-rate="1" complexity="1">
              <lines>
                <line number="87" hits="1" branch="False" />
                <line number="89" hits="1" branch="False" />
                <line number="90" hits="1" branch="False" />
                <line number="91" hits="1" branch="False" />
                <line number="92" hits="1" branch="False" />
                <line number="93" hits="1" branch="False" />
                <line number="96" hits="1" branch="False" />
                <line number="97" hits="1" branch="False" />
                <line number="100" hits="1" branch="False" />
                <line number="101" hits="1" branch="False" />
                <line number="102" hits="1" branch="False" />
                <line number="103" hits="1" branch="False" />
                <line number="104" hits="1" branch="False" />
                <line number="105" hits="1" branch="False" />
              </lines>
            </method>
          </methods>
          <lines>
            <line number="14" hits="4" branch="False" />
            <line number="15" hits="4" branch="False" />
            <line number="16" hits="4" branch="False" />
            <line number="17" hits="4" branch="False" />
            <line number="18" hits="4" branch="False" />
            <line number="20" hits="4" branch="False" />
            <line number="21" hits="4" branch="False" />
            <line number="25" hits="1" branch="False" />
            <line number="27" hits="1" branch="False" />
            <line number="30" hits="1" branch="False" />
            <line number="33" hits="1" branch="False" />
            <line number="34" hits="1" branch="False" />
            <line number="38" hits="1" branch="False" />
            <line number="40" hits="1" branch="False" />
            <line number="43" hits="1" branch="False" />
            <line number="44" hits="1" branch="False" />
            <line number="47" hits="1" branch="False" />
            <line number="49" hits="63" branch="True" condition-coverage="100% (2/2)">
              <conditions>
                <condition number="162" type="jump" coverage="100%" />
              </conditions>
            </line>
            <line number="50" hits="30" branch="False" />
            <line number="51" hits="30" branch="False" />
            <line number="52" hits="30" branch="False" />
            <line number="53" hits="30" branch="False" />
            <line number="54" hits="30" branch="False" />
            <line number="55" hits="1" branch="False" />
            <line number="59" hits="1" branch="False" />
            <line number="60" hits="1" branch="False" />
            <line number="61" hits="1" branch="False" />
            <line number="62" hits="1" branch="False" />
            <line number="63" hits="1" branch="False" />
            <line number="65" hits="1" branch="False" />
            <line number="66" hits="1" branch="False" />
            <line number="70" hits="1" branch="False" />
            <line number="72" hits="1" branch="False" />
            <line number="73" hits="1" branch="False" />
            <line number="76" hits="1" branch="False" />
            <line number="79" hits="1" branch="False" />
            <line number="80" hits="1" branch="False" />
            <line number="81" hits="1" branch="False" />
            <line number="82" hits="1" branch="False" />
            <line number="83" hits="1" branch="False" />
            <line number="87" hits="1" branch="False" />
            <line number="89" hits="1" branch="False" />
            <line number="90" hits="1" branch="False" />
            <line number="91" hits="1" branch="False" />
            <line number="92" hits="1" branch="False" />
            <line number="93" hits="1" branch="False" />
            <line number="96" hits="1" branch="False" />
            <line number="97" hits="1" branch="False" />
            <line number="100" hits="1" branch="False" />
            <line number="101" hits="1" branch="False" />
            <line number="102" hits="1" branch="False" />
            <line number="103" hits="1" branch="False" />
            <line number="104" hits="1" branch="False" />
            <line number="105" hits="1" branch="False" />
          </lines>
        </class>
      </classes>
    </package>
  </packages>
</coverage>