TpTrace Verbose: 0 : 11712, 1, 2024/03/12, 08:44:30.091, 5703955793179, vstest.console.dll, Version: 17.9.0-release-23627-01 Current process architecture: X64
TpTrace Verbose: 0 : 11712, 1, 2024/03/12, 08:44:30.096, 5703955846308, vstest.console.dll, Runtime location: C:\Program Files\dotnet\shared\Microsoft.NETCore.App\8.0.2
TpTrace Verbose: 0 : 11712, 1, 2024/03/12, 08:44:30.101, 5703955897269, vstest.console.dll, ArtifactProcessingPostProcessModeProcessorExecutor.Initialize: ArtifactProcessingMode.Collect
TpTrace Verbose: 0 : 11712, 1, 2024/03/12, 08:44:30.101, 5703955900377, vstest.console.dll, TestSessionCorrelationIdProcessorModeProcessorExecutor.Initialize: TestSessionCorrelationId '6172_b7e7560a-3881-4507-b075-d53dc092a130'
TpTrace Information: 0 : 11712, 1, 2024/03/12, 08:44:30.112, 5703956009829, vstest.console.dll, FilePatternParser: The given file C:\Users\simo7\OneDrive\Работен плот\QA Automation-Back-End Testing\04.Exercise-Web-Api-Controllers\Eventmi.Tests\bin\Debug\net6.0\fine-code-coverage\build-output\Eventmi.Tests.dll is a full path.
TpTrace Verbose: 0 : 11712, 1, 2024/03/12, 08:44:30.121, 5703956094031, vstest.console.dll, TestPluginCache.DiscoverTestExtensions: finding test extensions in assemblies ends with: RuntimeProvider.dll TPluginInfo: Microsoft.VisualStudio.TestPlatform.Common.ExtensionFramework.Utilities.TestRuntimePluginInformation TExtension: Microsoft.VisualStudio.TestPlatform.ObjectModel.Host.ITestRuntimeProvider
TpTrace Verbose: 0 : 11712, 1, 2024/03/12, 08:44:30.121, 5703956099259, vstest.console.dll, TestPluginCache.GetExtensionPaths: Filtered extension paths: 
TpTrace Verbose: 0 : 11712, 1, 2024/03/12, 08:44:30.121, 5703956101087, vstest.console.dll, TestPluginCache.GetExtensionPaths: Added default extension paths: C:\Program Files\dotnet\sdk\8.0.200\Extensions\Microsoft.Diagnostics.NETCore.Client.dll
C:\Program Files\dotnet\sdk\8.0.200\Extensions\Microsoft.TestPlatform.Extensions.BlameDataCollector.dll
C:\Program Files\dotnet\sdk\8.0.200\Extensions\Microsoft.TestPlatform.Extensions.EventLogCollector.dll
C:\Program Files\dotnet\sdk\8.0.200\Extensions\Microsoft.TestPlatform.TestHostRuntimeProvider.dll
C:\Program Files\dotnet\sdk\8.0.200\Extensions\Microsoft.VisualStudio.TestPlatform.Extensions.Html.TestLogger.dll
C:\Program Files\dotnet\sdk\8.0.200\Extensions\Microsoft.VisualStudio.TestPlatform.Extensions.Trx.TestLogger.dll
TpTrace Verbose: 0 : 11712, 1, 2024/03/12, 08:44:30.122, 5703956102585, vstest.console.dll, TestPluginCache.GetExtensionPaths: Added unfilterableExtensionPaths: 
TpTrace Information: 0 : 11712, 1, 2024/03/12, 08:44:30.123, 5703956112702, vstest.console.dll, AssemblyResolver.ctor: Creating AssemblyResolver with searchDirectories C:\Program Files\dotnet\sdk\8.0.200\Extensions,C:\Program Files\dotnet\sdk\8.0.200
TpTrace Verbose: 0 : 11712, 1, 2024/03/12, 08:44:30.125, 5703956137748, vstest.console.dll, TestPluginCache.DiscoverTestExtensions: Discovering the extensions using extension path.
TpTrace Verbose: 0 : 11712, 1, 2024/03/12, 08:44:30.125, 5703956140475, vstest.console.dll, TestPluginCache.GetExtensionPaths: Filtered extension paths: 
TpTrace Verbose: 0 : 11712, 1, 2024/03/12, 08:44:30.125, 5703956141485, vstest.console.dll, TestPluginCache.GetExtensionPaths: Added default extension paths: C:\Program Files\dotnet\sdk\8.0.200\Extensions\Microsoft.Diagnostics.NETCore.Client.dll
C:\Program Files\dotnet\sdk\8.0.200\Extensions\Microsoft.TestPlatform.Extensions.BlameDataCollector.dll
C:\Program Files\dotnet\sdk\8.0.200\Extensions\Microsoft.TestPlatform.Extensions.EventLogCollector.dll
C:\Program Files\dotnet\sdk\8.0.200\Extensions\Microsoft.TestPlatform.TestHostRuntimeProvider.dll
C:\Program Files\dotnet\sdk\8.0.200\Extensions\Microsoft.VisualStudio.TestPlatform.Extensions.Html.TestLogger.dll
C:\Program Files\dotnet\sdk\8.0.200\Extensions\Microsoft.VisualStudio.TestPlatform.Extensions.Trx.TestLogger.dll
TpTrace Verbose: 0 : 11712, 1, 2024/03/12, 08:44:30.125, 5703956142352, vstest.console.dll, TestPluginCache.GetExtensionPaths: Added unfilterableExtensionPaths: 
TpTrace Verbose: 0 : 11712, 1, 2024/03/12, 08:44:30.126, 5703956144556, vstest.console.dll, TestPluginCache.DiscoverTestExtensions: Discovering the extensions using allExtensionPaths: C:\Program Files\dotnet\sdk\8.0.200\Extensions\Microsoft.Diagnostics.NETCore.Client.dll
C:\Program Files\dotnet\sdk\8.0.200\Extensions\Microsoft.TestPlatform.Extensions.BlameDataCollector.dll
C:\Program Files\dotnet\sdk\8.0.200\Extensions\Microsoft.TestPlatform.Extensions.EventLogCollector.dll
C:\Program Files\dotnet\sdk\8.0.200\Extensions\Microsoft.TestPlatform.TestHostRuntimeProvider.dll
C:\Program Files\dotnet\sdk\8.0.200\Extensions\Microsoft.VisualStudio.TestPlatform.Extensions.Html.TestLogger.dll
C:\Program Files\dotnet\sdk\8.0.200\Extensions\Microsoft.VisualStudio.TestPlatform.Extensions.Trx.TestLogger.dll
TpTrace Information: 0 : 11712, 1, 2024/03/12, 08:44:30.126, 5703956146486, vstest.console.dll, AssemblyResolver.AddSearchDirectories: Adding more searchDirectories C:\Program Files\dotnet\sdk\8.0.200\Extensions,C:\Program Files\dotnet\sdk\8.0.200
TpTrace Information: 0 : 11712, 1, 2024/03/12, 08:44:30.126, 5703956147539, vstest.console.dll, AssemblyResolver.AddSearchDirectories: Adding more searchDirectories C:\Program Files\dotnet\sdk\8.0.200\Extensions,C:\Program Files\dotnet\sdk\8.0.200
TpTrace Information: 0 : 11712, 1, 2024/03/12, 08:44:30.126, 5703956148311, vstest.console.dll, AssemblyResolver.AddSearchDirectories: Adding more searchDirectories C:\Program Files\dotnet\sdk\8.0.200\Extensions,C:\Program Files\dotnet\sdk\8.0.200
TpTrace Information: 0 : 11712, 1, 2024/03/12, 08:44:30.126, 5703956149001, vstest.console.dll, AssemblyResolver.AddSearchDirectories: Adding more searchDirectories C:\Program Files\dotnet\sdk\8.0.200\Extensions,C:\Program Files\dotnet\sdk\8.0.200
TpTrace Information: 0 : 11712, 1, 2024/03/12, 08:44:30.126, 5703956149665, vstest.console.dll, AssemblyResolver.AddSearchDirectories: Adding more searchDirectories C:\Program Files\dotnet\sdk\8.0.200\Extensions,C:\Program Files\dotnet\sdk\8.0.200
TpTrace Information: 0 : 11712, 1, 2024/03/12, 08:44:30.126, 5703956150477, vstest.console.dll, AssemblyResolver.AddSearchDirectories: Adding more searchDirectories C:\Program Files\dotnet\sdk\8.0.200\Extensions,C:\Program Files\dotnet\sdk\8.0.200
TpTrace Information: 0 : 11712, 1, 2024/03/12, 08:44:30.127, 5703956157977, vstest.console.dll, AssemblyResolver.OnResolve: Microsoft.Diagnostics.NETCore.Client: Resolving assembly.
TpTrace Information: 0 : 11712, 1, 2024/03/12, 08:44:30.127, 5703956159300, vstest.console.dll, AssemblyResolver.OnResolve: Microsoft.Diagnostics.NETCore.Client: Searching in: 'C:\Program Files\dotnet\sdk\8.0.200\Extensions'.
TpTrace Information: 0 : 11712, 1, 2024/03/12, 08:44:30.141, 5703956297181, vstest.console.dll, AssemblyResolver.OnResolve: Microsoft.Diagnostics.NETCore.Client: Loading assembly 'C:\Program Files\dotnet\sdk\8.0.200\Extensions\Microsoft.Diagnostics.NETCore.Client.dll'.
TpTrace Information: 0 : 11712, 1, 2024/03/12, 08:44:30.143, 5703956313037, vstest.console.dll, AssemblyResolver.OnResolve: Resolved assembly: Microsoft.Diagnostics.NETCore.Client, from path: C:\Program Files\dotnet\sdk\8.0.200\Extensions\Microsoft.Diagnostics.NETCore.Client.dll
TpTrace Verbose: 0 : 11712, 1, 2024/03/12, 08:44:30.152, 5703956410727, vstest.console.dll, MetadataReaderExtensionsHelper: Discovering extensions inside assembly 'Microsoft.Diagnostics.NETCore.Client, Version=0.2.9.2401, Culture=neutral, PublicKeyToken=31bf3856ad364e35' file path 'C:\Program Files\dotnet\sdk\8.0.200\Extensions\Microsoft.Diagnostics.NETCore.Client.dll'
TpTrace Information: 0 : 11712, 1, 2024/03/12, 08:44:30.161, 5703956496969, vstest.console.dll, AssemblyResolver.OnResolve: Microsoft.Bcl.AsyncInterfaces: Resolving assembly.
TpTrace Information: 0 : 11712, 1, 2024/03/12, 08:44:30.161, 5703956498657, vstest.console.dll, AssemblyResolver.OnResolve: Microsoft.Bcl.AsyncInterfaces: Searching in: 'C:\Program Files\dotnet\sdk\8.0.200\Extensions'.
TpTrace Information: 0 : 11712, 1, 2024/03/12, 08:44:30.161, 5703956500583, vstest.console.dll, AssemblyResolver.OnResolve: Microsoft.Bcl.AsyncInterfaces: Assembly path does not exist: 'C:\Program Files\dotnet\sdk\8.0.200\Extensions\Microsoft.Bcl.AsyncInterfaces.dll', returning.
TpTrace Information: 0 : 11712, 1, 2024/03/12, 08:44:30.162, 5703956502782, vstest.console.dll, AssemblyResolver.OnResolve: Microsoft.Bcl.AsyncInterfaces: Assembly path does not exist: 'C:\Program Files\dotnet\sdk\8.0.200\Extensions\Microsoft.Bcl.AsyncInterfaces.exe', returning.
TpTrace Information: 0 : 11712, 1, 2024/03/12, 08:44:30.162, 5703956503701, vstest.console.dll, AssemblyResolver.OnResolve: Microsoft.Bcl.AsyncInterfaces: Searching in: 'C:\Program Files\dotnet\sdk\8.0.200'.
TpTrace Information: 0 : 11712, 1, 2024/03/12, 08:44:30.162, 5703956505942, vstest.console.dll, AssemblyResolver.OnResolve: Microsoft.Bcl.AsyncInterfaces: Assembly path does not exist: 'C:\Program Files\dotnet\sdk\8.0.200\Microsoft.Bcl.AsyncInterfaces.dll', returning.
TpTrace Information: 0 : 11712, 1, 2024/03/12, 08:44:30.162, 5703956507976, vstest.console.dll, AssemblyResolver.OnResolve: Microsoft.Bcl.AsyncInterfaces: Assembly path does not exist: 'C:\Program Files\dotnet\sdk\8.0.200\Microsoft.Bcl.AsyncInterfaces.exe', returning.
TpTrace Information: 0 : 11712, 1, 2024/03/12, 08:44:30.162, 5703956508714, vstest.console.dll, AssemblyResolver.OnResolve: Microsoft.Bcl.AsyncInterfaces: Failed to load assembly.
TpTrace Verbose: 0 : 11712, 1, 2024/03/12, 08:44:30.162, 5703956509649, vstest.console.dll, CurrentDomainAssemblyResolve: Resolving assembly 'Microsoft.Bcl.AsyncInterfaces'.
TpTrace Information: 0 : 11712, 1, 2024/03/12, 08:44:30.162, 5703956510867, vstest.console.dll, AssemblyResolver.OnResolve: Microsoft.Bcl.AsyncInterfaces: Resolving assembly.
TpTrace Information: 0 : 11712, 1, 2024/03/12, 08:44:30.162, 5703956511664, vstest.console.dll, AssemblyResolver.OnResolve: Microsoft.Bcl.AsyncInterfaces: Resolved from cache.
TpTrace Verbose: 0 : 11712, 1, 2024/03/12, 08:44:30.162, 5703956512268, vstest.console.dll, CurrentDomainAssemblyResolve: Resolving assembly 'Microsoft.Bcl.AsyncInterfaces'.
TpTrace Verbose: 0 : 11712, 1, 2024/03/12, 08:44:30.163, 5703956512991, vstest.console.dll, CurrentDomainAssemblyResolve: Failed to resolve assembly 'Microsoft.Bcl.AsyncInterfaces'.
TpTrace Verbose: 0 : 11712, 1, 2024/03/12, 08:44:30.166, 5703956545378, vstest.console.dll, CurrentDomainAssemblyResolve: Failed to resolve assembly 'Microsoft.Bcl.AsyncInterfaces'.
TpTrace Warning: 0 : 11712, 1, 2024/03/12, 08:44:30.185, 5703956735942, vstest.console.dll, TestPluginDiscoverer: Failed to get types from assembly 'Microsoft.Diagnostics.NETCore.Client, Version=0.2.9.2401, Culture=neutral, PublicKeyToken=31bf3856ad364e35'. Error: System.Reflection.ReflectionTypeLoadException: Unable to load one or more of the requested types.
Could not load file or assembly 'Microsoft.Bcl.AsyncInterfaces, Version=6.0.0.0, Culture=neutral, PublicKeyToken=cc7b13ffcd2ddd51'. The system cannot find the file specified.
   at System.Reflection.RuntimeModule.GetTypes(RuntimeModule module)
   at System.Reflection.RuntimeModule.GetTypes()
   at Microsoft.VisualStudio.TestPlatform.Common.ExtensionFramework.TestPluginDiscoverer.GetTestExtensionsFromAssembly[TPluginInfo,TExtension](Assembly assembly, Dictionary`2 pluginInfos, String filePath) in /_/src/Microsoft.TestPlatform.Common/ExtensionFramework/TestPluginDiscoverer.cs:line 158
System.IO.FileNotFoundException: Could not load file or assembly 'Microsoft.Bcl.AsyncInterfaces, Version=6.0.0.0, Culture=neutral, PublicKeyToken=cc7b13ffcd2ddd51'. The system cannot find the file specified.
File name: 'Microsoft.Bcl.AsyncInterfaces, Version=6.0.0.0, Culture=neutral, PublicKeyToken=cc7b13ffcd2ddd51'
 ---> System.IO.FileNotFoundException: Could not load file or assembly 'Microsoft.Bcl.AsyncInterfaces, Culture=neutral, PublicKeyToken=null'. The system cannot find the file specified.
File name: 'Microsoft.Bcl.AsyncInterfaces, Culture=neutral, PublicKeyToken=null'
   at System.Reflection.RuntimeAssembly.InternalLoad(AssemblyName assemblyName, StackCrawlMark& stackMark, AssemblyLoadContext assemblyLoadContext, RuntimeAssembly requestingAssembly, Boolean throwOnFileNotFound)
   at System.Reflection.Assembly.Load(AssemblyName assemblyRef)
   at Microsoft.VisualStudio.TestPlatform.Common.ExtensionFramework.TestPluginCache.CurrentDomainAssemblyResolve(Object sender, AssemblyResolveEventArgs args) in /_/src/Microsoft.TestPlatform.Common/ExtensionFramework/TestPluginCache.cs:line 513
   at System.Runtime.Loader.AssemblyLoadContext.GetFirstResolvedAssemblyFromResolvingEvent(AssemblyName assemblyName)
   at System.Runtime.Loader.AssemblyLoadContext.ResolveUsingEvent(AssemblyName assemblyName)
   at System.Runtime.Loader.AssemblyLoadContext.ResolveUsingResolvingEvent(IntPtr gchManagedAssemblyLoadContext, AssemblyName assemblyName)
TpTrace Warning: 0 : 11712, 1, 2024/03/12, 08:44:30.185, 5703956741378, vstest.console.dll, LoaderExceptions: System.IO.FileNotFoundException: Could not load file or assembly 'Microsoft.Bcl.AsyncInterfaces, Version=6.0.0.0, Culture=neutral, PublicKeyToken=cc7b13ffcd2ddd51'. The system cannot find the file specified.
File name: 'Microsoft.Bcl.AsyncInterfaces, Version=6.0.0.0, Culture=neutral, PublicKeyToken=cc7b13ffcd2ddd51'
 ---> System.IO.FileNotFoundException: Could not load file or assembly 'Microsoft.Bcl.AsyncInterfaces, Culture=neutral, PublicKeyToken=null'. The system cannot find the file specified.
File name: 'Microsoft.Bcl.AsyncInterfaces, Culture=neutral, PublicKeyToken=null'
   at System.Reflection.RuntimeAssembly.InternalLoad(AssemblyName assemblyName, StackCrawlMark& stackMark, AssemblyLoadContext assemblyLoadContext, RuntimeAssembly requestingAssembly, Boolean throwOnFileNotFound)
   at System.Reflection.Assembly.Load(AssemblyName assemblyRef)
   at Microsoft.VisualStudio.TestPlatform.Common.ExtensionFramework.TestPluginCache.CurrentDomainAssemblyResolve(Object sender, AssemblyResolveEventArgs args) in /_/src/Microsoft.TestPlatform.Common/ExtensionFramework/TestPluginCache.cs:line 513
   at System.Runtime.Loader.AssemblyLoadContext.GetFirstResolvedAssemblyFromResolvingEvent(AssemblyName assemblyName)
   at System.Runtime.Loader.AssemblyLoadContext.ResolveUsingEvent(AssemblyName assemblyName)
   at System.Runtime.Loader.AssemblyLoadContext.ResolveUsingResolvingEvent(IntPtr gchManagedAssemblyLoadContext, AssemblyName assemblyName)
TpTrace Information: 0 : 11712, 1, 2024/03/12, 08:44:30.186, 5703956744066, vstest.console.dll, AssemblyResolver.OnResolve: Microsoft.TestPlatform.Extensions.BlameDataCollector: Resolving assembly.
TpTrace Information: 0 : 11712, 1, 2024/03/12, 08:44:30.186, 5703956745224, vstest.console.dll, AssemblyResolver.OnResolve: Microsoft.TestPlatform.Extensions.BlameDataCollector: Searching in: 'C:\Program Files\dotnet\sdk\8.0.200\Extensions'.
TpTrace Information: 0 : 11712, 1, 2024/03/12, 08:44:30.187, 5703956754566, vstest.console.dll, AssemblyResolver.OnResolve: Microsoft.TestPlatform.Extensions.BlameDataCollector: Loading assembly 'C:\Program Files\dotnet\sdk\8.0.200\Extensions\Microsoft.TestPlatform.Extensions.BlameDataCollector.dll'.
TpTrace Information: 0 : 11712, 1, 2024/03/12, 08:44:30.188, 5703956766611, vstest.console.dll, AssemblyResolver.OnResolve: Resolved assembly: Microsoft.TestPlatform.Extensions.BlameDataCollector, from path: C:\Program Files\dotnet\sdk\8.0.200\Extensions\Microsoft.TestPlatform.Extensions.BlameDataCollector.dll
TpTrace Verbose: 0 : 11712, 1, 2024/03/12, 08:44:30.188, 5703956769081, vstest.console.dll, MetadataReaderExtensionsHelper: Discovering extensions inside assembly 'Microsoft.TestPlatform.Extensions.BlameDataCollector, Version=15.0.0.0, Culture=neutral, PublicKeyToken=b03f5f7f11d50a3a' file path 'C:\Program Files\dotnet\sdk\8.0.200\Extensions\Microsoft.TestPlatform.Extensions.BlameDataCollector.dll'
TpTrace Information: 0 : 11712, 1, 2024/03/12, 08:44:30.191, 5703956800368, vstest.console.dll, AssemblyResolver.OnResolve: Microsoft.TestPlatform.Extensions.EventLogCollector: Resolving assembly.
TpTrace Information: 0 : 11712, 1, 2024/03/12, 08:44:30.192, 5703956802653, vstest.console.dll, AssemblyResolver.OnResolve: Microsoft.TestPlatform.Extensions.EventLogCollector: Searching in: 'C:\Program Files\dotnet\sdk\8.0.200\Extensions'.
TpTrace Information: 0 : 11712, 1, 2024/03/12, 08:44:30.193, 5703956813134, vstest.console.dll, AssemblyResolver.OnResolve: Microsoft.TestPlatform.Extensions.EventLogCollector: Loading assembly 'C:\Program Files\dotnet\sdk\8.0.200\Extensions\Microsoft.TestPlatform.Extensions.EventLogCollector.dll'.
TpTrace Information: 0 : 11712, 1, 2024/03/12, 08:44:30.194, 5703956822673, vstest.console.dll, AssemblyResolver.OnResolve: Resolved assembly: Microsoft.TestPlatform.Extensions.EventLogCollector, from path: C:\Program Files\dotnet\sdk\8.0.200\Extensions\Microsoft.TestPlatform.Extensions.EventLogCollector.dll
TpTrace Verbose: 0 : 11712, 1, 2024/03/12, 08:44:30.194, 5703956824580, vstest.console.dll, MetadataReaderExtensionsHelper: Discovering extensions inside assembly 'Microsoft.TestPlatform.Extensions.EventLogCollector, Version=15.0.0.0, Culture=neutral, PublicKeyToken=b03f5f7f11d50a3a' file path 'C:\Program Files\dotnet\sdk\8.0.200\Extensions\Microsoft.TestPlatform.Extensions.EventLogCollector.dll'
TpTrace Information: 0 : 11712, 1, 2024/03/12, 08:44:30.199, 5703956878340, vstest.console.dll, AssemblyResolver.OnResolve: Microsoft.TestPlatform.TestHostRuntimeProvider: Resolving assembly.
TpTrace Information: 0 : 11712, 1, 2024/03/12, 08:44:30.199, 5703956879983, vstest.console.dll, AssemblyResolver.OnResolve: Microsoft.TestPlatform.TestHostRuntimeProvider: Searching in: 'C:\Program Files\dotnet\sdk\8.0.200\Extensions'.
TpTrace Information: 0 : 11712, 1, 2024/03/12, 08:44:30.200, 5703956888978, vstest.console.dll, AssemblyResolver.OnResolve: Microsoft.TestPlatform.TestHostRuntimeProvider: Loading assembly 'C:\Program Files\dotnet\sdk\8.0.200\Extensions\Microsoft.TestPlatform.TestHostRuntimeProvider.dll'.
TpTrace Information: 0 : 11712, 1, 2024/03/12, 08:44:30.201, 5703956899342, vstest.console.dll, AssemblyResolver.OnResolve: Resolved assembly: Microsoft.TestPlatform.TestHostRuntimeProvider, from path: C:\Program Files\dotnet\sdk\8.0.200\Extensions\Microsoft.TestPlatform.TestHostRuntimeProvider.dll
TpTrace Verbose: 0 : 11712, 1, 2024/03/12, 08:44:30.201, 5703956901959, vstest.console.dll, MetadataReaderExtensionsHelper: Discovering extensions inside assembly 'Microsoft.TestPlatform.TestHostRuntimeProvider, Version=15.0.0.0, Culture=neutral, PublicKeyToken=b03f5f7f11d50a3a' file path 'C:\Program Files\dotnet\sdk\8.0.200\Extensions\Microsoft.TestPlatform.TestHostRuntimeProvider.dll'
TpTrace Information: 0 : 11712, 1, 2024/03/12, 08:44:30.204, 5703956931297, vstest.console.dll, GetTestExtensionFromType: Register extension with identifier data 'HostProvider://DefaultTestHost' and type 'Microsoft.VisualStudio.TestPlatform.CrossPlatEngine.Hosting.DefaultTestHostManager, Microsoft.TestPlatform.TestHostRuntimeProvider, Version=15.0.0.0, Culture=neutral, PublicKeyToken=b03f5f7f11d50a3a' inside file 'C:\Program Files\dotnet\sdk\8.0.200\Extensions\Microsoft.TestPlatform.TestHostRuntimeProvider.dll'
TpTrace Information: 0 : 11712, 1, 2024/03/12, 08:44:30.205, 5703956936335, vstest.console.dll, GetTestExtensionFromType: Register extension with identifier data 'HostProvider://DotnetTestHost' and type 'Microsoft.VisualStudio.TestPlatform.CrossPlatEngine.Hosting.DotnetTestHostManager, Microsoft.TestPlatform.TestHostRuntimeProvider, Version=15.0.0.0, Culture=neutral, PublicKeyToken=b03f5f7f11d50a3a' inside file 'C:\Program Files\dotnet\sdk\8.0.200\Extensions\Microsoft.TestPlatform.TestHostRuntimeProvider.dll'
TpTrace Information: 0 : 11712, 1, 2024/03/12, 08:44:30.205, 5703956938152, vstest.console.dll, AssemblyResolver.OnResolve: Microsoft.VisualStudio.TestPlatform.Extensions.Html.TestLogger: Resolving assembly.
TpTrace Information: 0 : 11712, 1, 2024/03/12, 08:44:30.205, 5703956939182, vstest.console.dll, AssemblyResolver.OnResolve: Microsoft.VisualStudio.TestPlatform.Extensions.Html.TestLogger: Searching in: 'C:\Program Files\dotnet\sdk\8.0.200\Extensions'.
TpTrace Information: 0 : 11712, 1, 2024/03/12, 08:44:30.206, 5703956948912, vstest.console.dll, AssemblyResolver.OnResolve: Microsoft.VisualStudio.TestPlatform.Extensions.Html.TestLogger: Loading assembly 'C:\Program Files\dotnet\sdk\8.0.200\Extensions\Microsoft.VisualStudio.TestPlatform.Extensions.Html.TestLogger.dll'.
TpTrace Information: 0 : 11712, 1, 2024/03/12, 08:44:30.207, 5703956958870, vstest.console.dll, AssemblyResolver.OnResolve: Resolved assembly: Microsoft.VisualStudio.TestPlatform.Extensions.Html.TestLogger, from path: C:\Program Files\dotnet\sdk\8.0.200\Extensions\Microsoft.VisualStudio.TestPlatform.Extensions.Html.TestLogger.dll
TpTrace Verbose: 0 : 11712, 1, 2024/03/12, 08:44:30.207, 5703956960782, vstest.console.dll, MetadataReaderExtensionsHelper: Discovering extensions inside assembly 'Microsoft.VisualStudio.TestPlatform.Extensions.Html.TestLogger, Version=15.0.0.0, Culture=neutral, PublicKeyToken=b03f5f7f11d50a3a' file path 'C:\Program Files\dotnet\sdk\8.0.200\Extensions\Microsoft.VisualStudio.TestPlatform.Extensions.Html.TestLogger.dll'
TpTrace Information: 0 : 11712, 1, 2024/03/12, 08:44:30.209, 5703956980967, vstest.console.dll, AssemblyResolver.OnResolve: Microsoft.VisualStudio.TestPlatform.Extensions.Trx.TestLogger: Resolving assembly.
TpTrace Information: 0 : 11712, 1, 2024/03/12, 08:44:30.210, 5703956983004, vstest.console.dll, AssemblyResolver.OnResolve: Microsoft.VisualStudio.TestPlatform.Extensions.Trx.TestLogger: Searching in: 'C:\Program Files\dotnet\sdk\8.0.200\Extensions'.
TpTrace Information: 0 : 11712, 1, 2024/03/12, 08:44:30.211, 5703956992727, vstest.console.dll, AssemblyResolver.OnResolve: Microsoft.VisualStudio.TestPlatform.Extensions.Trx.TestLogger: Loading assembly 'C:\Program Files\dotnet\sdk\8.0.200\Extensions\Microsoft.VisualStudio.TestPlatform.Extensions.Trx.TestLogger.dll'.
TpTrace Information: 0 : 11712, 1, 2024/03/12, 08:44:30.212, 5703957003712, vstest.console.dll, AssemblyResolver.OnResolve: Resolved assembly: Microsoft.VisualStudio.TestPlatform.Extensions.Trx.TestLogger, from path: C:\Program Files\dotnet\sdk\8.0.200\Extensions\Microsoft.VisualStudio.TestPlatform.Extensions.Trx.TestLogger.dll
TpTrace Verbose: 0 : 11712, 1, 2024/03/12, 08:44:30.212, 5703957006467, vstest.console.dll, MetadataReaderExtensionsHelper: Discovering extensions inside assembly 'Microsoft.VisualStudio.TestPlatform.Extensions.Trx.TestLogger, Version=15.0.0.0, Culture=neutral, PublicKeyToken=b03f5f7f11d50a3a' file path 'C:\Program Files\dotnet\sdk\8.0.200\Extensions\Microsoft.VisualStudio.TestPlatform.Extensions.Trx.TestLogger.dll'
TpTrace Verbose: 0 : 11712, 1, 2024/03/12, 08:44:30.216, 5703957043073, vstest.console.dll, TestPluginCache: Discovered the extensions using extension path ''.
TpTrace Verbose: 0 : 11712, 1, 2024/03/12, 08:44:30.216, 5703957045616, vstest.console.dll, TestPluginCache: Discoverers are ''.
TpTrace Verbose: 0 : 11712, 1, 2024/03/12, 08:44:30.216, 5703957047091, vstest.console.dll, TestPluginCache: Executors are ''.
TpTrace Verbose: 0 : 11712, 1, 2024/03/12, 08:44:30.216, 5703957048125, vstest.console.dll, TestPluginCache: Executors2 are ''.
TpTrace Verbose: 0 : 11712, 1, 2024/03/12, 08:44:30.216, 5703957049021, vstest.console.dll, TestPluginCache: Setting providers are ''.
TpTrace Verbose: 0 : 11712, 1, 2024/03/12, 08:44:30.216, 5703957049932, vstest.console.dll, TestPluginCache: Loggers are ''.
TpTrace Verbose: 0 : 11712, 1, 2024/03/12, 08:44:30.217, 5703957054351, vstest.console.dll, TestPluginCache: TestHosts are 'HostProvider://DefaultTestHost,HostProvider://DotnetTestHost'.
TpTrace Verbose: 0 : 11712, 1, 2024/03/12, 08:44:30.217, 5703957055663, vstest.console.dll, TestPluginCache: DataCollectors are ''.
TpTrace Information: 0 : 11712, 1, 2024/03/12, 08:44:30.244, 5703957325425, vstest.console.dll, RunTestsArgumentProcessor:Execute: Test run is starting.
TpTrace Verbose: 0 : 11712, 1, 2024/03/12, 08:44:30.244, 5703957328442, vstest.console.dll, RunTestsArgumentProcessor:Execute: Queuing Test run.
TpTrace Information: 0 : 11712, 1, 2024/03/12, 08:44:30.245, 5703957338053, vstest.console.dll, TestRequestManager.RunTests: run tests started.
TpTrace Information: 0 : 11712, 1, 2024/03/12, 08:44:30.247, 5703957361889, vstest.console.dll, AssemblyMetadataProvider.GetFrameworkName: Determined framework:'.NETCoreApp,Version=v6.0' for source: 'C:\Users\simo7\OneDrive\Работен плот\QA Automation-Back-End Testing\04.Exercise-Web-Api-Controllers\Eventmi.Tests\bin\Debug\net6.0\fine-code-coverage\build-output\Eventmi.Tests.dll'
TpTrace Information: 0 : 11712, 1, 2024/03/12, 08:44:30.248, 5703957365621, vstest.console.dll, Determined framework for all sources: .NETCoreApp,Version=v6.0
TpTrace Verbose: 0 : 11712, 1, 2024/03/12, 08:44:30.249, 5703957373729, vstest.console.dll, TestRequestManager.UpdateRunSettingsIfRequired: Default architecture: X64 IsDefaultTargetArchitecture: True, Current process architecture: X64 OperatingSystem: Windows.
TpTrace Information: 0 : 11712, 1, 2024/03/12, 08:44:30.253, 5703957414840, vstest.console.dll, AssemblyMetadataProvider.GetArchitecture: Determined architecture:AnyCPU info for assembly: C:\Users\simo7\OneDrive\Работен плот\QA Automation-Back-End Testing\04.Exercise-Web-Api-Controllers\Eventmi.Tests\bin\Debug\net6.0\fine-code-coverage\build-output\Eventmi.Tests.dll
TpTrace Information: 0 : 11712, 1, 2024/03/12, 08:44:30.253, 5703957416756, vstest.console.dll, Determined platform for source 'C:\Users\simo7\OneDrive\Работен плот\QA Automation-Back-End Testing\04.Exercise-Web-Api-Controllers\Eventmi.Tests\bin\Debug\net6.0\fine-code-coverage\build-output\Eventmi.Tests.dll' was AnyCPU and it will use the default plaform X64.
TpTrace Information: 0 : 11712, 1, 2024/03/12, 08:44:30.253, 5703957417975, vstest.console.dll, None of the sources provided any runnable platform, using the default platform: X64
TpTrace Information: 0 : 11712, 1, 2024/03/12, 08:44:30.253, 5703957419786, vstest.console.dll, Platform was updated to 'X64'.
TpTrace Information: 0 : 11712, 1, 2024/03/12, 08:44:30.257, 5703957457606, vstest.console.dll, InferRunSettingsHelper.IsTestSettingsEnabled: Unable to navigate to RunSettings/MSTest. Current node: RunSettings
TpTrace Information: 0 : 11712, 1, 2024/03/12, 08:44:30.258, 5703957467197, vstest.console.dll, AssemblyResolver.OnResolve: Microsoft.VisualStudio.TestPlatform.Fakes: Resolving assembly.
TpTrace Information: 0 : 11712, 1, 2024/03/12, 08:44:30.258, 5703957468339, vstest.console.dll, AssemblyResolver.OnResolve: Microsoft.VisualStudio.TestPlatform.Fakes: Searching in: 'C:\Program Files\dotnet\sdk\8.0.200\Extensions'.
TpTrace Information: 0 : 11712, 1, 2024/03/12, 08:44:30.258, 5703957470011, vstest.console.dll, AssemblyResolver.OnResolve: Microsoft.VisualStudio.TestPlatform.Fakes: Assembly path does not exist: 'C:\Program Files\dotnet\sdk\8.0.200\Extensions\Microsoft.VisualStudio.TestPlatform.Fakes.dll', returning.
TpTrace Information: 0 : 11712, 1, 2024/03/12, 08:44:30.258, 5703957472265, vstest.console.dll, AssemblyResolver.OnResolve: Microsoft.VisualStudio.TestPlatform.Fakes: Assembly path does not exist: 'C:\Program Files\dotnet\sdk\8.0.200\Extensions\Microsoft.VisualStudio.TestPlatform.Fakes.exe', returning.
TpTrace Information: 0 : 11712, 1, 2024/03/12, 08:44:30.259, 5703957473792, vstest.console.dll, AssemblyResolver.OnResolve: Microsoft.VisualStudio.TestPlatform.Fakes: Searching in: 'C:\Program Files\dotnet\sdk\8.0.200'.
TpTrace Information: 0 : 11712, 1, 2024/03/12, 08:44:30.259, 5703957476226, vstest.console.dll, AssemblyResolver.OnResolve: Microsoft.VisualStudio.TestPlatform.Fakes: Assembly path does not exist: 'C:\Program Files\dotnet\sdk\8.0.200\Microsoft.VisualStudio.TestPlatform.Fakes.dll', returning.
TpTrace Information: 0 : 11712, 1, 2024/03/12, 08:44:30.259, 5703957478160, vstest.console.dll, AssemblyResolver.OnResolve: Microsoft.VisualStudio.TestPlatform.Fakes: Assembly path does not exist: 'C:\Program Files\dotnet\sdk\8.0.200\Microsoft.VisualStudio.TestPlatform.Fakes.exe', returning.
TpTrace Information: 0 : 11712, 1, 2024/03/12, 08:44:30.259, 5703957479202, vstest.console.dll, AssemblyResolver.OnResolve: Microsoft.VisualStudio.TestPlatform.Fakes: Failed to load assembly.
TpTrace Information: 0 : 11712, 1, 2024/03/12, 08:44:30.260, 5703957488943, vstest.console.dll, Failed to load assembly Microsoft.VisualStudio.TestPlatform.Fakes, Version=17.0.0.0, Culture=neutral. Reason:System.IO.FileNotFoundException: Could not load file or assembly 'Microsoft.VisualStudio.TestPlatform.Fakes, Version=17.0.0.0, Culture=neutral, PublicKeyToken=null'. The system cannot find the file specified.
File name: 'Microsoft.VisualStudio.TestPlatform.Fakes, Version=17.0.0.0, Culture=neutral, PublicKeyToken=null'
   at System.Reflection.RuntimeAssembly.InternalLoad(AssemblyName assemblyName, StackCrawlMark& stackMark, AssemblyLoadContext assemblyLoadContext, RuntimeAssembly requestingAssembly, Boolean throwOnFileNotFound)
   at System.Reflection.Assembly.Load(AssemblyName assemblyRef)
   at Microsoft.VisualStudio.TestPlatform.Common.Utilities.FakesUtilities.LoadTestPlatformAssembly() in /_/src/Microsoft.TestPlatform.Common/Utilities/FakesUtilities.cs:line 272
TpTrace Verbose: 0 : 11712, 1, 2024/03/12, 08:44:30.267, 5703957555404, vstest.console.dll, TestPluginCache.DiscoverTestExtensions: finding test extensions in assemblies ends with: TestLogger.dll TPluginInfo: Microsoft.VisualStudio.TestPlatform.Common.ExtensionFramework.Utilities.TestLoggerPluginInformation TExtension: Microsoft.VisualStudio.TestPlatform.ObjectModel.Client.ITestLogger
TpTrace Verbose: 0 : 11712, 1, 2024/03/12, 08:44:30.267, 5703957557334, vstest.console.dll, TestPluginCache.GetExtensionPaths: Filtered extension paths: 
TpTrace Verbose: 0 : 11712, 1, 2024/03/12, 08:44:30.267, 5703957558225, vstest.console.dll, TestPluginCache.GetExtensionPaths: Added default extension paths: C:\Program Files\dotnet\sdk\8.0.200\Extensions\Microsoft.Diagnostics.NETCore.Client.dll
C:\Program Files\dotnet\sdk\8.0.200\Extensions\Microsoft.TestPlatform.Extensions.BlameDataCollector.dll
C:\Program Files\dotnet\sdk\8.0.200\Extensions\Microsoft.TestPlatform.Extensions.EventLogCollector.dll
C:\Program Files\dotnet\sdk\8.0.200\Extensions\Microsoft.TestPlatform.TestHostRuntimeProvider.dll
C:\Program Files\dotnet\sdk\8.0.200\Extensions\Microsoft.VisualStudio.TestPlatform.Extensions.Html.TestLogger.dll
C:\Program Files\dotnet\sdk\8.0.200\Extensions\Microsoft.VisualStudio.TestPlatform.Extensions.Trx.TestLogger.dll
TpTrace Verbose: 0 : 11712, 1, 2024/03/12, 08:44:30.267, 5703957558947, vstest.console.dll, TestPluginCache.GetExtensionPaths: Added unfilterableExtensionPaths: 
TpTrace Information: 0 : 11712, 1, 2024/03/12, 08:44:30.267, 5703957561096, vstest.console.dll, AssemblyResolver.AddSearchDirectories: Adding more searchDirectories C:\Program Files\dotnet\sdk\8.0.200\Extensions,C:\Program Files\dotnet\sdk\8.0.200
TpTrace Verbose: 0 : 11712, 1, 2024/03/12, 08:44:30.267, 5703957561934, vstest.console.dll, TestPluginCache.DiscoverTestExtensions: Discovering the extensions using extension path.
TpTrace Verbose: 0 : 11712, 1, 2024/03/12, 08:44:30.268, 5703957562621, vstest.console.dll, TestPluginCache.GetExtensionPaths: Filtered extension paths: 
TpTrace Verbose: 0 : 11712, 1, 2024/03/12, 08:44:30.268, 5703957563208, vstest.console.dll, TestPluginCache.GetExtensionPaths: Added default extension paths: C:\Program Files\dotnet\sdk\8.0.200\Extensions\Microsoft.Diagnostics.NETCore.Client.dll
C:\Program Files\dotnet\sdk\8.0.200\Extensions\Microsoft.TestPlatform.Extensions.BlameDataCollector.dll
C:\Program Files\dotnet\sdk\8.0.200\Extensions\Microsoft.TestPlatform.Extensions.EventLogCollector.dll
C:\Program Files\dotnet\sdk\8.0.200\Extensions\Microsoft.TestPlatform.TestHostRuntimeProvider.dll
C:\Program Files\dotnet\sdk\8.0.200\Extensions\Microsoft.VisualStudio.TestPlatform.Extensions.Html.TestLogger.dll
C:\Program Files\dotnet\sdk\8.0.200\Extensions\Microsoft.VisualStudio.TestPlatform.Extensions.Trx.TestLogger.dll
TpTrace Verbose: 0 : 11712, 1, 2024/03/12, 08:44:30.268, 5703957563819, vstest.console.dll, TestPluginCache.GetExtensionPaths: Added unfilterableExtensionPaths: 
TpTrace Verbose: 0 : 11712, 1, 2024/03/12, 08:44:30.268, 5703957564688, vstest.console.dll, TestPluginCache.DiscoverTestExtensions: Discovering the extensions using allExtensionPaths: C:\Program Files\dotnet\sdk\8.0.200\Extensions\Microsoft.Diagnostics.NETCore.Client.dll
C:\Program Files\dotnet\sdk\8.0.200\Extensions\Microsoft.TestPlatform.Extensions.BlameDataCollector.dll
C:\Program Files\dotnet\sdk\8.0.200\Extensions\Microsoft.TestPlatform.Extensions.EventLogCollector.dll
C:\Program Files\dotnet\sdk\8.0.200\Extensions\Microsoft.TestPlatform.TestHostRuntimeProvider.dll
C:\Program Files\dotnet\sdk\8.0.200\Extensions\Microsoft.VisualStudio.TestPlatform.Extensions.Html.TestLogger.dll
C:\Program Files\dotnet\sdk\8.0.200\Extensions\Microsoft.VisualStudio.TestPlatform.Extensions.Trx.TestLogger.dll
TpTrace Information: 0 : 11712, 1, 2024/03/12, 08:44:30.268, 5703957565619, vstest.console.dll, AssemblyResolver.AddSearchDirectories: Adding more searchDirectories C:\Program Files\dotnet\sdk\8.0.200\Extensions,C:\Program Files\dotnet\sdk\8.0.200
TpTrace Information: 0 : 11712, 1, 2024/03/12, 08:44:30.268, 5703957566302, vstest.console.dll, AssemblyResolver.AddSearchDirectories: Adding more searchDirectories C:\Program Files\dotnet\sdk\8.0.200\Extensions,C:\Program Files\dotnet\sdk\8.0.200
TpTrace Information: 0 : 11712, 1, 2024/03/12, 08:44:30.268, 5703957566953, vstest.console.dll, AssemblyResolver.AddSearchDirectories: Adding more searchDirectories C:\Program Files\dotnet\sdk\8.0.200\Extensions,C:\Program Files\dotnet\sdk\8.0.200
TpTrace Information: 0 : 11712, 1, 2024/03/12, 08:44:30.268, 5703957567581, vstest.console.dll, AssemblyResolver.AddSearchDirectories: Adding more searchDirectories C:\Program Files\dotnet\sdk\8.0.200\Extensions,C:\Program Files\dotnet\sdk\8.0.200
TpTrace Information: 0 : 11712, 1, 2024/03/12, 08:44:30.268, 5703957568201, vstest.console.dll, AssemblyResolver.AddSearchDirectories: Adding more searchDirectories C:\Program Files\dotnet\sdk\8.0.200\Extensions,C:\Program Files\dotnet\sdk\8.0.200
TpTrace Information: 0 : 11712, 1, 2024/03/12, 08:44:30.268, 5703957568829, vstest.console.dll, AssemblyResolver.AddSearchDirectories: Adding more searchDirectories C:\Program Files\dotnet\sdk\8.0.200\Extensions,C:\Program Files\dotnet\sdk\8.0.200
TpTrace Verbose: 0 : 11712, 1, 2024/03/12, 08:44:30.268, 5703957570486, vstest.console.dll, MetadataReaderExtensionsHelper: Discovering extensions inside assembly 'Microsoft.Diagnostics.NETCore.Client, Version=0.2.9.2401, Culture=neutral, PublicKeyToken=31bf3856ad364e35' file path 'C:\Program Files\dotnet\sdk\8.0.200\Extensions\Microsoft.Diagnostics.NETCore.Client.dll'
TpTrace Information: 0 : 11712, 1, 2024/03/12, 08:44:30.269, 5703957581925, vstest.console.dll, AssemblyResolver.OnResolve: Microsoft.Bcl.AsyncInterfaces: Resolving assembly.
TpTrace Information: 0 : 11712, 1, 2024/03/12, 08:44:30.270, 5703957583244, vstest.console.dll, AssemblyResolver.OnResolve: Microsoft.Bcl.AsyncInterfaces: Resolved from cache.
TpTrace Verbose: 0 : 11712, 1, 2024/03/12, 08:44:30.270, 5703957584525, vstest.console.dll, CurrentDomainAssemblyResolve: Resolving assembly 'Microsoft.Bcl.AsyncInterfaces'.
TpTrace Information: 0 : 11712, 1, 2024/03/12, 08:44:30.270, 5703957585800, vstest.console.dll, AssemblyResolver.OnResolve: Microsoft.Bcl.AsyncInterfaces: Resolving assembly.
TpTrace Information: 0 : 11712, 1, 2024/03/12, 08:44:30.270, 5703957586475, vstest.console.dll, AssemblyResolver.OnResolve: Microsoft.Bcl.AsyncInterfaces: Resolved from cache.
TpTrace Verbose: 0 : 11712, 1, 2024/03/12, 08:44:30.270, 5703957587066, vstest.console.dll, CurrentDomainAssemblyResolve: Resolving assembly 'Microsoft.Bcl.AsyncInterfaces'.
TpTrace Verbose: 0 : 11712, 1, 2024/03/12, 08:44:30.270, 5703957587613, vstest.console.dll, CurrentDomainAssemblyResolve: Failed to resolve assembly 'Microsoft.Bcl.AsyncInterfaces'.
TpTrace Verbose: 0 : 11712, 1, 2024/03/12, 08:44:30.270, 5703957589682, vstest.console.dll, CurrentDomainAssemblyResolve: Failed to resolve assembly 'Microsoft.Bcl.AsyncInterfaces'.
TpTrace Warning: 0 : 11712, 1, 2024/03/12, 08:44:30.271, 5703957595765, vstest.console.dll, TestPluginDiscoverer: Failed to get types from assembly 'Microsoft.Diagnostics.NETCore.Client, Version=0.2.9.2401, Culture=neutral, PublicKeyToken=31bf3856ad364e35'. Error: System.Reflection.ReflectionTypeLoadException: Unable to load one or more of the requested types.
Could not load file or assembly 'Microsoft.Bcl.AsyncInterfaces, Version=6.0.0.0, Culture=neutral, PublicKeyToken=cc7b13ffcd2ddd51'. The system cannot find the file specified.
   at System.Reflection.RuntimeModule.GetTypes(RuntimeModule module)
   at System.Reflection.RuntimeModule.GetTypes()
   at Microsoft.VisualStudio.TestPlatform.Common.ExtensionFramework.TestPluginDiscoverer.GetTestExtensionsFromAssembly[TPluginInfo,TExtension](Assembly assembly, Dictionary`2 pluginInfos, String filePath) in /_/src/Microsoft.TestPlatform.Common/ExtensionFramework/TestPluginDiscoverer.cs:line 158
System.IO.FileNotFoundException: Could not load file or assembly 'Microsoft.Bcl.AsyncInterfaces, Version=6.0.0.0, Culture=neutral, PublicKeyToken=cc7b13ffcd2ddd51'. The system cannot find the file specified.
File name: 'Microsoft.Bcl.AsyncInterfaces, Version=6.0.0.0, Culture=neutral, PublicKeyToken=cc7b13ffcd2ddd51'
 ---> System.IO.FileNotFoundException: Could not load file or assembly 'Microsoft.Bcl.AsyncInterfaces, Culture=neutral, PublicKeyToken=null'. The system cannot find the file specified.
File name: 'Microsoft.Bcl.AsyncInterfaces, Culture=neutral, PublicKeyToken=null'
   at System.Reflection.RuntimeAssembly.InternalLoad(AssemblyName assemblyName, StackCrawlMark& stackMark, AssemblyLoadContext assemblyLoadContext, RuntimeAssembly requestingAssembly, Boolean throwOnFileNotFound)
   at System.Reflection.Assembly.Load(AssemblyName assemblyRef)
   at Microsoft.VisualStudio.TestPlatform.Common.ExtensionFramework.TestPluginCache.CurrentDomainAssemblyResolve(Object sender, AssemblyResolveEventArgs args) in /_/src/Microsoft.TestPlatform.Common/ExtensionFramework/TestPluginCache.cs:line 513
   at System.Runtime.Loader.AssemblyLoadContext.GetFirstResolvedAssemblyFromResolvingEvent(AssemblyName assemblyName)
   at System.Runtime.Loader.AssemblyLoadContext.ResolveUsingEvent(AssemblyName assemblyName)
   at System.Runtime.Loader.AssemblyLoadContext.ResolveUsingResolvingEvent(IntPtr gchManagedAssemblyLoadContext, AssemblyName assemblyName)
TpTrace Warning: 0 : 11712, 1, 2024/03/12, 08:44:30.271, 5703957598112, vstest.console.dll, LoaderExceptions: System.IO.FileNotFoundException: Could not load file or assembly 'Microsoft.Bcl.AsyncInterfaces, Version=6.0.0.0, Culture=neutral, PublicKeyToken=cc7b13ffcd2ddd51'. The system cannot find the file specified.
File name: 'Microsoft.Bcl.AsyncInterfaces, Version=6.0.0.0, Culture=neutral, PublicKeyToken=cc7b13ffcd2ddd51'
 ---> System.IO.FileNotFoundException: Could not load file or assembly 'Microsoft.Bcl.AsyncInterfaces, Culture=neutral, PublicKeyToken=null'. The system cannot find the file specified.
File name: 'Microsoft.Bcl.AsyncInterfaces, Culture=neutral, PublicKeyToken=null'
   at System.Reflection.RuntimeAssembly.InternalLoad(AssemblyName assemblyName, StackCrawlMark& stackMark, AssemblyLoadContext assemblyLoadContext, RuntimeAssembly requestingAssembly, Boolean throwOnFileNotFound)
   at System.Reflection.Assembly.Load(AssemblyName assemblyRef)
   at Microsoft.VisualStudio.TestPlatform.Common.ExtensionFramework.TestPluginCache.CurrentDomainAssemblyResolve(Object sender, AssemblyResolveEventArgs args) in /_/src/Microsoft.TestPlatform.Common/ExtensionFramework/TestPluginCache.cs:line 513
   at System.Runtime.Loader.AssemblyLoadContext.GetFirstResolvedAssemblyFromResolvingEvent(AssemblyName assemblyName)
   at System.Runtime.Loader.AssemblyLoadContext.ResolveUsingEvent(AssemblyName assemblyName)
   at System.Runtime.Loader.AssemblyLoadContext.ResolveUsingResolvingEvent(IntPtr gchManagedAssemblyLoadContext, AssemblyName assemblyName)
TpTrace Verbose: 0 : 11712, 1, 2024/03/12, 08:44:30.271, 5703957599615, vstest.console.dll, MetadataReaderExtensionsHelper: Discovering extensions inside assembly 'Microsoft.TestPlatform.Extensions.BlameDataCollector, Version=15.0.0.0, Culture=neutral, PublicKeyToken=b03f5f7f11d50a3a' file path 'C:\Program Files\dotnet\sdk\8.0.200\Extensions\Microsoft.TestPlatform.Extensions.BlameDataCollector.dll'
TpTrace Information: 0 : 11712, 1, 2024/03/12, 08:44:30.272, 5703957610002, vstest.console.dll, GetTestExtensionFromType: Register extension with identifier data 'logger://Microsoft/TestPlatform/Extensions/Blame/v1' and type 'Microsoft.TestPlatform.Extensions.BlameDataCollector.BlameLogger, Microsoft.TestPlatform.Extensions.BlameDataCollector, Version=15.0.0.0, Culture=neutral, PublicKeyToken=b03f5f7f11d50a3a' inside file 'C:\Program Files\dotnet\sdk\8.0.200\Extensions\Microsoft.TestPlatform.Extensions.BlameDataCollector.dll'
TpTrace Verbose: 0 : 11712, 1, 2024/03/12, 08:44:30.272, 5703957611506, vstest.console.dll, MetadataReaderExtensionsHelper: Discovering extensions inside assembly 'Microsoft.TestPlatform.Extensions.EventLogCollector, Version=15.0.0.0, Culture=neutral, PublicKeyToken=b03f5f7f11d50a3a' file path 'C:\Program Files\dotnet\sdk\8.0.200\Extensions\Microsoft.TestPlatform.Extensions.EventLogCollector.dll'
TpTrace Verbose: 0 : 11712, 1, 2024/03/12, 08:44:30.273, 5703957619636, vstest.console.dll, MetadataReaderExtensionsHelper: Discovering extensions inside assembly 'Microsoft.TestPlatform.TestHostRuntimeProvider, Version=15.0.0.0, Culture=neutral, PublicKeyToken=b03f5f7f11d50a3a' file path 'C:\Program Files\dotnet\sdk\8.0.200\Extensions\Microsoft.TestPlatform.TestHostRuntimeProvider.dll'
TpTrace Verbose: 0 : 11712, 1, 2024/03/12, 08:44:30.274, 5703957627781, vstest.console.dll, MetadataReaderExtensionsHelper: Discovering extensions inside assembly 'Microsoft.VisualStudio.TestPlatform.Extensions.Html.TestLogger, Version=15.0.0.0, Culture=neutral, PublicKeyToken=b03f5f7f11d50a3a' file path 'C:\Program Files\dotnet\sdk\8.0.200\Extensions\Microsoft.VisualStudio.TestPlatform.Extensions.Html.TestLogger.dll'
TpTrace Information: 0 : 11712, 1, 2024/03/12, 08:44:30.275, 5703957641138, vstest.console.dll, GetTestExtensionFromType: Register extension with identifier data 'logger://Microsoft/TestPlatform/HtmlLogger/v1' and type 'Microsoft.VisualStudio.TestPlatform.Extensions.HtmlLogger.HtmlLogger, Microsoft.VisualStudio.TestPlatform.Extensions.Html.TestLogger, Version=15.0.0.0, Culture=neutral, PublicKeyToken=b03f5f7f11d50a3a' inside file 'C:\Program Files\dotnet\sdk\8.0.200\Extensions\Microsoft.VisualStudio.TestPlatform.Extensions.Html.TestLogger.dll'
TpTrace Verbose: 0 : 11712, 1, 2024/03/12, 08:44:30.276, 5703957642874, vstest.console.dll, MetadataReaderExtensionsHelper: Discovering extensions inside assembly 'Microsoft.VisualStudio.TestPlatform.Extensions.Trx.TestLogger, Version=15.0.0.0, Culture=neutral, PublicKeyToken=b03f5f7f11d50a3a' file path 'C:\Program Files\dotnet\sdk\8.0.200\Extensions\Microsoft.VisualStudio.TestPlatform.Extensions.Trx.TestLogger.dll'
TpTrace Information: 0 : 11712, 1, 2024/03/12, 08:44:30.278, 5703957662936, vstest.console.dll, GetTestExtensionFromType: Register extension with identifier data 'logger://Microsoft/TestPlatform/TrxLogger/v1' and type 'Microsoft.VisualStudio.TestPlatform.Extensions.TrxLogger.TrxLogger, Microsoft.VisualStudio.TestPlatform.Extensions.Trx.TestLogger, Version=15.0.0.0, Culture=neutral, PublicKeyToken=b03f5f7f11d50a3a' inside file 'C:\Program Files\dotnet\sdk\8.0.200\Extensions\Microsoft.VisualStudio.TestPlatform.Extensions.Trx.TestLogger.dll'
TpTrace Verbose: 0 : 11712, 1, 2024/03/12, 08:44:30.278, 5703957664949, vstest.console.dll, TestPluginCache: Discovered the extensions using extension path ''.
TpTrace Verbose: 0 : 11712, 1, 2024/03/12, 08:44:30.278, 5703957665817, vstest.console.dll, TestPluginCache: Discoverers are ''.
TpTrace Verbose: 0 : 11712, 1, 2024/03/12, 08:44:30.278, 5703957666458, vstest.console.dll, TestPluginCache: Executors are ''.
TpTrace Verbose: 0 : 11712, 1, 2024/03/12, 08:44:30.278, 5703957667097, vstest.console.dll, TestPluginCache: Executors2 are ''.
TpTrace Verbose: 0 : 11712, 1, 2024/03/12, 08:44:30.278, 5703957667701, vstest.console.dll, TestPluginCache: Setting providers are ''.
TpTrace Verbose: 0 : 11712, 1, 2024/03/12, 08:44:30.278, 5703957669002, vstest.console.dll, TestPluginCache: Loggers are 'logger://Microsoft/TestPlatform/Extensions/Blame/v1,logger://Microsoft/TestPlatform/HtmlLogger/v1,logger://Microsoft/TestPlatform/TrxLogger/v1'.
TpTrace Verbose: 0 : 11712, 1, 2024/03/12, 08:44:30.278, 5703957669941, vstest.console.dll, TestPluginCache: TestHosts are 'HostProvider://DefaultTestHost,HostProvider://DotnetTestHost'.
TpTrace Verbose: 0 : 11712, 1, 2024/03/12, 08:44:30.278, 5703957670524, vstest.console.dll, TestPluginCache: DataCollectors are ''.
TpTrace Information: 0 : 11712, 1, 2024/03/12, 08:44:30.280, 5703957689355, vstest.console.dll, TestPluginManager.CreateTestExtension: Attempting to load test extension: Microsoft.TestPlatform.Extensions.BlameDataCollector.BlameLogger
TpTrace Verbose: 0 : 11712, 1, 2024/03/12, 08:44:30.290, 5703957790931, vstest.console.dll, TestEngine: Initializing Parallel Execution as MaxCpuCount is set to: 1
TpTrace Information: 0 : 11712, 1, 2024/03/12, 08:44:30.292, 5703957812250, vstest.console.dll, TestPluginManager.CreateTestExtension: Attempting to load test extension: Microsoft.VisualStudio.TestPlatform.CrossPlatEngine.Hosting.DefaultTestHostManager
TpTrace Information: 0 : 11712, 1, 2024/03/12, 08:44:30.294, 5703957829122, vstest.console.dll, TestPluginManager.CreateTestExtension: Attempting to load test extension: Microsoft.VisualStudio.TestPlatform.CrossPlatEngine.Hosting.DotnetTestHostManager
TpTrace Information: 0 : 11712, 1, 2024/03/12, 08:44:30.295, 5703957838004, vstest.console.dll, InferRunSettingsHelper.IsTestSettingsEnabled: Unable to navigate to RunSettings/MSTest. Current node: RunSettings
TpTrace Verbose: 0 : 11712, 1, 2024/03/12, 08:44:30.296, 5703957845881, vstest.console.dll, ParallelOperationManager.ClearSlots: Clearing all slots. Slots should accept more work: True
TpTrace Verbose: 0 : 11712, 1, 2024/03/12, 08:44:30.297, 5703957853990, vstest.console.dll, ParallelOperationManager.SetOccupiedSlotCount: Setting slot counts AvailableSlotCount = 3, OccupiedSlotCount = 0.
TpTrace Verbose: 0 : 11712, 1, 2024/03/12, 08:44:30.297, 5703957860041, vstest.console.dll, Occupied slots:

TpTrace Verbose: 0 : 11712, 1, 2024/03/12, 08:44:30.301, 5703957901287, vstest.console.dll, TestEngine.GetExecutionManager: Chosen execution manager 'Microsoft.VisualStudio.TestPlatform.CrossPlatEngine.Client.Parallel.ParallelProxyExecutionManager, Microsoft.TestPlatform.CrossPlatEngine, Version=15.0.0.0, Culture=neutral, PublicKeyToken=b03f5f7f11d50a3a' ParallelLevel '1'.
TpTrace Verbose: 0 : 11712, 1, 2024/03/12, 08:44:30.302, 5703957903875, vstest.console.dll, TestRunRequest.ExecuteAsync: Creating test run request.
TpTrace Verbose: 0 : 11712, 1, 2024/03/12, 08:44:30.302, 5703957907344, vstest.console.dll, TestRunRequest.ExecuteAsync: Starting.
TpTrace Information: 0 : 11712, 1, 2024/03/12, 08:44:30.305, 5703957935169, vstest.console.dll, TestRunRequest.ExecuteAsync: Starting run with settings:TestRunCriteria:
   KeepAlive=False,FrequencyOfRunStatsChangeEvent=10,RunStatsChangeEventTimeout=00:00:01.5000000,TestCaseFilter=,TestExecutorLauncher=
   Settingsxml=<RunSettings>
  <RunConfiguration>
    <ResultsDirectory>C:\Users\simo7\OneDrive\Работен плот\QA Automation-Back-End Testing\04.Exercise-Web-Api-Controllers\Eventmi.Tests\bin\Debug\net6.0\fine-code-coverage\coverage-tool-output</ResultsDirectory>
    <TargetPlatform>X64</TargetPlatform>
    <TargetFrameworkVersion>.NETCoreApp,Version=v6.0</TargetFrameworkVersion>
    <DesignMode>False</DesignMode>
    <CollectSourceInformation>False</CollectSourceInformation>
  </RunConfiguration>
  <LoggerRunSettings>
    <Loggers>
      <Logger friendlyName="blame" enabled="True" />
      <Logger friendlyName="Console" uri="logger://microsoft/TestPlatform/ConsoleLogger/v1" assemblyQualifiedName="Microsoft.VisualStudio.TestPlatform.CommandLine.Internal.ConsoleLogger, vstest.console, Version=15.0.0.0, Culture=neutral, PublicKeyToken=b03f5f7f11d50a3a" codeBase="C:\Program Files\dotnet\sdk\8.0.200\vstest.console.dll" enabled="True" />
    </Loggers>
  </LoggerRunSettings>
  <DataCollectionRunSettings>
    <DataCollectors>
      <DataCollector friendlyName="blame" enabled="True">
        <Configuration>
          <ResultsDirectory>C:\Users\simo7\OneDrive\Работен плот\QA Automation-Back-End Testing\04.Exercise-Web-Api-Controllers\Eventmi.Tests\bin\Debug\net6.0\fine-code-coverage\coverage-tool-output</ResultsDirectory>
        </Configuration>
      </DataCollector>
    </DataCollectors>
  </DataCollectionRunSettings>
</RunSettings>

TpTrace Verbose: 0 : 11712, 1, 2024/03/12, 08:44:30.305, 5703957936417, vstest.console.dll, TestRunRequest.ExecuteAsync: Wait for the first run request is over.
TpTrace Verbose: 0 : 11712, 1, 2024/03/12, 08:44:30.305, 5703957940689, vstest.console.dll, MulticastDelegateUtilities.SafeInvoke: TestRun.TestRunStart: Invoking callbacks was skipped because there are no subscribers.
TpTrace Verbose: 0 : 11712, 4, 2024/03/12, 08:44:30.306, 5703957943314, vstest.console.dll, MulticastDelegateUtilities.SafeInvoke: InternalTestLoggerEvents.SendTestRunStart: Invoking callback 1/1 for Microsoft.VisualStudio.TestPlatform.CommandLine.Internal.ConsoleLogger., took 0 ms.
TpTrace Verbose: 0 : 11712, 1, 2024/03/12, 08:44:30.307, 5703957955449, vstest.console.dll, ParallelProxyExecutionManager: Start execution. Total sources: 1
TpTrace Verbose: 0 : 11712, 1, 2024/03/12, 08:44:30.307, 5703957959753, vstest.console.dll, ParallelOperationManager.StartWork: Starting adding 1 workloads.
TpTrace Verbose: 0 : 11712, 1, 2024/03/12, 08:44:30.307, 5703957960862, vstest.console.dll, ParallelOperationManager.ClearSlots: Clearing all slots. Slots should accept more work: True
TpTrace Verbose: 0 : 11712, 1, 2024/03/12, 08:44:30.307, 5703957961942, vstest.console.dll, ParallelOperationManager.SetOccupiedSlotCount: Setting slot counts AvailableSlotCount = 3, OccupiedSlotCount = 0.
TpTrace Verbose: 0 : 11712, 1, 2024/03/12, 08:44:30.308, 5703957962645, vstest.console.dll, Occupied slots:

TpTrace Verbose: 0 : 11712, 1, 2024/03/12, 08:44:30.310, 5703957984004, vstest.console.dll, TestRequestSender is acting as server.
TpTrace Verbose: 0 : 11712, 1, 2024/03/12, 08:44:30.311, 5703957998352, vstest.console.dll, ParallelOperationManager.RunWorkInParallel: Adding 1 workload to slot, remaining workloads 0.
TpTrace Verbose: 0 : 11712, 1, 2024/03/12, 08:44:30.311, 5703957999452, vstest.console.dll, ParallelOperationManager.SetOccupiedSlotCount: Setting slot counts AvailableSlotCount = 2, OccupiedSlotCount = 1.
TpTrace Verbose: 0 : 11712, 1, 2024/03/12, 08:44:30.311, 5703958001125, vstest.console.dll, Occupied slots:
0: C:\Users\simo7\OneDrive\Работен плот\QA Automation-Back-End Testing\04.Exercise-Web-Api-Controllers\Eventmi.Tests\bin\Debug\net6.0\fine-code-coverage\build-output\Eventmi.Tests.dll
TpTrace Verbose: 0 : 11712, 1, 2024/03/12, 08:44:30.313, 5703958014905, vstest.console.dll, ParallelOperationManager.RunWorkInParallel: Started host in slot number 0 for work (source): C:\Users\simo7\OneDrive\Работен плот\QA Automation-Back-End Testing\04.Exercise-Web-Api-Controllers\Eventmi.Tests\bin\Debug\net6.0\fine-code-coverage\build-output\Eventmi.Tests.dll.
TpTrace Verbose: 0 : 11712, 1, 2024/03/12, 08:44:30.314, 5703958025337, vstest.console.dll, ParallelOperationManager.RunWorkInParallel: We started 1 work items, which is the max parallel level. Won't start more work.
TpTrace Verbose: 0 : 11712, 1, 2024/03/12, 08:44:30.314, 5703958027095, vstest.console.dll, ParallelOperationManager.RunWorkInParallel: We started 1 work items in here, returning True.
TpTrace Information: 0 : 11712, 1, 2024/03/12, 08:44:30.314, 5703958028213, vstest.console.dll, TestRunRequest.ExecuteAsync: Started.
TpTrace Verbose: 0 : 11712, 5, 2024/03/12, 08:44:30.314, 5703958028361, vstest.console.dll, ParallelProxyExecutionManager.StartTestRunOnConcurrentManager: Initializing uninitialized client. Started clients: 0
TpTrace Verbose: 0 : 11712, 5, 2024/03/12, 08:44:30.314, 5703958030979, vstest.console.dll, DataCollectionRequestSender.InitializeCommunication : Initialize communication. 
TpTrace Verbose: 0 : 11712, 1, 2024/03/12, 08:44:30.315, 5703958040069, vstest.console.dll, TestRunRequest.WaitForCompletion: Waiting with timeout -1.
TpTrace Information: 0 : 11712, 5, 2024/03/12, 08:44:30.331, 5703958202369, vstest.console.dll, Listening on Endpoint : 127.0.0.1:50808
TpTrace Verbose: 0 : 11712, 5, 2024/03/12, 08:44:30.340, 5703958289036, vstest.console.dll, DotnetDataCollectionLauncher: Adding  --runtimeconfig "C:\Program Files\dotnet\sdk\8.0.200\datacollector.runtimeconfig.json" in args
TpTrace Verbose: 0 : 11712, 5, 2024/03/12, 08:44:30.340, 5703958292291, vstest.console.dll, DotnetDataCollectionLauncher: Adding  --depsfile "C:\Program Files\dotnet\sdk\8.0.200\datacollector.deps.json" in args
TpTrace Verbose: 0 : 11712, 5, 2024/03/12, 08:44:30.341, 5703958296447, vstest.console.dll, DotnetDataCollectionLauncher: Full path of dotnet.exe is C:\Program Files\dotnet\dotnet.exe
TpTrace Information: 0 : 11712, 5, 2024/03/12, 08:44:30.352, 5703958403853, vstest.console.dll, ProxyDataCollectionManager.Initialize: Launched datacollector processId: 1292 port: 50808
TpTrace Information: 0 : 11712, 5, 2024/03/12, 08:44:30.352, 5703958407342, vstest.console.dll, ProxyDataCollectionManager.Initialize: waiting for connection with timeout: 90 seconds
TpTrace Verbose: 0 : 11712, 5, 2024/03/12, 08:44:30.352, 5703958409895, vstest.console.dll, DataCollectionRequestSender.WaitForRequestHandlerConnection : Waiting for connection with timeout: 90000
TpTrace Verbose: 0 : 11712, 5, 2024/03/12, 08:44:30.681, 5703961700306, vstest.console.dll, SocketCommunicationManager.WaitForClientConnection took: 328 ms, with 90000 ms timeout, and finished with True.
TpTrace Information: 0 : 11712, 11, 2024/03/12, 08:44:30.681, 5703961700307, vstest.console.dll, Using the buffer size of 16384 bytes
TpTrace Verbose: 0 : 11712, 5, 2024/03/12, 08:44:30.682, 5703961704648, vstest.console.dll, ProxyDataCollectionManager.InvokeDataCollectionServiceAction: Starting.
TpTrace Information: 0 : 11712, 11, 2024/03/12, 08:44:30.682, 5703961704782, vstest.console.dll, Accepted Client request and set the flag
TpTrace Information: 0 : 11712, 5, 2024/03/12, 08:44:30.682, 5703961706555, vstest.console.dll, ProxyDataCollectionManager.BeforeTestRunStart: Get environment variable and port for datacollector processId: 1292 port: 50808
TpTrace Verbose: 0 : 11712, 5, 2024/03/12, 08:44:30.682, 5703961709208, vstest.console.dll, DataCollectionRequestSender.SendBeforeTestRunStartAndGetResult: Send BeforeTestRunStart message with settingsXml <RunSettings><RunConfiguration><ResultsDirectory>C:\Users\simo7\OneDrive\Работен плот\QA Automation-Back-End Testing\04.Exercise-Web-Api-Controllers\Eventmi.Tests\bin\Debug\net6.0\fine-code-coverage\coverage-tool-output</ResultsDirectory><TargetPlatform>X64</TargetPlatform><TargetFrameworkVersion>.NETCoreApp,Version=v6.0</TargetFrameworkVersion><DesignMode>False</DesignMode><CollectSourceInformation>False</CollectSourceInformation><TestAdaptersPaths>C:\Program Files\dotnet\sdk\8.0.200\Extensions</TestAdaptersPaths></RunConfiguration><LoggerRunSettings><Loggers><Logger friendlyName="blame" enabled="True" /><Logger friendlyName="Console" uri="logger://microsoft/TestPlatform/ConsoleLogger/v1" assemblyQualifiedName="Microsoft.VisualStudio.TestPlatform.CommandLine.Internal.ConsoleLogger, vstest.console, Version=15.0.0.0, Culture=neutral, PublicKeyToken=b03f5f7f11d50a3a" codeBase="C:\Program Files\dotnet\sdk\8.0.200\vstest.console.dll" enabled="True" /></Loggers></LoggerRunSettings><DataCollectionRunSettings><DataCollectors><DataCollector friendlyName="blame" enabled="True"><Configuration><ResultsDirectory>C:\Users\simo7\OneDrive\Работен плот\QA Automation-Back-End Testing\04.Exercise-Web-Api-Controllers\Eventmi.Tests\bin\Debug\net6.0\fine-code-coverage\coverage-tool-output</ResultsDirectory></Configuration></DataCollector></DataCollectors></DataCollectionRunSettings></RunSettings> and sources System.Collections.Generic.List`1[System.String]: 
TpTrace Verbose: 0 : 11712, 5, 2024/03/12, 08:44:30.866, 5703963547302, vstest.console.dll, DataCollectionRequestSender.SendBeforeTestRunStartAndGetResult: Received message: (DataCollection.SendMessage) -> {"MessageType":"DataCollection.SendMessage","Payload":{"FriendlyName":null,"Uri":null,"TestCaseId":"00000000-0000-0000-0000-000000000000","Message":"Logging DataCollector Diagnostics in file: C:\\Users\\simo7\\OneDrive\\Работен плот\\QA Automation-Back-End Testing\\04.Exercise-Web-Api-Controllers\\Eventmi.Tests\\bin\\Debug\\net6.0\\fine-code-coverage\\coverage-tool-output\\diagnostics.datacollector.24-03-12_08-44-30_34008_5.log","Level":0}}
TpTrace Verbose: 0 : 11712, 5, 2024/03/12, 08:44:31.008, 5703964963450, vstest.console.dll, DataCollectionRequestSender.SendBeforeTestRunStartAndGetResult: Received message: (DataCollection.BeforeTestRunStartResult) -> {"MessageType":"DataCollection.BeforeTestRunStartResult","Payload":{"EnvironmentVariables":{},"DataCollectionEventsPort":50810}}
TpTrace Information: 0 : 11712, 5, 2024/03/12, 08:44:31.016, 5703965047912, vstest.console.dll, ProxyDataCollectionManager.BeforeTestRunStart: SendBeforeTestRunStartAndGetResult successful, env variable from datacollector:   and testhost port: 50810
TpTrace Information: 0 : 11712, 5, 2024/03/12, 08:44:31.016, 5703965050001, vstest.console.dll, ProxyDataCollectionManager.InvokeDataCollectionServiceAction: Completed.
TpTrace Verbose: 0 : 11712, 5, 2024/03/12, 08:44:31.016, 5703965051374, vstest.console.dll, ParallelProxyExecutionManager.StartTestRunOnConcurrentManager: Initializing test run. Started clients: 0
TpTrace Verbose: 0 : 11712, 5, 2024/03/12, 08:44:31.017, 5703965054192, vstest.console.dll, ProxyExecutionManager: Test host is always Lazy initialize.
TpTrace Verbose: 0 : 11712, 5, 2024/03/12, 08:44:31.017, 5703965058633, vstest.console.dll, TestRequestSender.InitializeCommunication: initialize communication. 
TpTrace Information: 0 : 11712, 5, 2024/03/12, 08:44:31.018, 5703965070042, vstest.console.dll, SocketServer.Start: Listening on endpoint : 127.0.0.1:50811
TpTrace Verbose: 0 : 11712, 5, 2024/03/12, 08:44:31.020, 5703965087234, vstest.console.dll, DotnetTestHostmanager.GetTestHostProcessStartInfo: Platform environment 'X64' target architecture 'X64' framework '.NETCoreApp,Version=v6.0' OS 'Windows'
TpTrace Verbose: 0 : 11712, 5, 2024/03/12, 08:44:31.021, 5703965093223, vstest.console.dll, DotnetTestHostmanager: Adding  --runtimeconfig "C:\Users\simo7\OneDrive\Работен плот\QA Automation-Back-End Testing\04.Exercise-Web-Api-Controllers\Eventmi.Tests\bin\Debug\net6.0\fine-code-coverage\build-output\Eventmi.Tests.runtimeconfig.json" in args
TpTrace Verbose: 0 : 11712, 5, 2024/03/12, 08:44:31.021, 5703965096138, vstest.console.dll, DotnetTestHostmanager: Adding  --depsfile "C:\Users\simo7\OneDrive\Работен плот\QA Automation-Back-End Testing\04.Exercise-Web-Api-Controllers\Eventmi.Tests\bin\Debug\net6.0\fine-code-coverage\build-output\Eventmi.Tests.deps.json" in args
TpTrace Verbose: 0 : 11712, 5, 2024/03/12, 08:44:31.021, 5703965101767, vstest.console.dll, DotnetTestHostmanager.IsWinOnArm: Current PROCESSOR_ARCHITECTURE from environment variable 'AMD64'
TpTrace Verbose: 0 : 11712, 5, 2024/03/12, 08:44:31.022, 5703965103107, vstest.console.dll, DotnetTestHostmanager.IsWinOnArm: Is Windows on ARM 'False'
TpTrace Verbose: 0 : 11712, 5, 2024/03/12, 08:44:31.022, 5703965104978, vstest.console.dll, DotnetTestHostManager: testhost.exe found at path: C:\Users\simo7\OneDrive\Работен плот\QA Automation-Back-End Testing\04.Exercise-Web-Api-Controllers\Eventmi.Tests\bin\Debug\net6.0\fine-code-coverage\build-output\testhost.exe
TpTrace Verbose: 0 : 11712, 5, 2024/03/12, 08:44:31.022, 5703965106019, vstest.console.dll, DotnetTestHostmanager: Full path of host exe is C:\Users\simo7\OneDrive\Работен плот\QA Automation-Back-End Testing\04.Exercise-Web-Api-Controllers\Eventmi.Tests\bin\Debug\net6.0\fine-code-coverage\build-output\testhost.exe
TpTrace Verbose: 0 : 11712, 5, 2024/03/12, 08:44:31.022, 5703965108783, vstest.console.dll, DotnetTestHostmanager.LaunchTestHostAsync: Found 'VSTEST_WINAPPHOST_DOTNET_ROOT' in env variables, value 'C:\Program Files\dotnet', forwarding to 'DOTNET_ROOT'
TpTrace Verbose: 0 : 11712, 5, 2024/03/12, 08:44:31.022, 5703965111326, vstest.console.dll, DotnetTestHostManager: Starting process 'C:\Users\simo7\OneDrive\Работен плот\QA Automation-Back-End Testing\04.Exercise-Web-Api-Controllers\Eventmi.Tests\bin\Debug\net6.0\fine-code-coverage\build-output\testhost.exe' with command line ' --runtimeconfig "C:\Users\simo7\OneDrive\Работен плот\QA Automation-Back-End Testing\04.Exercise-Web-Api-Controllers\Eventmi.Tests\bin\Debug\net6.0\fine-code-coverage\build-output\Eventmi.Tests.runtimeconfig.json" --depsfile "C:\Users\simo7\OneDrive\Работен плот\QA Automation-Back-End Testing\04.Exercise-Web-Api-Controllers\Eventmi.Tests\bin\Debug\net6.0\fine-code-coverage\build-output\Eventmi.Tests.deps.json" --port 50811 --endpoint 127.0.0.1:050811 --role client --parentprocessid 11712 --diag "C:\Users\simo7\OneDrive\Работен плот\QA Automation-Back-End Testing\04.Exercise-Web-Api-Controllers\Eventmi.Tests\bin\Debug\net6.0\fine-code-coverage\coverage-tool-output\diagnostics.host.24-03-12_08-44-31_01967_5.log" --tracelevel 4 --datacollectionport 50810 --telemetryoptedin false'
TpTrace Verbose: 0 : 11712, 5, 2024/03/12, 08:44:31.031, 5703965195897, vstest.console.dll, MulticastDelegateUtilities.SafeInvoke: HostProviderEvents.OnHostLaunched: Invoking callback 1/2 for Microsoft.VisualStudio.TestPlatform.CrossPlatEngine.Client.ProxyExecutionManagerWithDataCollection., took 1 ms.
TpTrace Verbose: 0 : 11712, 5, 2024/03/12, 08:44:31.031, 5703965201265, vstest.console.dll, Test Runtime launched
TpTrace Verbose: 0 : 11712, 5, 2024/03/12, 08:44:31.032, 5703965203242, vstest.console.dll, MulticastDelegateUtilities.SafeInvoke: HostProviderEvents.OnHostLaunched: Invoking callback 2/2 for Microsoft.VisualStudio.TestPlatform.CrossPlatEngine.Client.ProxyOperationManager., took 0 ms.
TpTrace Verbose: 0 : 11712, 5, 2024/03/12, 08:44:31.032, 5703965206321, vstest.console.dll, TestRequestSender.WaitForRequestHandlerConnection: waiting for connection with timeout: 90000.
TpTrace Verbose: 0 : 11712, 7, 2024/03/12, 08:44:31.345, 5703968337522, vstest.console.dll, MulticastDelegateUtilities.SafeInvoke: SocketServer: ClientConnected: Invoking callback 1/1 for Microsoft.VisualStudio.TestPlatform.CommunicationUtilities.TestRequestSender., took 0 ms.
TpTrace Verbose: 0 : 11712, 5, 2024/03/12, 08:44:31.345, 5703968337525, vstest.console.dll, TestRequestSender.WaitForRequestHandlerConnection: waiting took 313 ms, with timeout 90000 ms, and result 0, which is success.
TpTrace Verbose: 0 : 11712, 7, 2024/03/12, 08:44:31.345, 5703968339885, vstest.console.dll, SocketServer.OnClientConnected: Client connected for endPoint: 127.0.0.1:50811, starting MessageLoopAsync:
TpTrace Verbose: 0 : 11712, 7, 2024/03/12, 08:44:31.346, 5703968350490, vstest.console.dll, TcpClientExtensions.MessageLoopAsync: Polling on remoteEndPoint: 127.0.0.1:50812 localEndPoint: 127.0.0.1:50811 after 0 ms
TpTrace Verbose: 0 : 11712, 5, 2024/03/12, 08:44:31.347, 5703968361172, vstest.console.dll, TestRequestSender.CheckVersionWithTestHost: Sending check version message: {"MessageType":"ProtocolVersion","Payload":7}
TpTrace Verbose: 0 : 11712, 7, 2024/03/12, 08:44:31.671, 5703971599701, vstest.console.dll, TcpClientExtensions.MessageLoopAsync: NotifyDataAvailable remoteEndPoint: 127.0.0.1:50812 localEndPoint: 127.0.0.1:50811
TpTrace Verbose: 0 : 11712, 7, 2024/03/12, 08:44:31.672, 5703971603953, vstest.console.dll, TestRequestSender.CheckVersionWithTestHost: onMessageReceived received message: (ProtocolVersion) -> {"MessageType":"ProtocolVersion","Payload":7}
TpTrace Verbose: 0 : 11712, 7, 2024/03/12, 08:44:31.673, 5703971617144, vstest.console.dll, MulticastDelegateUtilities.SafeInvoke: LengthPrefixCommunicationChannel: MessageReceived: Invoking callback 1/1 for Microsoft.VisualStudio.TestPlatform.CommunicationUtilities.TestRequestSender+<>c__DisplayClass29_0., took 1 ms.
TpTrace Verbose: 0 : 11712, 5, 2024/03/12, 08:44:31.673, 5703971618698, vstest.console.dll, TestPluginCache.GetExtensionPaths: Filtered extension paths: 
TpTrace Verbose: 0 : 11712, 7, 2024/03/12, 08:44:31.673, 5703971619565, vstest.console.dll, TcpClientExtensions.MessageLoopAsync: Polling on remoteEndPoint: 127.0.0.1:50812 localEndPoint: 127.0.0.1:50811 after 326 ms
TpTrace Verbose: 0 : 11712, 5, 2024/03/12, 08:44:31.673, 5703971621200, vstest.console.dll, TestPluginCache.GetExtensionPaths: Added default extension paths: C:\Program Files\dotnet\sdk\8.0.200\Extensions\Microsoft.Diagnostics.NETCore.Client.dll
C:\Program Files\dotnet\sdk\8.0.200\Extensions\Microsoft.TestPlatform.Extensions.BlameDataCollector.dll
C:\Program Files\dotnet\sdk\8.0.200\Extensions\Microsoft.TestPlatform.Extensions.EventLogCollector.dll
C:\Program Files\dotnet\sdk\8.0.200\Extensions\Microsoft.TestPlatform.TestHostRuntimeProvider.dll
C:\Program Files\dotnet\sdk\8.0.200\Extensions\Microsoft.VisualStudio.TestPlatform.Extensions.Html.TestLogger.dll
C:\Program Files\dotnet\sdk\8.0.200\Extensions\Microsoft.VisualStudio.TestPlatform.Extensions.Trx.TestLogger.dll
TpTrace Verbose: 0 : 11712, 5, 2024/03/12, 08:44:31.674, 5703971622667, vstest.console.dll, TestPluginCache.GetExtensionPaths: Added unfilterableExtensionPaths: 
TpTrace Verbose: 0 : 11712, 5, 2024/03/12, 08:44:31.682, 5703971704758, vstest.console.dll, TestRequestSender.InitializeExecution: Sending initialize execution with message: {"Version":7,"MessageType":"TestExecution.Initialize","Payload":["C:\\Users\\simo7\\OneDrive\\Работен плот\\QA Automation-Back-End Testing\\04.Exercise-Web-Api-Controllers\\Eventmi.Tests\\bin\\Debug\\net6.0\\fine-code-coverage\\build-output\\NUnit3.TestAdapter.dll"]}
TpTrace Verbose: 0 : 11712, 5, 2024/03/12, 08:44:31.682, 5703971709014, vstest.console.dll, ParallelProxyExecutionManager.StartTestRunOnConcurrentManager: Execution starting. Started clients: 1
TpTrace Verbose: 0 : 11712, 5, 2024/03/12, 08:44:31.683, 5703971715523, vstest.console.dll, TestRunRequest:SendTestRunMessage: Starting.
TpTrace Verbose: 0 : 11712, 5, 2024/03/12, 08:44:31.683, 5703971719958, vstest.console.dll, MulticastDelegateUtilities.SafeInvoke: TestRun.LogMessages: Invoking callback 1/1 for Microsoft.VisualStudio.TestPlatform.CommandLine.TestRunResultAggregator., took 0 ms.
TpTrace Information: 0 : 11712, 5, 2024/03/12, 08:44:31.683, 5703971721515, vstest.console.dll, TestRunRequest:SendTestRunMessage: Completed.
TpTrace Verbose: 0 : 11712, 4, 2024/03/12, 08:44:31.684, 5703971723799, vstest.console.dll, MulticastDelegateUtilities.SafeInvoke: InternalTestLoggerEvents.SendTestRunMessage: Invoking callback 1/1 for Microsoft.VisualStudio.TestPlatform.CommandLine.Internal.ConsoleLogger., took 0 ms.
TpTrace Warning: 0 : 11712, 5, 2024/03/12, 08:44:31.684, 5703971730741, vstest.console.dll, InferRunSettingsHelper.MakeRunsettingsCompatible: Removing the following settings: TargetPlatform from RunSettings file. To use those settings please move to latest version of Microsoft.NET.Test.Sdk
TpTrace Verbose: 0 : 11712, 7, 2024/03/12, 08:44:31.689, 5703971776029, vstest.console.dll, TcpClientExtensions.MessageLoopAsync: NotifyDataAvailable remoteEndPoint: 127.0.0.1:50812 localEndPoint: 127.0.0.1:50811
TpTrace Verbose: 0 : 11712, 7, 2024/03/12, 08:44:31.690, 5703971783333, vstest.console.dll, TestRequestSender.OnExecutionMessageReceived: Received message: {"Version":7,"MessageType":"TestSession.Message","Payload":{"MessageLevel":0,"Message":"Logging TestHost Diagnostics in file: C:\\Users\\simo7\\OneDrive\\Работен плот\\QA Automation-Back-End Testing\\04.Exercise-Web-Api-Controllers\\Eventmi.Tests\\bin\\Debug\\net6.0\\fine-code-coverage\\coverage-tool-output\\diagnostics.host.24-03-12_08-44-31_01967_5.log"}}
TpTrace Verbose: 0 : 11712, 7, 2024/03/12, 08:44:31.696, 5703971843777, vstest.console.dll, TestRunRequest:SendTestRunMessage: Starting.
TpTrace Verbose: 0 : 11712, 7, 2024/03/12, 08:44:31.696, 5703971846612, vstest.console.dll, MulticastDelegateUtilities.SafeInvoke: TestRun.LogMessages: Invoking callback 1/1 for Microsoft.VisualStudio.TestPlatform.CommandLine.TestRunResultAggregator., took 0 ms.
TpTrace Verbose: 0 : 11712, 4, 2024/03/12, 08:44:31.696, 5703971846686, vstest.console.dll, MulticastDelegateUtilities.SafeInvoke: InternalTestLoggerEvents.SendTestRunMessage: Invoking callback 1/1 for Microsoft.VisualStudio.TestPlatform.CommandLine.Internal.ConsoleLogger., took 0 ms.
TpTrace Information: 0 : 11712, 7, 2024/03/12, 08:44:31.696, 5703971848044, vstest.console.dll, TestRunRequest:SendTestRunMessage: Completed.
TpTrace Verbose: 0 : 11712, 7, 2024/03/12, 08:44:31.696, 5703971850004, vstest.console.dll, MulticastDelegateUtilities.SafeInvoke: LengthPrefixCommunicationChannel: MessageReceived: Invoking callback 1/1 for Microsoft.VisualStudio.TestPlatform.CommunicationUtilities.TestRequestSender+<>c__DisplayClass34_0., took 7 ms.
TpTrace Verbose: 0 : 11712, 7, 2024/03/12, 08:44:31.696, 5703971851020, vstest.console.dll, TcpClientExtensions.MessageLoopAsync: Polling on remoteEndPoint: 127.0.0.1:50812 localEndPoint: 127.0.0.1:50811 after 23 ms
TpTrace Verbose: 0 : 11712, 5, 2024/03/12, 08:44:31.702, 5703971912296, vstest.console.dll, TestRequestSender.StartTestRun: Sending test run with message: {"Version":7,"MessageType":"TestExecution.StartWithSources","Payload":{"AdapterSourceMap":{"_none_":["C:\\Users\\simo7\\OneDrive\\Работен плот\\QA Automation-Back-End Testing\\04.Exercise-Web-Api-Controllers\\Eventmi.Tests\\bin\\Debug\\net6.0\\fine-code-coverage\\build-output\\Eventmi.Tests.dll"]},"RunSettings":"<RunSettings>\r\n  <RunConfiguration>\r\n    <ResultsDirectory>C:\\Users\\simo7\\OneDrive\\Работен плот\\QA Automation-Back-End Testing\\04.Exercise-Web-Api-Controllers\\Eventmi.Tests\\bin\\Debug\\net6.0\\fine-code-coverage\\coverage-tool-output</ResultsDirectory>\r\n    <TargetFrameworkVersion>.NETCoreApp,Version=v6.0</TargetFrameworkVersion>\r\n    <DesignMode>False</DesignMode>\r\n    <CollectSourceInformation>False</CollectSourceInformation>\r\n  </RunConfiguration>\r\n  <LoggerRunSettings>\r\n    <Loggers>\r\n      <Logger friendlyName=\"blame\" enabled=\"True\" />\r\n      <Logger friendlyName=\"Console\" uri=\"logger://microsoft/TestPlatform/ConsoleLogger/v1\" assemblyQualifiedName=\"Microsoft.VisualStudio.TestPlatform.CommandLine.Internal.ConsoleLogger, vstest.console, Version=15.0.0.0, Culture=neutral, PublicKeyToken=b03f5f7f11d50a3a\" codeBase=\"C:\\Program Files\\dotnet\\sdk\\8.0.200\\vstest.console.dll\" enabled=\"True\" />\r\n    </Loggers>\r\n  </LoggerRunSettings>\r\n  <DataCollectionRunSettings>\r\n    <DataCollectors>\r\n      <DataCollector friendlyName=\"blame\" enabled=\"True\">\r\n        <Configuration>\r\n          <ResultsDirectory>C:\\Users\\simo7\\OneDrive\\Работен плот\\QA Automation-Back-End Testing\\04.Exercise-Web-Api-Controllers\\Eventmi.Tests\\bin\\Debug\\net6.0\\fine-code-coverage\\coverage-tool-output</ResultsDirectory>\r\n        </Configuration>\r\n      </DataCollector>\r\n    </DataCollectors>\r\n  </DataCollectionRunSettings>\r\n</RunSettings>","TestExecutionContext":{"FrequencyOfRunStatsChangeEvent":10,"RunStatsChangeEventTimeout":"00:00:01.5000000","InIsolation":false,"KeepAlive":false,"AreTestCaseLevelEventsRequired":false,"IsDebug":false,"TestCaseFilter":null,"FilterOptions":null},"Package":null}}
TpTrace Verbose: 0 : 11712, 5, 2024/03/12, 08:44:31.703, 5703971915856, vstest.console.dll, ParallelProxyExecutionManager.StartTestRunOnConcurrentManager: Execution started. Started clients: 1
TpTrace Verbose: 0 : 11712, 7, 2024/03/12, 08:44:32.084, 5703975732440, vstest.console.dll, TcpClientExtensions.MessageLoopAsync: NotifyDataAvailable remoteEndPoint: 127.0.0.1:50812 localEndPoint: 127.0.0.1:50811
TpTrace Verbose: 0 : 11712, 7, 2024/03/12, 08:44:32.085, 5703975735578, vstest.console.dll, TestRequestSender.OnExecutionMessageReceived: Received message: {"Version":7,"MessageType":"TestSession.Message","Payload":{"MessageLevel":0,"Message":"NUnit Adapter 4.4.0.0: Test execution started"}}
TpTrace Verbose: 0 : 11712, 7, 2024/03/12, 08:44:32.085, 5703975739405, vstest.console.dll, TestRunRequest:SendTestRunMessage: Starting.
TpTrace Verbose: 0 : 11712, 7, 2024/03/12, 08:44:32.085, 5703975741394, vstest.console.dll, MulticastDelegateUtilities.SafeInvoke: TestRun.LogMessages: Invoking callback 1/1 for Microsoft.VisualStudio.TestPlatform.CommandLine.TestRunResultAggregator., took 0 ms.
TpTrace Verbose: 0 : 11712, 4, 2024/03/12, 08:44:32.085, 5703975741485, vstest.console.dll, MulticastDelegateUtilities.SafeInvoke: InternalTestLoggerEvents.SendTestRunMessage: Invoking callback 1/1 for Microsoft.VisualStudio.TestPlatform.CommandLine.Internal.ConsoleLogger., took 0 ms.
TpTrace Information: 0 : 11712, 7, 2024/03/12, 08:44:32.086, 5703975742473, vstest.console.dll, TestRunRequest:SendTestRunMessage: Completed.
TpTrace Verbose: 0 : 11712, 7, 2024/03/12, 08:44:32.086, 5703975744059, vstest.console.dll, MulticastDelegateUtilities.SafeInvoke: LengthPrefixCommunicationChannel: MessageReceived: Invoking callback 1/1 for Microsoft.VisualStudio.TestPlatform.CommunicationUtilities.TestRequestSender+<>c__DisplayClass34_0., took 0 ms.
TpTrace Verbose: 0 : 11712, 7, 2024/03/12, 08:44:32.086, 5703975744679, vstest.console.dll, TcpClientExtensions.MessageLoopAsync: Polling on remoteEndPoint: 127.0.0.1:50812 localEndPoint: 127.0.0.1:50811 after 389 ms
TpTrace Verbose: 0 : 11712, 7, 2024/03/12, 08:44:32.128, 5703976165329, vstest.console.dll, TcpClientExtensions.MessageLoopAsync: NotifyDataAvailable remoteEndPoint: 127.0.0.1:50812 localEndPoint: 127.0.0.1:50811
TpTrace Verbose: 0 : 11712, 7, 2024/03/12, 08:44:32.128, 5703976167616, vstest.console.dll, TestRequestSender.OnExecutionMessageReceived: Received message: {"Version":7,"MessageType":"TestSession.Message","Payload":{"MessageLevel":0,"Message":"Running all tests in C:\\Users\\simo7\\OneDrive\\Работен плот\\QA Automation-Back-End Testing\\04.Exercise-Web-Api-Controllers\\Eventmi.Tests\\bin\\Debug\\net6.0\\fine-code-coverage\\build-output\\Eventmi.Tests.dll"}}
TpTrace Verbose: 0 : 11712, 7, 2024/03/12, 08:44:32.128, 5703976169839, vstest.console.dll, TestRunRequest:SendTestRunMessage: Starting.
TpTrace Verbose: 0 : 11712, 7, 2024/03/12, 08:44:32.128, 5703976171330, vstest.console.dll, MulticastDelegateUtilities.SafeInvoke: TestRun.LogMessages: Invoking callback 1/1 for Microsoft.VisualStudio.TestPlatform.CommandLine.TestRunResultAggregator., took 0 ms.
TpTrace Verbose: 0 : 11712, 4, 2024/03/12, 08:44:32.128, 5703976171721, vstest.console.dll, MulticastDelegateUtilities.SafeInvoke: InternalTestLoggerEvents.SendTestRunMessage: Invoking callback 1/1 for Microsoft.VisualStudio.TestPlatform.CommandLine.Internal.ConsoleLogger., took 0 ms.
TpTrace Information: 0 : 11712, 7, 2024/03/12, 08:44:32.129, 5703976172668, vstest.console.dll, TestRunRequest:SendTestRunMessage: Completed.
TpTrace Verbose: 0 : 11712, 7, 2024/03/12, 08:44:32.129, 5703976174487, vstest.console.dll, MulticastDelegateUtilities.SafeInvoke: LengthPrefixCommunicationChannel: MessageReceived: Invoking callback 1/1 for Microsoft.VisualStudio.TestPlatform.CommunicationUtilities.TestRequestSender+<>c__DisplayClass34_0., took 0 ms.
TpTrace Verbose: 0 : 11712, 7, 2024/03/12, 08:44:32.129, 5703976175300, vstest.console.dll, TcpClientExtensions.MessageLoopAsync: Polling on remoteEndPoint: 127.0.0.1:50812 localEndPoint: 127.0.0.1:50811 after 42 ms
TpTrace Verbose: 0 : 11712, 7, 2024/03/12, 08:44:32.333, 5703978216495, vstest.console.dll, TcpClientExtensions.MessageLoopAsync: NotifyDataAvailable remoteEndPoint: 127.0.0.1:50812 localEndPoint: 127.0.0.1:50811
TpTrace Verbose: 0 : 11712, 7, 2024/03/12, 08:44:32.333, 5703978218782, vstest.console.dll, TestRequestSender.OnExecutionMessageReceived: Received message: {"Version":7,"MessageType":"TestSession.Message","Payload":{"MessageLevel":0,"Message":"   NUnit3TestExecutor discovered 3 of 3 NUnit test cases using Current Discovery mode, Non-Explicit run"}}
TpTrace Verbose: 0 : 11712, 7, 2024/03/12, 08:44:32.333, 5703978220852, vstest.console.dll, TestRunRequest:SendTestRunMessage: Starting.
TpTrace Verbose: 0 : 11712, 7, 2024/03/12, 08:44:32.333, 5703978222219, vstest.console.dll, MulticastDelegateUtilities.SafeInvoke: TestRun.LogMessages: Invoking callback 1/1 for Microsoft.VisualStudio.TestPlatform.CommandLine.TestRunResultAggregator., took 0 ms.
TpTrace Verbose: 0 : 11712, 4, 2024/03/12, 08:44:32.333, 5703978222446, vstest.console.dll, MulticastDelegateUtilities.SafeInvoke: InternalTestLoggerEvents.SendTestRunMessage: Invoking callback 1/1 for Microsoft.VisualStudio.TestPlatform.CommandLine.Internal.ConsoleLogger., took 0 ms.
TpTrace Information: 0 : 11712, 7, 2024/03/12, 08:44:32.334, 5703978223336, vstest.console.dll, TestRunRequest:SendTestRunMessage: Completed.
TpTrace Verbose: 0 : 11712, 7, 2024/03/12, 08:44:32.334, 5703978224998, vstest.console.dll, MulticastDelegateUtilities.SafeInvoke: LengthPrefixCommunicationChannel: MessageReceived: Invoking callback 1/1 for Microsoft.VisualStudio.TestPlatform.CommunicationUtilities.TestRequestSender+<>c__DisplayClass34_0., took 0 ms.
TpTrace Verbose: 0 : 11712, 7, 2024/03/12, 08:44:32.334, 5703978225709, vstest.console.dll, TcpClientExtensions.MessageLoopAsync: Polling on remoteEndPoint: 127.0.0.1:50812 localEndPoint: 127.0.0.1:50811 after 204 ms
TpTrace Verbose: 0 : 11712, 7, 2024/03/12, 08:44:33.335, 5703988232544, vstest.console.dll, TcpClientExtensions.MessageLoopAsync: Polling on remoteEndPoint: 127.0.0.1:50812 localEndPoint: 127.0.0.1:50811 after 1000 ms
TpTrace Verbose: 0 : 11712, 7, 2024/03/12, 08:44:33.468, 5703989564825, vstest.console.dll, TcpClientExtensions.MessageLoopAsync: NotifyDataAvailable remoteEndPoint: 127.0.0.1:50812 localEndPoint: 127.0.0.1:50811
TpTrace Verbose: 0 : 11712, 7, 2024/03/12, 08:44:33.468, 5703989567743, vstest.console.dll, TestRequestSender.OnExecutionMessageReceived: Received message: {"Version":7,"MessageType":"TestExecution.StatsChange","Payload":{"NewTestResults":[{"TestCase":{"Id":"ddf3cd95-3f0a-0742-c6b6-4a8a0d59f82d","FullyQualifiedName":"Eventmi.Tests.Tests.Add_GetRequest_ReturnsAddView","DisplayName":"Add_GetRequest_ReturnsAddView","ExecutorUri":"executor://NUnit3TestExecutor","Source":"C:\\Users\\simo7\\OneDrive\\Работен плот\\QA Automation-Back-End Testing\\04.Exercise-Web-Api-Controllers\\Eventmi.Tests\\bin\\Debug\\net6.0\\fine-code-coverage\\build-output\\Eventmi.Tests.dll","CodeFilePath":null,"LineNumber":0,"Properties":[{"Key":{"Id":"NUnit.Seed","Label":"Seed","Category":"","Description":"","Attributes":0,"ValueType":"System.String"},"Value":"1105792257"}]},"Attachments":[],"Outcome":1,"ErrorMessage":null,"ErrorStackTrace":null,"DisplayName":"Add_GetRequest_ReturnsAddView","Messages":[],"ComputerName":"SIMEON-PC","Duration":"00:00:00.5807710","StartTime":"2024-03-12T06:44:32.3850968+00:00","EndTime":"2024-03-12T06:44:32.9657501+00:00","Properties":[{"Key":{"Id":"NUnit.Seed","Label":"Seed","Category":"","Description":"","Attributes":0,"ValueType":"System.String"},"Value":"1105792257"}]}],"TestRunStatistics":{"ExecutedTests":1,"Stats":{"Passed":1}},"ActiveTests":[{"Id":"51cf1ce1-7d2f-7045-b383-846ca59c36a6","FullyQualifiedName":"Eventmi.Tests.Tests.Add_PostRequest_AddsEventAndRedirects","DisplayName":"Add_PostRequest_AddsEventAndRedirects","ExecutorUri":"executor://NUnit3TestExecutor","Source":"C:\\Users\\simo7\\OneDrive\\Работен плот\\QA Automation-Back-End Testing\\04.Exercise-Web-Api-Controllers\\Eventmi.Tests\\bin\\Debug\\net6.0\\fine-code-coverage\\build-output\\Eventmi.Tests.dll","CodeFilePath":null,"LineNumber":0,"Properties":[{"Key":{"Id":"NUnit.Seed","Label":"Seed","Category":"","Description":"","Attributes":0,"ValueType":"System.String"},"Value":"1875056160"}]}]}}
TpTrace Verbose: 0 : 11712, 7, 2024/03/12, 08:44:33.529, 5703990175391, vstest.console.dll, TestRunRequest:SendTestRunStatsChange: Starting.
TpTrace Verbose: 0 : 11712, 7, 2024/03/12, 08:44:33.529, 5703990178270, vstest.console.dll, InProgress is Add_PostRequest_AddsEventAndRedirects
TpTrace Verbose: 0 : 11712, 7, 2024/03/12, 08:44:33.529, 5703990182334, vstest.console.dll, MulticastDelegateUtilities.SafeInvoke: TestRun.RunStatsChanged: Invoking callbacks was skipped because there are no subscribers.
TpTrace Information: 0 : 11712, 7, 2024/03/12, 08:44:33.530, 5703990183290, vstest.console.dll, TestRunRequest:SendTestRunStatsChange: Completed.
TpTrace Verbose: 0 : 11712, 7, 2024/03/12, 08:44:33.530, 5703990184120, vstest.console.dll, MulticastDelegateUtilities.SafeInvoke: LengthPrefixCommunicationChannel: MessageReceived: Invoking callback 1/1 for Microsoft.VisualStudio.TestPlatform.CommunicationUtilities.TestRequestSender+<>c__DisplayClass34_0., took 61 ms.
TpTrace Verbose: 0 : 11712, 7, 2024/03/12, 08:44:33.530, 5703990184822, vstest.console.dll, TcpClientExtensions.MessageLoopAsync: Polling on remoteEndPoint: 127.0.0.1:50812 localEndPoint: 127.0.0.1:50811 after 195 ms
TpTrace Verbose: 0 : 11712, 4, 2024/03/12, 08:44:33.534, 5703990225675, vstest.console.dll, MulticastDelegateUtilities.SafeInvoke: InternalTestLoggerEvents.SendTestResult: Invoking callback 1/1 for Microsoft.VisualStudio.TestPlatform.CommandLine.Internal.ConsoleLogger., took 4 ms.
TpTrace Verbose: 0 : 11712, 7, 2024/03/12, 08:44:34.541, 5704000294966, vstest.console.dll, TcpClientExtensions.MessageLoopAsync: Polling on remoteEndPoint: 127.0.0.1:50812 localEndPoint: 127.0.0.1:50811 after 1010 ms
TpTrace Verbose: 0 : 11712, 7, 2024/03/12, 08:44:35.553, 5704010415001, vstest.console.dll, TcpClientExtensions.MessageLoopAsync: Polling on remoteEndPoint: 127.0.0.1:50812 localEndPoint: 127.0.0.1:50811 after 1011 ms
TpTrace Verbose: 0 : 11712, 7, 2024/03/12, 08:44:36.001, 5704014893504, vstest.console.dll, TcpClientExtensions.MessageLoopAsync: NotifyDataAvailable remoteEndPoint: 127.0.0.1:50812 localEndPoint: 127.0.0.1:50811
TpTrace Verbose: 0 : 11712, 7, 2024/03/12, 08:44:36.001, 5704014896501, vstest.console.dll, TestRequestSender.OnExecutionMessageReceived: Received message: {"Version":7,"MessageType":"TestExecution.StatsChange","Payload":{"NewTestResults":[{"TestCase":{"Id":"51cf1ce1-7d2f-7045-b383-846ca59c36a6","FullyQualifiedName":"Eventmi.Tests.Tests.Add_PostRequest_AddsEventAndRedirects","DisplayName":"Add_PostRequest_AddsEventAndRedirects","ExecutorUri":"executor://NUnit3TestExecutor","Source":"C:\\Users\\simo7\\OneDrive\\Работен плот\\QA Automation-Back-End Testing\\04.Exercise-Web-Api-Controllers\\Eventmi.Tests\\bin\\Debug\\net6.0\\fine-code-coverage\\build-output\\Eventmi.Tests.dll","CodeFilePath":null,"LineNumber":0,"Properties":[{"Key":{"Id":"NUnit.Seed","Label":"Seed","Category":"","Description":"","Attributes":0,"ValueType":"System.String"},"Value":"1875056160"}]},"Attachments":[],"Outcome":1,"ErrorMessage":null,"ErrorStackTrace":null,"DisplayName":"Add_PostRequest_AddsEventAndRedirects","Messages":[],"ComputerName":"SIMEON-PC","Duration":"00:00:03.0248240","StartTime":"2024-03-12T06:44:32.9688811+00:00","EndTime":"2024-03-12T06:44:35.9937044+00:00","Properties":[{"Key":{"Id":"NUnit.Seed","Label":"Seed","Category":"","Description":"","Attributes":0,"ValueType":"System.String"},"Value":"1875056160"}]}],"TestRunStatistics":{"ExecutedTests":2,"Stats":{"Passed":2}},"ActiveTests":[{"Id":"a0e7ab6b-de27-4225-d5da-5606f0423183","FullyQualifiedName":"Eventmi.Tests.Tests.GetAllEvents_ReturnsSuccessStatusCode","DisplayName":"GetAllEvents_ReturnsSuccessStatusCode","ExecutorUri":"executor://NUnit3TestExecutor","Source":"C:\\Users\\simo7\\OneDrive\\Работен плот\\QA Automation-Back-End Testing\\04.Exercise-Web-Api-Controllers\\Eventmi.Tests\\bin\\Debug\\net6.0\\fine-code-coverage\\build-output\\Eventmi.Tests.dll","CodeFilePath":null,"LineNumber":0,"Properties":[{"Key":{"Id":"NUnit.Seed","Label":"Seed","Category":"","Description":"","Attributes":0,"ValueType":"System.String"},"Value":"96471510"}]}]}}
TpTrace Verbose: 0 : 11712, 7, 2024/03/12, 08:44:36.003, 5704014921735, vstest.console.dll, TestRunRequest:SendTestRunStatsChange: Starting.
TpTrace Verbose: 0 : 11712, 7, 2024/03/12, 08:44:36.004, 5704014923754, vstest.console.dll, InProgress is GetAllEvents_ReturnsSuccessStatusCode
TpTrace Verbose: 0 : 11712, 7, 2024/03/12, 08:44:36.004, 5704014925103, vstest.console.dll, MulticastDelegateUtilities.SafeInvoke: TestRun.RunStatsChanged: Invoking callbacks was skipped because there are no subscribers.
TpTrace Information: 0 : 11712, 7, 2024/03/12, 08:44:36.004, 5704014925837, vstest.console.dll, TestRunRequest:SendTestRunStatsChange: Completed.
TpTrace Verbose: 0 : 11712, 7, 2024/03/12, 08:44:36.004, 5704014926618, vstest.console.dll, MulticastDelegateUtilities.SafeInvoke: LengthPrefixCommunicationChannel: MessageReceived: Invoking callback 1/1 for Microsoft.VisualStudio.TestPlatform.CommunicationUtilities.TestRequestSender+<>c__DisplayClass34_0., took 3 ms.
TpTrace Verbose: 0 : 11712, 7, 2024/03/12, 08:44:36.004, 5704014927372, vstest.console.dll, TcpClientExtensions.MessageLoopAsync: Polling on remoteEndPoint: 127.0.0.1:50812 localEndPoint: 127.0.0.1:50811 after 451 ms
TpTrace Verbose: 0 : 11712, 4, 2024/03/12, 08:44:36.004, 5704014930970, vstest.console.dll, MulticastDelegateUtilities.SafeInvoke: InternalTestLoggerEvents.SendTestResult: Invoking callback 1/1 for Microsoft.VisualStudio.TestPlatform.CommandLine.Internal.ConsoleLogger., took 0 ms.
TpTrace Verbose: 0 : 11712, 7, 2024/03/12, 08:44:36.031, 5704015202241, vstest.console.dll, TcpClientExtensions.MessageLoopAsync: NotifyDataAvailable remoteEndPoint: 127.0.0.1:50812 localEndPoint: 127.0.0.1:50811
TpTrace Verbose: 0 : 11712, 7, 2024/03/12, 08:44:36.032, 5704015204974, vstest.console.dll, TestRequestSender.OnExecutionMessageReceived: Received message: {"Version":7,"MessageType":"TestSession.Message","Payload":{"MessageLevel":0,"Message":"NUnit Adapter 4.4.0.0: Test execution complete"}}
TpTrace Verbose: 0 : 11712, 7, 2024/03/12, 08:44:36.032, 5704015207157, vstest.console.dll, TestRunRequest:SendTestRunMessage: Starting.
TpTrace Verbose: 0 : 11712, 7, 2024/03/12, 08:44:36.032, 5704015208440, vstest.console.dll, MulticastDelegateUtilities.SafeInvoke: TestRun.LogMessages: Invoking callback 1/1 for Microsoft.VisualStudio.TestPlatform.CommandLine.TestRunResultAggregator., took 0 ms.
TpTrace Information: 0 : 11712, 7, 2024/03/12, 08:44:36.032, 5704015209147, vstest.console.dll, TestRunRequest:SendTestRunMessage: Completed.
TpTrace Verbose: 0 : 11712, 7, 2024/03/12, 08:44:36.032, 5704015209900, vstest.console.dll, MulticastDelegateUtilities.SafeInvoke: LengthPrefixCommunicationChannel: MessageReceived: Invoking callback 1/1 for Microsoft.VisualStudio.TestPlatform.CommunicationUtilities.TestRequestSender+<>c__DisplayClass34_0., took 0 ms.
TpTrace Verbose: 0 : 11712, 7, 2024/03/12, 08:44:36.032, 5704015210641, vstest.console.dll, TcpClientExtensions.MessageLoopAsync: Polling on remoteEndPoint: 127.0.0.1:50812 localEndPoint: 127.0.0.1:50811 after 28 ms
TpTrace Verbose: 0 : 11712, 4, 2024/03/12, 08:44:36.032, 5704015212015, vstest.console.dll, MulticastDelegateUtilities.SafeInvoke: InternalTestLoggerEvents.SendTestRunMessage: Invoking callback 1/1 for Microsoft.VisualStudio.TestPlatform.CommandLine.Internal.ConsoleLogger., took 0 ms.
TpTrace Verbose: 0 : 11712, 7, 2024/03/12, 08:44:36.071, 5704015602394, vstest.console.dll, TcpClientExtensions.MessageLoopAsync: NotifyDataAvailable remoteEndPoint: 127.0.0.1:50812 localEndPoint: 127.0.0.1:50811
TpTrace Verbose: 0 : 11712, 7, 2024/03/12, 08:44:36.072, 5704015606093, vstest.console.dll, TestRequestSender.OnExecutionMessageReceived: Received message: {"Version":7,"MessageType":"TestExecution.Completed","Payload":{"TestRunCompleteArgs":{"TestRunStatistics":{"ExecutedTests":3,"Stats":{"Passed":3}},"IsCanceled":false,"IsAborted":false,"Error":null,"AttachmentSets":[],"InvokedDataCollectors":[],"ElapsedTimeInRunningTests":"00:00:04.0082871","Metrics":{},"DiscoveredExtensions":{"TestDiscoverers":["NUnit.VisualStudio.TestAdapter.NUnit3TestDiscoverer, NUnit3.TestAdapter, Version=4.4.0.0, Culture=neutral, PublicKeyToken=4cb40d35494691ac"],"TestExecutors":["executor://NUnit3TestExecutor"],"TestExecutors2":[],"TestSettingsProviders":[]}},"LastRunTests":{"NewTestResults":[{"TestCase":{"Id":"a0e7ab6b-de27-4225-d5da-5606f0423183","FullyQualifiedName":"Eventmi.Tests.Tests.GetAllEvents_ReturnsSuccessStatusCode","DisplayName":"GetAllEvents_ReturnsSuccessStatusCode","ExecutorUri":"executor://NUnit3TestExecutor","Source":"C:\\Users\\simo7\\OneDrive\\Работен плот\\QA Automation-Back-End Testing\\04.Exercise-Web-Api-Controllers\\Eventmi.Tests\\bin\\Debug\\net6.0\\fine-code-coverage\\build-output\\Eventmi.Tests.dll","CodeFilePath":null,"LineNumber":0,"Properties":[{"Key":{"Id":"NUnit.Seed","Label":"Seed","Category":"","Description":"","Attributes":0,"ValueType":"System.String"},"Value":"96471510"}]},"Attachments":[],"Outcome":1,"ErrorMessage":null,"ErrorStackTrace":null,"DisplayName":"GetAllEvents_ReturnsSuccessStatusCode","Messages":[],"ComputerName":"SIMEON-PC","Duration":"00:00:00.0233870","StartTime":"2024-03-12T06:44:35.9937735+00:00","EndTime":"2024-03-12T06:44:36.0171595+00:00","Properties":[{"Key":{"Id":"NUnit.Seed","Label":"Seed","Category":"","Description":"","Attributes":0,"ValueType":"System.String"},"Value":"96471510"}]}],"TestRunStatistics":{"ExecutedTests":3,"Stats":{"Passed":3}},"ActiveTests":[]},"RunAttachments":[],"ExecutorUris":["executor://nunit3testexecutor/"]}}
TpTrace Verbose: 0 : 11712, 7, 2024/03/12, 08:44:36.072, 5704015608554, vstest.console.dll, TestRequestSender.EndSession: Sending end session.
TpTrace Verbose: 0 : 11712, 7, 2024/03/12, 08:44:36.073, 5704015612781, vstest.console.dll, ProxyOperationManager.Close: waiting for test host to exit for 100 ms
TpTrace Verbose: 0 : 11712, 11, 2024/03/12, 08:44:36.099, 5704015877322, vstest.console.dll, TestHostManagerCallbacks.ctor: Experimental forwarding output is disabled.
TpTrace Warning: 0 : 11712, 11, 2024/03/12, 08:44:36.099, 5704015878869, vstest.console.dll, TestHostManagerCallbacks.ErrorReceivedCallback Test host standard error line: 
TpTrace Verbose: 0 : 11712, 11, 2024/03/12, 08:44:36.135, 5704016235444, vstest.console.dll, TestHostProvider.ExitCallBack: Host exited starting callback.
TpTrace Information: 0 : 11712, 11, 2024/03/12, 08:44:36.135, 5704016238086, vstest.console.dll, TestHostManagerCallbacks.ExitCallBack: Testhost processId: 5164 exited with exitcode: 0 error: ''
TpTrace Verbose: 0 : 11712, 11, 2024/03/12, 08:44:36.135, 5704016239054, vstest.console.dll, DotnetTestHostManager.OnHostExited: invoking OnHostExited callback
TpTrace Verbose: 0 : 11712, 11, 2024/03/12, 08:44:36.135, 5704016240110, vstest.console.dll, CrossPlatEngine.TestHostManagerHostExited: calling on client process exit callback.
TpTrace Information: 0 : 11712, 11, 2024/03/12, 08:44:36.135, 5704016241328, vstest.console.dll, TestRequestSender.OnClientProcessExit: Test host process exited. Standard error: 
TpTrace Information: 0 : 11712, 7, 2024/03/12, 08:44:36.135, 5704016241838, vstest.console.dll, SocketServer.Stop: Stop server endPoint: 127.0.0.1:50811
TpTrace Information: 0 : 11712, 11, 2024/03/12, 08:44:36.135, 5704016242379, vstest.console.dll, SocketServer.Stop: Stop server endPoint: 127.0.0.1:50811
TpTrace Information: 0 : 11712, 7, 2024/03/12, 08:44:36.136, 5704016243151, vstest.console.dll, SocketServer.Stop: Cancellation requested. Stopping message loop.
TpTrace Information: 0 : 11712, 11, 2024/03/12, 08:44:36.136, 5704016244013, vstest.console.dll, SocketServer.Stop: Cancellation requested. Stopping message loop.
TpTrace Verbose: 0 : 11712, 11, 2024/03/12, 08:44:36.136, 5704016245744, vstest.console.dll, MulticastDelegateUtilities.SafeInvoke: HostProviderEvents.OnHostExited: Invoking callback 1/1 for Microsoft.VisualStudio.TestPlatform.CrossPlatEngine.Client.ProxyOperationManager., took 0 ms.
TpTrace Information: 0 : 11712, 7, 2024/03/12, 08:44:36.136, 5704016246758, vstest.console.dll, Closing the connection
TpTrace Verbose: 0 : 11712, 7, 2024/03/12, 08:44:36.136, 5704016250679, vstest.console.dll, ProxyDataCollectionManager.InvokeDataCollectionServiceAction: Starting.
TpTrace Information: 0 : 11712, 7, 2024/03/12, 08:44:36.136, 5704016251814, vstest.console.dll, ProxyDataCollectionManager.AfterTestRunEnd: Get attachment set and invoked data collectors processId: 1292 port: 50808
TpTrace Verbose: 0 : 11712, 7, 2024/03/12, 08:44:36.137, 5704016252867, vstest.console.dll, DataCollectionRequestSender.SendAfterTestRunStartAndGetResult: Send AfterTestRunEnd message with isCancelled: False
TpTrace Verbose: 0 : 11712, 7, 2024/03/12, 08:44:36.150, 5704016383582, vstest.console.dll, DataCollectionRequestSender.SendAfterTestRunStartAndGetResult: Received message: (DataCollection.AfterTestRunEndResult) -> {"MessageType":"DataCollection.AfterTestRunEndResult","Payload":{"AttachmentSets":[],"InvokedDataCollectors":[{"Uri":"datacollector://Microsoft/TestPlatform/Extensions/Blame/v1","FriendlyName":"Blame","AssemblyQualifiedName":"Microsoft.TestPlatform.Extensions.BlameDataCollector.BlameCollector, Microsoft.TestPlatform.Extensions.BlameDataCollector, Version=15.0.0.0, Culture=neutral, PublicKeyToken=b03f5f7f11d50a3a","FilePath":"C:\\Program Files\\dotnet\\sdk\\8.0.200\\Extensions\\Microsoft.TestPlatform.Extensions.BlameDataCollector.dll","HasAttachmentProcessor":false}],"Metrics":{}}}
TpTrace Information: 0 : 11712, 7, 2024/03/12, 08:44:36.160, 5704016483649, vstest.console.dll, ProxyDataCollectionManager.InvokeDataCollectionServiceAction: Completed.
TpTrace Warning: 0 : 11712, 10, 2024/03/12, 08:44:36.161, 5704016494038, vstest.console.dll, DataCollectionLauncher.ErrorReceivedCallback datacollector standard error line: 
TpTrace Information: 0 : 11712, 10, 2024/03/12, 08:44:36.180, 5704016683522, vstest.console.dll, DataCollectionLauncher.ExitCallBack: Data collector exited with exitcode: 0 error: ''
TpTrace Verbose: 0 : 11712, 7, 2024/03/12, 08:44:36.242, 5704017305361, vstest.console.dll, TestRunRequest:SendTestRunStatsChange: Starting.
TpTrace Verbose: 0 : 11712, 7, 2024/03/12, 08:44:36.242, 5704017307249, vstest.console.dll, MulticastDelegateUtilities.SafeInvoke: TestRun.RunStatsChanged: Invoking callbacks was skipped because there are no subscribers.
TpTrace Information: 0 : 11712, 7, 2024/03/12, 08:44:36.242, 5704017308062, vstest.console.dll, TestRunRequest:SendTestRunStatsChange: Completed.
TpTrace Verbose: 0 : 11712, 4, 2024/03/12, 08:44:36.242, 5704017308545, vstest.console.dll, MulticastDelegateUtilities.SafeInvoke: InternalTestLoggerEvents.SendTestResult: Invoking callback 1/1 for Microsoft.VisualStudio.TestPlatform.CommandLine.Internal.ConsoleLogger., took 0 ms.
TpTrace Verbose: 0 : 11712, 7, 2024/03/12, 08:44:36.243, 5704017315710, vstest.console.dll, ParallelProxyExecutionManager: HandlePartialRunComplete: Total workloads = 1, Total started clients = 1 Total completed clients = 1, Run complete = True, Run canceled: False.
TpTrace Verbose: 0 : 11712, 7, 2024/03/12, 08:44:36.243, 5704017316801, vstest.console.dll, ParallelProxyExecutionManager: HandlePartialRunComplete: All runs completed stopping all managers.
TpTrace Verbose: 0 : 11712, 7, 2024/03/12, 08:44:36.243, 5704017317584, vstest.console.dll, ParallelOperationManager.StopAllManagers: Stopping all managers.
TpTrace Verbose: 0 : 11712, 7, 2024/03/12, 08:44:36.243, 5704017318251, vstest.console.dll, ParallelOperationManager.ClearSlots: Clearing all slots. Slots should accept more work: False
TpTrace Verbose: 0 : 11712, 7, 2024/03/12, 08:44:36.243, 5704017319253, vstest.console.dll, ParallelOperationManager.SetOccupiedSlotCount: Setting slot counts AvailableSlotCount = 3, OccupiedSlotCount = 0.
TpTrace Verbose: 0 : 11712, 7, 2024/03/12, 08:44:36.243, 5704017320332, vstest.console.dll, Occupied slots:

TpTrace Verbose: 0 : 11712, 4, 2024/03/12, 08:44:36.271, 5704017595511, vstest.console.dll, MulticastDelegateUtilities.SafeInvoke: InternalTestLoggerEvents.SendTestRunComplete: Invoking callback 1/2 for Microsoft.TestPlatform.Extensions.BlameDataCollector.BlameLogger., took 0 ms.
TpTrace Verbose: 0 : 11712, 4, 2024/03/12, 08:44:36.284, 5704017729032, vstest.console.dll, MulticastDelegateUtilities.SafeInvoke: InternalTestLoggerEvents.SendTestRunComplete: Invoking callback 2/2 for Microsoft.VisualStudio.TestPlatform.CommandLine.Internal.ConsoleLogger., took 13 ms.
TpTrace Verbose: 0 : 11712, 7, 2024/03/12, 08:44:36.285, 5704017734771, vstest.console.dll, TestRunRequest:TestRunComplete: Starting. IsAborted:False IsCanceled:False.
TpTrace Verbose: 0 : 11712, 7, 2024/03/12, 08:44:36.285, 5704017738084, vstest.console.dll, ParallelOperationManager.DoActionOnAllManagers: Calling an action on all managers.
TpTrace Verbose: 0 : 11712, 7, 2024/03/12, 08:44:36.287, 5704017757723, vstest.console.dll, TestLoggerManager.HandleTestRunComplete: Ignoring as the object is disposed.
TpTrace Verbose: 0 : 11712, 7, 2024/03/12, 08:44:36.287, 5704017762225, vstest.console.dll, MulticastDelegateUtilities.SafeInvoke: TestRun.TestRunComplete: Invoking callback 1/2 for Microsoft.VisualStudio.TestPlatform.CommandLine.TestRunResultAggregator., took 0 ms.
TpTrace Verbose: 0 : 11712, 7, 2024/03/12, 08:44:36.288, 5704017765216, vstest.console.dll, MulticastDelegateUtilities.SafeInvoke: TestRun.TestRunComplete: Invoking callback 2/2 for Microsoft.VisualStudio.TestPlatform.CommandLine.Processors.RunTestsArgumentExecutor+TestRunRequestEventsRegistrar., took 0 ms.
TpTrace Verbose: 0 : 11712, 1, 2024/03/12, 08:44:36.288, 5704017767356, vstest.console.dll, TestRunRequest.Dispose: Starting.
TpTrace Information: 0 : 11712, 7, 2024/03/12, 08:44:36.288, 5704017767350, vstest.console.dll, TestRunRequest:TestRunComplete: Completed.
TpTrace Verbose: 0 : 11712, 7, 2024/03/12, 08:44:36.288, 5704017769061, vstest.console.dll, TestRequestSender.SetOperationComplete: Setting operation complete.
TpTrace Information: 0 : 11712, 1, 2024/03/12, 08:44:36.288, 5704017769268, vstest.console.dll, TestRunRequest.Dispose: Completed.
TpTrace Information: 0 : 11712, 7, 2024/03/12, 08:44:36.288, 5704017769878, vstest.console.dll, SocketServer.Stop: Stop server endPoint: 127.0.0.1:50811
TpTrace Information: 0 : 11712, 1, 2024/03/12, 08:44:36.288, 5704017770872, vstest.console.dll, TestRequestManager.RunTests: run tests completed.
TpTrace Information: 0 : 11712, 7, 2024/03/12, 08:44:36.288, 5704017771734, vstest.console.dll, SocketServer.Stop: Cancellation requested. Stopping message loop.
TpTrace Information: 0 : 11712, 1, 2024/03/12, 08:44:36.289, 5704017772614, vstest.console.dll, RunTestsArgumentProcessor:Execute: Test run is completed.
TpTrace Verbose: 0 : 11712, 7, 2024/03/12, 08:44:36.289, 5704017772641, vstest.console.dll, MulticastDelegateUtilities.SafeInvoke: LengthPrefixCommunicationChannel: MessageReceived: Invoking callback 1/1 for Microsoft.VisualStudio.TestPlatform.CommunicationUtilities.TestRequestSender+<>c__DisplayClass34_0., took 216 ms.
TpTrace Information: 0 : 11712, 7, 2024/03/12, 08:44:36.289, 5704017774377, vstest.console.dll, SocketServer.PrivateStop: Stopping server endPoint: 127.0.0.1:50811 error: 
TpTrace Verbose: 0 : 11712, 1, 2024/03/12, 08:44:36.289, 5704017776991, vstest.console.dll, Executor.Execute: Exiting with exit code of 0
TpTrace Verbose: 0 : 11712, 7, 2024/03/12, 08:44:36.289, 5704017781723, vstest.console.dll, LengthPrefixCommunicationChannel.Dispose: Dispose reader and writer.
TpTrace Information: 0 : 11712, 7, 2024/03/12, 08:44:36.290, 5704017783282, vstest.console.dll, SocketServer.Stop: Raise disconnected event endPoint: 127.0.0.1:50811 error: 
